#
# There is insufficient memory for the Java Runtime Environment to continue.
# Native memory allocation (mmap) failed to map 68157440 bytes. Error detail: G1 virtual space
# Possible reasons:
#   The system is out of physical RAM or swap space
#   This process is running with CompressedOops enabled, and the Java Heap may be blocking the growth of the native heap
# Possible solutions:
#   Reduce memory load on the system
#   Increase physical memory or swap space
#   Check if swap backing store is full
#   Decrease Java heap size (-Xmx/-Xms)
#   Decrease number of Java threads
#   Decrease Java thread stack sizes (-Xss)
#   Set larger code cache with -XX:ReservedCodeCacheSize=
#   JVM is running with Unscaled Compressed Oops mode in which the Java heap is
#     placed in the first 4GB address space. The Java Heap base address is the
#     maximum limit for the native heap growth. Please use -XX:HeapBaseMinAddress
#     to set the Java Heap base and to place the Java Heap above 4GB virtual address.
# This output file may be truncated or incomplete.
#
#  Out of Memory Error (os_windows.cpp:3618), pid=26988, tid=17844
#
# JRE version: OpenJDK Runtime Environment Temurin-17.0.14+7 (17.0.14+7) (build 17.0.14+7)
# Java VM: OpenJDK 64-Bit Server VM Temurin-17.0.14+7 (17.0.14+7, mixed mode, sharing, tiered, compressed oops, compressed class ptrs, g1 gc, windows-amd64)
# No core dump will be written. Minidumps are not enabled by default on client versions of Windows
#

---------------  S U M M A R Y ------------

Command Line: --add-opens=java.base/java.lang=ALL-UNNAMED --add-opens=java.base/java.lang.invoke=ALL-UNNAMED --add-opens=java.base/java.util=ALL-UNNAMED --add-opens=java.prefs/java.util.prefs=ALL-UNNAMED --add-exports=jdk.compiler/com.sun.tools.javac.api=ALL-UNNAMED --add-exports=jdk.compiler/com.sun.tools.javac.util=ALL-UNNAMED --add-opens=java.base/java.util=ALL-UNNAMED --add-opens=java.prefs/java.util.prefs=ALL-UNNAMED --add-opens=java.base/java.nio.charset=ALL-UNNAMED --add-opens=java.base/java.net=ALL-UNNAMED --add-opens=java.base/java.util.concurrent.atomic=ALL-UNNAMED --add-opens=java.xml/javax.xml.namespace=ALL-UNNAMED -Xmx1536m -Dfile.encoding=UTF-8 -Duser.country=MX -Duser.language=es -Duser.variant -javaagent:C:\Users\52441\.gradle\wrapper\dists\gradle-8.11.1-all\2qik7nd48slq1ooc2496ixf4i\gradle-8.11.1\lib\agents\gradle-instrumentation-agent-8.11.1.jar org.gradle.launcher.daemon.bootstrap.GradleDaemon 8.11.1

Host: 12th Gen Intel(R) Core(TM) i5-12450H, 12 cores, 7G,  Windows 11 , 64 bit Build 26100 (10.0.26100.3323)
Time: Tue Mar 18 11:51:24 2025 Hora estándar central (México) elapsed time: 13.314850 seconds (0d 0h 0m 13s)

---------------  T H R E A D  ---------------

Current thread (0x000001dd29d2be30):  VMThread "VM Thread" [stack: 0x000000472fe00000,0x000000472ff00000] [id=17844]

Stack: [0x000000472fe00000,0x000000472ff00000]
Native frames: (J=compiled Java code, j=interpreted, Vv=VM code, C=native code)
V  [jvm.dll+0x682eb9]
V  [jvm.dll+0x8399c8]
V  [jvm.dll+0x83b473]
V  [jvm.dll+0x83bae3]
V  [jvm.dll+0x24715f]
V  [jvm.dll+0x67fc99]
V  [jvm.dll+0x674b8a]
V  [jvm.dll+0x304c06]
V  [jvm.dll+0x30c0c6]
V  [jvm.dll+0x35dc3e]
V  [jvm.dll+0x35de7d]
V  [jvm.dll+0x2dbfcc]
V  [jvm.dll+0x2da36f]
V  [jvm.dll+0x2d9adc]
V  [jvm.dll+0x31d2bb]
V  [jvm.dll+0x84031d]
V  [jvm.dll+0x841053]
V  [jvm.dll+0x84157f]
V  [jvm.dll+0x841964]
V  [jvm.dll+0x841a2e]
V  [jvm.dll+0x7e948c]
V  [jvm.dll+0x681d97]
C  [ucrtbase.dll+0x37b0]
C  [KERNEL32.DLL+0x2e8d7]
C  [ntdll.dll+0xbbf6c]

VM_Operation (0x00000047316f1ad0): G1CollectForAllocation, mode: safepoint, requested by thread 0x000001dd71ae6970


---------------  P R O C E S S  ---------------

Threads class SMR info:
_java_thread_list=0x000001dd76708bc0, length=79, elements={
0x000001dd0cdaf8e0, 0x000001dd29d2ee10, 0x000001dd29d2f8e0, 0x000001dd29d49e80,
0x000001dd29d4c760, 0x000001dd29d4d030, 0x000001dd29d4d900, 0x000001dd29d4e5b0,
0x000001dd29d50f80, 0x000001dd29d51890, 0x000001dd29d1a990, 0x000001dd2a741b10,
0x000001dd719e84d0, 0x000001dd717f7ad0, 0x000001dd7158fa90, 0x000001dd71a7e480,
0x000001dd71abeb40, 0x000001dd71a1f2b0, 0x000001dd71ae6460, 0x000001dd71ae6970,
0x000001dd71ae78a0, 0x000001dd71ae6e80, 0x000001dd71ae5f50, 0x000001dd71ae7390,
0x000001dd71b69d20, 0x000001dd71b69300, 0x000001dd71b6a740, 0x000001dd71b6a230,
0x000001dd71b69810, 0x000001dd71b66f90, 0x000001dd71b6ac50, 0x000001dd71b674a0,
0x000001dd71b6b160, 0x000001dd71b679b0, 0x000001dd71b683d0, 0x000001dd71b6c090,
0x000001dd71b688e0, 0x000001dd71b6c5a0, 0x000001dd71b68df0, 0x000001dd71b6e400,
0x000001dd71b6def0, 0x000001dd71b6e910, 0x000001dd731241f0, 0x000001dd73125120,
0x000001dd731232c0, 0x000001dd731237d0, 0x000001dd73123ce0, 0x000001dd73124700,
0x000001dd73126050, 0x000001dd73124c10, 0x000001dd73125b40, 0x000001dd73125630,
0x000001dd73126560, 0x000001dd73122db0, 0x000001dd73129800, 0x000001dd7312a220,
0x000001dd731283c0, 0x000001dd734498b0, 0x000001dd734493a0, 0x000001dd73448e90,
0x000001dd73448980, 0x000001dd73447f60, 0x000001dd73448470, 0x000001dd75c231a0,
0x000001dd73c1f950, 0x000001dd73c20370, 0x000001dd73c20880, 0x000001dd73c1fe60,
0x000001dd73c1c600, 0x000001dd73c1acb0, 0x000001dd73c1b6d0, 0x000001dd73c1ef30,
0x000001dd73c1f440, 0x000001dd731fc3f0, 0x000001dd720dc460, 0x000001dd720dab10,
0x000001dd720db020, 0x000001dd720db530, 0x000001dd720dba40
}

Java Threads: ( => current thread )
  0x000001dd0cdaf8e0 JavaThread "main" [_thread_blocked, id=33428, stack(0x000000472f800000,0x000000472f900000)]
  0x000001dd29d2ee10 JavaThread "Reference Handler" daemon [_thread_blocked, id=13184, stack(0x000000472ff00000,0x0000004730000000)]
  0x000001dd29d2f8e0 JavaThread "Finalizer" daemon [_thread_blocked, id=30788, stack(0x0000004730000000,0x0000004730100000)]
  0x000001dd29d49e80 JavaThread "Signal Dispatcher" daemon [_thread_blocked, id=23896, stack(0x0000004730100000,0x0000004730200000)]
  0x000001dd29d4c760 JavaThread "Attach Listener" daemon [_thread_blocked, id=16296, stack(0x0000004730200000,0x0000004730300000)]
  0x000001dd29d4d030 JavaThread "Service Thread" daemon [_thread_blocked, id=11284, stack(0x0000004730300000,0x0000004730400000)]
  0x000001dd29d4d900 JavaThread "Monitor Deflation Thread" daemon [_thread_blocked, id=7756, stack(0x0000004730400000,0x0000004730500000)]
  0x000001dd29d4e5b0 JavaThread "C2 CompilerThread0" daemon [_thread_blocked, id=28188, stack(0x0000004730500000,0x0000004730600000)]
  0x000001dd29d50f80 JavaThread "C1 CompilerThread0" daemon [_thread_blocked, id=32876, stack(0x0000004730600000,0x0000004730700000)]
  0x000001dd29d51890 JavaThread "Sweeper thread" daemon [_thread_blocked, id=13616, stack(0x0000004730700000,0x0000004730800000)]
  0x000001dd29d1a990 JavaThread "Common-Cleaner" daemon [_thread_blocked, id=28608, stack(0x0000004730800000,0x0000004730900000)]
  0x000001dd2a741b10 JavaThread "Notification Thread" daemon [_thread_blocked, id=29928, stack(0x0000004730900000,0x0000004730a00000)]
  0x000001dd719e84d0 JavaThread "Daemon health stats" [_thread_blocked, id=24068, stack(0x0000004731100000,0x0000004731200000)]
  0x000001dd717f7ad0 JavaThread "Incoming local TCP Connector on port 54593" [_thread_in_native, id=13624, stack(0x0000004730b00000,0x0000004730c00000)]
  0x000001dd7158fa90 JavaThread "C2 CompilerThread1" daemon [_thread_blocked, id=15524, stack(0x0000004730c00000,0x0000004730d00000)]
  0x000001dd71a7e480 JavaThread "Daemon periodic checks" [_thread_blocked, id=33628, stack(0x0000004731200000,0x0000004731300000)]
  0x000001dd71abeb40 JavaThread "Daemon" [_thread_blocked, id=14852, stack(0x0000004731300000,0x0000004731400000)]
  0x000001dd71a1f2b0 JavaThread "Handler for socket connection from /127.0.0.1:54593 to /127.0.0.1:54594" [_thread_in_native, id=33584, stack(0x0000004731400000,0x0000004731500000)]
  0x000001dd71ae6460 JavaThread "Cancel handler" [_thread_blocked, id=16664, stack(0x0000004731500000,0x0000004731600000)]
  0x000001dd71ae6970 JavaThread "Daemon worker" [_thread_blocked, id=17876, stack(0x0000004731600000,0x0000004731700000)]
  0x000001dd71ae78a0 JavaThread "Asynchronous log dispatcher for DefaultDaemonConnection: socket connection from /127.0.0.1:54593 to /127.0.0.1:54594" [_thread_blocked, id=32576, stack(0x0000004731700000,0x0000004731800000)]
  0x000001dd71ae6e80 JavaThread "Stdin handler" [_thread_blocked, id=7152, stack(0x0000004731800000,0x0000004731900000)]
  0x000001dd71ae5f50 JavaThread "Daemon client event forwarder" [_thread_blocked, id=26504, stack(0x0000004731900000,0x0000004731a00000)]
  0x000001dd71ae7390 JavaThread "Cache worker for journal cache (C:\Users\52441\.gradle\caches\journal-1)" [_thread_blocked, id=18560, stack(0x0000004731a00000,0x0000004731b00000)]
  0x000001dd71b69d20 JavaThread "File lock request listener" [_thread_in_native, id=23376, stack(0x0000004731b00000,0x0000004731c00000)]
  0x000001dd71b69300 JavaThread "Cache worker for file hash cache (C:\Users\52441\.gradle\caches\8.11.1\fileHashes)" [_thread_blocked, id=6896, stack(0x0000004731c00000,0x0000004731d00000)]
  0x000001dd71b6a740 JavaThread "Cache worker for file content cache (C:\Users\52441\.gradle\caches\8.11.1\fileContent)" [_thread_blocked, id=33664, stack(0x0000004732200000,0x0000004732300000)]
  0x000001dd71b6a230 JavaThread "Cache worker for file hash cache (C:\ProjectJS\Ionic\Integradora\WasheDay\WasheDay\android\.gradle\8.11.1\fileHashes)" [_thread_blocked, id=14364, stack(0x0000004732300000,0x0000004732400000)]
  0x000001dd71b69810 JavaThread "Cache worker for Build Output Cleanup Cache (C:\ProjectJS\Ionic\Integradora\WasheDay\WasheDay\android\.gradle\buildOutputCleanup)" [_thread_blocked, id=22432, stack(0x0000004732400000,0x0000004732500000)]
  0x000001dd71b66f90 JavaThread "File watcher server" daemon [_thread_in_native, id=14024, stack(0x0000004732700000,0x0000004732800000)]
  0x000001dd71b6ac50 JavaThread "File watcher consumer" daemon [_thread_blocked, id=27376, stack(0x0000004732800000,0x0000004732900000)]
  0x000001dd71b674a0 JavaThread "jar transforms" [_thread_blocked, id=33180, stack(0x0000004732900000,0x0000004732a00000)]
  0x000001dd71b6b160 JavaThread "jar transforms Thread 2" [_thread_blocked, id=18096, stack(0x0000004732a00000,0x0000004732b00000)]
  0x000001dd71b679b0 JavaThread "jar transforms Thread 3" [_thread_blocked, id=25272, stack(0x0000004732b00000,0x0000004732c00000)]
  0x000001dd71b683d0 JavaThread "Cache worker for checksums cache (C:\ProjectJS\Ionic\Integradora\WasheDay\WasheDay\android\.gradle\8.11.1\checksums)" [_thread_blocked, id=11460, stack(0x0000004732d00000,0x0000004732e00000)]
  0x000001dd71b6c090 JavaThread "Cache worker for cache directory md-rule (C:\Users\52441\.gradle\caches\8.11.1\md-rule)" [_thread_blocked, id=21536, stack(0x0000004732e00000,0x0000004732f00000)]
  0x000001dd71b688e0 JavaThread "Cache worker for cache directory md-supplier (C:\Users\52441\.gradle\caches\8.11.1\md-supplier)" [_thread_blocked, id=7812, stack(0x0000004732f00000,0x0000004733000000)]
  0x000001dd71b6c5a0 JavaThread "jar transforms Thread 4" [_thread_blocked, id=13944, stack(0x0000004733000000,0x0000004733100000)]
  0x000001dd71b68df0 JavaThread "jar transforms Thread 5" [_thread_blocked, id=24896, stack(0x0000004733100000,0x0000004733200000)]
  0x000001dd71b6e400 JavaThread "jar transforms Thread 6" [_thread_blocked, id=25104, stack(0x0000004733200000,0x0000004733300000)]
  0x000001dd71b6def0 JavaThread "jar transforms Thread 7" [_thread_blocked, id=24400, stack(0x0000004733300000,0x0000004733400000)]
  0x000001dd71b6e910 JavaThread "jar transforms Thread 8" [_thread_blocked, id=4948, stack(0x0000004733400000,0x0000004733500000)]
  0x000001dd731241f0 JavaThread "jar transforms Thread 9" [_thread_blocked, id=25616, stack(0x0000004733500000,0x0000004733600000)]
  0x000001dd73125120 JavaThread "jar transforms Thread 10" [_thread_blocked, id=14788, stack(0x0000004733600000,0x0000004733700000)]
  0x000001dd731232c0 JavaThread "jar transforms Thread 11" [_thread_blocked, id=12172, stack(0x0000004733700000,0x0000004733800000)]
  0x000001dd731237d0 JavaThread "jar transforms Thread 12" [_thread_blocked, id=33332, stack(0x0000004733800000,0x0000004733900000)]
  0x000001dd73123ce0 JavaThread "Unconstrained build operations" [_thread_blocked, id=28300, stack(0x0000004733900000,0x0000004733a00000)]
  0x000001dd73124700 JavaThread "Unconstrained build operations Thread 2" [_thread_blocked, id=5280, stack(0x0000004733a00000,0x0000004733b00000)]
  0x000001dd73126050 JavaThread "Unconstrained build operations Thread 3" [_thread_blocked, id=9676, stack(0x0000004733b00000,0x0000004733c00000)]
  0x000001dd73124c10 JavaThread "Unconstrained build operations Thread 4" [_thread_blocked, id=24332, stack(0x0000004733c00000,0x0000004733d00000)]
  0x000001dd73125b40 JavaThread "Unconstrained build operations Thread 5" [_thread_blocked, id=28728, stack(0x0000004733d00000,0x0000004733e00000)]
  0x000001dd73125630 JavaThread "Unconstrained build operations Thread 6" [_thread_blocked, id=18600, stack(0x0000004733e00000,0x0000004733f00000)]
  0x000001dd73126560 JavaThread "Unconstrained build operations Thread 7" [_thread_blocked, id=19324, stack(0x0000004733f00000,0x0000004734000000)]
  0x000001dd73122db0 JavaThread "Unconstrained build operations Thread 8" [_thread_blocked, id=21936, stack(0x0000004734000000,0x0000004734100000)]
  0x000001dd73129800 JavaThread "Unconstrained build operations Thread 9" [_thread_blocked, id=33188, stack(0x0000004734100000,0x0000004734200000)]
  0x000001dd7312a220 JavaThread "Unconstrained build operations Thread 10" [_thread_blocked, id=17516, stack(0x0000004734200000,0x0000004734300000)]
  0x000001dd731283c0 JavaThread "Unconstrained build operations Thread 11" [_thread_blocked, id=25880, stack(0x0000004734300000,0x0000004734400000)]
  0x000001dd734498b0 JavaThread "Unconstrained build operations Thread 12" [_thread_blocked, id=22316, stack(0x0000004734400000,0x0000004734500000)]
  0x000001dd734493a0 JavaThread "Unconstrained build operations Thread 13" [_thread_blocked, id=7444, stack(0x0000004734500000,0x0000004734600000)]
  0x000001dd73448e90 JavaThread "Unconstrained build operations Thread 14" [_thread_blocked, id=31200, stack(0x0000004734600000,0x0000004734700000)]
  0x000001dd73448980 JavaThread "Unconstrained build operations Thread 15" [_thread_blocked, id=24952, stack(0x0000004734700000,0x0000004734800000)]
  0x000001dd73447f60 JavaThread "Unconstrained build operations Thread 16" [_thread_blocked, id=17660, stack(0x0000004734800000,0x0000004734900000)]
  0x000001dd73448470 JavaThread "Unconstrained build operations Thread 17" [_thread_blocked, id=7672, stack(0x0000004734900000,0x0000004734a00000)]
  0x000001dd75c231a0 JavaThread "Unconstrained build operations Thread 18" [_thread_blocked, id=18872, stack(0x0000004734a00000,0x0000004734b00000)]
  0x000001dd73c1f950 JavaThread "Unconstrained build operations Thread 19" [_thread_blocked, id=11188, stack(0x0000004734b00000,0x0000004734c00000)]
  0x000001dd73c20370 JavaThread "Unconstrained build operations Thread 20" [_thread_blocked, id=5776, stack(0x0000004734c00000,0x0000004734d00000)]
  0x000001dd73c20880 JavaThread "Unconstrained build operations Thread 21" [_thread_blocked, id=22620, stack(0x0000004734d00000,0x0000004734e00000)]
  0x000001dd73c1fe60 JavaThread "Unconstrained build operations Thread 22" [_thread_blocked, id=25624, stack(0x0000004734e00000,0x0000004734f00000)]
  0x000001dd73c1c600 JavaThread "Unconstrained build operations Thread 23" [_thread_blocked, id=33660, stack(0x0000004734f00000,0x0000004735000000)]
  0x000001dd73c1acb0 JavaThread "Unconstrained build operations Thread 24" [_thread_blocked, id=12600, stack(0x0000004735000000,0x0000004735100000)]
  0x000001dd73c1b6d0 JavaThread "Unconstrained build operations Thread 25" [_thread_blocked, id=22424, stack(0x0000004735100000,0x0000004735200000)]
  0x000001dd73c1ef30 JavaThread "Unconstrained build operations Thread 26" [_thread_blocked, id=33564, stack(0x0000004735200000,0x0000004735300000)]
  0x000001dd73c1f440 JavaThread "Unconstrained build operations Thread 27" [_thread_blocked, id=31168, stack(0x0000004735300000,0x0000004735400000)]
  0x000001dd731fc3f0 JavaThread "Unconstrained build operations Thread 28" [_thread_blocked, id=17308, stack(0x0000004735400000,0x0000004735500000)]
  0x000001dd720dc460 JavaThread "Unconstrained build operations Thread 29" [_thread_blocked, id=32812, stack(0x0000004735500000,0x0000004735600000)]
  0x000001dd720dab10 JavaThread "Unconstrained build operations Thread 30" [_thread_blocked, id=24584, stack(0x0000004735600000,0x0000004735700000)]
  0x000001dd720db020 JavaThread "Unconstrained build operations Thread 31" [_thread_blocked, id=22160, stack(0x0000004735700000,0x0000004735800000)]
  0x000001dd720db530 JavaThread "Unconstrained build operations Thread 32" [_thread_blocked, id=33624, stack(0x0000004735800000,0x0000004735900000)]
  0x000001dd720dba40 JavaThread "Unconstrained build operations Thread 33" [_thread_blocked, id=15836, stack(0x0000004735900000,0x0000004735a00000)]

Other Threads:
=>0x000001dd29d2be30 VMThread "VM Thread" [stack: 0x000000472fe00000,0x000000472ff00000] [id=17844]
  0x000001dd0cdb0670 WatcherThread [stack: 0x0000004730a00000,0x0000004730b00000] [id=28712]
  0x000001dd0cdfacc0 GCTaskThread "GC Thread#0" [stack: 0x000000472f900000,0x000000472fa00000] [id=30020]
  0x000001dd700d8e00 GCTaskThread "GC Thread#1" [stack: 0x0000004730d00000,0x0000004730e00000] [id=27640]
  0x000001dd2a817fd0 GCTaskThread "GC Thread#2" [stack: 0x0000004730e00000,0x0000004730f00000] [id=2888]
  0x000001dd70969480 GCTaskThread "GC Thread#3" [stack: 0x0000004730f00000,0x0000004731000000] [id=29384]
  0x000001dd70969740 GCTaskThread "GC Thread#4" [stack: 0x0000004731000000,0x0000004731100000] [id=13124]
  0x000001dd71d6da00 GCTaskThread "GC Thread#5" [stack: 0x0000004731d00000,0x0000004731e00000] [id=6516]
  0x000001dd70b41220 GCTaskThread "GC Thread#6" [stack: 0x0000004731e00000,0x0000004731f00000] [id=28312]
  0x000001dd72370cf0 GCTaskThread "GC Thread#7" [stack: 0x0000004731f00000,0x0000004732000000] [id=26464]
  0x000001dd7359d300 GCTaskThread "GC Thread#8" [stack: 0x0000004732000000,0x0000004732100000] [id=31268]
  0x000001dd73d5caf0 GCTaskThread "GC Thread#9" [stack: 0x0000004732100000,0x0000004732200000] [id=17736]
  0x000001dd0ce08b30 ConcurrentGCThread "G1 Main Marker" [stack: 0x000000472fa00000,0x000000472fb00000] [id=3304]
  0x000001dd0ce0a470 ConcurrentGCThread "G1 Conc#0" [stack: 0x000000472fb00000,0x000000472fc00000] [id=15416]
  0x000001dd73d5cdb0 ConcurrentGCThread "G1 Conc#1" [stack: 0x0000004732500000,0x0000004732600000] [id=30936]
  0x000001dd73d5d330 ConcurrentGCThread "G1 Conc#2" [stack: 0x0000004732600000,0x0000004732700000] [id=25968]
  0x000001dd29bdbcb0 ConcurrentGCThread "G1 Refine#0" [stack: 0x000000472fc00000,0x000000472fd00000] [id=13656]
  0x000001dd74043900 ConcurrentGCThread "G1 Refine#1" [stack: 0x0000004732c00000,0x0000004732d00000] [id=22472]
  0x000001dd29bdc490 ConcurrentGCThread "G1 Service" [stack: 0x000000472fd00000,0x000000472fe00000] [id=12516]

Threads with active compile tasks:
C2 CompilerThread0    13384 7936       4       org.gradle.internal.service.DefaultServiceRegistry$ClassInspector$ClassDetails::collectTypes (63 bytes)
C2 CompilerThread1    13384 7938       4       sun.reflect.generics.parser.SignatureParser::parseClassTypeSignature (118 bytes)

VM state: at safepoint (normal execution)

VM Mutex/Monitor currently owned by a thread:  ([mutex/lock_event])
[0x000001dd0cdab0b0] Threads_lock - owner thread: 0x000001dd29d2be30
[0x000001dd0cdab890] Heap_lock - owner thread: 0x000001dd71ae6970

Heap address: 0x00000000a0000000, size: 1536 MB, Compressed Oops mode: 32-bit

CDS archive(s) mapped at: [0x000001dd2b000000-0x000001dd2bbb0000-0x000001dd2bbb0000), size 12255232, SharedBaseAddress: 0x000001dd2b000000, ArchiveRelocationMode: 1.
Compressed class space mapped at: 0x000001dd2c000000-0x000001dd6c000000, reserved size: 1073741824
Narrow klass base: 0x000001dd2b000000, Narrow klass shift: 0, Narrow klass range: 0x100000000

GC Precious Log:
 CPUs: 12 total, 12 available
 Memory: 7917M
 Large Page Support: Disabled
 NUMA Support: Disabled
 Compressed Oops: Enabled (32-bit)
 Heap Region Size: 1M
 Heap Min Capacity: 8M
 Heap Initial Capacity: 124M
 Heap Max Capacity: 1536M
 Pre-touch: Disabled
 Parallel Workers: 10
 Concurrent Workers: 3
 Concurrent Refinement Workers: 10
 Periodic GC: Disabled

Heap:
 garbage-first heap   total 126976K, used 64186K [0x00000000a0000000, 0x0000000100000000)
  region size 1024K, 1 young (1024K), 1 survivors (1024K)
 Metaspace       used 53678K, committed 54272K, reserved 1114112K
  class space    used 7354K, committed 7616K, reserved 1048576K

Heap Regions: E=young(eden), S=young(survivor), O=old, HS=humongous(starts), HC=humongous(continues), CS=collection set, F=free, OA=open archive, CA=closed archive, TAMS=top-at-mark-start (previous, next)
|   0|0x00000000a0000000, 0x00000000a0100000, 0x00000000a0100000|100%| O|  |TAMS 0x00000000a0100000, 0x00000000a0100000| Untracked 
|   1|0x00000000a0100000, 0x00000000a0200000, 0x00000000a0200000|100%|HS|  |TAMS 0x00000000a0200000, 0x00000000a0200000| Complete 
|   2|0x00000000a0200000, 0x00000000a0300000, 0x00000000a0300000|100%|HC|  |TAMS 0x00000000a0300000, 0x00000000a0300000| Complete 
|   3|0x00000000a0300000, 0x00000000a0400000, 0x00000000a0400000|100%|HC|  |TAMS 0x00000000a0400000, 0x00000000a0400000| Complete 
|   4|0x00000000a0400000, 0x00000000a0500000, 0x00000000a0500000|100%| O|  |TAMS 0x00000000a0500000, 0x00000000a0500000| Untracked 
|   5|0x00000000a0500000, 0x00000000a0600000, 0x00000000a0600000|100%| O|  |TAMS 0x00000000a0600000, 0x00000000a0600000| Untracked 
|   6|0x00000000a0600000, 0x00000000a0700000, 0x00000000a0700000|100%| O|  |TAMS 0x00000000a0700000, 0x00000000a0700000| Untracked 
|   7|0x00000000a0700000, 0x00000000a0800000, 0x00000000a0800000|100%|HS|  |TAMS 0x00000000a0800000, 0x00000000a0800000| Complete 
|   8|0x00000000a0800000, 0x00000000a0900000, 0x00000000a0900000|100%| O|  |TAMS 0x00000000a0900000, 0x00000000a0900000| Untracked 
|   9|0x00000000a0900000, 0x00000000a0a00000, 0x00000000a0a00000|100%| O|  |TAMS 0x00000000a0a00000, 0x00000000a0a00000| Untracked 
|  10|0x00000000a0a00000, 0x00000000a0b00000, 0x00000000a0b00000|100%| O|  |TAMS 0x00000000a0b00000, 0x00000000a0b00000| Untracked 
|  11|0x00000000a0b00000, 0x00000000a0c00000, 0x00000000a0c00000|100%| O|  |TAMS 0x00000000a0c00000, 0x00000000a0c00000| Untracked 
|  12|0x00000000a0c00000, 0x00000000a0d00000, 0x00000000a0d00000|100%| O|  |TAMS 0x00000000a0d00000, 0x00000000a0d00000| Untracked 
|  13|0x00000000a0d00000, 0x00000000a0e00000, 0x00000000a0e00000|100%| O|  |TAMS 0x00000000a0e00000, 0x00000000a0e00000| Untracked 
|  14|0x00000000a0e00000, 0x00000000a0f00000, 0x00000000a0f00000|100%| O|  |TAMS 0x00000000a0f00000, 0x00000000a0f00000| Untracked 
|  15|0x00000000a0f00000, 0x00000000a1000000, 0x00000000a1000000|100%| O|  |TAMS 0x00000000a1000000, 0x00000000a1000000| Untracked 
|  16|0x00000000a1000000, 0x00000000a1000000, 0x00000000a1100000|  0%| F|  |TAMS 0x00000000a1000000, 0x00000000a1000000| Untracked 
|  17|0x00000000a1100000, 0x00000000a1200000, 0x00000000a1200000|100%| O|  |TAMS 0x00000000a1200000, 0x00000000a1200000| Untracked 
|  18|0x00000000a1200000, 0x00000000a1300000, 0x00000000a1300000|100%| O|  |TAMS 0x00000000a1300000, 0x00000000a1300000| Untracked 
|  19|0x00000000a1300000, 0x00000000a1400000, 0x00000000a1400000|100%| O|  |TAMS 0x00000000a1400000, 0x00000000a1400000| Untracked 
|  20|0x00000000a1400000, 0x00000000a1500000, 0x00000000a1500000|100%| O|  |TAMS 0x00000000a1500000, 0x00000000a1500000| Untracked 
|  21|0x00000000a1500000, 0x00000000a1600000, 0x00000000a1600000|100%| O|  |TAMS 0x00000000a1600000, 0x00000000a1600000| Untracked 
|  22|0x00000000a1600000, 0x00000000a1700000, 0x00000000a1700000|100%| O|  |TAMS 0x00000000a1700000, 0x00000000a1700000| Untracked 
|  23|0x00000000a1700000, 0x00000000a1800000, 0x00000000a1800000|100%| O|  |TAMS 0x00000000a1800000, 0x00000000a1800000| Untracked 
|  24|0x00000000a1800000, 0x00000000a1900000, 0x00000000a1900000|100%| O|  |TAMS 0x00000000a1900000, 0x00000000a1900000| Untracked 
|  25|0x00000000a1900000, 0x00000000a1a00000, 0x00000000a1a00000|100%| O|  |TAMS 0x00000000a1a00000, 0x00000000a1a00000| Untracked 
|  26|0x00000000a1a00000, 0x00000000a1b00000, 0x00000000a1b00000|100%| O|  |TAMS 0x00000000a1b00000, 0x00000000a1b00000| Untracked 
|  27|0x00000000a1b00000, 0x00000000a1c00000, 0x00000000a1c00000|100%| O|  |TAMS 0x00000000a1c00000, 0x00000000a1c00000| Untracked 
|  28|0x00000000a1c00000, 0x00000000a1d00000, 0x00000000a1d00000|100%| O|  |TAMS 0x00000000a1d00000, 0x00000000a1d00000| Untracked 
|  29|0x00000000a1d00000, 0x00000000a1e00000, 0x00000000a1e00000|100%| O|  |TAMS 0x00000000a1e00000, 0x00000000a1e00000| Untracked 
|  30|0x00000000a1e00000, 0x00000000a1f00000, 0x00000000a1f00000|100%| O|  |TAMS 0x00000000a1f00000, 0x00000000a1f00000| Untracked 
|  31|0x00000000a1f00000, 0x00000000a2000000, 0x00000000a2000000|100%| O|  |TAMS 0x00000000a2000000, 0x00000000a2000000| Untracked 
|  32|0x00000000a2000000, 0x00000000a2100000, 0x00000000a2100000|100%| O|  |TAMS 0x00000000a2100000, 0x00000000a2100000| Untracked 
|  33|0x00000000a2100000, 0x00000000a2200000, 0x00000000a2200000|100%| O|  |TAMS 0x00000000a2200000, 0x00000000a2200000| Untracked 
|  34|0x00000000a2200000, 0x00000000a2300000, 0x00000000a2300000|100%| O|  |TAMS 0x00000000a2300000, 0x00000000a2300000| Untracked 
|  35|0x00000000a2300000, 0x00000000a2400000, 0x00000000a2400000|100%| O|  |TAMS 0x00000000a2400000, 0x00000000a2400000| Untracked 
|  36|0x00000000a2400000, 0x00000000a2500000, 0x00000000a2500000|100%| O|  |TAMS 0x00000000a2500000, 0x00000000a2500000| Untracked 
|  37|0x00000000a2500000, 0x00000000a2600000, 0x00000000a2600000|100%| O|  |TAMS 0x00000000a2600000, 0x00000000a2600000| Untracked 
|  38|0x00000000a2600000, 0x00000000a2700000, 0x00000000a2700000|100%| O|  |TAMS 0x00000000a2700000, 0x00000000a2700000| Untracked 
|  39|0x00000000a2700000, 0x00000000a2800000, 0x00000000a2800000|100%| O|  |TAMS 0x00000000a2800000, 0x00000000a2800000| Untracked 
|  40|0x00000000a2800000, 0x00000000a2900000, 0x00000000a2900000|100%| O|  |TAMS 0x00000000a2900000, 0x00000000a2900000| Untracked 
|  41|0x00000000a2900000, 0x00000000a2a00000, 0x00000000a2a00000|100%| O|  |TAMS 0x00000000a2a00000, 0x00000000a2a00000| Untracked 
|  42|0x00000000a2a00000, 0x00000000a2b00000, 0x00000000a2b00000|100%| O|  |TAMS 0x00000000a2b00000, 0x00000000a2b00000| Untracked 
|  43|0x00000000a2b00000, 0x00000000a2c00000, 0x00000000a2c00000|100%| O|  |TAMS 0x00000000a2c00000, 0x00000000a2c00000| Untracked 
|  44|0x00000000a2c00000, 0x00000000a2d00000, 0x00000000a2d00000|100%| O|  |TAMS 0x00000000a2d00000, 0x00000000a2d00000| Untracked 
|  45|0x00000000a2d00000, 0x00000000a2e00000, 0x00000000a2e00000|100%| O|  |TAMS 0x00000000a2e00000, 0x00000000a2e00000| Untracked 
|  46|0x00000000a2e00000, 0x00000000a2f00000, 0x00000000a2f00000|100%| O|  |TAMS 0x00000000a2e9bc00, 0x00000000a2f00000| Untracked 
|  47|0x00000000a2f00000, 0x00000000a3000000, 0x00000000a3000000|100%|HS|  |TAMS 0x00000000a3000000, 0x00000000a3000000| Complete 
|  48|0x00000000a3000000, 0x00000000a3100000, 0x00000000a3100000|100%| O|  |TAMS 0x00000000a3000000, 0x00000000a3100000| Untracked 
|  49|0x00000000a3100000, 0x00000000a3200000, 0x00000000a3200000|100%|HS|  |TAMS 0x00000000a3100000, 0x00000000a3200000| Complete 
|  50|0x00000000a3200000, 0x00000000a3300000, 0x00000000a3300000|100%|HS|  |TAMS 0x00000000a3200000, 0x00000000a3300000| Complete 
|  51|0x00000000a3300000, 0x00000000a3400000, 0x00000000a3400000|100%|HS|  |TAMS 0x00000000a3300000, 0x00000000a3400000| Complete 
|  52|0x00000000a3400000, 0x00000000a3500000, 0x00000000a3500000|100%| O|  |TAMS 0x00000000a3400000, 0x00000000a3500000| Untracked 
|  53|0x00000000a3500000, 0x00000000a3600000, 0x00000000a3600000|100%|HS|  |TAMS 0x00000000a3500000, 0x00000000a3600000| Complete 
|  54|0x00000000a3600000, 0x00000000a3700000, 0x00000000a3700000|100%|HS|  |TAMS 0x00000000a3600000, 0x00000000a3700000| Complete 
|  55|0x00000000a3700000, 0x00000000a3800000, 0x00000000a3800000|100%| O|  |TAMS 0x00000000a3700000, 0x00000000a3800000| Untracked 
|  56|0x00000000a3800000, 0x00000000a3900000, 0x00000000a3900000|100%| O|  |TAMS 0x00000000a3800000, 0x00000000a3900000| Untracked 
|  57|0x00000000a3900000, 0x00000000a3a00000, 0x00000000a3a00000|100%| O|  |TAMS 0x00000000a3900000, 0x00000000a3a00000| Untracked 
|  58|0x00000000a3a00000, 0x00000000a3b00000, 0x00000000a3b00000|100%| O|  |TAMS 0x00000000a3a00000, 0x00000000a3b00000| Untracked 
|  59|0x00000000a3b00000, 0x00000000a3c00000, 0x00000000a3c00000|100%| O|  |TAMS 0x00000000a3b00000, 0x00000000a3c00000| Untracked 
|  60|0x00000000a3c00000, 0x00000000a3d00000, 0x00000000a3d00000|100%| O|  |TAMS 0x00000000a3c00000, 0x00000000a3d00000| Untracked 
|  61|0x00000000a3d00000, 0x00000000a3e00000, 0x00000000a3e00000|100%| O|  |TAMS 0x00000000a3d00000, 0x00000000a3e00000| Untracked 
|  62|0x00000000a3e00000, 0x00000000a3ecca00, 0x00000000a3f00000| 79%| O|  |TAMS 0x00000000a3e00000, 0x00000000a3ecca00| Untracked 
|  63|0x00000000a3f00000, 0x00000000a3f00000, 0x00000000a4000000|  0%| F|  |TAMS 0x00000000a3f00000, 0x00000000a3f00000| Untracked 
|  64|0x00000000a4000000, 0x00000000a4000000, 0x00000000a4100000|  0%| F|  |TAMS 0x00000000a4000000, 0x00000000a4000000| Untracked 
|  65|0x00000000a4100000, 0x00000000a4100000, 0x00000000a4200000|  0%| F|  |TAMS 0x00000000a4100000, 0x00000000a4100000| Untracked 
|  66|0x00000000a4200000, 0x00000000a4200000, 0x00000000a4300000|  0%| F|  |TAMS 0x00000000a4200000, 0x00000000a4200000| Untracked 
|  67|0x00000000a4300000, 0x00000000a4300000, 0x00000000a4400000|  0%| F|  |TAMS 0x00000000a4300000, 0x00000000a4300000| Untracked 
|  68|0x00000000a4400000, 0x00000000a4400000, 0x00000000a4500000|  0%| F|  |TAMS 0x00000000a4400000, 0x00000000a4400000| Untracked 
|  69|0x00000000a4500000, 0x00000000a4500000, 0x00000000a4600000|  0%| F|  |TAMS 0x00000000a4500000, 0x00000000a4500000| Untracked 
|  70|0x00000000a4600000, 0x00000000a4600000, 0x00000000a4700000|  0%| F|  |TAMS 0x00000000a4600000, 0x00000000a4600000| Untracked 
|  71|0x00000000a4700000, 0x00000000a4700000, 0x00000000a4800000|  0%| F|  |TAMS 0x00000000a4700000, 0x00000000a4700000| Untracked 
|  72|0x00000000a4800000, 0x00000000a4800000, 0x00000000a4900000|  0%| F|  |TAMS 0x00000000a4800000, 0x00000000a4800000| Untracked 
|  73|0x00000000a4900000, 0x00000000a4900000, 0x00000000a4a00000|  0%| F|  |TAMS 0x00000000a4900000, 0x00000000a4900000| Untracked 
|  74|0x00000000a4a00000, 0x00000000a4a00000, 0x00000000a4b00000|  0%| F|  |TAMS 0x00000000a4a00000, 0x00000000a4a00000| Untracked 
|  75|0x00000000a4b00000, 0x00000000a4b00000, 0x00000000a4c00000|  0%| F|  |TAMS 0x00000000a4b00000, 0x00000000a4b00000| Untracked 
|  76|0x00000000a4c00000, 0x00000000a4c00000, 0x00000000a4d00000|  0%| F|  |TAMS 0x00000000a4c00000, 0x00000000a4c00000| Untracked 
|  77|0x00000000a4d00000, 0x00000000a4d00000, 0x00000000a4e00000|  0%| F|  |TAMS 0x00000000a4d00000, 0x00000000a4d00000| Untracked 
|  78|0x00000000a4e00000, 0x00000000a4e00000, 0x00000000a4f00000|  0%| F|  |TAMS 0x00000000a4e00000, 0x00000000a4e00000| Untracked 
|  79|0x00000000a4f00000, 0x00000000a4fe1f40, 0x00000000a5000000| 88%| S|CS|TAMS 0x00000000a4f00000, 0x00000000a4f00000| Complete 
|  80|0x00000000a5000000, 0x00000000a5000000, 0x00000000a5100000|  0%| F|  |TAMS 0x00000000a5000000, 0x00000000a5000000| Untracked 
|  81|0x00000000a5100000, 0x00000000a5100000, 0x00000000a5200000|  0%| F|  |TAMS 0x00000000a5100000, 0x00000000a5100000| Untracked 
|  82|0x00000000a5200000, 0x00000000a5200000, 0x00000000a5300000|  0%| F|  |TAMS 0x00000000a5200000, 0x00000000a5200000| Untracked 
|  83|0x00000000a5300000, 0x00000000a5300000, 0x00000000a5400000|  0%| F|  |TAMS 0x00000000a5300000, 0x00000000a5300000| Untracked 
|  84|0x00000000a5400000, 0x00000000a5400000, 0x00000000a5500000|  0%| F|  |TAMS 0x00000000a5400000, 0x00000000a5400000| Untracked 
|  85|0x00000000a5500000, 0x00000000a5500000, 0x00000000a5600000|  0%| F|  |TAMS 0x00000000a5500000, 0x00000000a5500000| Untracked 
|  86|0x00000000a5600000, 0x00000000a5600000, 0x00000000a5700000|  0%| F|  |TAMS 0x00000000a5600000, 0x00000000a5600000| Untracked 
|  87|0x00000000a5700000, 0x00000000a5700000, 0x00000000a5800000|  0%| F|  |TAMS 0x00000000a5700000, 0x00000000a5700000| Untracked 
|  88|0x00000000a5800000, 0x00000000a5800000, 0x00000000a5900000|  0%| F|  |TAMS 0x00000000a5800000, 0x00000000a5800000| Untracked 
|  89|0x00000000a5900000, 0x00000000a5900000, 0x00000000a5a00000|  0%| F|  |TAMS 0x00000000a5900000, 0x00000000a5900000| Untracked 
|  90|0x00000000a5a00000, 0x00000000a5a00000, 0x00000000a5b00000|  0%| F|  |TAMS 0x00000000a5a00000, 0x00000000a5a00000| Untracked 
|  91|0x00000000a5b00000, 0x00000000a5b00000, 0x00000000a5c00000|  0%| F|  |TAMS 0x00000000a5b00000, 0x00000000a5b00000| Untracked 
|  92|0x00000000a5c00000, 0x00000000a5c00000, 0x00000000a5d00000|  0%| F|  |TAMS 0x00000000a5c00000, 0x00000000a5c00000| Untracked 
|  93|0x00000000a5d00000, 0x00000000a5d00000, 0x00000000a5e00000|  0%| F|  |TAMS 0x00000000a5d00000, 0x00000000a5d00000| Untracked 
|  94|0x00000000a5e00000, 0x00000000a5e00000, 0x00000000a5f00000|  0%| F|  |TAMS 0x00000000a5e00000, 0x00000000a5e00000| Untracked 
|  95|0x00000000a5f00000, 0x00000000a5f00000, 0x00000000a6000000|  0%| F|  |TAMS 0x00000000a5f00000, 0x00000000a5f00000| Untracked 
|  96|0x00000000a6000000, 0x00000000a6000000, 0x00000000a6100000|  0%| F|  |TAMS 0x00000000a6000000, 0x00000000a6000000| Untracked 
|  97|0x00000000a6100000, 0x00000000a6100000, 0x00000000a6200000|  0%| F|  |TAMS 0x00000000a6100000, 0x00000000a6100000| Untracked 
|  98|0x00000000a6200000, 0x00000000a6200000, 0x00000000a6300000|  0%| F|  |TAMS 0x00000000a6200000, 0x00000000a6200000| Untracked 
|  99|0x00000000a6300000, 0x00000000a6300000, 0x00000000a6400000|  0%| F|  |TAMS 0x00000000a6300000, 0x00000000a6300000| Untracked 
| 100|0x00000000a6400000, 0x00000000a6400000, 0x00000000a6500000|  0%| F|  |TAMS 0x00000000a6400000, 0x00000000a6400000| Untracked 
| 101|0x00000000a6500000, 0x00000000a6500000, 0x00000000a6600000|  0%| F|  |TAMS 0x00000000a6500000, 0x00000000a6500000| Untracked 
| 102|0x00000000a6600000, 0x00000000a6600000, 0x00000000a6700000|  0%| F|  |TAMS 0x00000000a6600000, 0x00000000a6600000| Untracked 
| 103|0x00000000a6700000, 0x00000000a6700000, 0x00000000a6800000|  0%| F|  |TAMS 0x00000000a6700000, 0x00000000a6700000| Untracked 
| 104|0x00000000a6800000, 0x00000000a6800000, 0x00000000a6900000|  0%| F|  |TAMS 0x00000000a6800000, 0x00000000a6800000| Untracked 
| 105|0x00000000a6900000, 0x00000000a6900000, 0x00000000a6a00000|  0%| F|  |TAMS 0x00000000a6900000, 0x00000000a6900000| Untracked 
| 106|0x00000000a6a00000, 0x00000000a6a00000, 0x00000000a6b00000|  0%| F|  |TAMS 0x00000000a6a00000, 0x00000000a6a00000| Untracked 
| 107|0x00000000a6b00000, 0x00000000a6b00000, 0x00000000a6c00000|  0%| F|  |TAMS 0x00000000a6b00000, 0x00000000a6b00000| Untracked 
| 108|0x00000000a6c00000, 0x00000000a6c00000, 0x00000000a6d00000|  0%| F|  |TAMS 0x00000000a6c00000, 0x00000000a6c00000| Untracked 
| 109|0x00000000a6d00000, 0x00000000a6d00000, 0x00000000a6e00000|  0%| F|  |TAMS 0x00000000a6d00000, 0x00000000a6d00000| Untracked 
| 110|0x00000000a6e00000, 0x00000000a6e00000, 0x00000000a6f00000|  0%| F|  |TAMS 0x00000000a6e00000, 0x00000000a6e00000| Untracked 
| 111|0x00000000a6f00000, 0x00000000a6f00000, 0x00000000a7000000|  0%| F|  |TAMS 0x00000000a6f00000, 0x00000000a6f00000| Untracked 
| 112|0x00000000a7000000, 0x00000000a7000000, 0x00000000a7100000|  0%| F|  |TAMS 0x00000000a7000000, 0x00000000a7000000| Untracked 
| 113|0x00000000a7100000, 0x00000000a7100000, 0x00000000a7200000|  0%| F|  |TAMS 0x00000000a7100000, 0x00000000a7100000| Untracked 
| 114|0x00000000a7200000, 0x00000000a7200000, 0x00000000a7300000|  0%| F|  |TAMS 0x00000000a7200000, 0x00000000a7200000| Untracked 
| 115|0x00000000a7300000, 0x00000000a7300000, 0x00000000a7400000|  0%| F|  |TAMS 0x00000000a7300000, 0x00000000a7300000| Untracked 
| 116|0x00000000a7400000, 0x00000000a7400000, 0x00000000a7500000|  0%| F|  |TAMS 0x00000000a7400000, 0x00000000a7400000| Untracked 
| 117|0x00000000a7500000, 0x00000000a7500000, 0x00000000a7600000|  0%| F|  |TAMS 0x00000000a7500000, 0x00000000a7500000| Untracked 
| 118|0x00000000a7600000, 0x00000000a7600000, 0x00000000a7700000|  0%| F|  |TAMS 0x00000000a7600000, 0x00000000a7600000| Untracked 
| 119|0x00000000a7700000, 0x00000000a7700000, 0x00000000a7800000|  0%| F|  |TAMS 0x00000000a7700000, 0x00000000a7700000| Untracked 
| 120|0x00000000a7800000, 0x00000000a7800000, 0x00000000a7900000|  0%| F|  |TAMS 0x00000000a7800000, 0x00000000a7800000| Untracked 
| 121|0x00000000a7900000, 0x00000000a7900000, 0x00000000a7a00000|  0%| F|  |TAMS 0x00000000a7900000, 0x00000000a7900000| Untracked 
| 122|0x00000000a7a00000, 0x00000000a7a00000, 0x00000000a7b00000|  0%| F|  |TAMS 0x00000000a7a00000, 0x00000000a7a00000| Untracked 
| 123|0x00000000a7b00000, 0x00000000a7b00000, 0x00000000a7c00000|  0%| F|  |TAMS 0x00000000a7b00000, 0x00000000a7b00000| Untracked 

Card table byte_map: [0x000001dd24140000,0x000001dd24440000] _byte_map_base: 0x000001dd23c40000

Marking Bits (Prev, Next): (CMBitMap*) 0x000001dd0cdfb230, (CMBitMap*) 0x000001dd0cdfb1f0
 Prev Bits: [0x000001dd25f40000, 0x000001dd27740000)
 Next Bits: [0x000001dd24740000, 0x000001dd25f40000)

Polling page: 0x000001dd0ad00000

Metaspace:

Usage:
  Non-class:     45.24 MB used.
      Class:      7.18 MB used.
       Both:     52.42 MB used.

Virtual space:
  Non-class space:       64.00 MB reserved,      45.56 MB ( 71%) committed,  1 nodes.
      Class space:        1.00 GB reserved,       7.44 MB ( <1%) committed,  1 nodes.
             Both:        1.06 GB reserved,      53.00 MB (  5%) committed. 

Chunk freelists:
   Non-Class:  1.98 MB
       Class:  8.39 MB
        Both:  10.38 MB

MaxMetaspaceSize: unlimited
CompressedClassSpaceSize: 1.00 GB
Initial GC threshold: 21.00 MB
Current GC threshold: 81.50 MB
CDS: on
MetaspaceReclaimPolicy: balanced
 - commit_granule_bytes: 65536.
 - commit_granule_words: 8192.
 - virtual_space_node_default_size: 8388608.
 - enlarge_chunks_in_place: 1.
 - new_chunks_are_fully_committed: 0.
 - uncommit_free_chunks: 1.
 - use_allocation_guard: 0.
 - handle_deallocations: 1.


Internal statistics:

num_allocs_failed_limit: 6.
num_arena_births: 698.
num_arena_deaths: 0.
num_vsnodes_births: 2.
num_vsnodes_deaths: 0.
num_space_committed: 848.
num_space_uncommitted: 0.
num_chunks_returned_to_freelist: 6.
num_chunks_taken_from_freelist: 2927.
num_chunk_merges: 3.
num_chunk_splits: 1859.
num_chunks_enlarged: 1207.
num_inconsistent_stats: 0.

CodeHeap 'non-profiled nmethods': size=120000Kb used=3923Kb max_used=3923Kb free=116076Kb
 bounds [0x000001dd1c3b0000, 0x000001dd1c790000, 0x000001dd238e0000]
CodeHeap 'profiled nmethods': size=120000Kb used=13688Kb max_used=13688Kb free=106311Kb
 bounds [0x000001dd148e0000, 0x000001dd15640000, 0x000001dd1be10000]
CodeHeap 'non-nmethods': size=5760Kb used=2336Kb max_used=2381Kb free=3423Kb
 bounds [0x000001dd1be10000, 0x000001dd1c080000, 0x000001dd1c3b0000]
 total_blobs=8073 nmethods=7220 adapters=765
 compilation: enabled
              stopped_count=0, restarted_count=0
 full_count=0

Compilation events (20 events):
Event: 11.216 Thread 0x000001dd29d50f80 7971       3       sun.util.locale.InternalLocaleBuilder::setLanguageTag (173 bytes)
Event: 11.217 Thread 0x000001dd29d50f80 nmethod 7971 0x000001dd1562fd10 code [0x000001dd15630100, 0x000001dd15631cb8]
Event: 11.217 Thread 0x000001dd29d50f80 7972       3       sun.util.locale.InternalLocaleBuilder::clear (31 bytes)
Event: 11.218 Thread 0x000001dd29d50f80 nmethod 7972 0x000001dd15632410 code [0x000001dd156325e0, 0x000001dd156328e8]
Event: 11.218 Thread 0x000001dd29d50f80 7973       3       sun.util.locale.LanguageTag::getExtlangs (24 bytes)
Event: 11.218 Thread 0x000001dd29d50f80 nmethod 7973 0x000001dd15632990 code [0x000001dd15632b60, 0x000001dd15632e38]
Event: 11.218 Thread 0x000001dd29d50f80 7974       3       sun.util.locale.InternalLocaleBuilder::setExtensions (206 bytes)
Event: 11.221 Thread 0x000001dd29d50f80 nmethod 7974 0x000001dd15632f10 code [0x000001dd15633400, 0x000001dd15635cf8]
Event: 11.221 Thread 0x000001dd29d50f80 7975       3       sun.util.locale.LocaleUtils::isEmpty (19 bytes)
Event: 11.221 Thread 0x000001dd29d50f80 nmethod 7975 0x000001dd15636a90 code [0x000001dd15636c40, 0x000001dd15636e88]
Event: 11.222 Thread 0x000001dd29d50f80 7976       3       sun.util.locale.InternalLocaleBuilder::getBaseLocale (187 bytes)
Event: 11.223 Thread 0x000001dd29d50f80 nmethod 7976 0x000001dd15636f90 code [0x000001dd156372a0, 0x000001dd15638298]
Event: 11.223 Thread 0x000001dd29d50f80 7977       3       sun.util.locale.InternalLocaleBuilder::getLocaleExtensions (65 bytes)
Event: 11.223 Thread 0x000001dd29d50f80 nmethod 7977 0x000001dd15638910 code [0x000001dd15638b40, 0x000001dd15639368]
Event: 11.223 Thread 0x000001dd29d50f80 7978       3       sun.util.locale.LocaleUtils::isEmpty (19 bytes)
Event: 11.224 Thread 0x000001dd29d50f80 nmethod 7978 0x000001dd15639590 code [0x000001dd15639740, 0x000001dd15639988]
Event: 11.224 Thread 0x000001dd29d50f80 7979       3       sun.util.locale.BaseLocale::convertOldISOCodes (238 bytes)
Event: 11.224 Thread 0x000001dd29d50f80 nmethod 7979 0x000001dd15639a90 code [0x000001dd15639cc0, 0x000001dd1563a3a8]
Event: 11.249 Thread 0x000001dd29d50f80 7992       3       org.gradle.internal.instantiation.generator.AbstractClassGenerator::assembleProperties (239 bytes)
Event: 11.252 Thread 0x000001dd29d50f80 nmethod 7992 0x000001dd1563a510 code [0x000001dd1563a9e0, 0x000001dd1563d4d8]

GC Heap History (20 events):
Event: 7.464 GC heap after
{Heap after GC invocations=12 (full 0):
 garbage-first heap   total 107520K, used 39372K [0x00000000a0000000, 0x0000000100000000)
  region size 1024K, 4 young (4096K), 4 survivors (4096K)
 Metaspace       used 40082K, committed 40640K, reserved 1114112K
  class space    used 5611K, committed 5888K, reserved 1048576K
}
Event: 8.070 GC heap before
{Heap before GC invocations=12 (full 0):
 garbage-first heap   total 107520K, used 79308K [0x00000000a0000000, 0x0000000100000000)
  region size 1024K, 42 young (43008K), 4 survivors (4096K)
 Metaspace       used 43565K, committed 44096K, reserved 1114112K
  class space    used 6030K, committed 6272K, reserved 1048576K
}
Event: 8.074 GC heap after
{Heap after GC invocations=13 (full 0):
 garbage-first heap   total 107520K, used 41947K [0x00000000a0000000, 0x0000000100000000)
  region size 1024K, 3 young (3072K), 3 survivors (3072K)
 Metaspace       used 43565K, committed 44096K, reserved 1114112K
  class space    used 6030K, committed 6272K, reserved 1048576K
}
Event: 8.682 GC heap before
{Heap before GC invocations=13 (full 0):
 garbage-first heap   total 107520K, used 79835K [0x00000000a0000000, 0x0000000100000000)
  region size 1024K, 40 young (40960K), 3 survivors (3072K)
 Metaspace       used 47335K, committed 47872K, reserved 1114112K
  class space    used 6617K, committed 6848K, reserved 1048576K
}
Event: 8.685 GC heap after
{Heap after GC invocations=14 (full 0):
 garbage-first heap   total 107520K, used 43506K [0x00000000a0000000, 0x0000000100000000)
  region size 1024K, 4 young (4096K), 4 survivors (4096K)
 Metaspace       used 47335K, committed 47872K, reserved 1114112K
  class space    used 6617K, committed 6848K, reserved 1048576K
}
Event: 9.403 GC heap before
{Heap before GC invocations=14 (full 0):
 garbage-first heap   total 107520K, used 81394K [0x00000000a0000000, 0x0000000100000000)
  region size 1024K, 42 young (43008K), 4 survivors (4096K)
 Metaspace       used 48779K, committed 49344K, reserved 1114112K
  class space    used 6806K, committed 7040K, reserved 1048576K
}
Event: 9.409 GC heap after
{Heap after GC invocations=15 (full 0):
 garbage-first heap   total 107520K, used 47403K [0x00000000a0000000, 0x0000000100000000)
  region size 1024K, 6 young (6144K), 6 survivors (6144K)
 Metaspace       used 48779K, committed 49344K, reserved 1114112K
  class space    used 6806K, committed 7040K, reserved 1048576K
}
Event: 9.731 GC heap before
{Heap before GC invocations=15 (full 0):
 garbage-first heap   total 107520K, used 82219K [0x00000000a0000000, 0x0000000100000000)
  region size 1024K, 41 young (41984K), 6 survivors (6144K)
 Metaspace       used 49210K, committed 49792K, reserved 1114112K
  class space    used 6832K, committed 7104K, reserved 1048576K
}
Event: 9.736 GC heap after
{Heap after GC invocations=16 (full 0):
 garbage-first heap   total 107520K, used 48756K [0x00000000a0000000, 0x0000000100000000)
  region size 1024K, 2 young (2048K), 2 survivors (2048K)
 Metaspace       used 49210K, committed 49792K, reserved 1114112K
  class space    used 6832K, committed 7104K, reserved 1048576K
}
Event: 9.933 GC heap before
{Heap before GC invocations=16 (full 0):
 garbage-first heap   total 107520K, used 83572K [0x00000000a0000000, 0x0000000100000000)
  region size 1024K, 37 young (37888K), 2 survivors (2048K)
 Metaspace       used 49356K, committed 49984K, reserved 1114112K
  class space    used 6832K, committed 7104K, reserved 1048576K
}
Event: 9.937 GC heap after
{Heap after GC invocations=17 (full 0):
 garbage-first heap   total 107520K, used 49655K [0x00000000a0000000, 0x0000000100000000)
  region size 1024K, 3 young (3072K), 3 survivors (3072K)
 Metaspace       used 49356K, committed 49984K, reserved 1114112K
  class space    used 6832K, committed 7104K, reserved 1048576K
}
Event: 10.176 GC heap before
{Heap before GC invocations=17 (full 0):
 garbage-first heap   total 107520K, used 71159K [0x00000000a0000000, 0x0000000100000000)
  region size 1024K, 26 young (26624K), 3 survivors (3072K)
 Metaspace       used 49466K, committed 50048K, reserved 1114112K
  class space    used 6847K, committed 7104K, reserved 1048576K
}
Event: 10.179 GC heap after
{Heap after GC invocations=18 (full 0):
 garbage-first heap   total 107520K, used 50286K [0x00000000a0000000, 0x0000000100000000)
  region size 1024K, 4 young (4096K), 4 survivors (4096K)
 Metaspace       used 49466K, committed 50048K, reserved 1114112K
  class space    used 6847K, committed 7104K, reserved 1048576K
}
Event: 10.193 GC heap before
{Heap before GC invocations=18 (full 0):
 garbage-first heap   total 107520K, used 51310K [0x00000000a0000000, 0x0000000100000000)
  region size 1024K, 5 young (5120K), 4 survivors (4096K)
 Metaspace       used 49466K, committed 50048K, reserved 1114112K
  class space    used 6847K, committed 7104K, reserved 1048576K
}
Event: 10.196 GC heap after
{Heap after GC invocations=19 (full 0):
 garbage-first heap   total 107520K, used 51470K [0x00000000a0000000, 0x0000000100000000)
  region size 1024K, 3 young (3072K), 3 survivors (3072K)
 Metaspace       used 49466K, committed 50048K, reserved 1114112K
  class space    used 6847K, committed 7104K, reserved 1048576K
}
Event: 10.890 GC heap before
{Heap before GC invocations=20 (full 0):
 garbage-first heap   total 107520K, used 90382K [0x00000000a0000000, 0x0000000100000000)
  region size 1024K, 36 young (36864K), 3 survivors (3072K)
 Metaspace       used 51204K, committed 51840K, reserved 1114112K
  class space    used 7092K, committed 7360K, reserved 1048576K
}
Event: 10.896 GC heap after
{Heap after GC invocations=21 (full 0):
 garbage-first heap   total 107520K, used 63212K [0x00000000a0000000, 0x0000000100000000)
  region size 1024K, 5 young (5120K), 5 survivors (5120K)
 Metaspace       used 51204K, committed 51840K, reserved 1114112K
  class space    used 7092K, committed 7360K, reserved 1048576K
}
Event: 10.906 GC heap before
{Heap before GC invocations=21 (full 0):
 garbage-first heap   total 107520K, used 64236K [0x00000000a0000000, 0x0000000100000000)
  region size 1024K, 6 young (6144K), 5 survivors (5120K)
 Metaspace       used 51322K, committed 51968K, reserved 1114112K
  class space    used 7103K, committed 7360K, reserved 1048576K
}
Event: 10.909 GC heap after
{Heap after GC invocations=22 (full 0):
 garbage-first heap   total 107520K, used 63650K [0x00000000a0000000, 0x0000000100000000)
  region size 1024K, 1 young (1024K), 1 survivors (1024K)
 Metaspace       used 51322K, committed 51968K, reserved 1114112K
  class space    used 7103K, committed 7360K, reserved 1048576K
}
Event: 11.293 GC heap before
{Heap before GC invocations=22 (full 0):
 garbage-first heap   total 107520K, used 87202K [0x00000000a0000000, 0x0000000100000000)
  region size 1024K, 25 young (25600K), 1 survivors (1024K)
 Metaspace       used 53678K, committed 54272K, reserved 1114112K
  class space    used 7354K, committed 7616K, reserved 1048576K
}

Dll operation events (15 events):
Event: 0.014 Loaded shared library C:\Java\jdk-17\bin\java.dll
Event: 0.030 Loaded shared library C:\Java\jdk-17\bin\jsvml.dll
Event: 0.073 Loaded shared library C:\Java\jdk-17\bin\zip.dll
Event: 0.078 Loaded shared library C:\Java\jdk-17\bin\instrument.dll
Event: 0.085 Loaded shared library C:\Java\jdk-17\bin\net.dll
Event: 0.089 Loaded shared library C:\Java\jdk-17\bin\nio.dll
Event: 0.091 Loaded shared library C:\Java\jdk-17\bin\zip.dll
Event: 0.657 Loaded shared library C:\Java\jdk-17\bin\jimage.dll
Event: 0.954 Loaded shared library C:\Java\jdk-17\bin\verify.dll
Event: 1.161 Loaded shared library C:\Users\52441\.gradle\native\c067742578af261105cb4f569cf0c3c89f3d7b1fecec35dd04571415982c5e48\windows-amd64\native-platform.dll
Event: 1.169 Loaded shared library C:\Users\52441\.gradle\native\100fb08df4bc3b14c8652ba06237920a3bd2aa13389f12d3474272988ae205f9\windows-amd64\native-platform-file-events.dll
Event: 2.603 Loaded shared library C:\Java\jdk-17\bin\management.dll
Event: 2.607 Loaded shared library C:\Java\jdk-17\bin\management_ext.dll
Event: 2.900 Loaded shared library C:\Java\jdk-17\bin\extnet.dll
Event: 3.237 Loaded shared library C:\Java\jdk-17\bin\sunmscapi.dll

Deoptimization events (20 events):
Event: 11.115 Thread 0x000001dd71ae6970 Uncommon trap: trap_request=0xffffffde fr.pc=0x000001dd1c604a68 relative=0x0000000000000868
Event: 11.115 Thread 0x000001dd71ae6970 Uncommon trap: reason=class_check action=maybe_recompile pc=0x000001dd1c604a68 method=java.io.BufferedInputStream.read1([BII)I @ 39 c2
Event: 11.115 Thread 0x000001dd71ae6970 DEOPT PACKING pc=0x000001dd1c604a68 sp=0x00000047316f6ee0
Event: 11.115 Thread 0x000001dd71ae6970 DEOPT UNPACKING pc=0x000001dd1be669a3 sp=0x00000047316f6df8 mode 2
Event: 11.115 Thread 0x000001dd71ae6970 Uncommon trap: trap_request=0xffffffde fr.pc=0x000001dd1c56ade8 relative=0x00000000000001a8
Event: 11.115 Thread 0x000001dd71ae6970 Uncommon trap: reason=class_check action=maybe_recompile pc=0x000001dd1c56ade8 method=java.io.BufferedInputStream.read1([BII)I @ 39 c2
Event: 11.115 Thread 0x000001dd71ae6970 DEOPT PACKING pc=0x000001dd1c56ade8 sp=0x00000047316f6e40
Event: 11.115 Thread 0x000001dd71ae6970 DEOPT UNPACKING pc=0x000001dd1be669a3 sp=0x00000047316f6de8 mode 2
Event: 11.202 Thread 0x000001dd71ae6970 Uncommon trap: trap_request=0xffffffde fr.pc=0x000001dd1c4b26c4 relative=0x0000000000000364
Event: 11.202 Thread 0x000001dd71ae6970 Uncommon trap: reason=class_check action=maybe_recompile pc=0x000001dd1c4b26c4 method=java.util.stream.AbstractPipeline.copyIntoWithCancel(Ljava/util/stream/Sink;Ljava/util/Spliterator;)Z @ 32 c2
Event: 11.202 Thread 0x000001dd71ae6970 DEOPT PACKING pc=0x000001dd1c4b26c4 sp=0x00000047316f5c30
Event: 11.202 Thread 0x000001dd71ae6970 DEOPT UNPACKING pc=0x000001dd1be669a3 sp=0x00000047316f5af0 mode 2
Event: 11.202 Thread 0x000001dd71ae6970 Uncommon trap: trap_request=0xffffffde fr.pc=0x000001dd1c4b26c4 relative=0x0000000000000364
Event: 11.202 Thread 0x000001dd71ae6970 Uncommon trap: reason=class_check action=maybe_recompile pc=0x000001dd1c4b26c4 method=java.util.stream.AbstractPipeline.copyIntoWithCancel(Ljava/util/stream/Sink;Ljava/util/Spliterator;)Z @ 32 c2
Event: 11.202 Thread 0x000001dd71ae6970 DEOPT PACKING pc=0x000001dd1c4b26c4 sp=0x00000047316f5c30
Event: 11.202 Thread 0x000001dd71ae6970 DEOPT UNPACKING pc=0x000001dd1be669a3 sp=0x00000047316f5af0 mode 2
Event: 11.202 Thread 0x000001dd71ae6970 Uncommon trap: trap_request=0xffffffde fr.pc=0x000001dd1c4b26c4 relative=0x0000000000000364
Event: 11.202 Thread 0x000001dd71ae6970 Uncommon trap: reason=class_check action=maybe_recompile pc=0x000001dd1c4b26c4 method=java.util.stream.AbstractPipeline.copyIntoWithCancel(Ljava/util/stream/Sink;Ljava/util/Spliterator;)Z @ 32 c2
Event: 11.202 Thread 0x000001dd71ae6970 DEOPT PACKING pc=0x000001dd1c4b26c4 sp=0x00000047316f5c30
Event: 11.202 Thread 0x000001dd71ae6970 DEOPT UNPACKING pc=0x000001dd1be669a3 sp=0x00000047316f5af0 mode 2

Classes loaded (20 events):
Event: 10.596 Loading class java/util/ArraysBeanInfo
Event: 10.596 Loading class java/util/ArraysBeanInfo done
Event: 10.596 Loading class java/util/ArraysCustomizer
Event: 10.596 Loading class java/util/ArraysCustomizer done
Event: 10.597 Loading class java/util/ArraysCustomizer
Event: 10.597 Loading class java/util/ArraysCustomizer done
Event: 10.632 Loading class java/util/stream/SortedOps$RefSortingSink
Event: 10.632 Loading class java/util/stream/SortedOps$RefSortingSink done
Event: 10.636 Loading class java/time/Ser
Event: 10.636 Loading class java/time/Ser done
Event: 11.113 Loading class java/util/concurrent/atomic/AtomicReferenceFieldUpdater
Event: 11.114 Loading class java/util/concurrent/atomic/AtomicReferenceFieldUpdater done
Event: 11.114 Loading class java/util/concurrent/atomic/AtomicReferenceFieldUpdater$AtomicReferenceFieldUpdaterImpl
Event: 11.114 Loading class java/util/concurrent/atomic/AtomicReferenceFieldUpdater$AtomicReferenceFieldUpdaterImpl done
Event: 11.114 Loading class java/util/concurrent/atomic/AtomicReferenceFieldUpdater$AtomicReferenceFieldUpdaterImpl$1
Event: 11.114 Loading class java/util/concurrent/atomic/AtomicReferenceFieldUpdater$AtomicReferenceFieldUpdaterImpl$1 done
Event: 11.200 Loading class sun/text/resources/cldr/FormatData_en
Event: 11.201 Loading class sun/text/resources/cldr/FormatData_en done
Event: 11.201 Loading class sun/text/resources/cldr/FormatData_en_US
Event: 11.201 Loading class sun/text/resources/cldr/FormatData_en_US done

Classes unloaded (0 events):
No events

Classes redefined (0 events):
No events

Internal exceptions (20 events):
Event: 10.556 Thread 0x000001dd71ae6970 Exception <a 'java/lang/ClassNotFoundException'{0x00000000a5a59698}: org/gradle/api/internal/AbstractTaskBeanInfo> (0x00000000a5a59698) 
thrown [s\src\hotspot\share\classfile\systemDictionary.cpp, line 256]
Event: 10.557 Thread 0x000001dd71ae6970 Exception <a 'java/lang/ClassNotFoundException'{0x00000000a5a6ff48}: org/gradle/api/internal/AbstractTaskCustomizer> (0x00000000a5a6ff48) 
thrown [s\src\hotspot\share\classfile\systemDictionary.cpp, line 256]
Event: 10.559 Thread 0x000001dd71ae6970 Exception <a 'java/lang/ClassNotFoundException'{0x00000000a5adad80}: org/gradle/api/DefaultTaskCustomizer> (0x00000000a5adad80) 
thrown [s\src\hotspot\share\classfile\systemDictionary.cpp, line 256]
Event: 10.562 Thread 0x000001dd71ae6970 Exception <a 'java/lang/ClassNotFoundException'{0x00000000a594d910}: org/gradle/api/internal/ConventionTaskCustomizer> (0x00000000a594d910) 
thrown [s\src\hotspot\share\classfile\systemDictionary.cpp, line 256]
Event: 10.564 Thread 0x000001dd71ae6970 Exception <a 'java/lang/ClassNotFoundException'{0x00000000a59712f0}: org/gradle/api/tasks/DeleteCustomizer> (0x00000000a59712f0) 
thrown [s\src\hotspot\share\classfile\systemDictionary.cpp, line 256]
Event: 10.566 Thread 0x000001dd71ae6970 Exception <a 'java/lang/ClassNotFoundException'{0x00000000a599a058}: org/gradle/api/tasks/Delete_DecoratedCustomizer> (0x00000000a599a058) 
thrown [s\src\hotspot\share\classfile\systemDictionary.cpp, line 256]
Event: 10.596 Thread 0x000001dd71ae6970 Exception <a 'java/lang/ClassNotFoundException'{0x00000000a58c1e30}: java/util/ArraysBeanInfo> (0x00000000a58c1e30) 
thrown [s\src\hotspot\share\classfile\systemDictionary.cpp, line 256]
Event: 10.597 Thread 0x000001dd71ae6970 Exception <a 'java/lang/ClassNotFoundException'{0x00000000a58ca358}: java/util/ArraysCustomizer> (0x00000000a58ca358) 
thrown [s\src\hotspot\share\classfile\systemDictionary.cpp, line 256]
Event: 10.601 Thread 0x000001dd71ae6970 Exception <a 'java/lang/ClassNotFoundException'{0x00000000a5778460}: ProtobufPatchPluginBeanInfo> (0x00000000a5778460) 
thrown [s\src\hotspot\share\classfile\systemDictionary.cpp, line 256]
Event: 10.602 Thread 0x000001dd71ae6970 Exception <a 'java/lang/ClassNotFoundException'{0x00000000a5783d08}: ProtobufPatchPluginCustomizer> (0x00000000a5783d08) 
thrown [s\src\hotspot\share\classfile\systemDictionary.cpp, line 256]
Event: 10.610 Thread 0x000001dd71ae6970 Exception <a 'java/lang/ClassNotFoundException'{0x00000000a57e7dc8}: groovy/lang/ReferenceBeanInfo> (0x00000000a57e7dc8) 
thrown [s\src\hotspot\share\classfile\systemDictionary.cpp, line 256]
Event: 10.612 Thread 0x000001dd71ae6970 Exception <a 'java/lang/ClassNotFoundException'{0x00000000a560b928}: groovy/lang/ReferenceCustomizer> (0x00000000a560b928) 
thrown [s\src\hotspot\share\classfile\systemDictionary.cpp, line 256]
Event: 10.630 Thread 0x000001dd71ae6970 Exception <a 'java/lang/NoSuchMethodError'{0x00000000a5675e78}: 'long java.lang.invoke.DirectMethodHandle$Holder.invokeVirtual(java.lang.Object, java.lang.Object)'> (0x00000000a5675e78) 
thrown [s\src\hotspot\share\interpreter\linkResolver.cpp, line 759]
Event: 10.634 Thread 0x000001dd71ae5f50 Exception <a 'java/lang/NoSuchMethodError'{0x00000000a569a538}: static Lorg/gradle/internal/build/event/types/DefaultProjectConfigurationSuccessResult;.<clinit>()V> (0x00000000a569a538) 
thrown [s\src\hotspot\share\prims\jni.cpp, line 1112]
Event: 10.635 Thread 0x000001dd71ae5f50 Exception <a 'java/lang/NoSuchMethodError'{0x00000000a569b608}: static Lorg/gradle/internal/build/event/types/AbstractProjectConfigurationResult;.<clinit>()V> (0x00000000a569b608) 
thrown [s\src\hotspot\share\prims\jni.cpp, line 1112]
Event: 10.635 Thread 0x000001dd71ae5f50 Exception <a 'java/lang/NoSuchMethodError'{0x00000000a56d5f50}: static Lorg/gradle/internal/build/event/types/DefaultPluginApplicationResult;.<clinit>()V> (0x00000000a56d5f50) 
thrown [s\src\hotspot\share\prims\jni.cpp, line 1112]
Event: 10.636 Thread 0x000001dd71ae5f50 Exception <a 'java/lang/NoSuchMethodError'{0x00000000a56e0388}: static Lorg/gradle/internal/build/event/types/DefaultBinaryPluginIdentifier;.<clinit>()V> (0x00000000a56e0388) 
thrown [s\src\hotspot\share\prims\jni.cpp, line 1112]
Event: 10.637 Thread 0x000001dd71ae5f50 Exception <a 'java/lang/NoSuchMethodError'{0x00000000a56f5160}: static Lorg/gradle/internal/build/event/types/DefaultScriptPluginIdentifier;.<clinit>()V> (0x00000000a56f5160) 
thrown [s\src\hotspot\share\prims\jni.cpp, line 1112]
Event: 10.656 Thread 0x000001dd71ae6970 Exception <a 'java/lang/ClassNotFoundException'{0x00000000a55eb938}: build_2lcbgnhqcd1rqvgb3cpdi17cnBeanInfo> (0x00000000a55eb938) 
thrown [s\src\hotspot\share\classfile\systemDictionary.cpp, line 256]
Event: 10.657 Thread 0x000001dd71ae6970 Exception <a 'java/lang/ClassNotFoundException'{0x00000000a55f2bd8}: build_2lcbgnhqcd1rqvgb3cpdi17cnCustomizer> (0x00000000a55f2bd8) 
thrown [s\src\hotspot\share\classfile\systemDictionary.cpp, line 256]

VM Operations (20 events):
Event: 10.076 Executing VM operation: HandshakeAllThreads done
Event: 10.175 Executing VM operation: G1TryInitiateConcMark
Event: 10.179 Executing VM operation: G1TryInitiateConcMark done
Event: 10.193 Executing VM operation: G1TryInitiateConcMark
Event: 10.196 Executing VM operation: G1TryInitiateConcMark done
Event: 10.233 Executing VM operation: G1PauseRemark
Event: 10.238 Executing VM operation: G1PauseRemark done
Event: 10.242 Executing VM operation: HandshakeAllThreads
Event: 10.242 Executing VM operation: HandshakeAllThreads done
Event: 10.252 Executing VM operation: G1PauseCleanup
Event: 10.252 Executing VM operation: G1PauseCleanup done
Event: 10.581 Executing VM operation: HandshakeAllThreads
Event: 10.581 Executing VM operation: HandshakeAllThreads done
Event: 10.890 Executing VM operation: G1CollectForAllocation
Event: 10.896 Executing VM operation: G1CollectForAllocation done
Event: 10.906 Executing VM operation: G1CollectForAllocation
Event: 10.909 Executing VM operation: G1CollectForAllocation done
Event: 11.020 Executing VM operation: HandshakeAllThreads
Event: 11.020 Executing VM operation: HandshakeAllThreads done
Event: 11.293 Executing VM operation: G1CollectForAllocation

Memory protections (0 events):
No events

Nmethod flushes (20 events):
Event: 7.241 Thread 0x000001dd29d51890 flushing  nmethod 0x000001dd150ad190
Event: 7.241 Thread 0x000001dd29d51890 flushing  nmethod 0x000001dd150ad890
Event: 7.241 Thread 0x000001dd29d51890 flushing  nmethod 0x000001dd150ae090
Event: 7.241 Thread 0x000001dd29d51890 flushing  nmethod 0x000001dd150b2710
Event: 7.241 Thread 0x000001dd29d51890 flushing  nmethod 0x000001dd150b2c90
Event: 7.241 Thread 0x000001dd29d51890 flushing  nmethod 0x000001dd150b3210
Event: 7.241 Thread 0x000001dd29d51890 flushing  nmethod 0x000001dd150b5090
Event: 7.241 Thread 0x000001dd29d51890 flushing  nmethod 0x000001dd150b5710
Event: 7.241 Thread 0x000001dd29d51890 flushing  nmethod 0x000001dd150ca010
Event: 7.241 Thread 0x000001dd29d51890 flushing  nmethod 0x000001dd150d4f10
Event: 7.241 Thread 0x000001dd29d51890 flushing  nmethod 0x000001dd150d5a90
Event: 7.241 Thread 0x000001dd29d51890 flushing  nmethod 0x000001dd150d6290
Event: 7.241 Thread 0x000001dd29d51890 flushing  nmethod 0x000001dd150d6d10
Event: 7.241 Thread 0x000001dd29d51890 flushing  nmethod 0x000001dd150d8210
Event: 7.241 Thread 0x000001dd29d51890 flushing  nmethod 0x000001dd150e3e10
Event: 7.241 Thread 0x000001dd29d51890 flushing  nmethod 0x000001dd150e4290
Event: 7.241 Thread 0x000001dd29d51890 flushing  nmethod 0x000001dd150e9390
Event: 7.241 Thread 0x000001dd29d51890 flushing  nmethod 0x000001dd1513cd10
Event: 11.023 Thread 0x000001dd29d51890 flushing  nmethod 0x000001dd14b89d90
Event: 11.025 Thread 0x000001dd29d51890 flushing  nmethod 0x000001dd14dff410

Events (20 events):
Event: 9.188 Thread 0x000001dd71ae6970 Thread added: 0x000001dd73448e90
Event: 9.191 Thread 0x000001dd71ae6970 Thread added: 0x000001dd73448980
Event: 9.193 Thread 0x000001dd71ae6970 Thread added: 0x000001dd73447f60
Event: 9.196 Thread 0x000001dd71ae6970 Thread added: 0x000001dd73448470
Event: 9.199 Thread 0x000001dd71ae6970 Thread added: 0x000001dd75c231a0
Event: 9.202 Thread 0x000001dd71ae6970 Thread added: 0x000001dd73c1f950
Event: 9.206 Thread 0x000001dd71ae6970 Thread added: 0x000001dd73c20370
Event: 9.209 Thread 0x000001dd71ae6970 Thread added: 0x000001dd73c20880
Event: 9.220 Thread 0x000001dd71ae6970 Thread added: 0x000001dd73c1fe60
Event: 9.544 Thread 0x000001dd71ae6970 Thread added: 0x000001dd73c1c600
Event: 9.548 Thread 0x000001dd71ae6970 Thread added: 0x000001dd73c1acb0
Event: 9.550 Thread 0x000001dd71ae6970 Thread added: 0x000001dd73c1b6d0
Event: 9.551 Thread 0x000001dd71ae6970 Thread added: 0x000001dd73c1ef30
Event: 9.553 Thread 0x000001dd71ae6970 Thread added: 0x000001dd73c1f440
Event: 9.556 Thread 0x000001dd71ae6970 Thread added: 0x000001dd731fc3f0
Event: 9.558 Thread 0x000001dd71ae6970 Thread added: 0x000001dd720dc460
Event: 9.559 Thread 0x000001dd71ae6970 Thread added: 0x000001dd720dab10
Event: 9.560 Thread 0x000001dd71ae6970 Thread added: 0x000001dd720db020
Event: 9.561 Thread 0x000001dd71ae6970 Thread added: 0x000001dd720db530
Event: 9.562 Thread 0x000001dd71ae6970 Thread added: 0x000001dd720dba40


Dynamic libraries:
0x00007ff796f90000 - 0x00007ff796f9e000 	C:\Java\jdk-17\bin\java.exe
0x00007ff9ee2e0000 - 0x00007ff9ee543000 	C:\WINDOWS\SYSTEM32\ntdll.dll
0x00007ff9ecb90000 - 0x00007ff9ecc57000 	C:\WINDOWS\System32\KERNEL32.DLL
0x00007ff9ebb20000 - 0x00007ff9ebee9000 	C:\WINDOWS\System32\KERNELBASE.dll
0x00007ff9ebef0000 - 0x00007ff9ec03c000 	C:\WINDOWS\System32\ucrtbase.dll
0x00007ff9d6c60000 - 0x00007ff9d6c77000 	C:\Java\jdk-17\bin\jli.dll
0x00007ff9d3810000 - 0x00007ff9d382e000 	C:\Java\jdk-17\bin\VCRUNTIME140.dll
0x00007ff9ecf70000 - 0x00007ff9ed13a000 	C:\WINDOWS\System32\USER32.dll
0x00007ff9eb750000 - 0x00007ff9eb777000 	C:\WINDOWS\System32\win32u.dll
0x00007ff9ecf40000 - 0x00007ff9ecf6a000 	C:\WINDOWS\System32\GDI32.dll
0x00007ff9ea750000 - 0x00007ff9ea9e0000 	C:\WINDOWS\WinSxS\amd64_microsoft.windows.common-controls_6595b64144ccf1df_6.0.26100.3323_none_3e088096e3344490\COMCTL32.dll
0x00007ff9eb610000 - 0x00007ff9eb741000 	C:\WINDOWS\System32\gdi32full.dll
0x00007ff9ed240000 - 0x00007ff9ed2e9000 	C:\WINDOWS\System32\msvcrt.dll
0x00007ff9eba70000 - 0x00007ff9ebb13000 	C:\WINDOWS\System32\msvcp_win.dll
0x00007ff9ec240000 - 0x00007ff9ec26f000 	C:\WINDOWS\System32\IMM32.DLL
0x00007ff9e5700000 - 0x00007ff9e570c000 	C:\Java\jdk-17\bin\vcruntime140_1.dll
0x00007ff980350000 - 0x00007ff9803dd000 	C:\Java\jdk-17\bin\msvcp140.dll
0x00007ff9574d0000 - 0x00007ff95813b000 	C:\Java\jdk-17\bin\server\jvm.dll
0x00007ff9ece80000 - 0x00007ff9ecf32000 	C:\WINDOWS\System32\ADVAPI32.dll
0x00007ff9ed490000 - 0x00007ff9ed536000 	C:\WINDOWS\System32\sechost.dll
0x00007ff9ec530000 - 0x00007ff9ec646000 	C:\WINDOWS\System32\RPCRT4.dll
0x00007ff9ecc60000 - 0x00007ff9eccd4000 	C:\WINDOWS\System32\WS2_32.dll
0x00007ff9e36d0000 - 0x00007ff9e36db000 	C:\WINDOWS\SYSTEM32\VERSION.dll
0x00007ff9de170000 - 0x00007ff9de1a6000 	C:\WINDOWS\SYSTEM32\WINMM.dll
0x00007ff9ead50000 - 0x00007ff9ead9e000 	C:\WINDOWS\SYSTEM32\POWRPROF.dll
0x00007ff9eabf0000 - 0x00007ff9eac04000 	C:\WINDOWS\SYSTEM32\UMPDC.dll
0x00007ff9e9a30000 - 0x00007ff9e9a4a000 	C:\WINDOWS\SYSTEM32\kernel.appcore.dll
0x00007ff9cfa50000 - 0x00007ff9cfa5a000 	C:\Java\jdk-17\bin\jimage.dll
0x00007ff9eadb0000 - 0x00007ff9eaff1000 	C:\WINDOWS\SYSTEM32\DBGHELP.DLL
0x00007ff9ed730000 - 0x00007ff9edab2000 	C:\WINDOWS\System32\combase.dll
0x00007ff9ed3b0000 - 0x00007ff9ed486000 	C:\WINDOWS\System32\OLEAUT32.dll
0x00007ff9eac10000 - 0x00007ff9eac49000 	C:\WINDOWS\SYSTEM32\dbgcore.DLL
0x00007ff9eb570000 - 0x00007ff9eb609000 	C:\WINDOWS\System32\bcryptPrimitives.dll
0x00007ff9cf790000 - 0x00007ff9cf79e000 	C:\Java\jdk-17\bin\instrument.dll
0x00007ff995500000 - 0x00007ff995525000 	C:\Java\jdk-17\bin\java.dll
0x00007ff97fd80000 - 0x00007ff97fe57000 	C:\Java\jdk-17\bin\jsvml.dll
0x00007ff9edb70000 - 0x00007ff9ee285000 	C:\WINDOWS\System32\SHELL32.dll
0x00007ff9eb780000 - 0x00007ff9eb8e8000 	C:\WINDOWS\System32\wintypes.dll
0x00007ff9e8750000 - 0x00007ff9e8f95000 	C:\WINDOWS\SYSTEM32\windows.storage.dll
0x00007ff9ec150000 - 0x00007ff9ec23b000 	C:\WINDOWS\System32\SHCORE.dll
0x00007ff9ec300000 - 0x00007ff9ec35d000 	C:\WINDOWS\System32\shlwapi.dll
0x00007ff9eb3f0000 - 0x00007ff9eb41f000 	C:\WINDOWS\SYSTEM32\profapi.dll
0x00007ff9cd250000 - 0x00007ff9cd268000 	C:\Java\jdk-17\bin\zip.dll
0x00007ff99ea60000 - 0x00007ff99ea79000 	C:\Java\jdk-17\bin\net.dll
0x00007ff9e3590000 - 0x00007ff9e36ae000 	C:\WINDOWS\SYSTEM32\WINHTTP.dll
0x00007ff9e9ee0000 - 0x00007ff9e9f4a000 	C:\WINDOWS\system32\mswsock.dll
0x00007ff99e6d0000 - 0x00007ff99e6e6000 	C:\Java\jdk-17\bin\nio.dll
0x00007ff9ceff0000 - 0x00007ff9cf000000 	C:\Java\jdk-17\bin\verify.dll
0x00007ff9a3d30000 - 0x00007ff9a3d57000 	C:\Users\52441\.gradle\native\c067742578af261105cb4f569cf0c3c89f3d7b1fecec35dd04571415982c5e48\windows-amd64\native-platform.dll
0x00007ff97f710000 - 0x00007ff97f854000 	C:\Users\52441\.gradle\native\100fb08df4bc3b14c8652ba06237920a3bd2aa13389f12d3474272988ae205f9\windows-amd64\native-platform-file-events.dll
0x00007ff9ce2b0000 - 0x00007ff9ce2ba000 	C:\Java\jdk-17\bin\management.dll
0x00007ff9cda40000 - 0x00007ff9cda4b000 	C:\Java\jdk-17\bin\management_ext.dll
0x00007ff9edac0000 - 0x00007ff9edac8000 	C:\WINDOWS\System32\PSAPI.DLL
0x00007ff9eb120000 - 0x00007ff9eb13c000 	C:\WINDOWS\SYSTEM32\CRYPTSP.dll
0x00007ff9ea470000 - 0x00007ff9ea4aa000 	C:\WINDOWS\system32\rsaenh.dll
0x00007ff9e9f50000 - 0x00007ff9e9f7b000 	C:\WINDOWS\SYSTEM32\USERENV.dll
0x00007ff9eac50000 - 0x00007ff9eac76000 	C:\WINDOWS\SYSTEM32\bcrypt.dll
0x00007ff9ea500000 - 0x00007ff9ea50c000 	C:\WINDOWS\SYSTEM32\CRYPTBASE.dll
0x00007ff9e94d0000 - 0x00007ff9e9503000 	C:\WINDOWS\SYSTEM32\IPHLPAPI.DLL
0x00007ff9ec360000 - 0x00007ff9ec36a000 	C:\WINDOWS\System32\NSI.dll
0x00007ff9e49c0000 - 0x00007ff9e49df000 	C:\WINDOWS\SYSTEM32\dhcpcsvc6.DLL
0x00007ff9e48b0000 - 0x00007ff9e48d5000 	C:\WINDOWS\SYSTEM32\dhcpcsvc.DLL
0x00007ff9e9570000 - 0x00007ff9e9695000 	C:\WINDOWS\SYSTEM32\DNSAPI.dll
0x00007ff9cd8d0000 - 0x00007ff9cd8d9000 	C:\Java\jdk-17\bin\extnet.dll
0x00007ff9cd5e0000 - 0x00007ff9cd5ee000 	C:\Java\jdk-17\bin\sunmscapi.dll
0x00007ff9eb8f0000 - 0x00007ff9eba67000 	C:\WINDOWS\System32\CRYPT32.dll
0x00007ff9ea610000 - 0x00007ff9ea640000 	C:\WINDOWS\SYSTEM32\ncrypt.dll
0x00007ff9ea5c0000 - 0x00007ff9ea5ff000 	C:\WINDOWS\SYSTEM32\NTASN1.dll
0x00007ff9d35c0000 - 0x00007ff9d35c8000 	C:\WINDOWS\system32\wshunix.dll

dbghelp: loaded successfully - version: 4.0.5 - missing functions: none
symbol engine: initialized successfully - sym options: 0x614 - pdb path: .;C:\Java\jdk-17\bin;C:\WINDOWS\SYSTEM32;C:\WINDOWS\WinSxS\amd64_microsoft.windows.common-controls_6595b64144ccf1df_6.0.26100.3323_none_3e088096e3344490;C:\Java\jdk-17\bin\server;C:\Users\52441\.gradle\native\c067742578af261105cb4f569cf0c3c89f3d7b1fecec35dd04571415982c5e48\windows-amd64;C:\Users\52441\.gradle\native\100fb08df4bc3b14c8652ba06237920a3bd2aa13389f12d3474272988ae205f9\windows-amd64

VM Arguments:
jvm_args: --add-opens=java.base/java.lang=ALL-UNNAMED --add-opens=java.base/java.lang.invoke=ALL-UNNAMED --add-opens=java.base/java.util=ALL-UNNAMED --add-opens=java.prefs/java.util.prefs=ALL-UNNAMED --add-exports=jdk.compiler/com.sun.tools.javac.api=ALL-UNNAMED --add-exports=jdk.compiler/com.sun.tools.javac.util=ALL-UNNAMED --add-opens=java.base/java.util=ALL-UNNAMED --add-opens=java.prefs/java.util.prefs=ALL-UNNAMED --add-opens=java.base/java.nio.charset=ALL-UNNAMED --add-opens=java.base/java.net=ALL-UNNAMED --add-opens=java.base/java.util.concurrent.atomic=ALL-UNNAMED --add-opens=java.xml/javax.xml.namespace=ALL-UNNAMED -Xmx1536m -Dfile.encoding=UTF-8 -Duser.country=MX -Duser.language=es -Duser.variant -javaagent:C:\Users\52441\.gradle\wrapper\dists\gradle-8.11.1-all\2qik7nd48slq1ooc2496ixf4i\gradle-8.11.1\lib\agents\gradle-instrumentation-agent-8.11.1.jar 
java_command: org.gradle.launcher.daemon.bootstrap.GradleDaemon 8.11.1
java_class_path (initial): C:\Users\52441\.gradle\wrapper\dists\gradle-8.11.1-all\2qik7nd48slq1ooc2496ixf4i\gradle-8.11.1\lib\gradle-daemon-main-8.11.1.jar
Launcher Type: SUN_STANDARD

[Global flags]
     intx CICompilerCount                          = 4                                         {product} {ergonomic}
     uint ConcGCThreads                            = 3                                         {product} {ergonomic}
     uint G1ConcRefinementThreads                  = 10                                        {product} {ergonomic}
   size_t G1HeapRegionSize                         = 1048576                                   {product} {ergonomic}
    uintx GCDrainStackTargetSize                   = 64                                        {product} {ergonomic}
   size_t InitialHeapSize                          = 130023424                                 {product} {ergonomic}
   size_t MarkStackSize                            = 4194304                                   {product} {ergonomic}
   size_t MaxHeapSize                              = 1610612736                                {product} {command line}
   size_t MaxNewSize                               = 965738496                                 {product} {ergonomic}
   size_t MinHeapDeltaBytes                        = 1048576                                   {product} {ergonomic}
   size_t MinHeapSize                              = 8388608                                   {product} {ergonomic}
    uintx NonNMethodCodeHeapSize                   = 5839372                                {pd product} {ergonomic}
    uintx NonProfiledCodeHeapSize                  = 122909434                              {pd product} {ergonomic}
    uintx ProfiledCodeHeapSize                     = 122909434                              {pd product} {ergonomic}
    uintx ReservedCodeCacheSize                    = 251658240                              {pd product} {ergonomic}
     bool SegmentedCodeCache                       = true                                      {product} {ergonomic}
   size_t SoftMaxHeapSize                          = 1610612736                             {manageable} {ergonomic}
     bool UseCompressedClassPointers               = true                           {product lp64_product} {ergonomic}
     bool UseCompressedOops                        = true                           {product lp64_product} {ergonomic}
     bool UseG1GC                                  = true                                      {product} {ergonomic}
     bool UseLargePagesIndividualAllocation        = false                                  {pd product} {ergonomic}

Logging:
Log output configuration:
 #0: stdout all=warning uptime,level,tags
 #1: stderr all=off uptime,level,tags

Environment Variables:
JAVA_HOME=C:\Java\jdk-17
PATH=C:\Program Files\Microsoft SDKs\Azure\CLI2\wbin;C:\DevSuiteHome_1\jdk\jre\bin\client;C:\DevSuiteHome_1\bin;C:\DevSuiteHome_1\jlib;C:\Oracle\dbhomeXE\bin;C:\Program Files\Common Files\Oracle\Java\javapath;C:\Program Files (x86)\Common Files\Oracle\Java\java8path;C:\Windows\system32;C:\Windows;C:\Windows\System32\Wbem;C:\Windows\System32\WindowsPowerShell\v1.0\;C:\Windows\System32\OpenSSH\;C:\Users\52441\AppData\Local\Android\Sdk\tools;C:\Users\52441\AppData\Local\Android\Sdk\platform-tools;C:\Program Files (x86)\NVIDIA Corporation\PhysX\Common;C:\Program Files\NVIDIA Corporation\NVIDIA NvDLISR;C:\Program Files\Java\jdk-18.0.1.1\bin;C:\Java\jdk-17\bin;C:\Program Files\dotnet\;C:\ProgramData\chocolatey\bin;C:\Oracle\instantclient_21_11\sdk;C:\composer;C:\Program Files\Git\cmd;C:\Program Files\PuTTY\;C:\DevSuiteHome_1\BIN;C:\DevSuiteHome_1;C:\Program Files (x86)\Microsoft SQL Server\160\Tools\Binn\;C:\Program Files\Microsoft SQL Server\160\Tools\Binn\;C:\Program Files\Microsoft SQL Server\Client SDK\ODBC\170\Tools\Binn\;C:\Program Files\Microsoft SQL Server\160\DTS\Binn\;C:\Program Files\Azure Data Studio\bin;C:\Program Files (x86)\Microsoft SQL Server\160\DTS\Binn\;C:\Users\52441\AppData\Roaming\nvm;C:\Program Files\nodejs;C:\Users\52441\AppData\Local\Packages\PythonSoftwareFoundation.Python.3.11_qbz5n2kfra8p0\LocalCache\local-packages\Python311\Scripts;C:\Program Files\Docker\Docker\resources\bin;C:\Program Files\Microsoft SQL Server\150\Tools\Binn\;D:\xampp\php;C:\WINDOWS\system32;C:\WINDOWS;C:\WINDOWS\System32\Wbem;C:\WINDOWS\System32\WindowsPowerShell\v1.0\;C:\WINDOWS\System32\OpenSSH\;C:\CervayaX\php;C:\Users\52441\AppData\Local\Microsoft\WindowsApps;C:\Users\52441\AppData\Local\Programs\Microsoft VS Code\bin;C:\Program Files\JetBrains\IntelliJ IDEA 2023.1.1\bin;;C:\Program Files\JetBrains\IntelliJ IDEA Community Edition 2023.1.1\bin;;C:\Program Files\Java\jdk-18.0.1.1\bin;C:\Java\jdk-17\bin;C:\Program Files\MongoDB\Server\6.0\bin;C:\Oracle\instantclient_21_11;C:\Users\52441\AppData\Roaming\Composer\vendor\bin;C:\DevSuiteHome_1\;C:\Users\52441\.dotnet\tools;C:\Program Files\Azure Data Studio\bin;C:\Program Files\OpenSSL-Win64\bin;C:\Users\52441\AppData\Roaming\nvm;C:\Program Files\nodejs;C:\Users\52441\AppData\Local\Google\Cloud SDK\google-cloud-sdk\bin;C:\Users\52441\scoop\shims;
USERNAME=52441
OS=Windows_NT
PROCESSOR_IDENTIFIER=Intel64 Family 6 Model 154 Stepping 3, GenuineIntel
TMP=C:\Users\52441\AppData\Local\Temp
TEMP=C:\Users\52441\AppData\Local\Temp



Periodic native trim disabled


---------------  S Y S T E M  ---------------

OS:
 Windows 11 , 64 bit Build 26100 (10.0.26100.3323)
OS uptime: 4 days 22:46 hours
Hyper-V role detected

CPU: total 12 (initial active 12) (6 cores per cpu, 2 threads per core) family 6 model 154 stepping 3 microcode 0x419, cx8, cmov, fxsr, ht, mmx, 3dnowpref, sse, sse2, sse3, ssse3, sse4.1, sse4.2, popcnt, lzcnt, tsc, tscinvbit, avx, avx2, aes, erms, clmul, bmi1, bmi2, adx, sha, fma, vzeroupper, clflush, clflushopt, clwb, hv
Processor Information for processor 0
  Max Mhz: 2000, Current Mhz: 2000, Mhz Limit: 2000
Processor Information for processor 1
  Max Mhz: 2000, Current Mhz: 2000, Mhz Limit: 2000
Processor Information for processor 2
  Max Mhz: 2000, Current Mhz: 2000, Mhz Limit: 2000
Processor Information for processor 3
  Max Mhz: 2000, Current Mhz: 2000, Mhz Limit: 2000
Processor Information for processor 4
  Max Mhz: 2000, Current Mhz: 2000, Mhz Limit: 2000
Processor Information for processor 5
  Max Mhz: 2000, Current Mhz: 2000, Mhz Limit: 2000
Processor Information for processor 6
  Max Mhz: 2000, Current Mhz: 2000, Mhz Limit: 2000
Processor Information for processor 7
  Max Mhz: 2000, Current Mhz: 2000, Mhz Limit: 2000
Processor Information for processor 8
  Max Mhz: 2000, Current Mhz: 1500, Mhz Limit: 1500
Processor Information for processor 9
  Max Mhz: 2000, Current Mhz: 1500, Mhz Limit: 1500
Processor Information for processor 10
  Max Mhz: 2000, Current Mhz: 1500, Mhz Limit: 1500
Processor Information for processor 11
  Max Mhz: 2000, Current Mhz: 1500, Mhz Limit: 1500

Memory: 4k page, system-wide physical 7917M (184M free)
TotalPageFile size 23699M (AvailPageFile size 1M)
current process WorkingSet (physical memory assigned to process): 275M, peak: 305M
current process commit charge ("private bytes"): 375M, peak: 446M

vm_info: OpenJDK 64-Bit Server VM (17.0.14+7) for windows-amd64 JRE (17.0.14+7), built on Jan 21 2025 23:40:15 by "admin" with MS VC++ 17.7 (VS2022)

END.
