#
# There is insufficient memory for the Java Runtime Environment to continue.
# Native memory allocation (malloc) failed to allocate 1676656 bytes. Error detail: Chunk::new
# Possible reasons:
#   The system is out of physical RAM or swap space
#   This process is running with CompressedOops enabled, and the Java Heap may be blocking the growth of the native heap
# Possible solutions:
#   Reduce memory load on the system
#   Increase physical memory or swap space
#   Check if swap backing store is full
#   Decrease Java heap size (-Xmx/-Xms)
#   Decrease number of Java threads
#   Decrease Java thread stack sizes (-Xss)
#   Set larger code cache with -XX:ReservedCodeCacheSize=
#   JVM is running with Unscaled Compressed Oops mode in which the Java heap is
#     placed in the first 4GB address space. The Java Heap base address is the
#     maximum limit for the native heap growth. Please use -XX:HeapBaseMinAddress
#     to set the Java Heap base and to place the Java Heap above 4GB virtual address.
# This output file may be truncated or incomplete.
#
#  Out of Memory Error (arena.cpp:191), pid=28076, tid=9776
#
# JRE version: OpenJDK Runtime Environment Temurin-17.0.14+7 (17.0.14+7) (build 17.0.14+7)
# Java VM: OpenJDK 64-Bit Server VM Temurin-17.0.14+7 (17.0.14+7, mixed mode, sharing, tiered, compressed oops, compressed class ptrs, g1 gc, windows-amd64)
# No core dump will be written. Minidumps are not enabled by default on client versions of Windows
#

---------------  S U M M A R Y ------------

Command Line: --add-opens=java.base/java.lang=ALL-UNNAMED --add-opens=java.base/java.lang.invoke=ALL-UNNAMED --add-opens=java.base/java.util=ALL-UNNAMED --add-opens=java.prefs/java.util.prefs=ALL-UNNAMED --add-exports=jdk.compiler/com.sun.tools.javac.api=ALL-UNNAMED --add-exports=jdk.compiler/com.sun.tools.javac.util=ALL-UNNAMED --add-opens=java.base/java.util=ALL-UNNAMED --add-opens=java.prefs/java.util.prefs=ALL-UNNAMED --add-opens=java.base/java.nio.charset=ALL-UNNAMED --add-opens=java.base/java.net=ALL-UNNAMED --add-opens=java.base/java.util.concurrent.atomic=ALL-UNNAMED --add-opens=java.xml/javax.xml.namespace=ALL-UNNAMED -Xmx1536m -Dfile.encoding=UTF-8 -Duser.country=MX -Duser.language=es -Duser.variant -javaagent:C:\Users\52441\.gradle\wrapper\dists\gradle-8.11.1-all\2qik7nd48slq1ooc2496ixf4i\gradle-8.11.1\lib\agents\gradle-instrumentation-agent-8.11.1.jar org.gradle.launcher.daemon.bootstrap.GradleDaemon 8.11.1

Host: 12th Gen Intel(R) Core(TM) i5-12450H, 12 cores, 7G,  Windows 11 , 64 bit Build 26100 (10.0.26100.3323)
Time: Tue Mar 18 11:51:07 2025 Hora estándar central (México) elapsed time: 18.271968 seconds (0d 0h 0m 18s)

---------------  T H R E A D  ---------------

Current thread (0x0000020af82bf020):  JavaThread "C2 CompilerThread1" daemon [_thread_in_native, id=9776, stack(0x000000af96700000,0x000000af96800000)]


Current CompileTask:
C2:  18272 10294       4       org.gradle.internal.instantiation.generator.AbstractClassGenerator::inspectType (560 bytes)

Stack: [0x000000af96700000,0x000000af96800000]
Native frames: (J=compiled Java code, j=interpreted, Vv=VM code, C=native code)
V  [jvm.dll+0x682eb9]
V  [jvm.dll+0x8399c8]
V  [jvm.dll+0x83b473]
V  [jvm.dll+0x83bae3]
V  [jvm.dll+0x24715f]
V  [jvm.dll+0xace44]
V  [jvm.dll+0xad4dc]
V  [jvm.dll+0x365b0f]
V  [jvm.dll+0x1ba873]
V  [jvm.dll+0x2182a7]
V  [jvm.dll+0x21758f]
V  [jvm.dll+0x1a3150]
V  [jvm.dll+0x22799c]
V  [jvm.dll+0x225afb]
V  [jvm.dll+0x7ef128]
V  [jvm.dll+0x7e948c]
V  [jvm.dll+0x681d97]
C  [ucrtbase.dll+0x37b0]
C  [KERNEL32.DLL+0x2e8d7]
C  [ntdll.dll+0xbbf6c]


---------------  P R O C E S S  ---------------

Threads class SMR info:
_java_thread_list=0x0000020afbcbf3d0, length=113, elements={
0x0000020a9475f950, 0x0000020ab1d53cc0, 0x0000020ab1d565c0, 0x0000020ab1d6fb20,
0x0000020ab1d72010, 0x0000020ab1d72b00, 0x0000020ab1d76ff0, 0x0000020ab1d778b0,
0x0000020ab1d79e90, 0x0000020ab1d7a3b0, 0x0000020ab1d417b0, 0x0000020af7241710,
0x0000020af888b040, 0x0000020af93a14b0, 0x0000020af92874e0, 0x0000020af930b8a0,
0x0000020af930bd80, 0x0000020af9311910, 0x0000020af9310ef0, 0x0000020af9311400,
0x0000020af9312330, 0x0000020af930eb80, 0x0000020af93109e0, 0x0000020af930f090,
0x0000020af9311e20, 0x0000020af930f5a0, 0x0000020af930fab0, 0x0000020af930ffc0,
0x0000020af93104d0, 0x0000020af79212a0, 0x0000020af7923610, 0x0000020af7920d90,
0x0000020af7920370, 0x0000020af7922bf0, 0x0000020af79217b0, 0x0000020af79221d0,
0x0000020af79226e0, 0x0000020af7923100, 0x0000020af791fe60, 0x0000020af79272d0,
0x0000020af79263a0, 0x0000020af7924a50, 0x0000020af7925e90, 0x0000020af7925980,
0x0000020af7923b20, 0x0000020af7924f60, 0x0000020af7926dc0, 0x0000020af7925470,
0x0000020af79268b0, 0x0000020af79277e0, 0x0000020af7924030, 0x0000020afaebd530,
0x0000020afaebacb0, 0x0000020afaebb1c0, 0x0000020afaebd020, 0x0000020afaeba7a0,
0x0000020afaebda40, 0x0000020afaebb6d0, 0x0000020afaebbbe0, 0x0000020afaebc0f0,
0x0000020afaebc600, 0x0000020afaeba290, 0x0000020afaebee80, 0x0000020afaebf390,
0x0000020afaebe970, 0x0000020afaebdf50, 0x0000020afaebe460, 0x0000020afaebf8a0,
0x0000020afaebfdb0, 0x0000020afaec02c0, 0x0000020afaebcb10, 0x0000020afaec07d0,
0x0000020afaec1700, 0x0000020afaec1c10, 0x0000020afaec0ce0, 0x0000020afaec11f0,
0x0000020af8953100, 0x0000020af8955470, 0x0000020af89568b0, 0x0000020af82bf020,
0x0000020af8954540, 0x0000020af89563a0, 0x0000020af8955980, 0x0000020af8955e90,
0x0000020af8953b20, 0x0000020af89577e0, 0x0000020af8954a50, 0x0000020af8954030,
0x0000020af8958200, 0x0000020af8958710, 0x0000020af8954f60, 0x0000020af895a060,
0x0000020af8958c20, 0x0000020af895aa80, 0x0000020af8959130, 0x0000020af8959640,
0x0000020af8959b50, 0x0000020af895a570, 0x0000020af8957cf0, 0x0000020af76d00a0,
0x0000020af76d0fd0, 0x0000020af76cf680, 0x0000020af76d2410, 0x0000020af76d05b0,
0x0000020af76cf170, 0x0000020af76d2920, 0x0000020af76d3340, 0x0000020af76d2e30,
0x0000020af76d0ac0, 0x0000020af76cfb90, 0x0000020af76d3d60, 0x0000020af76d1f00,
0x0000020af76d4270
}

Java Threads: ( => current thread )
  0x0000020a9475f950 JavaThread "main" [_thread_blocked, id=22828, stack(0x000000af93700000,0x000000af93800000)]
  0x0000020ab1d53cc0 JavaThread "Reference Handler" daemon [_thread_blocked, id=32716, stack(0x000000af93e00000,0x000000af93f00000)]
  0x0000020ab1d565c0 JavaThread "Finalizer" daemon [_thread_blocked, id=29144, stack(0x000000af93f00000,0x000000af94000000)]
  0x0000020ab1d6fb20 JavaThread "Signal Dispatcher" daemon [_thread_blocked, id=18784, stack(0x000000af94000000,0x000000af94100000)]
  0x0000020ab1d72010 JavaThread "Attach Listener" daemon [_thread_blocked, id=9292, stack(0x000000af94100000,0x000000af94200000)]
  0x0000020ab1d72b00 JavaThread "Service Thread" daemon [_thread_blocked, id=8480, stack(0x000000af94200000,0x000000af94300000)]
  0x0000020ab1d76ff0 JavaThread "Monitor Deflation Thread" daemon [_thread_blocked, id=5996, stack(0x000000af94300000,0x000000af94400000)]
  0x0000020ab1d778b0 JavaThread "C2 CompilerThread0" daemon [_thread_in_native, id=29508, stack(0x000000af94400000,0x000000af94500000)]
  0x0000020ab1d79e90 JavaThread "C1 CompilerThread0" daemon [_thread_in_vm, id=24788, stack(0x000000af94500000,0x000000af94600000)]
  0x0000020ab1d7a3b0 JavaThread "Sweeper thread" daemon [_thread_blocked, id=33524, stack(0x000000af94600000,0x000000af94700000)]
  0x0000020ab1d417b0 JavaThread "Common-Cleaner" daemon [_thread_blocked, id=15276, stack(0x000000af94700000,0x000000af94800000)]
  0x0000020af7241710 JavaThread "Notification Thread" daemon [_thread_blocked, id=32996, stack(0x000000af94800000,0x000000af94900000)]
  0x0000020af888b040 JavaThread "Daemon health stats" [_thread_blocked, id=33340, stack(0x000000af94f00000,0x000000af95000000)]
  0x0000020af93a14b0 JavaThread "Incoming local TCP Connector on port 54572" [_thread_in_native, id=10388, stack(0x000000af95000000,0x000000af95100000)]
  0x0000020af92874e0 JavaThread "Daemon periodic checks" [_thread_blocked, id=14568, stack(0x000000af95100000,0x000000af95200000)]
  0x0000020af930b8a0 JavaThread "Daemon" [_thread_blocked, id=31560, stack(0x000000af95200000,0x000000af95300000)]
  0x0000020af930bd80 JavaThread "Handler for socket connection from /127.0.0.1:54572 to /127.0.0.1:54573" [_thread_in_native, id=33532, stack(0x000000af95300000,0x000000af95400000)]
  0x0000020af9311910 JavaThread "Cancel handler" [_thread_blocked, id=33136, stack(0x000000af95400000,0x000000af95500000)]
  0x0000020af9310ef0 JavaThread "Daemon worker" [_thread_in_native, id=14528, stack(0x000000af95500000,0x000000af95600000)]
  0x0000020af9311400 JavaThread "Asynchronous log dispatcher for DefaultDaemonConnection: socket connection from /127.0.0.1:54572 to /127.0.0.1:54573" [_thread_blocked, id=31704, stack(0x000000af95600000,0x000000af95700000)]
  0x0000020af9312330 JavaThread "Stdin handler" [_thread_blocked, id=25492, stack(0x000000af95700000,0x000000af95800000)]
  0x0000020af930eb80 JavaThread "Daemon client event forwarder" [_thread_blocked, id=24020, stack(0x000000af95800000,0x000000af95900000)]
  0x0000020af93109e0 JavaThread "Cache worker for journal cache (C:\Users\52441\.gradle\caches\journal-1)" [_thread_blocked, id=15164, stack(0x000000af94a00000,0x000000af94b00000)]
  0x0000020af930f090 JavaThread "File lock request listener" [_thread_in_native, id=10400, stack(0x000000af95900000,0x000000af95a00000)]
  0x0000020af9311e20 JavaThread "Cache worker for file hash cache (C:\Users\52441\.gradle\caches\8.11.1\fileHashes)" [_thread_blocked, id=13420, stack(0x000000af95a00000,0x000000af95b00000)]
  0x0000020af930f5a0 JavaThread "Cache worker for file content cache (C:\Users\52441\.gradle\caches\8.11.1\fileContent)" [_thread_blocked, id=18924, stack(0x000000af96100000,0x000000af96200000)]
  0x0000020af930fab0 JavaThread "Cache worker for file hash cache (C:\ProjectJS\Ionic\Integradora\WasheDay\WasheDay\android\.gradle\8.11.1\fileHashes)" [_thread_blocked, id=32948, stack(0x000000af96200000,0x000000af96300000)]
  0x0000020af930ffc0 JavaThread "Cache worker for Build Output Cleanup Cache (C:\ProjectJS\Ionic\Integradora\WasheDay\WasheDay\android\.gradle\buildOutputCleanup)" [_thread_blocked, id=8864, stack(0x000000af96300000,0x000000af96400000)]
  0x0000020af93104d0 JavaThread "File watcher server" daemon [_thread_in_native, id=29764, stack(0x000000af96500000,0x000000af96600000)]
  0x0000020af79212a0 JavaThread "File watcher consumer" daemon [_thread_blocked, id=29528, stack(0x000000af96600000,0x000000af96700000)]
  0x0000020af7923610 JavaThread "Cache worker for checksums cache (C:\ProjectJS\Ionic\Integradora\WasheDay\WasheDay\android\.gradle\8.11.1\checksums)" [_thread_blocked, id=32744, stack(0x000000af96800000,0x000000af96900000)]
  0x0000020af7920d90 JavaThread "Cache worker for cache directory md-rule (C:\Users\52441\.gradle\caches\8.11.1\md-rule)" [_thread_blocked, id=14708, stack(0x000000af96900000,0x000000af96a00000)]
  0x0000020af7920370 JavaThread "Cache worker for cache directory md-supplier (C:\Users\52441\.gradle\caches\8.11.1\md-supplier)" [_thread_blocked, id=14544, stack(0x000000af96a00000,0x000000af96b00000)]
  0x0000020af7922bf0 JavaThread "jar transforms" [_thread_blocked, id=22544, stack(0x000000af96c00000,0x000000af96d00000)]
  0x0000020af79217b0 JavaThread "jar transforms Thread 2" [_thread_blocked, id=21192, stack(0x000000af96d00000,0x000000af96e00000)]
  0x0000020af79221d0 JavaThread "jar transforms Thread 3" [_thread_blocked, id=15280, stack(0x000000af96e00000,0x000000af96f00000)]
  0x0000020af79226e0 JavaThread "jar transforms Thread 4" [_thread_blocked, id=33404, stack(0x000000af96f00000,0x000000af97000000)]
  0x0000020af7923100 JavaThread "jar transforms Thread 5" [_thread_blocked, id=20264, stack(0x000000af97000000,0x000000af97100000)]
  0x0000020af791fe60 JavaThread "jar transforms Thread 6" [_thread_blocked, id=7896, stack(0x000000af97100000,0x000000af97200000)]
  0x0000020af79272d0 JavaThread "jar transforms Thread 7" [_thread_blocked, id=32560, stack(0x000000af97200000,0x000000af97300000)]
  0x0000020af79263a0 JavaThread "Unconstrained build operations" [_thread_blocked, id=13276, stack(0x000000af97300000,0x000000af97400000)]
  0x0000020af7924a50 JavaThread "Unconstrained build operations Thread 2" [_thread_blocked, id=33368, stack(0x000000af97400000,0x000000af97500000)]
  0x0000020af7925e90 JavaThread "Unconstrained build operations Thread 3" [_thread_blocked, id=26800, stack(0x000000af97500000,0x000000af97600000)]
  0x0000020af7925980 JavaThread "Unconstrained build operations Thread 4" [_thread_blocked, id=29916, stack(0x000000af97600000,0x000000af97700000)]
  0x0000020af7923b20 JavaThread "Unconstrained build operations Thread 5" [_thread_blocked, id=33344, stack(0x000000af97700000,0x000000af97800000)]
  0x0000020af7924f60 JavaThread "Unconstrained build operations Thread 6" [_thread_blocked, id=30528, stack(0x000000af97800000,0x000000af97900000)]
  0x0000020af7926dc0 JavaThread "Unconstrained build operations Thread 7" [_thread_blocked, id=19212, stack(0x000000af97900000,0x000000af97a00000)]
  0x0000020af7925470 JavaThread "Unconstrained build operations Thread 8" [_thread_blocked, id=1644, stack(0x000000af97a00000,0x000000af97b00000)]
  0x0000020af79268b0 JavaThread "Unconstrained build operations Thread 9" [_thread_blocked, id=33372, stack(0x000000af97b00000,0x000000af97c00000)]
  0x0000020af79277e0 JavaThread "Unconstrained build operations Thread 10" [_thread_blocked, id=29280, stack(0x000000af97c00000,0x000000af97d00000)]
  0x0000020af7924030 JavaThread "Unconstrained build operations Thread 11" [_thread_blocked, id=26696, stack(0x000000af97d00000,0x000000af97e00000)]
  0x0000020afaebd530 JavaThread "Unconstrained build operations Thread 12" [_thread_blocked, id=13132, stack(0x000000af97e00000,0x000000af97f00000)]
  0x0000020afaebacb0 JavaThread "Unconstrained build operations Thread 13" [_thread_blocked, id=4800, stack(0x000000af97f00000,0x000000af98000000)]
  0x0000020afaebb1c0 JavaThread "Unconstrained build operations Thread 14" [_thread_blocked, id=22380, stack(0x000000af98000000,0x000000af98100000)]
  0x0000020afaebd020 JavaThread "Unconstrained build operations Thread 15" [_thread_blocked, id=33280, stack(0x000000af98100000,0x000000af98200000)]
  0x0000020afaeba7a0 JavaThread "Unconstrained build operations Thread 16" [_thread_blocked, id=10628, stack(0x000000af98200000,0x000000af98300000)]
  0x0000020afaebda40 JavaThread "Unconstrained build operations Thread 17" [_thread_blocked, id=30128, stack(0x000000af98300000,0x000000af98400000)]
  0x0000020afaebb6d0 JavaThread "Unconstrained build operations Thread 18" [_thread_blocked, id=27408, stack(0x000000af98400000,0x000000af98500000)]
  0x0000020afaebbbe0 JavaThread "Unconstrained build operations Thread 19" [_thread_blocked, id=16928, stack(0x000000af98500000,0x000000af98600000)]
  0x0000020afaebc0f0 JavaThread "Unconstrained build operations Thread 20" [_thread_blocked, id=24580, stack(0x000000af98600000,0x000000af98700000)]
  0x0000020afaebc600 JavaThread "Unconstrained build operations Thread 21" [_thread_blocked, id=31904, stack(0x000000af98700000,0x000000af98800000)]
  0x0000020afaeba290 JavaThread "Unconstrained build operations Thread 22" [_thread_blocked, id=2012, stack(0x000000af98800000,0x000000af98900000)]
  0x0000020afaebee80 JavaThread "Unconstrained build operations Thread 23" [_thread_blocked, id=31676, stack(0x000000af98900000,0x000000af98a00000)]
  0x0000020afaebf390 JavaThread "Unconstrained build operations Thread 24" [_thread_blocked, id=22584, stack(0x000000af98a00000,0x000000af98b00000)]
  0x0000020afaebe970 JavaThread "Unconstrained build operations Thread 25" [_thread_blocked, id=18436, stack(0x000000af98b00000,0x000000af98c00000)]
  0x0000020afaebdf50 JavaThread "Unconstrained build operations Thread 26" [_thread_blocked, id=26604, stack(0x000000af98c00000,0x000000af98d00000)]
  0x0000020afaebe460 JavaThread "Unconstrained build operations Thread 27" [_thread_blocked, id=24288, stack(0x000000af98d00000,0x000000af98e00000)]
  0x0000020afaebf8a0 JavaThread "Unconstrained build operations Thread 28" [_thread_blocked, id=21584, stack(0x000000af98e00000,0x000000af98f00000)]
  0x0000020afaebfdb0 JavaThread "Unconstrained build operations Thread 29" [_thread_blocked, id=12512, stack(0x000000af98f00000,0x000000af99000000)]
  0x0000020afaec02c0 JavaThread "Unconstrained build operations Thread 30" [_thread_blocked, id=18160, stack(0x000000af99000000,0x000000af99100000)]
  0x0000020afaebcb10 JavaThread "Unconstrained build operations Thread 31" [_thread_blocked, id=18260, stack(0x000000af99100000,0x000000af99200000)]
  0x0000020afaec07d0 JavaThread "Unconstrained build operations Thread 32" [_thread_blocked, id=26716, stack(0x000000af99200000,0x000000af99300000)]
  0x0000020afaec1700 JavaThread "Unconstrained build operations Thread 33" [_thread_blocked, id=29020, stack(0x000000af99300000,0x000000af99400000)]
  0x0000020afaec1c10 JavaThread "jar transforms Thread 8" [_thread_blocked, id=33472, stack(0x000000af99400000,0x000000af99500000)]
  0x0000020afaec0ce0 JavaThread "jar transforms Thread 9" [_thread_blocked, id=28104, stack(0x000000af99500000,0x000000af99600000)]
  0x0000020afaec11f0 JavaThread "jar transforms Thread 10" [_thread_blocked, id=20496, stack(0x000000af99600000,0x000000af99700000)]
  0x0000020af8953100 JavaThread "jar transforms Thread 11" [_thread_blocked, id=12404, stack(0x000000af99700000,0x000000af99800000)]
  0x0000020af8955470 JavaThread "jar transforms Thread 12" [_thread_blocked, id=21960, stack(0x000000af99800000,0x000000af99900000)]
  0x0000020af89568b0 JavaThread "Memory manager" [_thread_blocked, id=33396, stack(0x000000af99900000,0x000000af99a00000)]
=>0x0000020af82bf020 JavaThread "C2 CompilerThread1" daemon [_thread_in_native, id=9776, stack(0x000000af96700000,0x000000af96800000)]
  0x0000020af8954540 JavaThread "Unconstrained build operations Thread 34" [_thread_blocked, id=33080, stack(0x000000af99a00000,0x000000af99b00000)]
  0x0000020af89563a0 JavaThread "Unconstrained build operations Thread 35" [_thread_blocked, id=33696, stack(0x000000af99b00000,0x000000af99c00000)]
  0x0000020af8955980 JavaThread "Unconstrained build operations Thread 36" [_thread_blocked, id=8880, stack(0x000000af99c00000,0x000000af99d00000)]
  0x0000020af8955e90 JavaThread "Unconstrained build operations Thread 37" [_thread_blocked, id=26600, stack(0x000000af99d00000,0x000000af99e00000)]
  0x0000020af8953b20 JavaThread "Unconstrained build operations Thread 38" [_thread_blocked, id=7044, stack(0x000000af99e00000,0x000000af99f00000)]
  0x0000020af89577e0 JavaThread "Unconstrained build operations Thread 39" [_thread_blocked, id=17960, stack(0x000000af99f00000,0x000000af9a000000)]
  0x0000020af8954a50 JavaThread "Unconstrained build operations Thread 40" [_thread_blocked, id=27700, stack(0x000000af9a000000,0x000000af9a100000)]
  0x0000020af8954030 JavaThread "Unconstrained build operations Thread 41" [_thread_blocked, id=7624, stack(0x000000af9a100000,0x000000af9a200000)]
  0x0000020af8958200 JavaThread "Unconstrained build operations Thread 42" [_thread_blocked, id=33064, stack(0x000000af9a200000,0x000000af9a300000)]
  0x0000020af8958710 JavaThread "Unconstrained build operations Thread 43" [_thread_blocked, id=16212, stack(0x000000af9a300000,0x000000af9a400000)]
  0x0000020af8954f60 JavaThread "Unconstrained build operations Thread 44" [_thread_blocked, id=13868, stack(0x000000af9a400000,0x000000af9a500000)]
  0x0000020af895a060 JavaThread "Unconstrained build operations Thread 45" [_thread_blocked, id=17664, stack(0x000000af9a500000,0x000000af9a600000)]
  0x0000020af8958c20 JavaThread "Unconstrained build operations Thread 46" [_thread_blocked, id=9504, stack(0x000000af9a600000,0x000000af9a700000)]
  0x0000020af895aa80 JavaThread "Unconstrained build operations Thread 47" [_thread_blocked, id=15812, stack(0x000000af9a700000,0x000000af9a800000)]
  0x0000020af8959130 JavaThread "Unconstrained build operations Thread 48" [_thread_blocked, id=9528, stack(0x000000af9a800000,0x000000af9a900000)]
  0x0000020af8959640 JavaThread "Unconstrained build operations Thread 49" [_thread_blocked, id=32596, stack(0x000000af9a900000,0x000000af9aa00000)]
  0x0000020af8959b50 JavaThread "Unconstrained build operations Thread 50" [_thread_blocked, id=13680, stack(0x000000af9aa00000,0x000000af9ab00000)]
  0x0000020af895a570 JavaThread "Unconstrained build operations Thread 51" [_thread_blocked, id=30272, stack(0x000000af9ab00000,0x000000af9ac00000)]
  0x0000020af8957cf0 JavaThread "Unconstrained build operations Thread 52" [_thread_blocked, id=27884, stack(0x000000af9ac00000,0x000000af9ad00000)]
  0x0000020af76d00a0 JavaThread "Unconstrained build operations Thread 53" [_thread_blocked, id=22856, stack(0x000000af9ad00000,0x000000af9ae00000)]
  0x0000020af76d0fd0 JavaThread "Unconstrained build operations Thread 54" [_thread_blocked, id=12452, stack(0x000000af9ae00000,0x000000af9af00000)]
  0x0000020af76cf680 JavaThread "Unconstrained build operations Thread 55" [_thread_blocked, id=25144, stack(0x000000af9af00000,0x000000af9b000000)]
  0x0000020af76d2410 JavaThread "Unconstrained build operations Thread 56" [_thread_blocked, id=3476, stack(0x000000af9b000000,0x000000af9b100000)]
  0x0000020af76d05b0 JavaThread "Unconstrained build operations Thread 57" [_thread_blocked, id=23680, stack(0x000000af9b100000,0x000000af9b200000)]
  0x0000020af76cf170 JavaThread "Unconstrained build operations Thread 58" [_thread_blocked, id=24184, stack(0x000000af9b200000,0x000000af9b300000)]
  0x0000020af76d2920 JavaThread "Unconstrained build operations Thread 59" [_thread_blocked, id=31120, stack(0x000000af9b300000,0x000000af9b400000)]
  0x0000020af76d3340 JavaThread "Unconstrained build operations Thread 60" [_thread_blocked, id=12952, stack(0x000000af9b400000,0x000000af9b500000)]
  0x0000020af76d2e30 JavaThread "Unconstrained build operations Thread 61" [_thread_blocked, id=14816, stack(0x000000af9b500000,0x000000af9b600000)]
  0x0000020af76d0ac0 JavaThread "Unconstrained build operations Thread 62" [_thread_blocked, id=28616, stack(0x000000af9b600000,0x000000af9b700000)]
  0x0000020af76cfb90 JavaThread "Unconstrained build operations Thread 63" [_thread_blocked, id=18932, stack(0x000000af9b700000,0x000000af9b800000)]
  0x0000020af76d3d60 JavaThread "Unconstrained build operations Thread 64" [_thread_blocked, id=26064, stack(0x000000af9b800000,0x000000af9b900000)]
  0x0000020af76d1f00 JavaThread "Unconstrained build operations Thread 65" [_thread_blocked, id=29904, stack(0x000000af9b900000,0x000000af9ba00000)]
  0x0000020af76d4270 JavaThread "Unconstrained build operations Thread 66" [_thread_blocked, id=32104, stack(0x000000af9ba00000,0x000000af9bb00000)]

Other Threads:
  0x0000020ab1d504d0 VMThread "VM Thread" [stack: 0x000000af93d00000,0x000000af93e00000] [id=22904]
  0x0000020af7241bf0 WatcherThread [stack: 0x000000af94900000,0x000000af94a00000] [id=29760]
  0x0000020a947aad30 GCTaskThread "GC Thread#0" [stack: 0x000000af93800000,0x000000af93900000] [id=20884]
  0x0000020af7764220 GCTaskThread "GC Thread#1" [stack: 0x000000af94c00000,0x000000af94d00000] [id=8456]
  0x0000020af78693a0 GCTaskThread "GC Thread#2" [stack: 0x000000af94d00000,0x000000af94e00000] [id=17340]
  0x0000020af78af7b0 GCTaskThread "GC Thread#3" [stack: 0x000000af94b00000,0x000000af94c00000] [id=23060]
  0x0000020af7d755b0 GCTaskThread "GC Thread#4" [stack: 0x000000af94e00000,0x000000af94f00000] [id=32508]
  0x0000020af9b57f00 GCTaskThread "GC Thread#5" [stack: 0x000000af95c00000,0x000000af95d00000] [id=3800]
  0x0000020af8655910 GCTaskThread "GC Thread#6" [stack: 0x000000af95d00000,0x000000af95e00000] [id=21392]
  0x0000020af987df80 GCTaskThread "GC Thread#7" [stack: 0x000000af95e00000,0x000000af95f00000] [id=26340]
  0x0000020af9735160 GCTaskThread "GC Thread#8" [stack: 0x000000af95f00000,0x000000af96000000] [id=24192]
  0x0000020af96b6a70 GCTaskThread "GC Thread#9" [stack: 0x000000af96000000,0x000000af96100000] [id=8816]
  0x0000020a947b7b90 ConcurrentGCThread "G1 Main Marker" [stack: 0x000000af93900000,0x000000af93a00000] [id=16220]
  0x0000020a947bc060 ConcurrentGCThread "G1 Conc#0" [stack: 0x000000af93a00000,0x000000af93b00000] [id=12788]
  0x0000020af96b67b0 ConcurrentGCThread "G1 Conc#1" [stack: 0x000000af95b00000,0x000000af95c00000] [id=16104]
  0x0000020af96b64f0 ConcurrentGCThread "G1 Conc#2" [stack: 0x000000af96400000,0x000000af96500000] [id=25352]
  0x0000020ab1bf9680 ConcurrentGCThread "G1 Refine#0" [stack: 0x000000af93b00000,0x000000af93c00000] [id=22788]
  0x0000020af96cfa50 ConcurrentGCThread "G1 Refine#1" [stack: 0x000000af96b00000,0x000000af96c00000] [id=17556]
  0x0000020ab1bf9970 ConcurrentGCThread "G1 Service" [stack: 0x000000af93c00000,0x000000af93d00000] [id=26092]

Threads with active compile tasks:
C2 CompilerThread0    18349 10293       4       sun.reflect.generics.visitor.Reifier::visitClassTypeSignature (381 bytes)
C2 CompilerThread1    18349 10294       4       org.gradle.internal.instantiation.generator.AbstractClassGenerator::inspectType (560 bytes)

VM state: not at safepoint (normal execution)

VM Mutex/Monitor currently owned by a thread: None

Heap address: 0x00000000a0000000, size: 1536 MB, Compressed Oops mode: 32-bit

CDS archive(s) mapped at: [0x0000020ab2000000-0x0000020ab2bb0000-0x0000020ab2bb0000), size 12255232, SharedBaseAddress: 0x0000020ab2000000, ArchiveRelocationMode: 1.
Compressed class space mapped at: 0x0000020ab3000000-0x0000020af3000000, reserved size: 1073741824
Narrow klass base: 0x0000020ab2000000, Narrow klass shift: 0, Narrow klass range: 0x100000000

GC Precious Log:
 CPUs: 12 total, 12 available
 Memory: 7917M
 Large Page Support: Disabled
 NUMA Support: Disabled
 Compressed Oops: Enabled (32-bit)
 Heap Region Size: 1M
 Heap Min Capacity: 8M
 Heap Initial Capacity: 124M
 Heap Max Capacity: 1536M
 Pre-touch: Disabled
 Parallel Workers: 10
 Concurrent Workers: 3
 Concurrent Refinement Workers: 10
 Periodic GC: Disabled

Heap:
 garbage-first heap   total 152576K, used 99494K [0x00000000a0000000, 0x0000000100000000)
  region size 1024K, 9 young (9216K), 1 survivors (1024K)
 Metaspace       used 73572K, committed 74240K, reserved 1114112K
  class space    used 10195K, committed 10496K, reserved 1048576K

Heap Regions: E=young(eden), S=young(survivor), O=old, HS=humongous(starts), HC=humongous(continues), CS=collection set, F=free, OA=open archive, CA=closed archive, TAMS=top-at-mark-start (previous, next)
|   0|0x00000000a0000000, 0x00000000a0100000, 0x00000000a0100000|100%| O|  |TAMS 0x00000000a0100000, 0x00000000a0000000| Untracked 
|   1|0x00000000a0100000, 0x00000000a0200000, 0x00000000a0200000|100%|HS|  |TAMS 0x00000000a0200000, 0x00000000a0100000| Complete 
|   2|0x00000000a0200000, 0x00000000a0300000, 0x00000000a0300000|100%|HC|  |TAMS 0x00000000a0300000, 0x00000000a0200000| Complete 
|   3|0x00000000a0300000, 0x00000000a0400000, 0x00000000a0400000|100%|HC|  |TAMS 0x00000000a0400000, 0x00000000a0300000| Complete 
|   4|0x00000000a0400000, 0x00000000a0500000, 0x00000000a0500000|100%| O|  |TAMS 0x00000000a0500000, 0x00000000a0400000| Untracked 
|   5|0x00000000a0500000, 0x00000000a0600000, 0x00000000a0600000|100%| O|  |TAMS 0x00000000a0600000, 0x00000000a0500000| Untracked 
|   6|0x00000000a0600000, 0x00000000a0700000, 0x00000000a0700000|100%| O|  |TAMS 0x00000000a0700000, 0x00000000a0600000| Untracked 
|   7|0x00000000a0700000, 0x00000000a0800000, 0x00000000a0800000|100%|HS|  |TAMS 0x00000000a0800000, 0x00000000a0700000| Complete 
|   8|0x00000000a0800000, 0x00000000a0900000, 0x00000000a0900000|100%| O|  |TAMS 0x00000000a0900000, 0x00000000a0800000| Untracked 
|   9|0x00000000a0900000, 0x00000000a0a00000, 0x00000000a0a00000|100%| O|  |TAMS 0x00000000a0a00000, 0x00000000a0900000| Untracked 
|  10|0x00000000a0a00000, 0x00000000a0b00000, 0x00000000a0b00000|100%| O|  |TAMS 0x00000000a0b00000, 0x00000000a0a00000| Untracked 
|  11|0x00000000a0b00000, 0x00000000a0c00000, 0x00000000a0c00000|100%| O|  |TAMS 0x00000000a0c00000, 0x00000000a0b00000| Untracked 
|  12|0x00000000a0c00000, 0x00000000a0d00000, 0x00000000a0d00000|100%| O|  |TAMS 0x00000000a0d00000, 0x00000000a0c00000| Untracked 
|  13|0x00000000a0d00000, 0x00000000a0e00000, 0x00000000a0e00000|100%| O|  |TAMS 0x00000000a0e00000, 0x00000000a0d00000| Untracked 
|  14|0x00000000a0e00000, 0x00000000a0f00000, 0x00000000a0f00000|100%| O|  |TAMS 0x00000000a0f00000, 0x00000000a0e00000| Untracked 
|  15|0x00000000a0f00000, 0x00000000a1000000, 0x00000000a1000000|100%| O|  |TAMS 0x00000000a1000000, 0x00000000a0f00000| Untracked 
|  16|0x00000000a1000000, 0x00000000a1100000, 0x00000000a1100000|100%|HS|  |TAMS 0x00000000a1100000, 0x00000000a1000000| Complete 
|  17|0x00000000a1100000, 0x00000000a1200000, 0x00000000a1200000|100%| O|  |TAMS 0x00000000a1200000, 0x00000000a1100000| Untracked 
|  18|0x00000000a1200000, 0x00000000a1300000, 0x00000000a1300000|100%| O|  |TAMS 0x00000000a1300000, 0x00000000a1200000| Untracked 
|  19|0x00000000a1300000, 0x00000000a1400000, 0x00000000a1400000|100%| O|  |TAMS 0x00000000a1400000, 0x00000000a1300000| Untracked 
|  20|0x00000000a1400000, 0x00000000a1500000, 0x00000000a1500000|100%| O|  |TAMS 0x00000000a1500000, 0x00000000a1400000| Untracked 
|  21|0x00000000a1500000, 0x00000000a1600000, 0x00000000a1600000|100%| O|  |TAMS 0x00000000a1600000, 0x00000000a1500000| Untracked 
|  22|0x00000000a1600000, 0x00000000a1700000, 0x00000000a1700000|100%| O|  |TAMS 0x00000000a1700000, 0x00000000a1600000| Untracked 
|  23|0x00000000a1700000, 0x00000000a1800000, 0x00000000a1800000|100%| O|  |TAMS 0x00000000a1800000, 0x00000000a1700000| Untracked 
|  24|0x00000000a1800000, 0x00000000a1900000, 0x00000000a1900000|100%| O|  |TAMS 0x00000000a1900000, 0x00000000a1800000| Untracked 
|  25|0x00000000a1900000, 0x00000000a1a00000, 0x00000000a1a00000|100%| O|  |TAMS 0x00000000a1a00000, 0x00000000a1900000| Untracked 
|  26|0x00000000a1a00000, 0x00000000a1b00000, 0x00000000a1b00000|100%| O|  |TAMS 0x00000000a1b00000, 0x00000000a1a00000| Untracked 
|  27|0x00000000a1b00000, 0x00000000a1c00000, 0x00000000a1c00000|100%| O|  |TAMS 0x00000000a1c00000, 0x00000000a1b00000| Untracked 
|  28|0x00000000a1c00000, 0x00000000a1d00000, 0x00000000a1d00000|100%| O|  |TAMS 0x00000000a1d00000, 0x00000000a1c00000| Untracked 
|  29|0x00000000a1d00000, 0x00000000a1e00000, 0x00000000a1e00000|100%| O|  |TAMS 0x00000000a1e00000, 0x00000000a1d00000| Untracked 
|  30|0x00000000a1e00000, 0x00000000a1e00000, 0x00000000a1f00000|  0%| F|  |TAMS 0x00000000a1e00000, 0x00000000a1e00000| Untracked 
|  31|0x00000000a1f00000, 0x00000000a2000000, 0x00000000a2000000|100%| O|  |TAMS 0x00000000a2000000, 0x00000000a1f00000| Untracked 
|  32|0x00000000a2000000, 0x00000000a2100000, 0x00000000a2100000|100%| O|  |TAMS 0x00000000a2100000, 0x00000000a2000000| Untracked 
|  33|0x00000000a2100000, 0x00000000a2200000, 0x00000000a2200000|100%| O|  |TAMS 0x00000000a2200000, 0x00000000a2100000| Untracked 
|  34|0x00000000a2200000, 0x00000000a2300000, 0x00000000a2300000|100%| O|  |TAMS 0x00000000a2300000, 0x00000000a2200000| Untracked 
|  35|0x00000000a2300000, 0x00000000a2400000, 0x00000000a2400000|100%| O|  |TAMS 0x00000000a2400000, 0x00000000a2300000| Untracked 
|  36|0x00000000a2400000, 0x00000000a2500000, 0x00000000a2500000|100%| O|  |TAMS 0x00000000a2500000, 0x00000000a2400000| Untracked 
|  37|0x00000000a2500000, 0x00000000a2600000, 0x00000000a2600000|100%| O|  |TAMS 0x00000000a2600000, 0x00000000a2500000| Untracked 
|  38|0x00000000a2600000, 0x00000000a2700000, 0x00000000a2700000|100%| O|  |TAMS 0x00000000a2700000, 0x00000000a2600000| Untracked 
|  39|0x00000000a2700000, 0x00000000a2800000, 0x00000000a2800000|100%| O|  |TAMS 0x00000000a2800000, 0x00000000a2700000| Untracked 
|  40|0x00000000a2800000, 0x00000000a2900000, 0x00000000a2900000|100%| O|  |TAMS 0x00000000a2900000, 0x00000000a2800000| Untracked 
|  41|0x00000000a2900000, 0x00000000a2a00000, 0x00000000a2a00000|100%| O|  |TAMS 0x00000000a2a00000, 0x00000000a2900000| Untracked 
|  42|0x00000000a2a00000, 0x00000000a2b00000, 0x00000000a2b00000|100%| O|  |TAMS 0x00000000a2b00000, 0x00000000a2a00000| Untracked 
|  43|0x00000000a2b00000, 0x00000000a2c00000, 0x00000000a2c00000|100%| O|  |TAMS 0x00000000a2c00000, 0x00000000a2b00000| Untracked 
|  44|0x00000000a2c00000, 0x00000000a2d00000, 0x00000000a2d00000|100%| O|  |TAMS 0x00000000a2d00000, 0x00000000a2c00000| Untracked 
|  45|0x00000000a2d00000, 0x00000000a2e00000, 0x00000000a2e00000|100%|HS|  |TAMS 0x00000000a2e00000, 0x00000000a2d00000| Complete 
|  46|0x00000000a2e00000, 0x00000000a2f00000, 0x00000000a2f00000|100%|HS|  |TAMS 0x00000000a2f00000, 0x00000000a2e00000| Complete 
|  47|0x00000000a2f00000, 0x00000000a3000000, 0x00000000a3000000|100%|HS|  |TAMS 0x00000000a3000000, 0x00000000a2f00000| Complete 
|  48|0x00000000a3000000, 0x00000000a3100000, 0x00000000a3100000|100%|HS|  |TAMS 0x00000000a3100000, 0x00000000a3000000| Complete 
|  49|0x00000000a3100000, 0x00000000a3200000, 0x00000000a3200000|100%| O|  |TAMS 0x00000000a3200000, 0x00000000a3100000| Untracked 
|  50|0x00000000a3200000, 0x00000000a3300000, 0x00000000a3300000|100%| O|  |TAMS 0x00000000a3300000, 0x00000000a3200000| Untracked 
|  51|0x00000000a3300000, 0x00000000a3400000, 0x00000000a3400000|100%| O|  |TAMS 0x00000000a3400000, 0x00000000a3300000| Untracked 
|  52|0x00000000a3400000, 0x00000000a3500000, 0x00000000a3500000|100%| O|  |TAMS 0x00000000a3500000, 0x00000000a3400000| Untracked 
|  53|0x00000000a3500000, 0x00000000a3600000, 0x00000000a3600000|100%| O|  |TAMS 0x00000000a3600000, 0x00000000a3500000| Untracked 
|  54|0x00000000a3600000, 0x00000000a3700000, 0x00000000a3700000|100%| O|  |TAMS 0x00000000a3700000, 0x00000000a3600000| Untracked 
|  55|0x00000000a3700000, 0x00000000a3800000, 0x00000000a3800000|100%| O|  |TAMS 0x00000000a3800000, 0x00000000a3700000| Untracked 
|  56|0x00000000a3800000, 0x00000000a3900000, 0x00000000a3900000|100%| O|  |TAMS 0x00000000a3900000, 0x00000000a3800000| Untracked 
|  57|0x00000000a3900000, 0x00000000a3a00000, 0x00000000a3a00000|100%|HS|  |TAMS 0x00000000a3a00000, 0x00000000a3900000| Complete 
|  58|0x00000000a3a00000, 0x00000000a3b00000, 0x00000000a3b00000|100%| O|  |TAMS 0x00000000a3b00000, 0x00000000a3a00000| Untracked 
|  59|0x00000000a3b00000, 0x00000000a3c00000, 0x00000000a3c00000|100%| O|  |TAMS 0x00000000a3c00000, 0x00000000a3b00000| Untracked 
|  60|0x00000000a3c00000, 0x00000000a3d00000, 0x00000000a3d00000|100%|HS|  |TAMS 0x00000000a3d00000, 0x00000000a3c00000| Complete 
|  61|0x00000000a3d00000, 0x00000000a3e00000, 0x00000000a3e00000|100%| O|  |TAMS 0x00000000a3e00000, 0x00000000a3d00000| Untracked 
|  62|0x00000000a3e00000, 0x00000000a3f00000, 0x00000000a3f00000|100%| O|  |TAMS 0x00000000a3f00000, 0x00000000a3e00000| Untracked 
|  63|0x00000000a3f00000, 0x00000000a4000000, 0x00000000a4000000|100%| O|  |TAMS 0x00000000a4000000, 0x00000000a3f00000| Untracked 
|  64|0x00000000a4000000, 0x00000000a4100000, 0x00000000a4100000|100%| O|  |TAMS 0x00000000a4100000, 0x00000000a4000000| Untracked 
|  65|0x00000000a4100000, 0x00000000a4200000, 0x00000000a4200000|100%| O|  |TAMS 0x00000000a4200000, 0x00000000a4100000| Untracked 
|  66|0x00000000a4200000, 0x00000000a4300000, 0x00000000a4300000|100%| O|  |TAMS 0x00000000a4300000, 0x00000000a4200000| Untracked 
|  67|0x00000000a4300000, 0x00000000a4400000, 0x00000000a4400000|100%| O|  |TAMS 0x00000000a4400000, 0x00000000a4300000| Untracked 
|  68|0x00000000a4400000, 0x00000000a4500000, 0x00000000a4500000|100%| O|  |TAMS 0x00000000a4500000, 0x00000000a4400000| Untracked 
|  69|0x00000000a4500000, 0x00000000a4600000, 0x00000000a4600000|100%| O|  |TAMS 0x00000000a4600000, 0x00000000a4500000| Untracked 
|  70|0x00000000a4600000, 0x00000000a4700000, 0x00000000a4700000|100%| O|  |TAMS 0x00000000a4700000, 0x00000000a4600000| Untracked 
|  71|0x00000000a4700000, 0x00000000a4800000, 0x00000000a4800000|100%| O|  |TAMS 0x00000000a4800000, 0x00000000a4700000| Untracked 
|  72|0x00000000a4800000, 0x00000000a4900000, 0x00000000a4900000|100%| O|  |TAMS 0x00000000a4900000, 0x00000000a4800000| Untracked 
|  73|0x00000000a4900000, 0x00000000a4a00000, 0x00000000a4a00000|100%| O|  |TAMS 0x00000000a4a00000, 0x00000000a4900000| Untracked 
|  74|0x00000000a4a00000, 0x00000000a4b00000, 0x00000000a4b00000|100%| O|  |TAMS 0x00000000a4b00000, 0x00000000a4a00000| Untracked 
|  75|0x00000000a4b00000, 0x00000000a4c00000, 0x00000000a4c00000|100%| O|  |TAMS 0x00000000a4b17000, 0x00000000a4b00000| Untracked 
|  76|0x00000000a4c00000, 0x00000000a4d00000, 0x00000000a4d00000|100%| O|  |TAMS 0x00000000a4c00000, 0x00000000a4c00000| Untracked 
|  77|0x00000000a4d00000, 0x00000000a4e00000, 0x00000000a4e00000|100%| O|  |TAMS 0x00000000a4d00000, 0x00000000a4d00000| Untracked 
|  78|0x00000000a4e00000, 0x00000000a4f00000, 0x00000000a4f00000|100%|HS|  |TAMS 0x00000000a4e00000, 0x00000000a4e00000| Complete 
|  79|0x00000000a4f00000, 0x00000000a5000000, 0x00000000a5000000|100%|HS|  |TAMS 0x00000000a4f00000, 0x00000000a4f00000| Complete 
|  80|0x00000000a5000000, 0x00000000a5100000, 0x00000000a5100000|100%|HS|  |TAMS 0x00000000a5000000, 0x00000000a5000000| Complete 
|  81|0x00000000a5100000, 0x00000000a5200000, 0x00000000a5200000|100%|HS|  |TAMS 0x00000000a5100000, 0x00000000a5100000| Complete 
|  82|0x00000000a5200000, 0x00000000a5300000, 0x00000000a5300000|100%| O|  |TAMS 0x00000000a5200000, 0x00000000a5200000| Untracked 
|  83|0x00000000a5300000, 0x00000000a5400000, 0x00000000a5400000|100%| O|  |TAMS 0x00000000a5300000, 0x00000000a5300000| Untracked 
|  84|0x00000000a5400000, 0x00000000a5500000, 0x00000000a5500000|100%| O|  |TAMS 0x00000000a5400000, 0x00000000a5400000| Untracked 
|  85|0x00000000a5500000, 0x00000000a5600000, 0x00000000a5600000|100%| O|  |TAMS 0x00000000a5500000, 0x00000000a5500000| Untracked 
|  86|0x00000000a5600000, 0x00000000a5700000, 0x00000000a5700000|100%| O|  |TAMS 0x00000000a5600000, 0x00000000a5600000| Untracked 
|  87|0x00000000a5700000, 0x00000000a5800000, 0x00000000a5800000|100%| O|  |TAMS 0x00000000a5700000, 0x00000000a5700000| Untracked 
|  88|0x00000000a5800000, 0x00000000a5900000, 0x00000000a5900000|100%| O|  |TAMS 0x00000000a5800000, 0x00000000a5800000| Untracked 
|  89|0x00000000a5900000, 0x00000000a5a00000, 0x00000000a5a00000|100%| O|  |TAMS 0x00000000a5900000, 0x00000000a5900000| Untracked 
|  90|0x00000000a5a00000, 0x00000000a5a6cc00, 0x00000000a5b00000| 42%| O|  |TAMS 0x00000000a5a00000, 0x00000000a5a00000| Untracked 
|  91|0x00000000a5b00000, 0x00000000a5b00000, 0x00000000a5c00000|  0%| F|  |TAMS 0x00000000a5b00000, 0x00000000a5b00000| Untracked 
|  92|0x00000000a5c00000, 0x00000000a5c00000, 0x00000000a5d00000|  0%| F|  |TAMS 0x00000000a5c00000, 0x00000000a5c00000| Untracked 
|  93|0x00000000a5d00000, 0x00000000a5d00000, 0x00000000a5e00000|  0%| F|  |TAMS 0x00000000a5d00000, 0x00000000a5d00000| Untracked 
|  94|0x00000000a5e00000, 0x00000000a5e00000, 0x00000000a5f00000|  0%| F|  |TAMS 0x00000000a5e00000, 0x00000000a5e00000| Untracked 
|  95|0x00000000a5f00000, 0x00000000a5f00000, 0x00000000a6000000|  0%| F|  |TAMS 0x00000000a5f00000, 0x00000000a5f00000| Untracked 
|  96|0x00000000a6000000, 0x00000000a6000000, 0x00000000a6100000|  0%| F|  |TAMS 0x00000000a6000000, 0x00000000a6000000| Untracked 
|  97|0x00000000a6100000, 0x00000000a6100000, 0x00000000a6200000|  0%| F|  |TAMS 0x00000000a6100000, 0x00000000a6100000| Untracked 
|  98|0x00000000a6200000, 0x00000000a6200000, 0x00000000a6300000|  0%| F|  |TAMS 0x00000000a6200000, 0x00000000a6200000| Untracked 
|  99|0x00000000a6300000, 0x00000000a6300000, 0x00000000a6400000|  0%| F|  |TAMS 0x00000000a6300000, 0x00000000a6300000| Untracked 
| 100|0x00000000a6400000, 0x00000000a6400000, 0x00000000a6500000|  0%| F|  |TAMS 0x00000000a6400000, 0x00000000a6400000| Untracked 
| 101|0x00000000a6500000, 0x00000000a6500000, 0x00000000a6600000|  0%| F|  |TAMS 0x00000000a6500000, 0x00000000a6500000| Untracked 
| 102|0x00000000a6600000, 0x00000000a6600000, 0x00000000a6700000|  0%| F|  |TAMS 0x00000000a6600000, 0x00000000a6600000| Untracked 
| 103|0x00000000a6700000, 0x00000000a6700000, 0x00000000a6800000|  0%| F|  |TAMS 0x00000000a6700000, 0x00000000a6700000| Untracked 
| 104|0x00000000a6800000, 0x00000000a6800000, 0x00000000a6900000|  0%| F|  |TAMS 0x00000000a6800000, 0x00000000a6800000| Untracked 
| 105|0x00000000a6900000, 0x00000000a6900000, 0x00000000a6a00000|  0%| F|  |TAMS 0x00000000a6900000, 0x00000000a6900000| Untracked 
| 106|0x00000000a6a00000, 0x00000000a6a00000, 0x00000000a6b00000|  0%| F|  |TAMS 0x00000000a6a00000, 0x00000000a6a00000| Untracked 
| 107|0x00000000a6b00000, 0x00000000a6b00000, 0x00000000a6c00000|  0%| F|  |TAMS 0x00000000a6b00000, 0x00000000a6b00000| Untracked 
| 108|0x00000000a6c00000, 0x00000000a6c00000, 0x00000000a6d00000|  0%| F|  |TAMS 0x00000000a6c00000, 0x00000000a6c00000| Untracked 
| 109|0x00000000a6d00000, 0x00000000a6d00000, 0x00000000a6e00000|  0%| F|  |TAMS 0x00000000a6d00000, 0x00000000a6d00000| Untracked 
| 110|0x00000000a6e00000, 0x00000000a6e00000, 0x00000000a6f00000|  0%| F|  |TAMS 0x00000000a6e00000, 0x00000000a6e00000| Untracked 
| 111|0x00000000a6f00000, 0x00000000a6f00000, 0x00000000a7000000|  0%| F|  |TAMS 0x00000000a6f00000, 0x00000000a6f00000| Untracked 
| 112|0x00000000a7000000, 0x00000000a7000000, 0x00000000a7100000|  0%| F|  |TAMS 0x00000000a7000000, 0x00000000a7000000| Untracked 
| 113|0x00000000a7100000, 0x00000000a7100000, 0x00000000a7200000|  0%| F|  |TAMS 0x00000000a7100000, 0x00000000a7100000| Untracked 
| 114|0x00000000a7200000, 0x00000000a7200000, 0x00000000a7300000|  0%| F|  |TAMS 0x00000000a7200000, 0x00000000a7200000| Untracked 
| 115|0x00000000a7300000, 0x00000000a7300000, 0x00000000a7400000|  0%| F|  |TAMS 0x00000000a7300000, 0x00000000a7300000| Untracked 
| 116|0x00000000a7400000, 0x00000000a7400000, 0x00000000a7500000|  0%| F|  |TAMS 0x00000000a7400000, 0x00000000a7400000| Untracked 
| 117|0x00000000a7500000, 0x00000000a7500000, 0x00000000a7600000|  0%| F|  |TAMS 0x00000000a7500000, 0x00000000a7500000| Untracked 
| 118|0x00000000a7600000, 0x00000000a7600000, 0x00000000a7700000|  0%| F|  |TAMS 0x00000000a7600000, 0x00000000a7600000| Untracked 
| 119|0x00000000a7700000, 0x00000000a7700000, 0x00000000a7800000|  0%| F|  |TAMS 0x00000000a7700000, 0x00000000a7700000| Untracked 
| 120|0x00000000a7800000, 0x00000000a7800000, 0x00000000a7900000|  0%| F|  |TAMS 0x00000000a7800000, 0x00000000a7800000| Untracked 
| 121|0x00000000a7900000, 0x00000000a7900000, 0x00000000a7a00000|  0%| F|  |TAMS 0x00000000a7900000, 0x00000000a7900000| Untracked 
| 122|0x00000000a7a00000, 0x00000000a7a00000, 0x00000000a7b00000|  0%| F|  |TAMS 0x00000000a7a00000, 0x00000000a7a00000| Untracked 
| 123|0x00000000a7b00000, 0x00000000a7b00000, 0x00000000a7c00000|  0%| F|  |TAMS 0x00000000a7b00000, 0x00000000a7b00000| Untracked 
| 124|0x00000000a7c00000, 0x00000000a7c00000, 0x00000000a7d00000|  0%| F|  |TAMS 0x00000000a7c00000, 0x00000000a7c00000| Untracked 
| 125|0x00000000a7d00000, 0x00000000a7d00000, 0x00000000a7e00000|  0%| F|  |TAMS 0x00000000a7d00000, 0x00000000a7d00000| Untracked 
| 126|0x00000000a7e00000, 0x00000000a7e00000, 0x00000000a7f00000|  0%| F|  |TAMS 0x00000000a7e00000, 0x00000000a7e00000| Untracked 
| 127|0x00000000a7f00000, 0x00000000a7f00000, 0x00000000a8000000|  0%| F|  |TAMS 0x00000000a7f00000, 0x00000000a7f00000| Untracked 
| 128|0x00000000a8000000, 0x00000000a8000000, 0x00000000a8100000|  0%| F|  |TAMS 0x00000000a8000000, 0x00000000a8000000| Untracked 
| 129|0x00000000a8100000, 0x00000000a8100000, 0x00000000a8200000|  0%| F|  |TAMS 0x00000000a8100000, 0x00000000a8100000| Untracked 
| 130|0x00000000a8200000, 0x00000000a8200000, 0x00000000a8300000|  0%| F|  |TAMS 0x00000000a8200000, 0x00000000a8200000| Untracked 
| 131|0x00000000a8300000, 0x00000000a8300000, 0x00000000a8400000|  0%| F|  |TAMS 0x00000000a8300000, 0x00000000a8300000| Untracked 
| 132|0x00000000a8400000, 0x00000000a8400000, 0x00000000a8500000|  0%| F|  |TAMS 0x00000000a8400000, 0x00000000a8400000| Untracked 
| 133|0x00000000a8500000, 0x00000000a8500000, 0x00000000a8600000|  0%| F|  |TAMS 0x00000000a8500000, 0x00000000a8500000| Untracked 
| 134|0x00000000a8600000, 0x00000000a8600000, 0x00000000a8700000|  0%| F|  |TAMS 0x00000000a8600000, 0x00000000a8600000| Untracked 
| 135|0x00000000a8700000, 0x00000000a8700000, 0x00000000a8800000|  0%| F|  |TAMS 0x00000000a8700000, 0x00000000a8700000| Untracked 
| 136|0x00000000a8800000, 0x00000000a8800000, 0x00000000a8900000|  0%| F|  |TAMS 0x00000000a8800000, 0x00000000a8800000| Untracked 
| 137|0x00000000a8900000, 0x00000000a8900000, 0x00000000a8a00000|  0%| F|  |TAMS 0x00000000a8900000, 0x00000000a8900000| Untracked 
| 138|0x00000000a8a00000, 0x00000000a8a00000, 0x00000000a8b00000|  0%| F|  |TAMS 0x00000000a8a00000, 0x00000000a8a00000| Untracked 
| 139|0x00000000a8b00000, 0x00000000a8b00000, 0x00000000a8c00000|  0%| F|  |TAMS 0x00000000a8b00000, 0x00000000a8b00000| Untracked 
| 140|0x00000000a8c00000, 0x00000000a8c785e8, 0x00000000a8d00000| 47%| E|  |TAMS 0x00000000a8c00000, 0x00000000a8c00000| Complete 
| 141|0x00000000a8d00000, 0x00000000a8e00000, 0x00000000a8e00000|100%| E|CS|TAMS 0x00000000a8d00000, 0x00000000a8d00000| Complete 
| 142|0x00000000a8e00000, 0x00000000a8f00000, 0x00000000a8f00000|100%| E|CS|TAMS 0x00000000a8e00000, 0x00000000a8e00000| Complete 
| 143|0x00000000a8f00000, 0x00000000a9000000, 0x00000000a9000000|100%| E|CS|TAMS 0x00000000a8f00000, 0x00000000a8f00000| Complete 
| 144|0x00000000a9000000, 0x00000000a9100000, 0x00000000a9100000|100%| E|CS|TAMS 0x00000000a9000000, 0x00000000a9000000| Complete 
| 145|0x00000000a9100000, 0x00000000a9200000, 0x00000000a9200000|100%| E|CS|TAMS 0x00000000a9100000, 0x00000000a9100000| Complete 
| 146|0x00000000a9200000, 0x00000000a9300000, 0x00000000a9300000|100%| E|CS|TAMS 0x00000000a9200000, 0x00000000a9200000| Complete 
| 147|0x00000000a9300000, 0x00000000a93bcf70, 0x00000000a9400000| 73%| S|CS|TAMS 0x00000000a9300000, 0x00000000a9300000| Complete 
| 148|0x00000000a9400000, 0x00000000a9500000, 0x00000000a9500000|100%| E|CS|TAMS 0x00000000a9400000, 0x00000000a9400000| Complete 

Card table byte_map: [0x0000020aabae0000,0x0000020aabde0000] _byte_map_base: 0x0000020aab5e0000

Marking Bits (Prev, Next): (CMBitMap*) 0x0000020a947ab2a0, (CMBitMap*) 0x0000020a947ab260
 Prev Bits: [0x0000020aad8e0000, 0x0000020aaf0e0000)
 Next Bits: [0x0000020aac0e0000, 0x0000020aad8e0000)

Polling page: 0x0000020a92370000

Metaspace:

Usage:
  Non-class:     61.91 MB used.
      Class:      9.96 MB used.
       Both:     71.87 MB used.

Virtual space:
  Non-class space:       64.00 MB reserved,      62.25 MB ( 97%) committed,  1 nodes.
      Class space:        1.00 GB reserved,      10.25 MB (  1%) committed,  1 nodes.
             Both:        1.06 GB reserved,      72.50 MB (  7%) committed. 

Chunk freelists:
   Non-Class:  912.00 KB
       Class:  5.75 MB
        Both:  6.64 MB

MaxMetaspaceSize: unlimited
CompressedClassSpaceSize: 1.00 GB
Initial GC threshold: 21.00 MB
Current GC threshold: 119.19 MB
CDS: on
MetaspaceReclaimPolicy: balanced
 - commit_granule_bytes: 65536.
 - commit_granule_words: 8192.
 - virtual_space_node_default_size: 8388608.
 - enlarge_chunks_in_place: 1.
 - new_chunks_are_fully_committed: 0.
 - uncommit_free_chunks: 1.
 - use_allocation_guard: 0.
 - handle_deallocations: 1.


Internal statistics:

num_allocs_failed_limit: 6.
num_arena_births: 846.
num_arena_deaths: 0.
num_vsnodes_births: 2.
num_vsnodes_deaths: 0.
num_space_committed: 1160.
num_space_uncommitted: 0.
num_chunks_returned_to_freelist: 6.
num_chunks_taken_from_freelist: 3938.
num_chunk_merges: 6.
num_chunk_splits: 2595.
num_chunks_enlarged: 1735.
num_inconsistent_stats: 0.

CodeHeap 'non-profiled nmethods': size=120000Kb used=5609Kb max_used=5609Kb free=114390Kb
 bounds [0x0000020aa3d60000, 0x0000020aa42e0000, 0x0000020aab290000]
CodeHeap 'profiled nmethods': size=120000Kb used=16200Kb max_used=16200Kb free=103800Kb
 bounds [0x0000020a9c290000, 0x0000020a9d270000, 0x0000020aa37c0000]
CodeHeap 'non-nmethods': size=5760Kb used=2376Kb max_used=2430Kb free=3383Kb
 bounds [0x0000020aa37c0000, 0x0000020aa3a30000, 0x0000020aa3d60000]
 total_blobs=9709 nmethods=8806 adapters=815
 compilation: enabled
              stopped_count=0, restarted_count=0
 full_count=0

Compilation events (20 events):
Event: 18.194 Thread 0x0000020ab1d79e90 10388       3       org.gradle.invocation.DefaultGradle_Decorated::getIdentityPath (39 bytes)
Event: 18.196 Thread 0x0000020ab1d79e90 nmethod 10388 0x0000020a9d256510 code [0x0000020a9d2567e0, 0x0000020a9d257918]
Event: 18.196 Thread 0x0000020ab1d79e90 10389       3       org.gradle.invocation.DefaultGradle::getIdentityPath (35 bytes)
Event: 18.196 Thread 0x0000020ab1d79e90 nmethod 10389 0x0000020a9d257d90 code [0x0000020a9d257fa0, 0x0000020a9d258708]
Event: 18.196 Thread 0x0000020ab1d79e90 10390       3       com.android.build.gradle.internal.tasks.factory.TaskConfigurationActions::<init> (26 bytes)
Event: 18.197 Thread 0x0000020ab1d79e90 nmethod 10390 0x0000020a9d258990 code [0x0000020a9d258b40, 0x0000020a9d258e18]
Event: 18.197 Thread 0x0000020ab1d79e90 10391       3       com.android.build.gradle.internal.tasks.factory.TaskConfigurationActions::postRegisterHook (152 bytes)
Event: 18.198 Thread 0x0000020ab1d79e90 nmethod 10391 0x0000020a9d258f10 code [0x0000020a9d2591e0, 0x0000020a9d25a1d8]
Event: 18.198 Thread 0x0000020ab1d79e90 10393       3       org.slf4j.LoggerFactory::getLogger (12 bytes)
Event: 18.198 Thread 0x0000020ab1d79e90 nmethod 10393 0x0000020a9d25a690 code [0x0000020a9d25a840, 0x0000020a9d25aa38]
Event: 18.198 Thread 0x0000020ab1d79e90 10392       1       org.gradle.internal.extensibility.ExtensionsStorage$ExtensionHolder::getPublicType (5 bytes)
Event: 18.198 Thread 0x0000020ab1d79e90 nmethod 10392 0x0000020aa42ca910 code [0x0000020aa42caaa0, 0x0000020aa42cab78]
Event: 18.206 Thread 0x0000020ab1d79e90 10394       3       com.android.build.gradle.internal.tasks.factory.TaskCreationAction::<init> (5 bytes)
Event: 18.206 Thread 0x0000020ab1d79e90 nmethod 10394 0x0000020a9d093110 code [0x0000020a9d0932a0, 0x0000020a9d0933f8]
Event: 18.206 Thread 0x0000020ab1d79e90 10395       3       com.android.build.gradle.internal.tasks.factory.TaskFactoryUtils::registerTask (76 bytes)
Event: 18.207 Thread 0x0000020ab1d79e90 nmethod 10395 0x0000020a9d25ab10 code [0x0000020a9d25ae80, 0x0000020a9d25c318]
Event: 18.208 Thread 0x0000020ab1d79e90 10396       3       com.android.build.gradle.internal.tasks.factory.TaskCreationAction::preConfigure (7 bytes)
Event: 18.208 Thread 0x0000020ab1d79e90 nmethod 10396 0x0000020a9d25ca90 code [0x0000020a9d25cca0, 0x0000020a9d25d218]
Event: 18.216 Thread 0x0000020ab1d79e90 10397       3       org.gradle.tooling.internal.provider.runner.PluginApplicationTracker$$Lambda$696/0x0000020ab3593508::apply (14 bytes)
Event: 18.217 Thread 0x0000020ab1d79e90 nmethod 10397 0x0000020a9d25d490 code [0x0000020a9d25d640, 0x0000020a9d25d908]

GC Heap History (20 events):
Event: 14.978 GC heap before
{Heap before GC invocations=39 (full 0):
 garbage-first heap   total 122880K, used 93102K [0x00000000a0000000, 0x0000000100000000)
  region size 1024K, 27 young (27648K), 2 survivors (2048K)
 Metaspace       used 62030K, committed 62656K, reserved 1114112K
  class space    used 8400K, committed 8704K, reserved 1048576K
}
Event: 14.981 GC heap after
{Heap after GC invocations=40 (full 0):
 garbage-first heap   total 147456K, used 69675K [0x00000000a0000000, 0x0000000100000000)
  region size 1024K, 3 young (3072K), 3 survivors (3072K)
 Metaspace       used 62030K, committed 62656K, reserved 1114112K
  class space    used 8400K, committed 8704K, reserved 1048576K
}
Event: 15.265 GC heap before
{Heap before GC invocations=41 (full 0):
 garbage-first heap   total 147456K, used 110635K [0x00000000a0000000, 0x0000000100000000)
  region size 1024K, 43 young (44032K), 3 survivors (3072K)
 Metaspace       used 62587K, committed 63168K, reserved 1114112K
  class space    used 8505K, committed 8768K, reserved 1048576K
}
Event: 15.274 GC heap after
{Heap after GC invocations=42 (full 0):
 garbage-first heap   total 147456K, used 73038K [0x00000000a0000000, 0x0000000100000000)
  region size 1024K, 6 young (6144K), 6 survivors (6144K)
 Metaspace       used 62587K, committed 63168K, reserved 1114112K
  class space    used 8505K, committed 8768K, reserved 1048576K
}
Event: 15.750 GC heap before
{Heap before GC invocations=42 (full 0):
 garbage-first heap   total 147456K, used 113998K [0x00000000a0000000, 0x0000000100000000)
  region size 1024K, 46 young (47104K), 6 survivors (6144K)
 Metaspace       used 65007K, committed 65600K, reserved 1114112K
  class space    used 8825K, committed 9088K, reserved 1048576K
}
Event: 15.755 GC heap after
{Heap after GC invocations=43 (full 0):
 garbage-first heap   total 147456K, used 75456K [0x00000000a0000000, 0x0000000100000000)
  region size 1024K, 3 young (3072K), 3 survivors (3072K)
 Metaspace       used 65007K, committed 65600K, reserved 1114112K
  class space    used 8825K, committed 9088K, reserved 1048576K
}
Event: 15.905 GC heap before
{Heap before GC invocations=44 (full 0):
 garbage-first heap   total 147456K, used 87744K [0x00000000a0000000, 0x0000000100000000)
  region size 1024K, 16 young (16384K), 3 survivors (3072K)
 Metaspace       used 65965K, committed 66560K, reserved 1114112K
  class space    used 8967K, committed 9280K, reserved 1048576K
}
Event: 15.908 GC heap after
{Heap after GC invocations=45 (full 0):
 garbage-first heap   total 147456K, used 75898K [0x00000000a0000000, 0x0000000100000000)
  region size 1024K, 3 young (3072K), 3 survivors (3072K)
 Metaspace       used 65965K, committed 66560K, reserved 1114112K
  class space    used 8967K, committed 9280K, reserved 1048576K
}
Event: 16.485 GC heap before
{Heap before GC invocations=46 (full 0):
 garbage-first heap   total 147456K, used 118906K [0x00000000a0000000, 0x0000000100000000)
  region size 1024K, 44 young (45056K), 3 survivors (3072K)
 Metaspace       used 69292K, committed 69952K, reserved 1114112K
  class space    used 9559K, committed 9856K, reserved 1048576K
}
Event: 16.489 GC heap after
{Heap after GC invocations=47 (full 0):
 garbage-first heap   total 147456K, used 76929K [0x00000000a0000000, 0x0000000100000000)
  region size 1024K, 4 young (4096K), 4 survivors (4096K)
 Metaspace       used 69292K, committed 69952K, reserved 1114112K
  class space    used 9559K, committed 9856K, reserved 1048576K
}
Event: 17.262 GC heap before
{Heap before GC invocations=47 (full 0):
 garbage-first heap   total 147456K, used 119937K [0x00000000a0000000, 0x0000000100000000)
  region size 1024K, 46 young (47104K), 4 survivors (4096K)
 Metaspace       used 72368K, committed 73024K, reserved 1114112K
  class space    used 9988K, committed 10304K, reserved 1048576K
}
Event: 17.268 GC heap after
{Heap after GC invocations=48 (full 0):
 garbage-first heap   total 147456K, used 79804K [0x00000000a0000000, 0x0000000100000000)
  region size 1024K, 5 young (5120K), 5 survivors (5120K)
 Metaspace       used 72368K, committed 73024K, reserved 1114112K
  class space    used 9988K, committed 10304K, reserved 1048576K
}
Event: 17.538 GC heap before
{Heap before GC invocations=49 (full 0):
 garbage-first heap   total 147456K, used 119740K [0x00000000a0000000, 0x0000000100000000)
  region size 1024K, 45 young (46080K), 5 survivors (5120K)
 Metaspace       used 72478K, committed 73152K, reserved 1114112K
  class space    used 9988K, committed 10304K, reserved 1048576K
}
Event: 17.543 GC heap after
{Heap after GC invocations=50 (full 0):
 garbage-first heap   total 147456K, used 81479K [0x00000000a0000000, 0x0000000100000000)
  region size 1024K, 5 young (5120K), 5 survivors (5120K)
 Metaspace       used 72478K, committed 73152K, reserved 1114112K
  class space    used 9988K, committed 10304K, reserved 1048576K
}
Event: 17.689 GC heap before
{Heap before GC invocations=50 (full 0):
 garbage-first heap   total 147456K, used 120391K [0x00000000a0000000, 0x0000000100000000)
  region size 1024K, 44 young (45056K), 5 survivors (5120K)
 Metaspace       used 72482K, committed 73216K, reserved 1114112K
  class space    used 9989K, committed 10304K, reserved 1048576K
}
Event: 17.693 GC heap after
{Heap after GC invocations=51 (full 0):
 garbage-first heap   total 147456K, used 82764K [0x00000000a0000000, 0x0000000100000000)
  region size 1024K, 4 young (4096K), 4 survivors (4096K)
 Metaspace       used 72482K, committed 73216K, reserved 1114112K
  class space    used 9989K, committed 10304K, reserved 1048576K
}
Event: 18.112 GC heap before
{Heap before GC invocations=52 (full 0):
 garbage-first heap   total 152576K, used 127820K [0x00000000a0000000, 0x0000000100000000)
  region size 1024K, 43 young (44032K), 4 survivors (4096K)
 Metaspace       used 73012K, committed 73664K, reserved 1114112K
  class space    used 10079K, committed 10368K, reserved 1048576K
}
Event: 18.116 GC heap after
{Heap after GC invocations=53 (full 0):
 garbage-first heap   total 152576K, used 91941K [0x00000000a0000000, 0x0000000100000000)
  region size 1024K, 6 young (6144K), 6 survivors (6144K)
 Metaspace       used 73012K, committed 73664K, reserved 1114112K
  class space    used 10079K, committed 10368K, reserved 1048576K
}
Event: 18.128 GC heap before
{Heap before GC invocations=53 (full 0):
 garbage-first heap   total 152576K, used 92965K [0x00000000a0000000, 0x0000000100000000)
  region size 1024K, 7 young (7168K), 6 survivors (6144K)
 Metaspace       used 73051K, committed 73664K, reserved 1114112K
  class space    used 10090K, committed 10368K, reserved 1048576K
}
Event: 18.132 GC heap after
{Heap after GC invocations=54 (full 0):
 garbage-first heap   total 152576K, used 92326K [0x00000000a0000000, 0x0000000100000000)
  region size 1024K, 1 young (1024K), 1 survivors (1024K)
 Metaspace       used 73051K, committed 73664K, reserved 1114112K
  class space    used 10090K, committed 10368K, reserved 1048576K
}

Dll operation events (15 events):
Event: 0.012 Loaded shared library C:\Java\jdk-17\bin\java.dll
Event: 0.032 Loaded shared library C:\Java\jdk-17\bin\jsvml.dll
Event: 0.081 Loaded shared library C:\Java\jdk-17\bin\zip.dll
Event: 0.086 Loaded shared library C:\Java\jdk-17\bin\instrument.dll
Event: 0.092 Loaded shared library C:\Java\jdk-17\bin\net.dll
Event: 0.095 Loaded shared library C:\Java\jdk-17\bin\nio.dll
Event: 0.098 Loaded shared library C:\Java\jdk-17\bin\zip.dll
Event: 0.485 Loaded shared library C:\Java\jdk-17\bin\jimage.dll
Event: 0.708 Loaded shared library C:\Java\jdk-17\bin\verify.dll
Event: 0.897 Loaded shared library C:\Users\52441\.gradle\native\c067742578af261105cb4f569cf0c3c89f3d7b1fecec35dd04571415982c5e48\windows-amd64\native-platform.dll
Event: 0.905 Loaded shared library C:\Users\52441\.gradle\native\100fb08df4bc3b14c8652ba06237920a3bd2aa13389f12d3474272988ae205f9\windows-amd64\native-platform-file-events.dll
Event: 2.544 Loaded shared library C:\Java\jdk-17\bin\management.dll
Event: 2.548 Loaded shared library C:\Java\jdk-17\bin\management_ext.dll
Event: 2.832 Loaded shared library C:\Java\jdk-17\bin\extnet.dll
Event: 3.266 Loaded shared library C:\Java\jdk-17\bin\sunmscapi.dll

Deoptimization events (20 events):
Event: 17.894 Thread 0x0000020af9310ef0 Uncommon trap: trap_request=0xffffff45 fr.pc=0x0000020aa41f88c4 relative=0x00000000000008e4
Event: 17.894 Thread 0x0000020af9310ef0 Uncommon trap: reason=unstable_if action=reinterpret pc=0x0000020aa41f88c4 method=sun.reflect.generics.parser.SignatureParser.parseZeroOrMoreTypeSignatures()[Lsun/reflect/generics/tree/TypeSignature; @ 18 c2
Event: 17.894 Thread 0x0000020af9310ef0 DEOPT PACKING pc=0x0000020aa41f88c4 sp=0x000000af955f9360
Event: 17.894 Thread 0x0000020af9310ef0 DEOPT UNPACKING pc=0x0000020aa38169a3 sp=0x000000af955f8ef8 mode 2
Event: 17.894 Thread 0x0000020af9310ef0 Uncommon trap: trap_request=0xffffff45 fr.pc=0x0000020aa3fdc860 relative=0x0000000000000120
Event: 17.894 Thread 0x0000020af9310ef0 Uncommon trap: reason=unstable_if action=reinterpret pc=0x0000020aa3fdc860 method=sun.reflect.generics.parser.SignatureParser.parseTypeSignature()Lsun/reflect/generics/tree/TypeSignature; @ 4 c2
Event: 17.894 Thread 0x0000020af9310ef0 DEOPT PACKING pc=0x0000020aa3fdc860 sp=0x000000af955f8ea0
Event: 17.894 Thread 0x0000020af9310ef0 DEOPT UNPACKING pc=0x0000020aa38169a3 sp=0x000000af955f8e80 mode 2
Event: 17.952 Thread 0x0000020af9310ef0 DEOPT PACKING pc=0x0000020a9cd49cd5 sp=0x000000af955f6950
Event: 17.952 Thread 0x0000020af9310ef0 DEOPT UNPACKING pc=0x0000020aa3817143 sp=0x000000af955f5e88 mode 0
Event: 18.002 Thread 0x0000020af9310ef0 DEOPT PACKING pc=0x0000020a9cf206ab sp=0x000000af955f7500
Event: 18.002 Thread 0x0000020af9310ef0 DEOPT UNPACKING pc=0x0000020aa3817143 sp=0x000000af955f6aa0 mode 0
Event: 18.053 Thread 0x0000020af9310ef0 DEOPT PACKING pc=0x0000020a9d02b204 sp=0x000000af955f6a20
Event: 18.053 Thread 0x0000020af9310ef0 DEOPT UNPACKING pc=0x0000020aa3817143 sp=0x000000af955f5ee0 mode 0
Event: 18.061 Thread 0x0000020af9310ef0 DEOPT PACKING pc=0x0000020a9c9d931c sp=0x000000af955f56d0
Event: 18.061 Thread 0x0000020af9310ef0 DEOPT UNPACKING pc=0x0000020aa3817143 sp=0x000000af955f4b60 mode 0
Event: 18.092 Thread 0x0000020af9310ef0 Uncommon trap: trap_request=0xffffffc6 fr.pc=0x0000020aa40ded88 relative=0x00000000000003c8
Event: 18.092 Thread 0x0000020af9310ef0 Uncommon trap: reason=bimorphic_or_optimized_type_check action=maybe_recompile pc=0x0000020aa40ded88 method=com.google.common.cache.LocalCache$Segment.getEntry(Ljava/lang/Object;I)Lcom/google/common/cache/ReferenceEntry; @ 24 c2
Event: 18.092 Thread 0x0000020af9310ef0 DEOPT PACKING pc=0x0000020aa40ded88 sp=0x000000af955f7530
Event: 18.092 Thread 0x0000020af9310ef0 DEOPT UNPACKING pc=0x0000020aa38169a3 sp=0x000000af955f74c8 mode 2

Classes loaded (20 events):
Event: 15.356 Loading class java/lang/EnumCustomizer
Event: 15.356 Loading class java/lang/EnumCustomizer done
Event: 15.418 Loading class java/io/LineNumberReader
Event: 15.418 Loading class java/io/LineNumberReader done
Event: 15.767 Loading class jdk/internal/misc/ScopedMemoryAccess$Scope$Handle
Event: 15.768 Loading class jdk/internal/misc/ScopedMemoryAccess$Scope$Handle done
Event: 15.886 Loading class java/util/concurrent/atomic/AtomicIntegerArray
Event: 15.886 Loading class java/util/concurrent/atomic/AtomicIntegerArray done
Event: 15.888 Loading class java/util/Currency
Event: 15.889 Loading class java/util/Currency done
Event: 15.892 Loading class java/util/concurrent/atomic/AtomicLongArray
Event: 15.892 Loading class java/util/concurrent/atomic/AtomicLongArray done
Event: 15.920 Loading class sun/reflect/generics/repository/FieldRepository
Event: 15.920 Loading class sun/reflect/generics/repository/FieldRepository done
Event: 15.938 Loading class jdk/internal/vm/annotation/ForceInline
Event: 15.939 Loading class jdk/internal/vm/annotation/ForceInline done
Event: 15.982 Loading class java/util/regex/Pattern$Caret
Event: 15.982 Loading class java/util/regex/Pattern$Caret done
Event: 17.894 Loading class sun/reflect/generics/tree/LongSignature
Event: 17.894 Loading class sun/reflect/generics/tree/LongSignature done

Classes unloaded (0 events):
No events

Classes redefined (0 events):
No events

Internal exceptions (20 events):
Event: 18.045 Thread 0x0000020af9310ef0 Exception <a 'java/lang/ClassNotFoundException'{0x00000000a72b55a8}: build_6oe0tfgfwgb619vrn833fud0l$_run_closure3BeanInfo> (0x00000000a72b55a8) 
thrown [s\src\hotspot\share\classfile\systemDictionary.cpp, line 256]
Event: 18.046 Thread 0x0000020af9310ef0 Exception <a 'java/lang/ClassNotFoundException'{0x00000000a72c3228}: build_6oe0tfgfwgb619vrn833fud0l$_run_closure3Customizer> (0x00000000a72c3228) 
thrown [s\src\hotspot\share\classfile\systemDictionary.cpp, line 256]
Event: 18.057 Thread 0x0000020af9310ef0 Exception <a 'java/lang/ClassNotFoundException'{0x00000000a71d3170}: com/android/build/gradle/internal/dsl/LintOptions_DecoratedBeanInfo> (0x00000000a71d3170) 
thrown [s\src\hotspot\share\classfile\systemDictionary.cpp, line 256]
Event: 18.058 Thread 0x0000020af9310ef0 Exception <a 'java/lang/ClassNotFoundException'{0x00000000a71e20f8}: com/android/build/gradle/internal/dsl/LintOptionsBeanInfo> (0x00000000a71e20f8) 
thrown [s\src\hotspot\share\classfile\systemDictionary.cpp, line 256]
Event: 18.059 Thread 0x0000020af9310ef0 Exception <a 'java/lang/ClassNotFoundException'{0x00000000a71f1060}: com/android/build/gradle/internal/dsl/LintOptionsCustomizer> (0x00000000a71f1060) 
thrown [s\src\hotspot\share\classfile\systemDictionary.cpp, line 256]
Event: 18.060 Thread 0x0000020af9310ef0 Exception <a 'java/lang/ClassNotFoundException'{0x00000000a703e648}: com/android/build/gradle/internal/dsl/LintOptions_DecoratedCustomizer> (0x00000000a703e648) 
thrown [s\src\hotspot\share\classfile\systemDictionary.cpp, line 256]
Event: 18.071 Thread 0x0000020af9310ef0 Exception <a 'java/lang/ClassNotFoundException'{0x00000000a70bf2d0}: com/android/build/gradle/internal/dsl/LibraryPublishingImpl$AgpDecorated_DecoratedBeanInfo> (0x00000000a70bf2d0) 
thrown [s\src\hotspot\share\classfile\systemDictionary.cpp, line 256]
Event: 18.071 Thread 0x0000020af9310ef0 Exception <a 'java/lang/ClassNotFoundException'{0x00000000a70ce730}: com/android/build/gradle/internal/dsl/LibraryPublishingImpl$AgpDecoratedBeanInfo> (0x00000000a70ce730) 
thrown [s\src\hotspot\share\classfile\systemDictionary.cpp, line 256]
Event: 18.072 Thread 0x0000020af9310ef0 Exception <a 'java/lang/ClassNotFoundException'{0x00000000a70dd890}: com/android/build/gradle/internal/dsl/LibraryPublishingImplBeanInfo> (0x00000000a70dd890) 
thrown [s\src\hotspot\share\classfile\systemDictionary.cpp, line 256]
Event: 18.072 Thread 0x0000020af9310ef0 Exception <a 'java/lang/ClassNotFoundException'{0x00000000a70ec978}: com/android/build/gradle/internal/dsl/AbstractPublishingBeanInfo> (0x00000000a70ec978) 
thrown [s\src\hotspot\share\classfile\systemDictionary.cpp, line 256]
Event: 18.072 Thread 0x0000020af9310ef0 Exception <a 'java/lang/ClassNotFoundException'{0x00000000a70fba80}: com/android/build/gradle/internal/dsl/AbstractPublishingCustomizer> (0x00000000a70fba80) 
thrown [s\src\hotspot\share\classfile\systemDictionary.cpp, line 256]
Event: 18.073 Thread 0x0000020af9310ef0 Exception <a 'java/lang/ClassNotFoundException'{0x00000000a6f0f220}: com/android/build/gradle/internal/dsl/LibraryPublishingImplCustomizer> (0x00000000a6f0f220) 
thrown [s\src\hotspot\share\classfile\systemDictionary.cpp, line 256]
Event: 18.075 Thread 0x0000020af9310ef0 Exception <a 'java/lang/ClassNotFoundException'{0x00000000a6f3c828}: com/android/build/gradle/internal/dsl/LibraryPublishingImpl$AgpDecoratedCustomizer> (0x00000000a6f3c828) 
thrown [s\src\hotspot\share\classfile\systemDictionary.cpp, line 256]
Event: 18.076 Thread 0x0000020af9310ef0 Exception <a 'java/lang/ClassNotFoundException'{0x00000000a6f56480}: com/android/build/gradle/internal/dsl/LibraryPublishingImpl$AgpDecorated_DecoratedCustomizer> (0x00000000a6f56480) 
thrown [s\src\hotspot\share\classfile\systemDictionary.cpp, line 256]
Event: 18.096 Thread 0x0000020af9310ef0 Exception <a 'java/lang/NoClassDefFoundError'{0x00000000a6fe6b98}: org/jetbrains/kotlin/gradle/plugin/KotlinBaseApiPlugin> (0x00000000a6fe6b98) 
thrown [s\src\hotspot\share\oops\constantPool.cpp, line 837]
Event: 18.124 Thread 0x0000020af9310ef0 Exception <a 'java/lang/NoClassDefFoundError'{0x00000000a94a23b0}: org/jetbrains/kotlin/gradle/plugin/KotlinBasePluginWrapper> (0x00000000a94a23b0) 
thrown [s\src\hotspot\share\oops\constantPool.cpp, line 837]
Event: 18.144 Thread 0x0000020af9310ef0 Exception <a 'java/lang/NoClassDefFoundError'{0x00000000a9271f40}: org/jetbrains/kotlin/gradle/plugin/KotlinBasePluginWrapper> (0x00000000a9271f40) 
thrown [s\src\hotspot\share\oops\constantPool.cpp, line 837]
Event: 18.146 Thread 0x0000020af9310ef0 Exception <a 'java/lang/NoClassDefFoundError'{0x00000000a9294278}: org/jetbrains/kotlin/gradle/plugin/KotlinBasePluginWrapper> (0x00000000a9294278) 
thrown [s\src\hotspot\share\oops\constantPool.cpp, line 837]
Event: 18.158 Thread 0x0000020af9310ef0 Exception <a 'java/lang/NoClassDefFoundError'{0x00000000a91a1780}: org/jetbrains/kotlin/gradle/plugin/KotlinBasePluginWrapper> (0x00000000a91a1780) 
thrown [s\src\hotspot\share\oops\constantPool.cpp, line 837]
Event: 18.163 Thread 0x0000020af9310ef0 Exception <a 'java/lang/NoClassDefFoundError'{0x00000000a91c0780}: org/jetbrains/kotlin/gradle/plugin/KotlinBasePluginWrapper> (0x00000000a91c0780) 
thrown [s\src\hotspot\share\oops\constantPool.cpp, line 837]

VM Operations (20 events):
Event: 17.049 Executing VM operation: ICBufferFull
Event: 17.050 Executing VM operation: ICBufferFull done
Event: 17.262 Executing VM operation: G1CollectForAllocation
Event: 17.268 Executing VM operation: G1CollectForAllocation done
Event: 17.295 Executing VM operation: G1PauseRemark
Event: 17.299 Executing VM operation: G1PauseRemark done
Event: 17.316 Executing VM operation: G1PauseCleanup
Event: 17.316 Executing VM operation: G1PauseCleanup done
Event: 17.538 Executing VM operation: G1CollectForAllocation
Event: 17.543 Executing VM operation: G1CollectForAllocation done
Event: 17.688 Executing VM operation: G1CollectForAllocation
Event: 17.693 Executing VM operation: G1CollectForAllocation done
Event: 17.732 Executing VM operation: G1PauseRemark
Event: 17.737 Executing VM operation: G1PauseRemark done
Event: 17.760 Executing VM operation: G1PauseCleanup
Event: 17.760 Executing VM operation: G1PauseCleanup done
Event: 18.112 Executing VM operation: G1CollectForAllocation
Event: 18.116 Executing VM operation: G1CollectForAllocation done
Event: 18.128 Executing VM operation: G1CollectForAllocation
Event: 18.132 Executing VM operation: G1CollectForAllocation done

Memory protections (0 events):
No events

Nmethod flushes (20 events):
Event: 16.480 Thread 0x0000020ab1d7a3b0 flushing  nmethod 0x0000020a9d04a290
Event: 16.480 Thread 0x0000020ab1d7a3b0 flushing  nmethod 0x0000020a9d05d690
Event: 16.480 Thread 0x0000020ab1d7a3b0 flushing  nmethod 0x0000020a9d062e90
Event: 16.480 Thread 0x0000020ab1d7a3b0 flushing  nmethod 0x0000020a9d064590
Event: 16.480 Thread 0x0000020ab1d7a3b0 flushing  nmethod 0x0000020a9d06a790
Event: 16.480 Thread 0x0000020ab1d7a3b0 flushing  nmethod 0x0000020a9d074510
Event: 16.480 Thread 0x0000020ab1d7a3b0 flushing  nmethod 0x0000020a9d075510
Event: 16.480 Thread 0x0000020ab1d7a3b0 flushing  nmethod 0x0000020a9d076810
Event: 16.480 Thread 0x0000020ab1d7a3b0 flushing  nmethod 0x0000020a9d079190
Event: 16.480 Thread 0x0000020ab1d7a3b0 flushing osr nmethod 0x0000020a9d080c10
Event: 16.480 Thread 0x0000020ab1d7a3b0 flushing  nmethod 0x0000020a9d093110
Event: 16.481 Thread 0x0000020ab1d7a3b0 flushing  nmethod 0x0000020a9d113b10
Event: 16.481 Thread 0x0000020ab1d7a3b0 flushing  nmethod 0x0000020a9d120f10
Event: 16.481 Thread 0x0000020ab1d7a3b0 flushing  nmethod 0x0000020a9d197710
Event: 16.482 Thread 0x0000020ab1d7a3b0 flushing  nmethod 0x0000020a9d1ea310
Event: 16.482 Thread 0x0000020ab1d7a3b0 flushing  nmethod 0x0000020a9d1ed110
Event: 16.482 Thread 0x0000020ab1d7a3b0 flushing  nmethod 0x0000020a9d1ef510
Event: 16.482 Thread 0x0000020ab1d7a3b0 flushing  nmethod 0x0000020a9d207090
Event: 16.482 Thread 0x0000020ab1d7a3b0 flushing  nmethod 0x0000020a9d208d90
Event: 16.482 Thread 0x0000020ab1d7a3b0 flushing  nmethod 0x0000020a9d20e190

Events (20 events):
Event: 17.366 Thread 0x0000020af9310ef0 Thread added: 0x0000020af895aa80
Event: 17.368 Thread 0x0000020af9310ef0 Thread added: 0x0000020af8959130
Event: 17.369 Thread 0x0000020af9310ef0 Thread added: 0x0000020af8959640
Event: 17.370 Thread 0x0000020af9310ef0 Thread added: 0x0000020af8959b50
Event: 17.372 Thread 0x0000020af9310ef0 Thread added: 0x0000020af895a570
Event: 17.373 Thread 0x0000020af9310ef0 Thread added: 0x0000020af8957cf0
Event: 17.375 Thread 0x0000020af9310ef0 Thread added: 0x0000020af76d00a0
Event: 17.377 Thread 0x0000020af9310ef0 Thread added: 0x0000020af76d0fd0
Event: 17.378 Thread 0x0000020af9310ef0 Thread added: 0x0000020af76cf680
Event: 17.452 Thread 0x0000020af9310ef0 Thread added: 0x0000020af76d2410
Event: 17.452 Thread 0x0000020af9310ef0 Thread added: 0x0000020af76d05b0
Event: 17.453 Thread 0x0000020af9310ef0 Thread added: 0x0000020af76cf170
Event: 17.454 Thread 0x0000020af9310ef0 Thread added: 0x0000020af76d2920
Event: 17.455 Thread 0x0000020af9310ef0 Thread added: 0x0000020af76d3340
Event: 17.455 Thread 0x0000020af9310ef0 Thread added: 0x0000020af76d2e30
Event: 17.456 Thread 0x0000020af9310ef0 Thread added: 0x0000020af76d0ac0
Event: 17.456 Thread 0x0000020af9310ef0 Thread added: 0x0000020af76cfb90
Event: 17.457 Thread 0x0000020af9310ef0 Thread added: 0x0000020af76d3d60
Event: 17.457 Thread 0x0000020af9310ef0 Thread added: 0x0000020af76d1f00
Event: 17.458 Thread 0x0000020af9310ef0 Thread added: 0x0000020af76d4270


Dynamic libraries:
0x00007ff796f90000 - 0x00007ff796f9e000 	C:\Java\jdk-17\bin\java.exe
0x00007ff9ee2e0000 - 0x00007ff9ee543000 	C:\WINDOWS\SYSTEM32\ntdll.dll
0x00007ff9ecb90000 - 0x00007ff9ecc57000 	C:\WINDOWS\System32\KERNEL32.DLL
0x00007ff9ebb20000 - 0x00007ff9ebee9000 	C:\WINDOWS\System32\KERNELBASE.dll
0x00007ff9ebef0000 - 0x00007ff9ec03c000 	C:\WINDOWS\System32\ucrtbase.dll
0x00007ff9d6c60000 - 0x00007ff9d6c7e000 	C:\Java\jdk-17\bin\VCRUNTIME140.dll
0x00007ff9d3810000 - 0x00007ff9d3827000 	C:\Java\jdk-17\bin\jli.dll
0x00007ff9ecf70000 - 0x00007ff9ed13a000 	C:\WINDOWS\System32\USER32.dll
0x00007ff9eb750000 - 0x00007ff9eb777000 	C:\WINDOWS\System32\win32u.dll
0x00007ff9ea750000 - 0x00007ff9ea9e0000 	C:\WINDOWS\WinSxS\amd64_microsoft.windows.common-controls_6595b64144ccf1df_6.0.26100.3323_none_3e088096e3344490\COMCTL32.dll
0x00007ff9ecf40000 - 0x00007ff9ecf6a000 	C:\WINDOWS\System32\GDI32.dll
0x00007ff9ed240000 - 0x00007ff9ed2e9000 	C:\WINDOWS\System32\msvcrt.dll
0x00007ff9eb610000 - 0x00007ff9eb741000 	C:\WINDOWS\System32\gdi32full.dll
0x00007ff9eba70000 - 0x00007ff9ebb13000 	C:\WINDOWS\System32\msvcp_win.dll
0x00007ff9ec240000 - 0x00007ff9ec26f000 	C:\WINDOWS\System32\IMM32.DLL
0x00007ff9e5700000 - 0x00007ff9e570c000 	C:\Java\jdk-17\bin\vcruntime140_1.dll
0x00007ff980350000 - 0x00007ff9803dd000 	C:\Java\jdk-17\bin\msvcp140.dll
0x00007ff9574d0000 - 0x00007ff95813b000 	C:\Java\jdk-17\bin\server\jvm.dll
0x00007ff9ece80000 - 0x00007ff9ecf32000 	C:\WINDOWS\System32\ADVAPI32.dll
0x00007ff9ed490000 - 0x00007ff9ed536000 	C:\WINDOWS\System32\sechost.dll
0x00007ff9ec530000 - 0x00007ff9ec646000 	C:\WINDOWS\System32\RPCRT4.dll
0x00007ff9ecc60000 - 0x00007ff9eccd4000 	C:\WINDOWS\System32\WS2_32.dll
0x00007ff9ead50000 - 0x00007ff9ead9e000 	C:\WINDOWS\SYSTEM32\POWRPROF.dll
0x00007ff9de170000 - 0x00007ff9de1a6000 	C:\WINDOWS\SYSTEM32\WINMM.dll
0x00007ff9e36d0000 - 0x00007ff9e36db000 	C:\WINDOWS\SYSTEM32\VERSION.dll
0x00007ff9eabf0000 - 0x00007ff9eac04000 	C:\WINDOWS\SYSTEM32\UMPDC.dll
0x00007ff9e9a30000 - 0x00007ff9e9a4a000 	C:\WINDOWS\SYSTEM32\kernel.appcore.dll
0x00007ff9cfa50000 - 0x00007ff9cfa5a000 	C:\Java\jdk-17\bin\jimage.dll
0x00007ff9eadb0000 - 0x00007ff9eaff1000 	C:\WINDOWS\SYSTEM32\DBGHELP.DLL
0x00007ff9ed730000 - 0x00007ff9edab2000 	C:\WINDOWS\System32\combase.dll
0x00007ff9ed3b0000 - 0x00007ff9ed486000 	C:\WINDOWS\System32\OLEAUT32.dll
0x00007ff9eac10000 - 0x00007ff9eac49000 	C:\WINDOWS\SYSTEM32\dbgcore.DLL
0x00007ff9eb570000 - 0x00007ff9eb609000 	C:\WINDOWS\System32\bcryptPrimitives.dll
0x00007ff9cf790000 - 0x00007ff9cf79e000 	C:\Java\jdk-17\bin\instrument.dll
0x00007ff995500000 - 0x00007ff995525000 	C:\Java\jdk-17\bin\java.dll
0x00007ff97fd80000 - 0x00007ff97fe57000 	C:\Java\jdk-17\bin\jsvml.dll
0x00007ff9edb70000 - 0x00007ff9ee285000 	C:\WINDOWS\System32\SHELL32.dll
0x00007ff9eb780000 - 0x00007ff9eb8e8000 	C:\WINDOWS\System32\wintypes.dll
0x00007ff9e8750000 - 0x00007ff9e8f95000 	C:\WINDOWS\SYSTEM32\windows.storage.dll
0x00007ff9ec150000 - 0x00007ff9ec23b000 	C:\WINDOWS\System32\SHCORE.dll
0x00007ff9ec300000 - 0x00007ff9ec35d000 	C:\WINDOWS\System32\shlwapi.dll
0x00007ff9eb3f0000 - 0x00007ff9eb41f000 	C:\WINDOWS\SYSTEM32\profapi.dll
0x00007ff9cd250000 - 0x00007ff9cd268000 	C:\Java\jdk-17\bin\zip.dll
0x00007ff99ea60000 - 0x00007ff99ea79000 	C:\Java\jdk-17\bin\net.dll
0x00007ff9e3590000 - 0x00007ff9e36ae000 	C:\WINDOWS\SYSTEM32\WINHTTP.dll
0x00007ff9e9ee0000 - 0x00007ff9e9f4a000 	C:\WINDOWS\system32\mswsock.dll
0x00007ff99e6d0000 - 0x00007ff99e6e6000 	C:\Java\jdk-17\bin\nio.dll
0x00007ff9ceff0000 - 0x00007ff9cf000000 	C:\Java\jdk-17\bin\verify.dll
0x00007ff9a3d30000 - 0x00007ff9a3d57000 	C:\Users\52441\.gradle\native\c067742578af261105cb4f569cf0c3c89f3d7b1fecec35dd04571415982c5e48\windows-amd64\native-platform.dll
0x00007ff97f710000 - 0x00007ff97f854000 	C:\Users\52441\.gradle\native\100fb08df4bc3b14c8652ba06237920a3bd2aa13389f12d3474272988ae205f9\windows-amd64\native-platform-file-events.dll
0x00007ff9ce2b0000 - 0x00007ff9ce2ba000 	C:\Java\jdk-17\bin\management.dll
0x00007ff9cda40000 - 0x00007ff9cda4b000 	C:\Java\jdk-17\bin\management_ext.dll
0x00007ff9edac0000 - 0x00007ff9edac8000 	C:\WINDOWS\System32\PSAPI.DLL
0x00007ff9eb120000 - 0x00007ff9eb13c000 	C:\WINDOWS\SYSTEM32\CRYPTSP.dll
0x00007ff9ea470000 - 0x00007ff9ea4aa000 	C:\WINDOWS\system32\rsaenh.dll
0x00007ff9e9f50000 - 0x00007ff9e9f7b000 	C:\WINDOWS\SYSTEM32\USERENV.dll
0x00007ff9eac50000 - 0x00007ff9eac76000 	C:\WINDOWS\SYSTEM32\bcrypt.dll
0x00007ff9ea500000 - 0x00007ff9ea50c000 	C:\WINDOWS\SYSTEM32\CRYPTBASE.dll
0x00007ff9e94d0000 - 0x00007ff9e9503000 	C:\WINDOWS\SYSTEM32\IPHLPAPI.DLL
0x00007ff9ec360000 - 0x00007ff9ec36a000 	C:\WINDOWS\System32\NSI.dll
0x00007ff9e49c0000 - 0x00007ff9e49df000 	C:\WINDOWS\SYSTEM32\dhcpcsvc6.DLL
0x00007ff9e48b0000 - 0x00007ff9e48d5000 	C:\WINDOWS\SYSTEM32\dhcpcsvc.DLL
0x00007ff9e9570000 - 0x00007ff9e9695000 	C:\WINDOWS\SYSTEM32\DNSAPI.dll
0x00007ff9cd8d0000 - 0x00007ff9cd8d9000 	C:\Java\jdk-17\bin\extnet.dll
0x00007ff9cd5e0000 - 0x00007ff9cd5ee000 	C:\Java\jdk-17\bin\sunmscapi.dll
0x00007ff9eb8f0000 - 0x00007ff9eba67000 	C:\WINDOWS\System32\CRYPT32.dll
0x00007ff9ea610000 - 0x00007ff9ea640000 	C:\WINDOWS\SYSTEM32\ncrypt.dll
0x00007ff9ea5c0000 - 0x00007ff9ea5ff000 	C:\WINDOWS\SYSTEM32\NTASN1.dll
0x00007ff9d35c0000 - 0x00007ff9d35c8000 	C:\WINDOWS\system32\wshunix.dll

dbghelp: loaded successfully - version: 4.0.5 - missing functions: none
symbol engine: initialized successfully - sym options: 0x614 - pdb path: .;C:\Java\jdk-17\bin;C:\WINDOWS\SYSTEM32;C:\WINDOWS\WinSxS\amd64_microsoft.windows.common-controls_6595b64144ccf1df_6.0.26100.3323_none_3e088096e3344490;C:\Java\jdk-17\bin\server;C:\Users\52441\.gradle\native\c067742578af261105cb4f569cf0c3c89f3d7b1fecec35dd04571415982c5e48\windows-amd64;C:\Users\52441\.gradle\native\100fb08df4bc3b14c8652ba06237920a3bd2aa13389f12d3474272988ae205f9\windows-amd64

VM Arguments:
jvm_args: --add-opens=java.base/java.lang=ALL-UNNAMED --add-opens=java.base/java.lang.invoke=ALL-UNNAMED --add-opens=java.base/java.util=ALL-UNNAMED --add-opens=java.prefs/java.util.prefs=ALL-UNNAMED --add-exports=jdk.compiler/com.sun.tools.javac.api=ALL-UNNAMED --add-exports=jdk.compiler/com.sun.tools.javac.util=ALL-UNNAMED --add-opens=java.base/java.util=ALL-UNNAMED --add-opens=java.prefs/java.util.prefs=ALL-UNNAMED --add-opens=java.base/java.nio.charset=ALL-UNNAMED --add-opens=java.base/java.net=ALL-UNNAMED --add-opens=java.base/java.util.concurrent.atomic=ALL-UNNAMED --add-opens=java.xml/javax.xml.namespace=ALL-UNNAMED -Xmx1536m -Dfile.encoding=UTF-8 -Duser.country=MX -Duser.language=es -Duser.variant -javaagent:C:\Users\52441\.gradle\wrapper\dists\gradle-8.11.1-all\2qik7nd48slq1ooc2496ixf4i\gradle-8.11.1\lib\agents\gradle-instrumentation-agent-8.11.1.jar 
java_command: org.gradle.launcher.daemon.bootstrap.GradleDaemon 8.11.1
java_class_path (initial): C:\Users\52441\.gradle\wrapper\dists\gradle-8.11.1-all\2qik7nd48slq1ooc2496ixf4i\gradle-8.11.1\lib\gradle-daemon-main-8.11.1.jar
Launcher Type: SUN_STANDARD

[Global flags]
     intx CICompilerCount                          = 4                                         {product} {ergonomic}
     uint ConcGCThreads                            = 3                                         {product} {ergonomic}
     uint G1ConcRefinementThreads                  = 10                                        {product} {ergonomic}
   size_t G1HeapRegionSize                         = 1048576                                   {product} {ergonomic}
    uintx GCDrainStackTargetSize                   = 64                                        {product} {ergonomic}
   size_t InitialHeapSize                          = 130023424                                 {product} {ergonomic}
   size_t MarkStackSize                            = 4194304                                   {product} {ergonomic}
   size_t MaxHeapSize                              = 1610612736                                {product} {command line}
   size_t MaxNewSize                               = 965738496                                 {product} {ergonomic}
   size_t MinHeapDeltaBytes                        = 1048576                                   {product} {ergonomic}
   size_t MinHeapSize                              = 8388608                                   {product} {ergonomic}
    uintx NonNMethodCodeHeapSize                   = 5839372                                {pd product} {ergonomic}
    uintx NonProfiledCodeHeapSize                  = 122909434                              {pd product} {ergonomic}
    uintx ProfiledCodeHeapSize                     = 122909434                              {pd product} {ergonomic}
    uintx ReservedCodeCacheSize                    = 251658240                              {pd product} {ergonomic}
     bool SegmentedCodeCache                       = true                                      {product} {ergonomic}
   size_t SoftMaxHeapSize                          = 1610612736                             {manageable} {ergonomic}
     bool UseCompressedClassPointers               = true                           {product lp64_product} {ergonomic}
     bool UseCompressedOops                        = true                           {product lp64_product} {ergonomic}
     bool UseG1GC                                  = true                                      {product} {ergonomic}
     bool UseLargePagesIndividualAllocation        = false                                  {pd product} {ergonomic}

Logging:
Log output configuration:
 #0: stdout all=warning uptime,level,tags
 #1: stderr all=off uptime,level,tags

Environment Variables:
JAVA_HOME=C:\Java\jdk-17
PATH=C:\Program Files\Microsoft SDKs\Azure\CLI2\wbin;C:\DevSuiteHome_1\jdk\jre\bin\client;C:\DevSuiteHome_1\bin;C:\DevSuiteHome_1\jlib;C:\Oracle\dbhomeXE\bin;C:\Program Files\Common Files\Oracle\Java\javapath;C:\Program Files (x86)\Common Files\Oracle\Java\java8path;C:\Windows\system32;C:\Windows;C:\Windows\System32\Wbem;C:\Windows\System32\WindowsPowerShell\v1.0\;C:\Windows\System32\OpenSSH\;C:\Users\52441\AppData\Local\Android\Sdk\tools;C:\Users\52441\AppData\Local\Android\Sdk\platform-tools;C:\Program Files (x86)\NVIDIA Corporation\PhysX\Common;C:\Program Files\NVIDIA Corporation\NVIDIA NvDLISR;C:\Program Files\Java\jdk-18.0.1.1\bin;C:\Java\jdk-17\bin;C:\Program Files\dotnet\;C:\ProgramData\chocolatey\bin;C:\Oracle\instantclient_21_11\sdk;C:\composer;C:\Program Files\Git\cmd;C:\Program Files\PuTTY\;C:\DevSuiteHome_1\BIN;C:\DevSuiteHome_1;C:\Program Files (x86)\Microsoft SQL Server\160\Tools\Binn\;C:\Program Files\Microsoft SQL Server\160\Tools\Binn\;C:\Program Files\Microsoft SQL Server\Client SDK\ODBC\170\Tools\Binn\;C:\Program Files\Microsoft SQL Server\160\DTS\Binn\;C:\Program Files\Azure Data Studio\bin;C:\Program Files (x86)\Microsoft SQL Server\160\DTS\Binn\;C:\Users\52441\AppData\Roaming\nvm;C:\Program Files\nodejs;C:\Users\52441\AppData\Local\Packages\PythonSoftwareFoundation.Python.3.11_qbz5n2kfra8p0\LocalCache\local-packages\Python311\Scripts;C:\Program Files\Docker\Docker\resources\bin;C:\Program Files\Microsoft SQL Server\150\Tools\Binn\;D:\xampp\php;C:\WINDOWS\system32;C:\WINDOWS;C:\WINDOWS\System32\Wbem;C:\WINDOWS\System32\WindowsPowerShell\v1.0\;C:\WINDOWS\System32\OpenSSH\;C:\CervayaX\php;C:\Users\52441\AppData\Local\Microsoft\WindowsApps;C:\Users\52441\AppData\Local\Programs\Microsoft VS Code\bin;C:\Program Files\JetBrains\IntelliJ IDEA 2023.1.1\bin;;C:\Program Files\JetBrains\IntelliJ IDEA Community Edition 2023.1.1\bin;;C:\Program Files\Java\jdk-18.0.1.1\bin;C:\Java\jdk-17\bin;C:\Program Files\MongoDB\Server\6.0\bin;C:\Oracle\instantclient_21_11;C:\Users\52441\AppData\Roaming\Composer\vendor\bin;C:\DevSuiteHome_1\;C:\Users\52441\.dotnet\tools;C:\Program Files\Azure Data Studio\bin;C:\Program Files\OpenSSL-Win64\bin;C:\Users\52441\AppData\Roaming\nvm;C:\Program Files\nodejs;C:\Users\52441\AppData\Local\Google\Cloud SDK\google-cloud-sdk\bin;C:\Users\52441\scoop\shims;
USERNAME=52441
OS=Windows_NT
PROCESSOR_IDENTIFIER=Intel64 Family 6 Model 154 Stepping 3, GenuineIntel
TMP=C:\Users\52441\AppData\Local\Temp
TEMP=C:\Users\52441\AppData\Local\Temp



Periodic native trim disabled


---------------  S Y S T E M  ---------------

OS:
 Windows 11 , 64 bit Build 26100 (10.0.26100.3323)
OS uptime: 4 days 22:45 hours
Hyper-V role detected

CPU: total 12 (initial active 12) (6 cores per cpu, 2 threads per core) family 6 model 154 stepping 3 microcode 0x419, cx8, cmov, fxsr, ht, mmx, 3dnowpref, sse, sse2, sse3, ssse3, sse4.1, sse4.2, popcnt, lzcnt, tsc, tscinvbit, avx, avx2, aes, erms, clmul, bmi1, bmi2, adx, sha, fma, vzeroupper, clflush, clflushopt, clwb, hv
Processor Information for processor 0
  Max Mhz: 2000, Current Mhz: 2000, Mhz Limit: 2000
Processor Information for processor 1
  Max Mhz: 2000, Current Mhz: 2000, Mhz Limit: 2000
Processor Information for processor 2
  Max Mhz: 2000, Current Mhz: 2000, Mhz Limit: 2000
Processor Information for processor 3
  Max Mhz: 2000, Current Mhz: 2000, Mhz Limit: 2000
Processor Information for processor 4
  Max Mhz: 2000, Current Mhz: 2000, Mhz Limit: 2000
Processor Information for processor 5
  Max Mhz: 2000, Current Mhz: 2000, Mhz Limit: 2000
Processor Information for processor 6
  Max Mhz: 2000, Current Mhz: 2000, Mhz Limit: 2000
Processor Information for processor 7
  Max Mhz: 2000, Current Mhz: 2000, Mhz Limit: 2000
Processor Information for processor 8
  Max Mhz: 2000, Current Mhz: 1500, Mhz Limit: 1500
Processor Information for processor 9
  Max Mhz: 2000, Current Mhz: 1500, Mhz Limit: 1500
Processor Information for processor 10
  Max Mhz: 2000, Current Mhz: 1500, Mhz Limit: 1500
Processor Information for processor 11
  Max Mhz: 2000, Current Mhz: 1500, Mhz Limit: 1500

Memory: 4k page, system-wide physical 7917M (585M free)
TotalPageFile size 23699M (AvailPageFile size 12M)
current process WorkingSet (physical memory assigned to process): 369M, peak: 376M
current process commit charge ("private bytes"): 447M, peak: 454M

vm_info: OpenJDK 64-Bit Server VM (17.0.14+7) for windows-amd64 JRE (17.0.14+7), built on Jan 21 2025 23:40:15 by "admin" with MS VC++ 17.7 (VS2022)

END.
