#
# There is insufficient memory for the Java Runtime Environment to continue.
# Native memory allocation (malloc) failed to allocate 1559376 bytes. Error detail: Chunk::new
# Possible reasons:
#   The system is out of physical RAM or swap space
#   This process is running with CompressedOops enabled, and the Java Heap may be blocking the growth of the native heap
# Possible solutions:
#   Reduce memory load on the system
#   Increase physical memory or swap space
#   Check if swap backing store is full
#   Decrease Java heap size (-Xmx/-Xms)
#   Decrease number of Java threads
#   Decrease Java thread stack sizes (-Xss)
#   Set larger code cache with -XX:ReservedCodeCacheSize=
#   JVM is running with Unscaled Compressed Oops mode in which the Java heap is
#     placed in the first 4GB address space. The Java Heap base address is the
#     maximum limit for the native heap growth. Please use -XX:HeapBaseMinAddress
#     to set the Java Heap base and to place the Java Heap above 4GB virtual address.
# This output file may be truncated or incomplete.
#
#  Out of Memory Error (arena.cpp:191), pid=15632, tid=13384
#
# JRE version: OpenJDK Runtime Environment Temurin-17.0.14+7 (17.0.14+7) (build 17.0.14+7)
# Java VM: OpenJDK 64-Bit Server VM Temurin-17.0.14+7 (17.0.14+7, mixed mode, sharing, tiered, compressed oops, compressed class ptrs, g1 gc, windows-amd64)
# No core dump will be written. Minidumps are not enabled by default on client versions of Windows
#

---------------  S U M M A R Y ------------

Command Line: --add-opens=java.base/java.lang=ALL-UNNAMED --add-opens=java.base/java.lang.invoke=ALL-UNNAMED --add-opens=java.base/java.util=ALL-UNNAMED --add-opens=java.prefs/java.util.prefs=ALL-UNNAMED --add-exports=jdk.compiler/com.sun.tools.javac.api=ALL-UNNAMED --add-exports=jdk.compiler/com.sun.tools.javac.util=ALL-UNNAMED --add-opens=java.base/java.util=ALL-UNNAMED --add-opens=java.prefs/java.util.prefs=ALL-UNNAMED --add-opens=java.base/java.nio.charset=ALL-UNNAMED --add-opens=java.base/java.net=ALL-UNNAMED --add-opens=java.base/java.util.concurrent.atomic=ALL-UNNAMED --add-opens=java.xml/javax.xml.namespace=ALL-UNNAMED -Xmx1536m -Dfile.encoding=UTF-8 -Duser.country=MX -Duser.language=es -Duser.variant -javaagent:C:\Users\52441\.gradle\wrapper\dists\gradle-8.11.1-all\2qik7nd48slq1ooc2496ixf4i\gradle-8.11.1\lib\agents\gradle-instrumentation-agent-8.11.1.jar org.gradle.launcher.daemon.bootstrap.GradleDaemon 8.11.1

Host: 12th Gen Intel(R) Core(TM) i5-12450H, 12 cores, 7G,  Windows 11 , 64 bit Build 26100 (10.0.26100.3323)
Time: Tue Mar 11 15:28:58 2025 Hora estándar central (México) elapsed time: 18.188945 seconds (0d 0h 0m 18s)

---------------  T H R E A D  ---------------

Current thread (0x00000213bbcd14b0):  JavaThread "C2 CompilerThread0" daemon [_thread_in_native, id=13384, stack(0x0000004d1ae00000,0x0000004d1af00000)]


Current CompileTask:
C2:  18189 9170 %     4       org.gradle.internal.instantiation.generator.AbstractClassGenerator::inspectType @ 77 (560 bytes)

Stack: [0x0000004d1ae00000,0x0000004d1af00000]
Native frames: (J=compiled Java code, j=interpreted, Vv=VM code, C=native code)
V  [jvm.dll+0x682eb9]
V  [jvm.dll+0x8399c8]
V  [jvm.dll+0x83b473]
V  [jvm.dll+0x83bae3]
V  [jvm.dll+0x24715f]
V  [jvm.dll+0xace44]
V  [jvm.dll+0xad4dc]
V  [jvm.dll+0x365b5e]
V  [jvm.dll+0x1baa69]
V  [jvm.dll+0x2182a7]
V  [jvm.dll+0x21758f]
V  [jvm.dll+0x1a3150]
V  [jvm.dll+0x22799c]
V  [jvm.dll+0x225afb]
V  [jvm.dll+0x7ef128]
V  [jvm.dll+0x7e948c]
V  [jvm.dll+0x681d97]
C  [ucrtbase.dll+0x37b0]
C  [KERNEL32.DLL+0x2e8d7]
C  [ntdll.dll+0xbbf6c]


---------------  P R O C E S S  ---------------

Threads class SMR info:
_java_thread_list=0x0000021387c06310, length=81, elements={
0x000002139ee4ea30, 0x00000213bbcb3450, 0x00000213bbcb4f30, 0x00000213bbcccd80,
0x00000213bbccf660, 0x00000213bbccff30, 0x00000213bbcd0800, 0x00000213bbcd14b0,
0x00000213bbcd3e80, 0x00000213bbcd4790, 0x00000213bbc9db30, 0x00000213bc782ae0,
0x00000213841da020, 0x00000213ff381860, 0x00000213842da570, 0x000002138429d1f0,
0x000002138429d6d0, 0x00000213845da870, 0x00000213845db150, 0x00000213845dd350,
0x00000213845dbf10, 0x00000213845dc930, 0x00000213845dd860, 0x00000213845dc420,
0x0000021384e40be0, 0x0000021384e3fcb0, 0x00000213fed7b300, 0x0000021384e401c0,
0x0000021384e42020, 0x0000021384e41600, 0x0000021384e410f0, 0x0000021384e42530,
0x0000021384e3ed80, 0x0000021384e406d0, 0x0000021384e42a40, 0x0000021384e41b10,
0x0000021384e42f50, 0x0000021384e3f7a0, 0x0000021384e44db0, 0x0000021384e44390,
0x0000021384e452c0, 0x0000021384e448a0, 0x0000021385b6e380, 0x0000021385b6cf40,
0x0000021385b6f2b0, 0x0000021385b6f7c0, 0x0000021385b6e890, 0x0000021385b6fcd0,
0x0000021385b701e0, 0x0000021385b6d960, 0x0000021385b6eda0, 0x0000021386127470,
0x00000213861288b0, 0x0000021386127980, 0x0000021386127e90, 0x0000021386128dc0,
0x0000021386125b20, 0x00000213861283a0, 0x0000021386126540, 0x0000021386125610,
0x00000213861292d0, 0x00000213861297e0, 0x0000021386126a50, 0x0000021386126030,
0x0000021386129cf0, 0x000002138612a200, 0x000002138612a710, 0x0000021386126f60,
0x000002138612b640, 0x000002138612bb50, 0x000002138612c060, 0x000002138612c570,
0x000002138612ca80, 0x000002138612cf90, 0x0000021384f21b10, 0x0000021384f22020,
0x0000021384f22f50, 0x0000021384f23460, 0x0000021384f248a0, 0x0000021384f24db0,
0x00000213fed78330
}

Java Threads: ( => current thread )
  0x000002139ee4ea30 JavaThread "main" [_thread_blocked, id=24236, stack(0x0000004d1a100000,0x0000004d1a200000)]
  0x00000213bbcb3450 JavaThread "Reference Handler" daemon [_thread_blocked, id=26356, stack(0x0000004d1a800000,0x0000004d1a900000)]
  0x00000213bbcb4f30 JavaThread "Finalizer" daemon [_thread_blocked, id=22056, stack(0x0000004d1a900000,0x0000004d1aa00000)]
  0x00000213bbcccd80 JavaThread "Signal Dispatcher" daemon [_thread_blocked, id=16260, stack(0x0000004d1aa00000,0x0000004d1ab00000)]
  0x00000213bbccf660 JavaThread "Attach Listener" daemon [_thread_blocked, id=19192, stack(0x0000004d1ab00000,0x0000004d1ac00000)]
  0x00000213bbccff30 JavaThread "Service Thread" daemon [_thread_blocked, id=21936, stack(0x0000004d1ac00000,0x0000004d1ad00000)]
  0x00000213bbcd0800 JavaThread "Monitor Deflation Thread" daemon [_thread_blocked, id=20116, stack(0x0000004d1ad00000,0x0000004d1ae00000)]
=>0x00000213bbcd14b0 JavaThread "C2 CompilerThread0" daemon [_thread_in_native, id=13384, stack(0x0000004d1ae00000,0x0000004d1af00000)]
  0x00000213bbcd3e80 JavaThread "C1 CompilerThread0" daemon [_thread_blocked, id=21812, stack(0x0000004d1af00000,0x0000004d1b000000)]
  0x00000213bbcd4790 JavaThread "Sweeper thread" daemon [_thread_blocked, id=23544, stack(0x0000004d1b000000,0x0000004d1b100000)]
  0x00000213bbc9db30 JavaThread "Common-Cleaner" daemon [_thread_blocked, id=5652, stack(0x0000004d1b100000,0x0000004d1b200000)]
  0x00000213bc782ae0 JavaThread "Notification Thread" daemon [_thread_blocked, id=6872, stack(0x0000004d1b300000,0x0000004d1b400000)]
  0x00000213841da020 JavaThread "Daemon health stats" [_thread_blocked, id=17164, stack(0x0000004d1b500000,0x0000004d1b600000)]
  0x00000213ff381860 JavaThread "Incoming local TCP Connector on port 63823" [_thread_in_native, id=26332, stack(0x0000004d1b200000,0x0000004d1b300000)]
  0x00000213842da570 JavaThread "Daemon periodic checks" [_thread_blocked, id=12752, stack(0x0000004d1bb00000,0x0000004d1bc00000)]
  0x000002138429d1f0 JavaThread "Daemon" [_thread_blocked, id=24212, stack(0x0000004d1bc00000,0x0000004d1bd00000)]
  0x000002138429d6d0 JavaThread "Handler for socket connection from /127.0.0.1:63823 to /127.0.0.1:63825" [_thread_in_native, id=17996, stack(0x0000004d1bd00000,0x0000004d1be00000)]
  0x00000213845da870 JavaThread "Cancel handler" [_thread_blocked, id=14504, stack(0x0000004d1be00000,0x0000004d1bf00000)]
  0x00000213845db150 JavaThread "Daemon worker" [_thread_in_native, id=13728, stack(0x0000004d1bf00000,0x0000004d1c000000)]
  0x00000213845dd350 JavaThread "Asynchronous log dispatcher for DefaultDaemonConnection: socket connection from /127.0.0.1:63823 to /127.0.0.1:63825" [_thread_blocked, id=25828, stack(0x0000004d1c000000,0x0000004d1c100000)]
  0x00000213845dbf10 JavaThread "Stdin handler" [_thread_blocked, id=2500, stack(0x0000004d1c100000,0x0000004d1c200000)]
  0x00000213845dc930 JavaThread "Daemon client event forwarder" [_thread_blocked, id=21988, stack(0x0000004d1c200000,0x0000004d1c300000)]
  0x00000213845dd860 JavaThread "Cache worker for journal cache (C:\Users\52441\.gradle\caches\journal-1)" [_thread_blocked, id=25284, stack(0x0000004d1c300000,0x0000004d1c400000)]
  0x00000213845dc420 JavaThread "File lock request listener" [_thread_in_native, id=16268, stack(0x0000004d1c400000,0x0000004d1c500000)]
  0x0000021384e40be0 JavaThread "Cache worker for file hash cache (C:\Users\52441\.gradle\caches\8.11.1\fileHashes)" [_thread_blocked, id=26228, stack(0x0000004d1c500000,0x0000004d1c600000)]
  0x0000021384e3fcb0 JavaThread "Cache worker for file content cache (C:\Users\52441\.gradle\caches\8.11.1\fileContent)" [_thread_blocked, id=2944, stack(0x0000004d1ba00000,0x0000004d1bb00000)]
  0x00000213fed7b300 JavaThread "C2 CompilerThread1" daemon [_thread_in_native, id=22128, stack(0x0000004d1cb00000,0x0000004d1cc00000)]
  0x0000021384e401c0 JavaThread "Cache worker for file hash cache (C:\ProjectJS\Ionic\Integradora\WasheDay\WasheDay\android\.gradle\8.11.1\fileHashes)" [_thread_blocked, id=4264, stack(0x0000004d1cc00000,0x0000004d1cd00000)]
  0x0000021384e42020 JavaThread "Cache worker for Build Output Cleanup Cache (C:\ProjectJS\Ionic\Integradora\WasheDay\WasheDay\android\.gradle\buildOutputCleanup)" [_thread_blocked, id=25260, stack(0x0000004d1cd00000,0x0000004d1ce00000)]
  0x0000021384e41600 JavaThread "File watcher server" daemon [_thread_in_native, id=7268, stack(0x0000004d1d000000,0x0000004d1d100000)]
  0x0000021384e410f0 JavaThread "File watcher consumer" daemon [_thread_blocked, id=4084, stack(0x0000004d1d100000,0x0000004d1d200000)]
  0x0000021384e42530 JavaThread "jar transforms" [_thread_blocked, id=14944, stack(0x0000004d1d200000,0x0000004d1d300000)]
  0x0000021384e3ed80 JavaThread "jar transforms Thread 2" [_thread_blocked, id=4908, stack(0x0000004d1d300000,0x0000004d1d400000)]
  0x0000021384e406d0 JavaThread "jar transforms Thread 3" [_thread_blocked, id=15808, stack(0x0000004d1d400000,0x0000004d1d500000)]
  0x0000021384e42a40 JavaThread "Cache worker for checksums cache (C:\ProjectJS\Ionic\Integradora\WasheDay\WasheDay\android\.gradle\8.11.1\checksums)" [_thread_blocked, id=24932, stack(0x0000004d1d600000,0x0000004d1d700000)]
  0x0000021384e41b10 JavaThread "Cache worker for cache directory md-rule (C:\Users\52441\.gradle\caches\8.11.1\md-rule)" [_thread_blocked, id=21024, stack(0x0000004d1d700000,0x0000004d1d800000)]
  0x0000021384e42f50 JavaThread "Cache worker for cache directory md-supplier (C:\Users\52441\.gradle\caches\8.11.1\md-supplier)" [_thread_blocked, id=1876, stack(0x0000004d1d800000,0x0000004d1d900000)]
  0x0000021384e3f7a0 JavaThread "jar transforms Thread 4" [_thread_blocked, id=22844, stack(0x0000004d1d900000,0x0000004d1da00000)]
  0x0000021384e44db0 JavaThread "jar transforms Thread 5" [_thread_blocked, id=21252, stack(0x0000004d1da00000,0x0000004d1db00000)]
  0x0000021384e44390 JavaThread "jar transforms Thread 6" [_thread_blocked, id=16224, stack(0x0000004d1db00000,0x0000004d1dc00000)]
  0x0000021384e452c0 JavaThread "jar transforms Thread 7" [_thread_blocked, id=20648, stack(0x0000004d1dc00000,0x0000004d1dd00000)]
  0x0000021384e448a0 JavaThread "jar transforms Thread 8" [_thread_blocked, id=13964, stack(0x0000004d1dd00000,0x0000004d1de00000)]
  0x0000021385b6e380 JavaThread "jar transforms Thread 9" [_thread_blocked, id=18660, stack(0x0000004d1de00000,0x0000004d1df00000)]
  0x0000021385b6cf40 JavaThread "jar transforms Thread 10" [_thread_blocked, id=4296, stack(0x0000004d1df00000,0x0000004d1e000000)]
  0x0000021385b6f2b0 JavaThread "jar transforms Thread 11" [_thread_blocked, id=25564, stack(0x0000004d1e000000,0x0000004d1e100000)]
  0x0000021385b6f7c0 JavaThread "jar transforms Thread 12" [_thread_blocked, id=26140, stack(0x0000004d1e100000,0x0000004d1e200000)]
  0x0000021385b6e890 JavaThread "Unconstrained build operations" [_thread_blocked, id=17584, stack(0x0000004d1e200000,0x0000004d1e300000)]
  0x0000021385b6fcd0 JavaThread "Unconstrained build operations Thread 2" [_thread_blocked, id=23044, stack(0x0000004d1e300000,0x0000004d1e400000)]
  0x0000021385b701e0 JavaThread "Unconstrained build operations Thread 3" [_thread_blocked, id=21844, stack(0x0000004d1e400000,0x0000004d1e500000)]
  0x0000021385b6d960 JavaThread "Unconstrained build operations Thread 4" [_thread_blocked, id=15756, stack(0x0000004d1e500000,0x0000004d1e600000)]
  0x0000021385b6eda0 JavaThread "Unconstrained build operations Thread 5" [_thread_blocked, id=992, stack(0x0000004d1e600000,0x0000004d1e700000)]
  0x0000021386127470 JavaThread "Unconstrained build operations Thread 6" [_thread_blocked, id=11400, stack(0x0000004d1e700000,0x0000004d1e800000)]
  0x00000213861288b0 JavaThread "Unconstrained build operations Thread 7" [_thread_blocked, id=17820, stack(0x0000004d1e800000,0x0000004d1e900000)]
  0x0000021386127980 JavaThread "Unconstrained build operations Thread 8" [_thread_blocked, id=16460, stack(0x0000004d1e900000,0x0000004d1ea00000)]
  0x0000021386127e90 JavaThread "Unconstrained build operations Thread 9" [_thread_blocked, id=14584, stack(0x0000004d1ea00000,0x0000004d1eb00000)]
  0x0000021386128dc0 JavaThread "Unconstrained build operations Thread 10" [_thread_blocked, id=11512, stack(0x0000004d1eb00000,0x0000004d1ec00000)]
  0x0000021386125b20 JavaThread "Unconstrained build operations Thread 11" [_thread_blocked, id=22184, stack(0x0000004d1ec00000,0x0000004d1ed00000)]
  0x00000213861283a0 JavaThread "Unconstrained build operations Thread 12" [_thread_blocked, id=20652, stack(0x0000004d1ed00000,0x0000004d1ee00000)]
  0x0000021386126540 JavaThread "Unconstrained build operations Thread 13" [_thread_blocked, id=26056, stack(0x0000004d1ee00000,0x0000004d1ef00000)]
  0x0000021386125610 JavaThread "Unconstrained build operations Thread 14" [_thread_blocked, id=8512, stack(0x0000004d1ef00000,0x0000004d1f000000)]
  0x00000213861292d0 JavaThread "Unconstrained build operations Thread 15" [_thread_blocked, id=4732, stack(0x0000004d1f000000,0x0000004d1f100000)]
  0x00000213861297e0 JavaThread "Unconstrained build operations Thread 16" [_thread_blocked, id=21124, stack(0x0000004d1f100000,0x0000004d1f200000)]
  0x0000021386126a50 JavaThread "Unconstrained build operations Thread 17" [_thread_blocked, id=19580, stack(0x0000004d1f200000,0x0000004d1f300000)]
  0x0000021386126030 JavaThread "Unconstrained build operations Thread 18" [_thread_blocked, id=21744, stack(0x0000004d1f300000,0x0000004d1f400000)]
  0x0000021386129cf0 JavaThread "Unconstrained build operations Thread 19" [_thread_blocked, id=7724, stack(0x0000004d1f400000,0x0000004d1f500000)]
  0x000002138612a200 JavaThread "Unconstrained build operations Thread 20" [_thread_blocked, id=25808, stack(0x0000004d1f500000,0x0000004d1f600000)]
  0x000002138612a710 JavaThread "Unconstrained build operations Thread 21" [_thread_blocked, id=3124, stack(0x0000004d1f600000,0x0000004d1f700000)]
  0x0000021386126f60 JavaThread "Unconstrained build operations Thread 22" [_thread_blocked, id=9212, stack(0x0000004d1f700000,0x0000004d1f800000)]
  0x000002138612b640 JavaThread "Unconstrained build operations Thread 23" [_thread_blocked, id=22252, stack(0x0000004d1f800000,0x0000004d1f900000)]
  0x000002138612bb50 JavaThread "Unconstrained build operations Thread 24" [_thread_blocked, id=20156, stack(0x0000004d1f900000,0x0000004d1fa00000)]
  0x000002138612c060 JavaThread "Unconstrained build operations Thread 25" [_thread_blocked, id=21980, stack(0x0000004d1fa00000,0x0000004d1fb00000)]
  0x000002138612c570 JavaThread "Unconstrained build operations Thread 26" [_thread_blocked, id=24768, stack(0x0000004d1fb00000,0x0000004d1fc00000)]
  0x000002138612ca80 JavaThread "Unconstrained build operations Thread 27" [_thread_blocked, id=8464, stack(0x0000004d1fc00000,0x0000004d1fd00000)]
  0x000002138612cf90 JavaThread "Unconstrained build operations Thread 28" [_thread_blocked, id=10332, stack(0x0000004d1fd00000,0x0000004d1fe00000)]
  0x0000021384f21b10 JavaThread "Unconstrained build operations Thread 29" [_thread_blocked, id=4812, stack(0x0000004d1fe00000,0x0000004d1ff00000)]
  0x0000021384f22020 JavaThread "Unconstrained build operations Thread 30" [_thread_blocked, id=3112, stack(0x0000004d1ff00000,0x0000004d20000000)]
  0x0000021384f22f50 JavaThread "Unconstrained build operations Thread 31" [_thread_blocked, id=25372, stack(0x0000004d20000000,0x0000004d20100000)]
  0x0000021384f23460 JavaThread "Unconstrained build operations Thread 32" [_thread_blocked, id=20640, stack(0x0000004d20100000,0x0000004d20200000)]
  0x0000021384f248a0 JavaThread "Unconstrained build operations Thread 33" [_thread_blocked, id=25900, stack(0x0000004d20200000,0x0000004d20300000)]
  0x0000021384f24db0 JavaThread "Memory manager" [_thread_blocked, id=23420, stack(0x0000004d1d500000,0x0000004d1d600000)]
  0x00000213fed78330 JavaThread "C2 CompilerThread2" daemon [_thread_in_native, id=21836, stack(0x0000004d20300000,0x0000004d20400000)]

Other Threads:
  0x00000213bbcae460 VMThread "VM Thread" [stack: 0x0000004d1a700000,0x0000004d1a800000] [id=22780]
  0x00000213bc73b6c0 WatcherThread [stack: 0x0000004d1b400000,0x0000004d1b500000] [id=19032]
  0x000002139ee9be20 GCTaskThread "GC Thread#0" [stack: 0x0000004d1a200000,0x0000004d1a300000] [id=24496]
  0x00000213fe8ec730 GCTaskThread "GC Thread#1" [stack: 0x0000004d1b600000,0x0000004d1b700000] [id=19688]
  0x00000213fe5f1260 GCTaskThread "GC Thread#2" [stack: 0x0000004d1b700000,0x0000004d1b800000] [id=15696]
  0x00000213feb38640 GCTaskThread "GC Thread#3" [stack: 0x0000004d1b800000,0x0000004d1b900000] [id=11796]
  0x00000213feb396c0 GCTaskThread "GC Thread#4" [stack: 0x0000004d1b900000,0x0000004d1ba00000] [id=20844]
  0x00000213feb38900 GCTaskThread "GC Thread#5" [stack: 0x0000004d1c600000,0x0000004d1c700000] [id=22320]
  0x00000213feb39140 GCTaskThread "GC Thread#6" [stack: 0x0000004d1c700000,0x0000004d1c800000] [id=26416]
  0x00000213feb39400 GCTaskThread "GC Thread#7" [stack: 0x0000004d1c800000,0x0000004d1c900000] [id=9388]
  0x00000213feb39980 GCTaskThread "GC Thread#8" [stack: 0x0000004d1c900000,0x0000004d1ca00000] [id=24720]
  0x00000213feb380c0 GCTaskThread "GC Thread#9" [stack: 0x0000004d1ca00000,0x0000004d1cb00000] [id=16816]
  0x000002139eea9c90 ConcurrentGCThread "G1 Main Marker" [stack: 0x0000004d1a300000,0x0000004d1a400000] [id=19660]
  0x000002139eeac2a0 ConcurrentGCThread "G1 Conc#0" [stack: 0x0000004d1a400000,0x0000004d1a500000] [id=25252]
  0x00000213848144d0 ConcurrentGCThread "G1 Conc#1" [stack: 0x0000004d1ce00000,0x0000004d1cf00000] [id=14904]
  0x0000021384811e50 ConcurrentGCThread "G1 Conc#2" [stack: 0x0000004d1cf00000,0x0000004d1d000000] [id=23608]
  0x00000213bbb5cec0 ConcurrentGCThread "G1 Refine#0" [stack: 0x0000004d1a500000,0x0000004d1a600000] [id=26204]
  0x00000213bbb5e6b0 ConcurrentGCThread "G1 Service" [stack: 0x0000004d1a600000,0x0000004d1a700000] [id=6904]

Threads with active compile tasks:
C2 CompilerThread0    18254 9170 %     4       org.gradle.internal.instantiation.generator.AbstractClassGenerator::inspectType @ 77 (560 bytes)

VM state: not at safepoint (normal execution)

VM Mutex/Monitor currently owned by a thread: None

Heap address: 0x00000000a0000000, size: 1536 MB, Compressed Oops mode: 32-bit

CDS archive(s) mapped at: [0x00000213bd000000-0x00000213bdbb0000-0x00000213bdbb0000), size 12255232, SharedBaseAddress: 0x00000213bd000000, ArchiveRelocationMode: 1.
Compressed class space mapped at: 0x00000213be000000-0x00000213fe000000, reserved size: 1073741824
Narrow klass base: 0x00000213bd000000, Narrow klass shift: 0, Narrow klass range: 0x100000000

GC Precious Log:
 CPUs: 12 total, 12 available
 Memory: 7917M
 Large Page Support: Disabled
 NUMA Support: Disabled
 Compressed Oops: Enabled (32-bit)
 Heap Region Size: 1M
 Heap Min Capacity: 8M
 Heap Initial Capacity: 124M
 Heap Max Capacity: 1536M
 Pre-touch: Disabled
 Parallel Workers: 10
 Concurrent Workers: 3
 Concurrent Refinement Workers: 10
 Periodic GC: Disabled

Heap:
 garbage-first heap   total 142336K, used 94147K [0x00000000a0000000, 0x0000000100000000)
  region size 1024K, 17 young (17408K), 2 survivors (2048K)
 Metaspace       used 68232K, committed 68864K, reserved 1114112K
  class space    used 9331K, committed 9600K, reserved 1048576K

Heap Regions: E=young(eden), S=young(survivor), O=old, HS=humongous(starts), HC=humongous(continues), CS=collection set, F=free, OA=open archive, CA=closed archive, TAMS=top-at-mark-start (previous, next)
|   0|0x00000000a0000000, 0x00000000a0100000, 0x00000000a0100000|100%| O|  |TAMS 0x00000000a0100000, 0x00000000a0000000| Untracked 
|   1|0x00000000a0100000, 0x00000000a0200000, 0x00000000a0200000|100%|HS|  |TAMS 0x00000000a0200000, 0x00000000a0100000| Complete 
|   2|0x00000000a0200000, 0x00000000a0300000, 0x00000000a0300000|100%|HC|  |TAMS 0x00000000a0300000, 0x00000000a0200000| Complete 
|   3|0x00000000a0300000, 0x00000000a0400000, 0x00000000a0400000|100%|HC|  |TAMS 0x00000000a0400000, 0x00000000a0300000| Complete 
|   4|0x00000000a0400000, 0x00000000a0500000, 0x00000000a0500000|100%| O|  |TAMS 0x00000000a0500000, 0x00000000a0400000| Untracked 
|   5|0x00000000a0500000, 0x00000000a0600000, 0x00000000a0600000|100%| O|  |TAMS 0x00000000a0600000, 0x00000000a0500000| Untracked 
|   6|0x00000000a0600000, 0x00000000a0700000, 0x00000000a0700000|100%| O|  |TAMS 0x00000000a0700000, 0x00000000a0600000| Untracked 
|   7|0x00000000a0700000, 0x00000000a0800000, 0x00000000a0800000|100%|HS|  |TAMS 0x00000000a0800000, 0x00000000a0700000| Complete 
|   8|0x00000000a0800000, 0x00000000a0900000, 0x00000000a0900000|100%| O|  |TAMS 0x00000000a0900000, 0x00000000a0800000| Untracked 
|   9|0x00000000a0900000, 0x00000000a0a00000, 0x00000000a0a00000|100%| O|  |TAMS 0x00000000a0a00000, 0x00000000a0900000| Untracked 
|  10|0x00000000a0a00000, 0x00000000a0b00000, 0x00000000a0b00000|100%| O|  |TAMS 0x00000000a0b00000, 0x00000000a0a00000| Untracked 
|  11|0x00000000a0b00000, 0x00000000a0c00000, 0x00000000a0c00000|100%| O|  |TAMS 0x00000000a0c00000, 0x00000000a0b00000| Untracked 
|  12|0x00000000a0c00000, 0x00000000a0d00000, 0x00000000a0d00000|100%| O|  |TAMS 0x00000000a0d00000, 0x00000000a0c00000| Untracked 
|  13|0x00000000a0d00000, 0x00000000a0e00000, 0x00000000a0e00000|100%| O|  |TAMS 0x00000000a0e00000, 0x00000000a0d00000| Untracked 
|  14|0x00000000a0e00000, 0x00000000a0f00000, 0x00000000a0f00000|100%| O|  |TAMS 0x00000000a0f00000, 0x00000000a0e00000| Untracked 
|  15|0x00000000a0f00000, 0x00000000a1000000, 0x00000000a1000000|100%| O|  |TAMS 0x00000000a1000000, 0x00000000a0f00000| Untracked 
|  16|0x00000000a1000000, 0x00000000a1100000, 0x00000000a1100000|100%| O|  |TAMS 0x00000000a1100000, 0x00000000a1000000| Untracked 
|  17|0x00000000a1100000, 0x00000000a1200000, 0x00000000a1200000|100%| O|  |TAMS 0x00000000a1200000, 0x00000000a1100000| Untracked 
|  18|0x00000000a1200000, 0x00000000a1300000, 0x00000000a1300000|100%| O|  |TAMS 0x00000000a1300000, 0x00000000a1200000| Untracked 
|  19|0x00000000a1300000, 0x00000000a1400000, 0x00000000a1400000|100%| O|  |TAMS 0x00000000a1400000, 0x00000000a1300000| Untracked 
|  20|0x00000000a1400000, 0x00000000a1500000, 0x00000000a1500000|100%| O|  |TAMS 0x00000000a1500000, 0x00000000a1400000| Untracked 
|  21|0x00000000a1500000, 0x00000000a1559400, 0x00000000a1600000| 34%| O|  |TAMS 0x00000000a1559400, 0x00000000a1500000| Complete 
|  22|0x00000000a1600000, 0x00000000a1700000, 0x00000000a1700000|100%| O|  |TAMS 0x00000000a1700000, 0x00000000a1600000| Untracked 
|  23|0x00000000a1700000, 0x00000000a1800000, 0x00000000a1800000|100%| O|  |TAMS 0x00000000a1800000, 0x00000000a1700000| Untracked 
|  24|0x00000000a1800000, 0x00000000a1900000, 0x00000000a1900000|100%| O|  |TAMS 0x00000000a1900000, 0x00000000a1800000| Untracked 
|  25|0x00000000a1900000, 0x00000000a1a00000, 0x00000000a1a00000|100%| O|  |TAMS 0x00000000a1a00000, 0x00000000a1900000| Untracked 
|  26|0x00000000a1a00000, 0x00000000a1b00000, 0x00000000a1b00000|100%| O|  |TAMS 0x00000000a1b00000, 0x00000000a1a00000| Untracked 
|  27|0x00000000a1b00000, 0x00000000a1c00000, 0x00000000a1c00000|100%| O|  |TAMS 0x00000000a1c00000, 0x00000000a1b00000| Untracked 
|  28|0x00000000a1c00000, 0x00000000a1d00000, 0x00000000a1d00000|100%| O|  |TAMS 0x00000000a1d00000, 0x00000000a1c00000| Untracked 
|  29|0x00000000a1d00000, 0x00000000a1e00000, 0x00000000a1e00000|100%| O|  |TAMS 0x00000000a1e00000, 0x00000000a1d00000| Untracked 
|  30|0x00000000a1e00000, 0x00000000a1f00000, 0x00000000a1f00000|100%| O|  |TAMS 0x00000000a1f00000, 0x00000000a1e00000| Untracked 
|  31|0x00000000a1f00000, 0x00000000a2000000, 0x00000000a2000000|100%| O|  |TAMS 0x00000000a2000000, 0x00000000a1f00000| Untracked 
|  32|0x00000000a2000000, 0x00000000a2100000, 0x00000000a2100000|100%| O|  |TAMS 0x00000000a2100000, 0x00000000a2000000| Untracked 
|  33|0x00000000a2100000, 0x00000000a2200000, 0x00000000a2200000|100%| O|  |TAMS 0x00000000a2200000, 0x00000000a2100000| Untracked 
|  34|0x00000000a2200000, 0x00000000a2300000, 0x00000000a2300000|100%| O|  |TAMS 0x00000000a2300000, 0x00000000a2200000| Untracked 
|  35|0x00000000a2300000, 0x00000000a2400000, 0x00000000a2400000|100%| O|  |TAMS 0x00000000a2400000, 0x00000000a2300000| Untracked 
|  36|0x00000000a2400000, 0x00000000a2500000, 0x00000000a2500000|100%| O|  |TAMS 0x00000000a2500000, 0x00000000a2400000| Untracked 
|  37|0x00000000a2500000, 0x00000000a2600000, 0x00000000a2600000|100%| O|  |TAMS 0x00000000a2600000, 0x00000000a2500000| Untracked 
|  38|0x00000000a2600000, 0x00000000a2700000, 0x00000000a2700000|100%| O|  |TAMS 0x00000000a2700000, 0x00000000a2600000| Untracked 
|  39|0x00000000a2700000, 0x00000000a2800000, 0x00000000a2800000|100%| O|  |TAMS 0x00000000a2800000, 0x00000000a2700000| Untracked 
|  40|0x00000000a2800000, 0x00000000a2900000, 0x00000000a2900000|100%| O|  |TAMS 0x00000000a2900000, 0x00000000a2800000| Untracked 
|  41|0x00000000a2900000, 0x00000000a2a00000, 0x00000000a2a00000|100%| O|  |TAMS 0x00000000a2a00000, 0x00000000a2900000| Untracked 
|  42|0x00000000a2a00000, 0x00000000a2b00000, 0x00000000a2b00000|100%| O|  |TAMS 0x00000000a2b00000, 0x00000000a2a00000| Untracked 
|  43|0x00000000a2b00000, 0x00000000a2c00000, 0x00000000a2c00000|100%| O|  |TAMS 0x00000000a2c00000, 0x00000000a2b00000| Untracked 
|  44|0x00000000a2c00000, 0x00000000a2d00000, 0x00000000a2d00000|100%| O|  |TAMS 0x00000000a2d00000, 0x00000000a2c00000| Untracked 
|  45|0x00000000a2d00000, 0x00000000a2e00000, 0x00000000a2e00000|100%| O|  |TAMS 0x00000000a2e00000, 0x00000000a2d00000| Untracked 
|  46|0x00000000a2e00000, 0x00000000a2f00000, 0x00000000a2f00000|100%|HS|  |TAMS 0x00000000a2f00000, 0x00000000a2e00000| Complete 
|  47|0x00000000a2f00000, 0x00000000a3000000, 0x00000000a3000000|100%|HS|  |TAMS 0x00000000a3000000, 0x00000000a2f00000| Complete 
|  48|0x00000000a3000000, 0x00000000a3100000, 0x00000000a3100000|100%| O|  |TAMS 0x00000000a3100000, 0x00000000a3000000| Untracked 
|  49|0x00000000a3100000, 0x00000000a3200000, 0x00000000a3200000|100%|HS|  |TAMS 0x00000000a3200000, 0x00000000a3100000| Complete 
|  50|0x00000000a3200000, 0x00000000a3300000, 0x00000000a3300000|100%| O|  |TAMS 0x00000000a3300000, 0x00000000a3200000| Untracked 
|  51|0x00000000a3300000, 0x00000000a3400000, 0x00000000a3400000|100%|HS|  |TAMS 0x00000000a3400000, 0x00000000a3300000| Complete 
|  52|0x00000000a3400000, 0x00000000a3500000, 0x00000000a3500000|100%|HS|  |TAMS 0x00000000a3500000, 0x00000000a3400000| Complete 
|  53|0x00000000a3500000, 0x00000000a3600000, 0x00000000a3600000|100%| O|  |TAMS 0x00000000a3600000, 0x00000000a3500000| Untracked 
|  54|0x00000000a3600000, 0x00000000a3700000, 0x00000000a3700000|100%| O|  |TAMS 0x00000000a3700000, 0x00000000a3600000| Untracked 
|  55|0x00000000a3700000, 0x00000000a3800000, 0x00000000a3800000|100%| O|  |TAMS 0x00000000a3800000, 0x00000000a3700000| Untracked 
|  56|0x00000000a3800000, 0x00000000a3900000, 0x00000000a3900000|100%| O|  |TAMS 0x00000000a3900000, 0x00000000a3800000| Untracked 
|  57|0x00000000a3900000, 0x00000000a3a00000, 0x00000000a3a00000|100%| O|  |TAMS 0x00000000a3a00000, 0x00000000a3900000| Untracked 
|  58|0x00000000a3a00000, 0x00000000a3b00000, 0x00000000a3b00000|100%| O|  |TAMS 0x00000000a3b00000, 0x00000000a3a00000| Untracked 
|  59|0x00000000a3b00000, 0x00000000a3c00000, 0x00000000a3c00000|100%| O|  |TAMS 0x00000000a3c00000, 0x00000000a3b00000| Untracked 
|  60|0x00000000a3c00000, 0x00000000a3d00000, 0x00000000a3d00000|100%|HS|  |TAMS 0x00000000a3d00000, 0x00000000a3c00000| Complete 
|  61|0x00000000a3d00000, 0x00000000a3e00000, 0x00000000a3e00000|100%| O|  |TAMS 0x00000000a3e00000, 0x00000000a3d00000| Untracked 
|  62|0x00000000a3e00000, 0x00000000a3f00000, 0x00000000a3f00000|100%|HS|  |TAMS 0x00000000a3f00000, 0x00000000a3e00000| Complete 
|  63|0x00000000a3f00000, 0x00000000a4000000, 0x00000000a4000000|100%| O|  |TAMS 0x00000000a4000000, 0x00000000a3f00000| Untracked 
|  64|0x00000000a4000000, 0x00000000a4100000, 0x00000000a4100000|100%| O|  |TAMS 0x00000000a4100000, 0x00000000a4000000| Untracked 
|  65|0x00000000a4100000, 0x00000000a4200000, 0x00000000a4200000|100%| O|  |TAMS 0x00000000a4200000, 0x00000000a4100000| Untracked 
|  66|0x00000000a4200000, 0x00000000a4300000, 0x00000000a4300000|100%| O|  |TAMS 0x00000000a4300000, 0x00000000a4200000| Untracked 
|  67|0x00000000a4300000, 0x00000000a4400000, 0x00000000a4400000|100%| O|  |TAMS 0x00000000a4400000, 0x00000000a4300000| Untracked 
|  68|0x00000000a4400000, 0x00000000a4500000, 0x00000000a4500000|100%| O|  |TAMS 0x00000000a4500000, 0x00000000a4400000| Untracked 
|  69|0x00000000a4500000, 0x00000000a4600000, 0x00000000a4600000|100%| O|  |TAMS 0x00000000a4600000, 0x00000000a4500000| Untracked 
|  70|0x00000000a4600000, 0x00000000a4700000, 0x00000000a4700000|100%| O|  |TAMS 0x00000000a469c600, 0x00000000a4600000| Untracked 
|  71|0x00000000a4700000, 0x00000000a4800000, 0x00000000a4800000|100%| O|  |TAMS 0x00000000a4700000, 0x00000000a4700000| Untracked 
|  72|0x00000000a4800000, 0x00000000a4900000, 0x00000000a4900000|100%| O|  |TAMS 0x00000000a4800000, 0x00000000a4800000| Untracked 
|  73|0x00000000a4900000, 0x00000000a4a00000, 0x00000000a4a00000|100%| O|  |TAMS 0x00000000a4900000, 0x00000000a4900000| Untracked 
|  74|0x00000000a4a00000, 0x00000000a4b00000, 0x00000000a4b00000|100%| O|  |TAMS 0x00000000a4a00000, 0x00000000a4a00000| Untracked 
|  75|0x00000000a4b00000, 0x00000000a4bd1a00, 0x00000000a4c00000| 81%| O|  |TAMS 0x00000000a4b00000, 0x00000000a4b00000| Untracked 
|  76|0x00000000a4c00000, 0x00000000a4d00000, 0x00000000a4d00000|100%|HS|  |TAMS 0x00000000a4c00000, 0x00000000a4c00000| Complete 
|  77|0x00000000a4d00000, 0x00000000a4d00000, 0x00000000a4e00000|  0%| F|  |TAMS 0x00000000a4d00000, 0x00000000a4d00000| Untracked 
|  78|0x00000000a4e00000, 0x00000000a4e00000, 0x00000000a4f00000|  0%| F|  |TAMS 0x00000000a4e00000, 0x00000000a4e00000| Untracked 
|  79|0x00000000a4f00000, 0x00000000a4f00000, 0x00000000a5000000|  0%| F|  |TAMS 0x00000000a4f00000, 0x00000000a4f00000| Untracked 
|  80|0x00000000a5000000, 0x00000000a5000000, 0x00000000a5100000|  0%| F|  |TAMS 0x00000000a5000000, 0x00000000a5000000| Untracked 
|  81|0x00000000a5100000, 0x00000000a5100000, 0x00000000a5200000|  0%| F|  |TAMS 0x00000000a5100000, 0x00000000a5100000| Untracked 
|  82|0x00000000a5200000, 0x00000000a5200000, 0x00000000a5300000|  0%| F|  |TAMS 0x00000000a5200000, 0x00000000a5200000| Untracked 
|  83|0x00000000a5300000, 0x00000000a5300000, 0x00000000a5400000|  0%| F|  |TAMS 0x00000000a5300000, 0x00000000a5300000| Untracked 
|  84|0x00000000a5400000, 0x00000000a5400000, 0x00000000a5500000|  0%| F|  |TAMS 0x00000000a5400000, 0x00000000a5400000| Untracked 
|  85|0x00000000a5500000, 0x00000000a5500000, 0x00000000a5600000|  0%| F|  |TAMS 0x00000000a5500000, 0x00000000a5500000| Untracked 
|  86|0x00000000a5600000, 0x00000000a5600000, 0x00000000a5700000|  0%| F|  |TAMS 0x00000000a5600000, 0x00000000a5600000| Untracked 
|  87|0x00000000a5700000, 0x00000000a5700000, 0x00000000a5800000|  0%| F|  |TAMS 0x00000000a5700000, 0x00000000a5700000| Untracked 
|  88|0x00000000a5800000, 0x00000000a5800000, 0x00000000a5900000|  0%| F|  |TAMS 0x00000000a5800000, 0x00000000a5800000| Untracked 
|  89|0x00000000a5900000, 0x00000000a5900000, 0x00000000a5a00000|  0%| F|  |TAMS 0x00000000a5900000, 0x00000000a5900000| Untracked 
|  90|0x00000000a5a00000, 0x00000000a5a00000, 0x00000000a5b00000|  0%| F|  |TAMS 0x00000000a5a00000, 0x00000000a5a00000| Untracked 
|  91|0x00000000a5b00000, 0x00000000a5b00000, 0x00000000a5c00000|  0%| F|  |TAMS 0x00000000a5b00000, 0x00000000a5b00000| Untracked 
|  92|0x00000000a5c00000, 0x00000000a5c00000, 0x00000000a5d00000|  0%| F|  |TAMS 0x00000000a5c00000, 0x00000000a5c00000| Untracked 
|  93|0x00000000a5d00000, 0x00000000a5d00000, 0x00000000a5e00000|  0%| F|  |TAMS 0x00000000a5d00000, 0x00000000a5d00000| Untracked 
|  94|0x00000000a5e00000, 0x00000000a5e00000, 0x00000000a5f00000|  0%| F|  |TAMS 0x00000000a5e00000, 0x00000000a5e00000| Untracked 
|  95|0x00000000a5f00000, 0x00000000a5f00000, 0x00000000a6000000|  0%| F|  |TAMS 0x00000000a5f00000, 0x00000000a5f00000| Untracked 
|  96|0x00000000a6000000, 0x00000000a6000000, 0x00000000a6100000|  0%| F|  |TAMS 0x00000000a6000000, 0x00000000a6000000| Untracked 
|  97|0x00000000a6100000, 0x00000000a6100000, 0x00000000a6200000|  0%| F|  |TAMS 0x00000000a6100000, 0x00000000a6100000| Untracked 
|  98|0x00000000a6200000, 0x00000000a6200000, 0x00000000a6300000|  0%| F|  |TAMS 0x00000000a6200000, 0x00000000a6200000| Untracked 
|  99|0x00000000a6300000, 0x00000000a6300000, 0x00000000a6400000|  0%| F|  |TAMS 0x00000000a6300000, 0x00000000a6300000| Untracked 
| 100|0x00000000a6400000, 0x00000000a6400000, 0x00000000a6500000|  0%| F|  |TAMS 0x00000000a6400000, 0x00000000a6400000| Untracked 
| 101|0x00000000a6500000, 0x00000000a65c61c0, 0x00000000a6600000| 77%| S|CS|TAMS 0x00000000a6500000, 0x00000000a6500000| Complete 
| 102|0x00000000a6600000, 0x00000000a6700000, 0x00000000a6700000|100%| S|CS|TAMS 0x00000000a6600000, 0x00000000a6600000| Complete 
| 103|0x00000000a6700000, 0x00000000a6700000, 0x00000000a6800000|  0%| F|  |TAMS 0x00000000a6700000, 0x00000000a6700000| Untracked 
| 104|0x00000000a6800000, 0x00000000a6800000, 0x00000000a6900000|  0%| F|  |TAMS 0x00000000a6800000, 0x00000000a6800000| Untracked 
| 105|0x00000000a6900000, 0x00000000a6900000, 0x00000000a6a00000|  0%| F|  |TAMS 0x00000000a6900000, 0x00000000a6900000| Untracked 
| 106|0x00000000a6a00000, 0x00000000a6a00000, 0x00000000a6b00000|  0%| F|  |TAMS 0x00000000a6a00000, 0x00000000a6a00000| Untracked 
| 107|0x00000000a6b00000, 0x00000000a6b00000, 0x00000000a6c00000|  0%| F|  |TAMS 0x00000000a6b00000, 0x00000000a6b00000| Untracked 
| 108|0x00000000a6c00000, 0x00000000a6c00000, 0x00000000a6d00000|  0%| F|  |TAMS 0x00000000a6c00000, 0x00000000a6c00000| Untracked 
| 109|0x00000000a6d00000, 0x00000000a6d00000, 0x00000000a6e00000|  0%| F|  |TAMS 0x00000000a6d00000, 0x00000000a6d00000| Untracked 
| 110|0x00000000a6e00000, 0x00000000a6e00000, 0x00000000a6f00000|  0%| F|  |TAMS 0x00000000a6e00000, 0x00000000a6e00000| Untracked 
| 111|0x00000000a6f00000, 0x00000000a6f00000, 0x00000000a7000000|  0%| F|  |TAMS 0x00000000a6f00000, 0x00000000a6f00000| Untracked 
| 112|0x00000000a7000000, 0x00000000a7000000, 0x00000000a7100000|  0%| F|  |TAMS 0x00000000a7000000, 0x00000000a7000000| Untracked 
| 113|0x00000000a7100000, 0x00000000a7100000, 0x00000000a7200000|  0%| F|  |TAMS 0x00000000a7100000, 0x00000000a7100000| Untracked 
| 114|0x00000000a7200000, 0x00000000a7200000, 0x00000000a7300000|  0%| F|  |TAMS 0x00000000a7200000, 0x00000000a7200000| Untracked 
| 115|0x00000000a7300000, 0x00000000a7300000, 0x00000000a7400000|  0%| F|  |TAMS 0x00000000a7300000, 0x00000000a7300000| Untracked 
| 116|0x00000000a7400000, 0x00000000a7400000, 0x00000000a7500000|  0%| F|  |TAMS 0x00000000a7400000, 0x00000000a7400000| Untracked 
| 117|0x00000000a7500000, 0x00000000a7500000, 0x00000000a7600000|  0%| F|  |TAMS 0x00000000a7500000, 0x00000000a7500000| Untracked 
| 118|0x00000000a7600000, 0x00000000a7600000, 0x00000000a7700000|  0%| F|  |TAMS 0x00000000a7600000, 0x00000000a7600000| Untracked 
| 119|0x00000000a7700000, 0x00000000a7700000, 0x00000000a7800000|  0%| F|  |TAMS 0x00000000a7700000, 0x00000000a7700000| Untracked 
| 120|0x00000000a7800000, 0x00000000a7800000, 0x00000000a7900000|  0%| F|  |TAMS 0x00000000a7800000, 0x00000000a7800000| Untracked 
| 121|0x00000000a7900000, 0x00000000a7900000, 0x00000000a7a00000|  0%| F|  |TAMS 0x00000000a7900000, 0x00000000a7900000| Untracked 
| 122|0x00000000a7a00000, 0x00000000a7a00000, 0x00000000a7b00000|  0%| F|  |TAMS 0x00000000a7a00000, 0x00000000a7a00000| Untracked 
| 123|0x00000000a7b00000, 0x00000000a7b80000, 0x00000000a7c00000| 50%| E|  |TAMS 0x00000000a7b00000, 0x00000000a7b00000| Complete 
| 124|0x00000000a7c00000, 0x00000000a7d00000, 0x00000000a7d00000|100%| E|CS|TAMS 0x00000000a7c00000, 0x00000000a7c00000| Complete 
| 125|0x00000000a7d00000, 0x00000000a7e00000, 0x00000000a7e00000|100%| E|CS|TAMS 0x00000000a7d00000, 0x00000000a7d00000| Complete 
| 126|0x00000000a7e00000, 0x00000000a7f00000, 0x00000000a7f00000|100%| E|CS|TAMS 0x00000000a7e00000, 0x00000000a7e00000| Complete 
| 127|0x00000000a7f00000, 0x00000000a8000000, 0x00000000a8000000|100%| E|CS|TAMS 0x00000000a7f00000, 0x00000000a7f00000| Complete 
| 128|0x00000000a8000000, 0x00000000a8100000, 0x00000000a8100000|100%| E|CS|TAMS 0x00000000a8000000, 0x00000000a8000000| Complete 
| 129|0x00000000a8100000, 0x00000000a8200000, 0x00000000a8200000|100%| E|CS|TAMS 0x00000000a8100000, 0x00000000a8100000| Complete 
| 130|0x00000000a8200000, 0x00000000a8300000, 0x00000000a8300000|100%| E|CS|TAMS 0x00000000a8200000, 0x00000000a8200000| Complete 
| 131|0x00000000a8300000, 0x00000000a8400000, 0x00000000a8400000|100%| E|CS|TAMS 0x00000000a8300000, 0x00000000a8300000| Complete 
| 132|0x00000000a8400000, 0x00000000a8500000, 0x00000000a8500000|100%| E|CS|TAMS 0x00000000a8400000, 0x00000000a8400000| Complete 
| 133|0x00000000a8500000, 0x00000000a8600000, 0x00000000a8600000|100%| E|CS|TAMS 0x00000000a8500000, 0x00000000a8500000| Complete 
| 134|0x00000000a8600000, 0x00000000a8700000, 0x00000000a8700000|100%| E|CS|TAMS 0x00000000a8600000, 0x00000000a8600000| Complete 
| 135|0x00000000a8700000, 0x00000000a8800000, 0x00000000a8800000|100%| E|CS|TAMS 0x00000000a8700000, 0x00000000a8700000| Complete 
| 136|0x00000000a8800000, 0x00000000a8900000, 0x00000000a8900000|100%| E|CS|TAMS 0x00000000a8800000, 0x00000000a8800000| Complete 
| 137|0x00000000a8900000, 0x00000000a8a00000, 0x00000000a8a00000|100%| E|CS|TAMS 0x00000000a8900000, 0x00000000a8900000| Complete 
| 138|0x00000000a8a00000, 0x00000000a8b00000, 0x00000000a8b00000|100%| E|CS|TAMS 0x00000000a8a00000, 0x00000000a8a00000| Complete 

Card table byte_map: [0x00000213b61d0000,0x00000213b64d0000] _byte_map_base: 0x00000213b5cd0000

Marking Bits (Prev, Next): (CMBitMap*) 0x000002139ee9c390, (CMBitMap*) 0x000002139ee9c350
 Prev Bits: [0x00000213b7fd0000, 0x00000213b97d0000)
 Next Bits: [0x00000213b67d0000, 0x00000213b7fd0000)

Polling page: 0x000002139e580000

Metaspace:

Usage:
  Non-class:     57.57 MB used.
      Class:      9.12 MB used.
       Both:     66.69 MB used.

Virtual space:
  Non-class space:       64.00 MB reserved,      57.94 MB ( 91%) committed,  1 nodes.
      Class space:        1.00 GB reserved,       9.44 MB ( <1%) committed,  1 nodes.
             Both:        1.06 GB reserved,      67.38 MB (  6%) committed. 

Chunk freelists:
   Non-Class:  5.34 MB
       Class:  6.48 MB
        Both:  11.83 MB

MaxMetaspaceSize: unlimited
CompressedClassSpaceSize: 1.00 GB
Initial GC threshold: 21.00 MB
Current GC threshold: 110.88 MB
CDS: on
MetaspaceReclaimPolicy: balanced
 - commit_granule_bytes: 65536.
 - commit_granule_words: 8192.
 - virtual_space_node_default_size: 8388608.
 - enlarge_chunks_in_place: 1.
 - new_chunks_are_fully_committed: 0.
 - uncommit_free_chunks: 1.
 - use_allocation_guard: 0.
 - handle_deallocations: 1.


Internal statistics:

num_allocs_failed_limit: 6.
num_arena_births: 794.
num_arena_deaths: 0.
num_vsnodes_births: 2.
num_vsnodes_deaths: 0.
num_space_committed: 1078.
num_space_uncommitted: 0.
num_chunks_returned_to_freelist: 6.
num_chunks_taken_from_freelist: 3650.
num_chunk_merges: 6.
num_chunk_splits: 2391.
num_chunks_enlarged: 1581.
num_inconsistent_stats: 0.

CodeHeap 'non-profiled nmethods': size=120000Kb used=5141Kb max_used=5596Kb free=114858Kb
 bounds [0x00000213ae450000, 0x00000213ae9d0000, 0x00000213b5980000]
CodeHeap 'profiled nmethods': size=120000Kb used=14355Kb max_used=16170Kb free=105645Kb
 bounds [0x00000213a6980000, 0x00000213a7950000, 0x00000213adeb0000]
CodeHeap 'non-nmethods': size=5760Kb used=2360Kb max_used=2411Kb free=3399Kb
 bounds [0x00000213adeb0000, 0x00000213ae120000, 0x00000213ae450000]
 total_blobs=8646 nmethods=7763 adapters=795
 compilation: enabled
              stopped_count=0, restarted_count=0
 full_count=0

Compilation events (20 events):
Event: 17.080 Thread 0x00000213bbcd3e80 9287       3       java.util.regex.Pattern$Dollar::<init> (10 bytes)
Event: 17.081 Thread 0x00000213bbcd3e80 nmethod 9287 0x00000213a6e29010 code [0x00000213a6e291c0, 0x00000213a6e293f8]
Event: 17.081 Thread 0x00000213bbcd3e80 9288       3       java.util.regex.Pattern::Range (37 bytes)
Event: 17.081 Thread 0x00000213bbcd3e80 nmethod 9288 0x00000213a6e9e990 code [0x00000213a6e9eba0, 0x00000213a6e9f438]
Event: 17.081 Thread 0x00000213bbcd3e80 9286       3       kotlin.text.Regex::<init> (21 bytes)
Event: 17.082 Thread 0x00000213bbcd3e80 nmethod 9286 0x00000213a6adbf10 code [0x00000213a6adc160, 0x00000213a6adca18]
Event: 17.082 Thread 0x00000213bbcd3e80 9289       3       java.util.regex.Pattern$$Lambda$19/0x800000029::<init> (15 bytes)
Event: 17.082 Thread 0x00000213bbcd3e80 nmethod 9289 0x00000213a6b31090 code [0x00000213a6b31220, 0x00000213a6b31398]
Event: 17.082 Thread 0x00000213bbcd3e80 9290       3       java.lang.invoke.Invokers$Holder::linkToTargetMethod (10 bytes)
Event: 17.082 Thread 0x00000213bbcd3e80 nmethod 9290 0x00000213a6f44490 code [0x00000213a6f44640, 0x00000213a6f44918]
Event: 17.082 Thread 0x00000213bbcd3e80 9293       3       java.util.regex.Pattern$BmpCharPredicate::union (23 bytes)
Event: 17.082 Thread 0x00000213bbcd3e80 nmethod 9293 0x00000213a6f59b90 code [0x00000213a6f59da0, 0x00000213a6f5a618]
Event: 17.082 Thread 0x00000213bbcd3e80 9292       3       kotlin.text.Regex::<init> (16 bytes)
Event: 17.083 Thread 0x00000213bbcd3e80 nmethod 9292 0x00000213a6a66710 code [0x00000213a6a66920, 0x00000213a6a66f78]
Event: 17.083 Thread 0x00000213bbcd3e80 9291       1       com.android.tools.build.jetifier.processor.transform.TransformationContext::getVersions (5 bytes)
Event: 17.083 Thread 0x00000213bbcd3e80 nmethod 9291 0x00000213ae5f2790 code [0x00000213ae5f2920, 0x00000213ae5f29f8]
Event: 17.134 Thread 0x00000213bbcd3e80 9295       3       org.gradle.internal.ImmutableActionSet::mergeFrom (37 bytes)
Event: 17.134 Thread 0x00000213bbcd3e80 nmethod 9295 0x00000213a6a35390 code [0x00000213a6a35580, 0x00000213a6a35a68]
Event: 17.543 Thread 0x00000213bbcd3e80 9296       3       sun.management.spi.PlatformMBeanProvider$PlatformComponent::getMBeans (87 bytes)
Event: 17.545 Thread 0x00000213bbcd3e80 nmethod 9296 0x00000213a6bb9f90 code [0x00000213a6bba300, 0x00000213a6bbb9d8]

GC Heap History (20 events):
Event: 13.740 GC heap before
{Heap before GC invocations=24 (full 0):
 garbage-first heap   total 107520K, used 72546K [0x00000000a0000000, 0x0000000100000000)
  region size 1024K, 17 young (17408K), 3 survivors (3072K)
 Metaspace       used 51263K, committed 51904K, reserved 1114112K
  class space    used 7135K, committed 7424K, reserved 1048576K
}
Event: 13.742 GC heap after
{Heap after GC invocations=25 (full 0):
 garbage-first heap   total 107520K, used 61550K [0x00000000a0000000, 0x0000000100000000)
  region size 1024K, 2 young (2048K), 2 survivors (2048K)
 Metaspace       used 51263K, committed 51904K, reserved 1114112K
  class space    used 7135K, committed 7424K, reserved 1048576K
}
Event: 14.029 GC heap before
{Heap before GC invocations=26 (full 0):
 garbage-first heap   total 109568K, used 79982K [0x00000000a0000000, 0x0000000100000000)
  region size 1024K, 20 young (20480K), 2 survivors (2048K)
 Metaspace       used 52873K, committed 53504K, reserved 1114112K
  class space    used 7339K, committed 7616K, reserved 1048576K
}
Event: 14.031 GC heap after
{Heap after GC invocations=27 (full 0):
 garbage-first heap   total 109568K, used 63169K [0x00000000a0000000, 0x0000000100000000)
  region size 1024K, 3 young (3072K), 3 survivors (3072K)
 Metaspace       used 52873K, committed 53504K, reserved 1114112K
  class space    used 7339K, committed 7616K, reserved 1048576K
}
Event: 14.352 GC heap before
{Heap before GC invocations=27 (full 0):
 garbage-first heap   total 109568K, used 82625K [0x00000000a0000000, 0x0000000100000000)
  region size 1024K, 23 young (23552K), 3 survivors (3072K)
 Metaspace       used 55142K, committed 55744K, reserved 1114112K
  class space    used 7582K, committed 7872K, reserved 1048576K
}
Event: 14.355 GC heap after
{Heap after GC invocations=28 (full 0):
 garbage-first heap   total 109568K, used 63498K [0x00000000a0000000, 0x0000000100000000)
  region size 1024K, 2 young (2048K), 2 survivors (2048K)
 Metaspace       used 55142K, committed 55744K, reserved 1114112K
  class space    used 7582K, committed 7872K, reserved 1048576K
}
Event: 14.671 GC heap before
{Heap before GC invocations=29 (full 0):
 garbage-first heap   total 112640K, used 85002K [0x00000000a0000000, 0x0000000100000000)
  region size 1024K, 23 young (23552K), 2 survivors (2048K)
 Metaspace       used 57413K, committed 58112K, reserved 1114112K
  class space    used 7797K, committed 8128K, reserved 1048576K
}
Event: 14.674 GC heap after
{Heap after GC invocations=30 (full 0):
 garbage-first heap   total 112640K, used 64256K [0x00000000a0000000, 0x0000000100000000)
  region size 1024K, 2 young (2048K), 2 survivors (2048K)
 Metaspace       used 57413K, committed 58112K, reserved 1114112K
  class space    used 7797K, committed 8128K, reserved 1048576K
}
Event: 15.138 GC heap before
{Heap before GC invocations=30 (full 0):
 garbage-first heap   total 112640K, used 87808K [0x00000000a0000000, 0x0000000100000000)
  region size 1024K, 26 young (26624K), 2 survivors (2048K)
 Metaspace       used 59533K, committed 60224K, reserved 1114112K
  class space    used 8151K, committed 8448K, reserved 1048576K
}
Event: 15.141 GC heap after
{Heap after GC invocations=31 (full 0):
 garbage-first heap   total 112640K, used 65840K [0x00000000a0000000, 0x0000000100000000)
  region size 1024K, 4 young (4096K), 4 survivors (4096K)
 Metaspace       used 59533K, committed 60224K, reserved 1114112K
  class space    used 8151K, committed 8448K, reserved 1048576K
}
Event: 15.195 GC heap before
{Heap before GC invocations=32 (full 0):
 garbage-first heap   total 140288K, used 81200K [0x00000000a0000000, 0x0000000100000000)
  region size 1024K, 16 young (16384K), 4 survivors (4096K)
 Metaspace       used 59548K, committed 60224K, reserved 1114112K
  class space    used 8151K, committed 8448K, reserved 1048576K
}
Event: 15.199 GC heap after
{Heap after GC invocations=33 (full 0):
 garbage-first heap   total 140288K, used 68405K [0x00000000a0000000, 0x0000000100000000)
  region size 1024K, 4 young (4096K), 4 survivors (4096K)
 Metaspace       used 59548K, committed 60224K, reserved 1114112K
  class space    used 8151K, committed 8448K, reserved 1048576K
}
Event: 15.691 GC heap before
{Heap before GC invocations=34 (full 0):
 garbage-first heap   total 140288K, used 107317K [0x00000000a0000000, 0x0000000100000000)
  region size 1024K, 41 young (41984K), 4 survivors (4096K)
 Metaspace       used 62318K, committed 62976K, reserved 1114112K
  class space    used 8530K, committed 8832K, reserved 1048576K
}
Event: 15.695 GC heap after
{Heap after GC invocations=35 (full 0):
 garbage-first heap   total 140288K, used 71991K [0x00000000a0000000, 0x0000000100000000)
  region size 1024K, 6 young (6144K), 6 survivors (6144K)
 Metaspace       used 62318K, committed 62976K, reserved 1114112K
  class space    used 8530K, committed 8832K, reserved 1048576K
}
Event: 16.041 GC heap before
{Heap before GC invocations=35 (full 0):
 garbage-first heap   total 140288K, used 107831K [0x00000000a0000000, 0x0000000100000000)
  region size 1024K, 42 young (43008K), 6 survivors (6144K)
 Metaspace       used 63787K, committed 64448K, reserved 1114112K
  class space    used 8727K, committed 9024K, reserved 1048576K
}
Event: 16.045 GC heap after
{Heap after GC invocations=36 (full 0):
 garbage-first heap   total 140288K, used 74010K [0x00000000a0000000, 0x0000000100000000)
  region size 1024K, 5 young (5120K), 5 survivors (5120K)
 Metaspace       used 63787K, committed 64448K, reserved 1114112K
  class space    used 8727K, committed 9024K, reserved 1048576K
}
Event: 16.446 GC heap before
{Heap before GC invocations=37 (full 0):
 garbage-first heap   total 140288K, used 110874K [0x00000000a0000000, 0x0000000100000000)
  region size 1024K, 41 young (41984K), 5 survivors (5120K)
 Metaspace       used 64412K, committed 65088K, reserved 1114112K
  class space    used 8804K, committed 9088K, reserved 1048576K
}
Event: 16.452 GC heap after
{Heap after GC invocations=38 (full 0):
 garbage-first heap   total 140288K, used 77251K [0x00000000a0000000, 0x0000000100000000)
  region size 1024K, 6 young (6144K), 6 survivors (6144K)
 Metaspace       used 64412K, committed 65088K, reserved 1114112K
  class space    used 8804K, committed 9088K, reserved 1048576K
}
Event: 16.939 GC heap before
{Heap before GC invocations=38 (full 0):
 garbage-first heap   total 140288K, used 112067K [0x00000000a0000000, 0x0000000100000000)
  region size 1024K, 40 young (40960K), 6 survivors (6144K)
 Metaspace       used 67190K, committed 67776K, reserved 1114112K
  class space    used 9186K, committed 9472K, reserved 1048576K
}
Event: 16.943 GC heap after
{Heap after GC invocations=39 (full 0):
 garbage-first heap   total 140288K, used 78787K [0x00000000a0000000, 0x0000000100000000)
  region size 1024K, 2 young (2048K), 2 survivors (2048K)
 Metaspace       used 67190K, committed 67776K, reserved 1114112K
  class space    used 9186K, committed 9472K, reserved 1048576K
}

Dll operation events (15 events):
Event: 0.016 Loaded shared library C:\Java\jdk-17\bin\java.dll
Event: 0.035 Loaded shared library C:\Java\jdk-17\bin\jsvml.dll
Event: 0.085 Loaded shared library C:\Java\jdk-17\bin\zip.dll
Event: 0.089 Loaded shared library C:\Java\jdk-17\bin\instrument.dll
Event: 0.097 Loaded shared library C:\Java\jdk-17\bin\net.dll
Event: 0.100 Loaded shared library C:\Java\jdk-17\bin\nio.dll
Event: 0.103 Loaded shared library C:\Java\jdk-17\bin\zip.dll
Event: 0.416 Loaded shared library C:\Java\jdk-17\bin\jimage.dll
Event: 0.606 Loaded shared library C:\Java\jdk-17\bin\verify.dll
Event: 0.807 Loaded shared library C:\Users\52441\.gradle\native\c067742578af261105cb4f569cf0c3c89f3d7b1fecec35dd04571415982c5e48\windows-amd64\native-platform.dll
Event: 0.830 Loaded shared library C:\Users\52441\.gradle\native\100fb08df4bc3b14c8652ba06237920a3bd2aa13389f12d3474272988ae205f9\windows-amd64\native-platform-file-events.dll
Event: 2.484 Loaded shared library C:\Java\jdk-17\bin\management.dll
Event: 2.491 Loaded shared library C:\Java\jdk-17\bin\management_ext.dll
Event: 2.807 Loaded shared library C:\Java\jdk-17\bin\extnet.dll
Event: 3.360 Loaded shared library C:\Java\jdk-17\bin\sunmscapi.dll

Deoptimization events (20 events):
Event: 16.410 Thread 0x00000213845db150 Uncommon trap: trap_request=0xffffff45 fr.pc=0x00000213ae81af94 relative=0x0000000000000074
Event: 16.410 Thread 0x00000213845db150 Uncommon trap: reason=unstable_if action=reinterpret pc=0x00000213ae81af94 method=org.gradle.internal.logging.slf4j.OutputEventListenerBackedLogger.isLevelAtMost(Lorg/gradle/api/logging/LogLevel;)Z @ 11 c2
Event: 16.410 Thread 0x00000213845db150 DEOPT PACKING pc=0x00000213ae81af94 sp=0x0000004d1bff85a0
Event: 16.410 Thread 0x00000213845db150 DEOPT UNPACKING pc=0x00000213adf069a3 sp=0x0000004d1bff8540 mode 2
Event: 17.059 Thread 0x00000213845db150 Uncommon trap: trap_request=0xffffff45 fr.pc=0x00000213ae6577a0 relative=0x0000000000000560
Event: 17.059 Thread 0x00000213845db150 Uncommon trap: reason=unstable_if action=reinterpret pc=0x00000213ae6577a0 method=java.lang.AbstractStringBuilder.appendChars(Ljava/lang/String;II)V @ 11 c2
Event: 17.059 Thread 0x00000213845db150 DEOPT PACKING pc=0x00000213ae6577a0 sp=0x0000004d1bff6bf0
Event: 17.059 Thread 0x00000213845db150 DEOPT UNPACKING pc=0x00000213adf069a3 sp=0x0000004d1bff6b30 mode 2
Event: 17.059 Thread 0x00000213845db150 Uncommon trap: trap_request=0xffffff45 fr.pc=0x00000213ae65816c relative=0x000000000000014c
Event: 17.059 Thread 0x00000213845db150 Uncommon trap: reason=unstable_if action=reinterpret pc=0x00000213ae65816c method=java.lang.AbstractStringBuilder.appendChars(Ljava/lang/String;II)V @ 11 c2
Event: 17.059 Thread 0x00000213845db150 DEOPT PACKING pc=0x00000213ae65816c sp=0x0000004d1bff6b70
Event: 17.059 Thread 0x00000213845db150 DEOPT UNPACKING pc=0x00000213adf069a3 sp=0x0000004d1bff6b20 mode 2
Event: 17.059 Thread 0x00000213845db150 Uncommon trap: trap_request=0xffffff45 fr.pc=0x00000213ae4b7120 relative=0x00000000000004e0
Event: 17.059 Thread 0x00000213845db150 Uncommon trap: reason=unstable_if action=reinterpret pc=0x00000213ae4b7120 method=java.lang.AbstractStringBuilder.putStringAt(ILjava/lang/String;II)V @ 8 c2
Event: 17.059 Thread 0x00000213845db150 DEOPT PACKING pc=0x00000213ae4b7120 sp=0x0000004d1bff6c50
Event: 17.059 Thread 0x00000213845db150 DEOPT UNPACKING pc=0x00000213adf069a3 sp=0x0000004d1bff6b30 mode 2
Event: 17.059 Thread 0x00000213845db150 Uncommon trap: trap_request=0xffffff45 fr.pc=0x00000213ae4a68cc relative=0x000000000000012c
Event: 17.059 Thread 0x00000213845db150 Uncommon trap: reason=unstable_if action=reinterpret pc=0x00000213ae4a68cc method=java.lang.AbstractStringBuilder.putStringAt(ILjava/lang/String;II)V @ 8 c2
Event: 17.059 Thread 0x00000213845db150 DEOPT PACKING pc=0x00000213ae4a68cc sp=0x0000004d1bff6bd0
Event: 17.059 Thread 0x00000213845db150 DEOPT UNPACKING pc=0x00000213adf069a3 sp=0x0000004d1bff6b18 mode 2

Classes loaded (20 events):
Event: 16.301 Loading class java/lang/EnumBeanInfo
Event: 16.301 Loading class java/lang/EnumBeanInfo done
Event: 16.301 Loading class java/lang/EnumCustomizer
Event: 16.301 Loading class java/lang/EnumCustomizer done
Event: 16.301 Loading class java/lang/EnumCustomizer
Event: 16.301 Loading class java/lang/EnumCustomizer done
Event: 16.379 Loading class java/io/LineNumberReader
Event: 16.380 Loading class java/io/LineNumberReader done
Event: 16.935 Loading class java/util/concurrent/atomic/AtomicIntegerArray
Event: 16.936 Loading class java/util/concurrent/atomic/AtomicIntegerArray done
Event: 16.938 Loading class java/util/Currency
Event: 16.939 Loading class java/util/Currency done
Event: 16.951 Loading class java/util/concurrent/atomic/AtomicLongArray
Event: 16.952 Loading class java/util/concurrent/atomic/AtomicLongArray done
Event: 16.981 Loading class sun/reflect/generics/repository/FieldRepository
Event: 16.982 Loading class sun/reflect/generics/repository/FieldRepository done
Event: 16.999 Loading class jdk/internal/vm/annotation/ForceInline
Event: 16.999 Loading class jdk/internal/vm/annotation/ForceInline done
Event: 17.060 Loading class java/util/regex/Pattern$Caret
Event: 17.060 Loading class java/util/regex/Pattern$Caret done

Classes unloaded (0 events):
No events

Classes redefined (0 events):
No events

Internal exceptions (20 events):
Event: 16.305 Thread 0x00000213845db150 Exception <a 'java/lang/NoClassDefFoundError'{0x00000000a6bb03c8}: org/jetbrains/kotlin/gradle/dsl/KaptExtensionConfig> (0x00000000a6bb03c8) 
thrown [s\src\hotspot\share\classfile\systemDictionary.cpp, line 245]
Event: 16.306 Thread 0x00000213845db150 Exception <a 'java/lang/ClassNotFoundException'{0x00000000a6bd03e8}: com/android/build/gradle/internal/CompileOptions$AgpDecorated_DecoratedBeanInfo> (0x00000000a6bd03e8) 
thrown [s\src\hotspot\share\classfile\systemDictionary.cpp, line 256]
Event: 16.307 Thread 0x00000213845db150 Exception <a 'java/lang/ClassNotFoundException'{0x00000000a6bdb8a0}: com/android/build/gradle/internal/CompileOptions$AgpDecoratedBeanInfo> (0x00000000a6bdb8a0) 
thrown [s\src\hotspot\share\classfile\systemDictionary.cpp, line 256]
Event: 16.307 Thread 0x00000213845db150 Exception <a 'java/lang/ClassNotFoundException'{0x00000000a6be6c38}: com/android/build/gradle/internal/CompileOptionsBeanInfo> (0x00000000a6be6c38) 
thrown [s\src\hotspot\share\classfile\systemDictionary.cpp, line 256]
Event: 16.307 Thread 0x00000213845db150 Exception <a 'java/lang/ClassNotFoundException'{0x00000000a6bf1fd0}: com/android/build/gradle/internal/CompileOptionsCustomizer> (0x00000000a6bf1fd0) 
thrown [s\src\hotspot\share\classfile\systemDictionary.cpp, line 256]
Event: 16.308 Thread 0x00000213845db150 Exception <a 'java/lang/ClassNotFoundException'{0x00000000a6a093a0}: com/android/build/gradle/internal/CompileOptions$AgpDecoratedCustomizer> (0x00000000a6a093a0) 
thrown [s\src\hotspot\share\classfile\systemDictionary.cpp, line 256]
Event: 16.308 Thread 0x00000213845db150 Exception <a 'java/lang/ClassNotFoundException'{0x00000000a6a18170}: com/android/build/gradle/internal/CompileOptions$AgpDecorated_DecoratedCustomizer> (0x00000000a6a18170) 
thrown [s\src\hotspot\share\classfile\systemDictionary.cpp, line 256]
Event: 16.360 Thread 0x00000213845db150 Exception <a 'java/lang/ClassNotFoundException'{0x00000000a6908898}: cordova_variables_8k7euks54kikgg6udcs9hcv3mBeanInfo> (0x00000000a6908898) 
thrown [s\src\hotspot\share\classfile\systemDictionary.cpp, line 256]
Event: 16.361 Thread 0x00000213845db150 Exception <a 'java/lang/ClassNotFoundException'{0x00000000a6910ba8}: cordova_variables_8k7euks54kikgg6udcs9hcv3mCustomizer> (0x00000000a6910ba8) 
thrown [s\src\hotspot\share\classfile\systemDictionary.cpp, line 256]
Event: 16.381 Thread 0x00000213845db150 Exception <a 'java/io/FileNotFoundException'{0x00000000a69af850}> (0x00000000a69af850) 
thrown [s\src\hotspot\share\prims\jni.cpp, line 516]
Event: 16.384 Thread 0x00000213845db150 Exception <a 'java/lang/ClassNotFoundException'{0x00000000a6800570}: org/gradle/internal/logging/slf4j/OutputEventListenerBackedLoggerBeanInfo> (0x00000000a6800570) 
thrown [s\src\hotspot\share\classfile\systemDictionary.cpp, line 256]
Event: 16.385 Thread 0x00000213845db150 Exception <a 'java/lang/ClassNotFoundException'{0x00000000a68137b0}: org/gradle/internal/logging/slf4j/BuildOperationAwareLoggerBeanInfo> (0x00000000a68137b0) 
thrown [s\src\hotspot\share\classfile\systemDictionary.cpp, line 256]
Event: 16.385 Thread 0x00000213845db150 Exception <a 'java/lang/ClassNotFoundException'{0x00000000a68269c0}: org/gradle/internal/logging/slf4j/BuildOperationAwareLoggerCustomizer> (0x00000000a68269c0) 
thrown [s\src\hotspot\share\classfile\systemDictionary.cpp, line 256]
Event: 16.388 Thread 0x00000213845db150 Exception <a 'java/lang/ClassNotFoundException'{0x00000000a686a260}: org/gradle/internal/logging/slf4j/OutputEventListenerBackedLoggerCustomizer> (0x00000000a686a260) 
thrown [s\src\hotspot\share\classfile\systemDictionary.cpp, line 256]
Event: 16.430 Thread 0x00000213845db150 Exception <a 'java/lang/NoClassDefFoundError'{0x00000000a6545eb0}: org/jetbrains/kotlin/gradle/plugin/KotlinBaseApiPlugin> (0x00000000a6545eb0) 
thrown [s\src\hotspot\share\classfile\systemDictionary.cpp, line 245]
Event: 16.585 Thread 0x00000213845db150 Exception <a 'java/lang/NoClassDefFoundError'{0x00000000a7f187d8}: org/jetbrains/kotlin/gradle/plugin/KotlinBasePluginWrapper> (0x00000000a7f187d8) 
thrown [s\src\hotspot\share\classfile\systemDictionary.cpp, line 245]
Event: 16.741 Thread 0x00000213845db150 Exception <a 'java/lang/NoClassDefFoundError'{0x00000000a74c1d48}: org/jetbrains/kotlin/gradle/plugin/KotlinBasePluginWrapper> (0x00000000a74c1d48) 
thrown [s\src\hotspot\share\oops\constantPool.cpp, line 837]
Event: 16.778 Thread 0x00000213845db150 Exception <a 'java/lang/NoClassDefFoundError'{0x00000000a71b3120}: org/jetbrains/kotlin/gradle/plugin/KotlinBasePluginWrapper> (0x00000000a71b3120) 
thrown [s\src\hotspot\share\oops\constantPool.cpp, line 837]
Event: 16.820 Thread 0x00000213845db150 Exception <a 'java/lang/NoClassDefFoundError'{0x00000000a6d1c020}: org/jetbrains/kotlin/gradle/plugin/KotlinBasePluginWrapper> (0x00000000a6d1c020) 
thrown [s\src\hotspot\share\oops\constantPool.cpp, line 837]
Event: 16.826 Thread 0x00000213845db150 Exception <a 'java/lang/NoClassDefFoundError'{0x00000000a6d396b8}: org/jetbrains/kotlin/gradle/plugin/KotlinBasePluginWrapper> (0x00000000a6d396b8) 
thrown [s\src\hotspot\share\oops\constantPool.cpp, line 837]

VM Operations (20 events):
Event: 16.377 Executing VM operation: HandshakeAllThreads done
Event: 16.377 Executing VM operation: HandshakeAllThreads
Event: 16.377 Executing VM operation: HandshakeAllThreads done
Event: 16.381 Executing VM operation: HandshakeAllThreads
Event: 16.381 Executing VM operation: HandshakeAllThreads done
Event: 16.410 Executing VM operation: HandshakeAllThreads
Event: 16.410 Executing VM operation: HandshakeAllThreads done
Event: 16.420 Executing VM operation: HandshakeAllThreads
Event: 16.421 Executing VM operation: HandshakeAllThreads done
Event: 16.446 Executing VM operation: G1CollectForAllocation
Event: 16.452 Executing VM operation: G1CollectForAllocation done
Event: 16.480 Executing VM operation: HandshakeAllThreads
Event: 16.480 Executing VM operation: HandshakeAllThreads done
Event: 16.939 Executing VM operation: G1CollectForAllocation
Event: 16.943 Executing VM operation: G1CollectForAllocation done
Event: 16.974 Executing VM operation: G1PauseRemark
Event: 16.977 Executing VM operation: G1PauseRemark done
Event: 16.993 Executing VM operation: G1PauseCleanup
Event: 16.993 Executing VM operation: G1PauseCleanup done
Event: 18.008 Executing VM operation: Cleanup

Memory protections (0 events):
No events

Nmethod flushes (20 events):
Event: 16.489 Thread 0x00000213bbcd4790 flushing  nmethod 0x00000213a7698990
Event: 16.489 Thread 0x00000213bbcd4790 flushing  nmethod 0x00000213a76a8910
Event: 16.489 Thread 0x00000213bbcd4790 flushing  nmethod 0x00000213a76adb10
Event: 16.489 Thread 0x00000213bbcd4790 flushing  nmethod 0x00000213a76ae590
Event: 16.489 Thread 0x00000213bbcd4790 flushing  nmethod 0x00000213a76b0310
Event: 16.489 Thread 0x00000213bbcd4790 flushing  nmethod 0x00000213a7705290
Event: 16.489 Thread 0x00000213bbcd4790 flushing  nmethod 0x00000213a770da10
Event: 16.489 Thread 0x00000213bbcd4790 flushing  nmethod 0x00000213a7710f90
Event: 16.489 Thread 0x00000213bbcd4790 flushing  nmethod 0x00000213a7776910
Event: 16.489 Thread 0x00000213bbcd4790 flushing  nmethod 0x00000213a7779310
Event: 16.489 Thread 0x00000213bbcd4790 flushing  nmethod 0x00000213a7784310
Event: 16.489 Thread 0x00000213bbcd4790 flushing  nmethod 0x00000213a7785010
Event: 16.489 Thread 0x00000213bbcd4790 flushing  nmethod 0x00000213a7785390
Event: 16.490 Thread 0x00000213bbcd4790 flushing  nmethod 0x00000213a77f1210
Event: 16.490 Thread 0x00000213bbcd4790 flushing  nmethod 0x00000213a77f1b10
Event: 16.490 Thread 0x00000213bbcd4790 flushing  nmethod 0x00000213a7808d90
Event: 16.490 Thread 0x00000213bbcd4790 flushing  nmethod 0x00000213a7818010
Event: 16.490 Thread 0x00000213bbcd4790 flushing  nmethod 0x00000213a7823110
Event: 16.491 Thread 0x00000213bbcd4790 flushing  nmethod 0x00000213a7937e10
Event: 16.491 Thread 0x00000213bbcd4790 flushing  nmethod 0x00000213a7938b10

Events (20 events):
Event: 10.837 Thread 0x00000213845db150 Thread added: 0x00000213861297e0
Event: 10.840 Thread 0x00000213845db150 Thread added: 0x0000021386126a50
Event: 10.843 Thread 0x00000213845db150 Thread added: 0x0000021386126030
Event: 10.846 Thread 0x00000213845db150 Thread added: 0x0000021386129cf0
Event: 10.849 Thread 0x00000213845db150 Thread added: 0x000002138612a200
Event: 10.852 Thread 0x00000213845db150 Thread added: 0x000002138612a710
Event: 10.856 Thread 0x00000213845db150 Thread added: 0x0000021386126f60
Event: 11.385 Thread 0x00000213845db150 Thread added: 0x000002138612b640
Event: 11.386 Thread 0x00000213845db150 Thread added: 0x000002138612bb50
Event: 11.387 Thread 0x00000213845db150 Thread added: 0x000002138612c060
Event: 11.389 Thread 0x00000213845db150 Thread added: 0x000002138612c570
Event: 11.390 Thread 0x00000213845db150 Thread added: 0x000002138612ca80
Event: 11.391 Thread 0x00000213845db150 Thread added: 0x000002138612cf90
Event: 11.393 Thread 0x00000213845db150 Thread added: 0x0000021384f21b10
Event: 11.395 Thread 0x00000213845db150 Thread added: 0x0000021384f22020
Event: 11.397 Thread 0x00000213845db150 Thread added: 0x0000021384f22f50
Event: 11.398 Thread 0x00000213845db150 Thread added: 0x0000021384f23460
Event: 11.398 Thread 0x00000213845db150 Thread added: 0x0000021384f248a0
Event: 13.505 Thread 0x00000213fed7adb0 Thread exited: 0x00000213fed7adb0
Event: 14.901 Thread 0x00000213845db150 Thread added: 0x0000021384f24db0


Dynamic libraries:
0x00007ff61bee0000 - 0x00007ff61beee000 	C:\Java\jdk-17\bin\java.exe
0x00007fff5ca20000 - 0x00007fff5cc83000 	C:\WINDOWS\SYSTEM32\ntdll.dll
0x00007fff5b0e0000 - 0x00007fff5b1a7000 	C:\WINDOWS\System32\KERNEL32.DLL
0x00007fff59e20000 - 0x00007fff5a1e9000 	C:\WINDOWS\System32\KERNELBASE.dll
0x00007fff5a1f0000 - 0x00007fff5a33c000 	C:\WINDOWS\System32\ucrtbase.dll
0x00007fff46270000 - 0x00007fff46287000 	C:\Java\jdk-17\bin\jli.dll
0x00007fff39dd0000 - 0x00007fff39dee000 	C:\Java\jdk-17\bin\VCRUNTIME140.dll
0x00007fff5af10000 - 0x00007fff5b0da000 	C:\WINDOWS\System32\USER32.dll
0x00007fff5a520000 - 0x00007fff5a547000 	C:\WINDOWS\System32\win32u.dll
0x00007fff5bd60000 - 0x00007fff5bd8a000 	C:\WINDOWS\System32\GDI32.dll
0x00007fff58d90000 - 0x00007fff59020000 	C:\WINDOWS\WinSxS\amd64_microsoft.windows.common-controls_6595b64144ccf1df_6.0.26100.3323_none_3e088096e3344490\COMCTL32.dll
0x00007fff5a3e0000 - 0x00007fff5a511000 	C:\WINDOWS\System32\gdi32full.dll
0x00007fff5b240000 - 0x00007fff5b2e9000 	C:\WINDOWS\System32\msvcrt.dll
0x00007fff59c20000 - 0x00007fff59cc3000 	C:\WINDOWS\System32\msvcp_win.dll
0x00007fff5a960000 - 0x00007fff5a98f000 	C:\WINDOWS\System32\IMM32.DLL
0x00007fff53fb0000 - 0x00007fff53fbc000 	C:\Java\jdk-17\bin\vcruntime140_1.dll
0x00007fff14460000 - 0x00007fff144ed000 	C:\Java\jdk-17\bin\msvcp140.dll
0x00007ffe89c20000 - 0x00007ffe8a88b000 	C:\Java\jdk-17\bin\server\jvm.dll
0x00007fff5c8c0000 - 0x00007fff5c972000 	C:\WINDOWS\System32\ADVAPI32.dll
0x00007fff5a850000 - 0x00007fff5a8f6000 	C:\WINDOWS\System32\sechost.dll
0x00007fff5bc40000 - 0x00007fff5bd56000 	C:\WINDOWS\System32\RPCRT4.dll
0x00007fff5bb70000 - 0x00007fff5bbe4000 	C:\WINDOWS\System32\WS2_32.dll
0x00007fff59490000 - 0x00007fff594de000 	C:\WINDOWS\SYSTEM32\POWRPROF.dll
0x00007fff51530000 - 0x00007fff5153b000 	C:\WINDOWS\SYSTEM32\VERSION.dll
0x00007fff4c920000 - 0x00007fff4c956000 	C:\WINDOWS\SYSTEM32\WINMM.dll
0x00007fff59170000 - 0x00007fff59184000 	C:\WINDOWS\SYSTEM32\UMPDC.dll
0x00007fff58170000 - 0x00007fff5818a000 	C:\WINDOWS\SYSTEM32\kernel.appcore.dll
0x00007fff53f40000 - 0x00007fff53f4a000 	C:\Java\jdk-17\bin\jimage.dll
0x00007fff594f0000 - 0x00007fff59731000 	C:\WINDOWS\SYSTEM32\DBGHELP.DLL
0x00007fff5c450000 - 0x00007fff5c7d2000 	C:\WINDOWS\System32\combase.dll
0x00007fff5c7e0000 - 0x00007fff5c8b6000 	C:\WINDOWS\System32\OLEAUT32.dll
0x00007fff59350000 - 0x00007fff59389000 	C:\WINDOWS\SYSTEM32\dbgcore.DLL
0x00007fff5a340000 - 0x00007fff5a3d9000 	C:\WINDOWS\System32\bcryptPrimitives.dll
0x00007fff53240000 - 0x00007fff5324e000 	C:\Java\jdk-17\bin\instrument.dll
0x00007fff382f0000 - 0x00007fff38315000 	C:\Java\jdk-17\bin\java.dll
0x00007ffeae3d0000 - 0x00007ffeae4a7000 	C:\Java\jdk-17\bin\jsvml.dll
0x00007fff5b450000 - 0x00007fff5bb65000 	C:\WINDOWS\System32\SHELL32.dll
0x00007fff5a550000 - 0x00007fff5a6b8000 	C:\WINDOWS\System32\wintypes.dll
0x00007fff56f80000 - 0x00007fff577c5000 	C:\WINDOWS\SYSTEM32\windows.storage.dll
0x00007fff5ae10000 - 0x00007fff5aefb000 	C:\WINDOWS\System32\SHCORE.dll
0x00007fff5a900000 - 0x00007fff5a95d000 	C:\WINDOWS\System32\shlwapi.dll
0x00007fff59b30000 - 0x00007fff59b5f000 	C:\WINDOWS\SYSTEM32\profapi.dll
0x00007fff38180000 - 0x00007fff38198000 	C:\Java\jdk-17\bin\zip.dll
0x00007fff38160000 - 0x00007fff38179000 	C:\Java\jdk-17\bin\net.dll
0x00007fff52770000 - 0x00007fff5288e000 	C:\WINDOWS\SYSTEM32\WINHTTP.dll
0x00007fff58630000 - 0x00007fff5869a000 	C:\WINDOWS\system32\mswsock.dll
0x00007fff38140000 - 0x00007fff38156000 	C:\Java\jdk-17\bin\nio.dll
0x00007fff3d4f0000 - 0x00007fff3d500000 	C:\Java\jdk-17\bin\verify.dll
0x00007fff39c40000 - 0x00007fff39c67000 	C:\Users\52441\.gradle\native\c067742578af261105cb4f569cf0c3c89f3d7b1fecec35dd04571415982c5e48\windows-amd64\native-platform.dll
0x00007ffea8600000 - 0x00007ffea8744000 	C:\Users\52441\.gradle\native\100fb08df4bc3b14c8652ba06237920a3bd2aa13389f12d3474272988ae205f9\windows-amd64\native-platform-file-events.dll
0x00007fff3b090000 - 0x00007fff3b09a000 	C:\Java\jdk-17\bin\management.dll
0x00007fff382e0000 - 0x00007fff382eb000 	C:\Java\jdk-17\bin\management_ext.dll
0x00007fff5a840000 - 0x00007fff5a848000 	C:\WINDOWS\System32\PSAPI.DLL
0x00007fff59860000 - 0x00007fff5987c000 	C:\WINDOWS\SYSTEM32\CRYPTSP.dll
0x00007fff58a20000 - 0x00007fff58a5a000 	C:\WINDOWS\system32\rsaenh.dll
0x00007fff586a0000 - 0x00007fff586cb000 	C:\WINDOWS\SYSTEM32\USERENV.dll
0x00007fff59420000 - 0x00007fff59446000 	C:\WINDOWS\SYSTEM32\bcrypt.dll
0x00007fff58a10000 - 0x00007fff58a1c000 	C:\WINDOWS\SYSTEM32\CRYPTBASE.dll
0x00007fff57c70000 - 0x00007fff57ca3000 	C:\WINDOWS\SYSTEM32\IPHLPAPI.DLL
0x00007fff5af00000 - 0x00007fff5af0a000 	C:\WINDOWS\System32\NSI.dll
0x00007fff52e70000 - 0x00007fff52e8f000 	C:\WINDOWS\SYSTEM32\dhcpcsvc6.DLL
0x00007fff52dd0000 - 0x00007fff52df5000 	C:\WINDOWS\SYSTEM32\dhcpcsvc.DLL
0x00007fff57cb0000 - 0x00007fff57dd5000 	C:\WINDOWS\SYSTEM32\DNSAPI.dll
0x00007fff38130000 - 0x00007fff38139000 	C:\Java\jdk-17\bin\extnet.dll
0x00007fff37fe0000 - 0x00007fff37fee000 	C:\Java\jdk-17\bin\sunmscapi.dll
0x00007fff5a6c0000 - 0x00007fff5a837000 	C:\WINDOWS\System32\CRYPT32.dll
0x00007fff58d50000 - 0x00007fff58d80000 	C:\WINDOWS\SYSTEM32\ncrypt.dll
0x00007fff58d00000 - 0x00007fff58d3f000 	C:\WINDOWS\SYSTEM32\NTASN1.dll
0x00007fff47b80000 - 0x00007fff47b88000 	C:\WINDOWS\system32\wshunix.dll

dbghelp: loaded successfully - version: 4.0.5 - missing functions: none
symbol engine: initialized successfully - sym options: 0x614 - pdb path: .;C:\Java\jdk-17\bin;C:\WINDOWS\SYSTEM32;C:\WINDOWS\WinSxS\amd64_microsoft.windows.common-controls_6595b64144ccf1df_6.0.26100.3323_none_3e088096e3344490;C:\Java\jdk-17\bin\server;C:\Users\52441\.gradle\native\c067742578af261105cb4f569cf0c3c89f3d7b1fecec35dd04571415982c5e48\windows-amd64;C:\Users\52441\.gradle\native\100fb08df4bc3b14c8652ba06237920a3bd2aa13389f12d3474272988ae205f9\windows-amd64

VM Arguments:
jvm_args: --add-opens=java.base/java.lang=ALL-UNNAMED --add-opens=java.base/java.lang.invoke=ALL-UNNAMED --add-opens=java.base/java.util=ALL-UNNAMED --add-opens=java.prefs/java.util.prefs=ALL-UNNAMED --add-exports=jdk.compiler/com.sun.tools.javac.api=ALL-UNNAMED --add-exports=jdk.compiler/com.sun.tools.javac.util=ALL-UNNAMED --add-opens=java.base/java.util=ALL-UNNAMED --add-opens=java.prefs/java.util.prefs=ALL-UNNAMED --add-opens=java.base/java.nio.charset=ALL-UNNAMED --add-opens=java.base/java.net=ALL-UNNAMED --add-opens=java.base/java.util.concurrent.atomic=ALL-UNNAMED --add-opens=java.xml/javax.xml.namespace=ALL-UNNAMED -Xmx1536m -Dfile.encoding=UTF-8 -Duser.country=MX -Duser.language=es -Duser.variant -javaagent:C:\Users\52441\.gradle\wrapper\dists\gradle-8.11.1-all\2qik7nd48slq1ooc2496ixf4i\gradle-8.11.1\lib\agents\gradle-instrumentation-agent-8.11.1.jar 
java_command: org.gradle.launcher.daemon.bootstrap.GradleDaemon 8.11.1
java_class_path (initial): C:\Users\52441\.gradle\wrapper\dists\gradle-8.11.1-all\2qik7nd48slq1ooc2496ixf4i\gradle-8.11.1\lib\gradle-daemon-main-8.11.1.jar
Launcher Type: SUN_STANDARD

[Global flags]
     intx CICompilerCount                          = 4                                         {product} {ergonomic}
     uint ConcGCThreads                            = 3                                         {product} {ergonomic}
     uint G1ConcRefinementThreads                  = 10                                        {product} {ergonomic}
   size_t G1HeapRegionSize                         = 1048576                                   {product} {ergonomic}
    uintx GCDrainStackTargetSize                   = 64                                        {product} {ergonomic}
   size_t InitialHeapSize                          = 130023424                                 {product} {ergonomic}
   size_t MarkStackSize                            = 4194304                                   {product} {ergonomic}
   size_t MaxHeapSize                              = 1610612736                                {product} {command line}
   size_t MaxNewSize                               = 965738496                                 {product} {ergonomic}
   size_t MinHeapDeltaBytes                        = 1048576                                   {product} {ergonomic}
   size_t MinHeapSize                              = 8388608                                   {product} {ergonomic}
    uintx NonNMethodCodeHeapSize                   = 5839372                                {pd product} {ergonomic}
    uintx NonProfiledCodeHeapSize                  = 122909434                              {pd product} {ergonomic}
    uintx ProfiledCodeHeapSize                     = 122909434                              {pd product} {ergonomic}
    uintx ReservedCodeCacheSize                    = 251658240                              {pd product} {ergonomic}
     bool SegmentedCodeCache                       = true                                      {product} {ergonomic}
   size_t SoftMaxHeapSize                          = 1610612736                             {manageable} {ergonomic}
     bool UseCompressedClassPointers               = true                           {product lp64_product} {ergonomic}
     bool UseCompressedOops                        = true                           {product lp64_product} {ergonomic}
     bool UseG1GC                                  = true                                      {product} {ergonomic}
     bool UseLargePagesIndividualAllocation        = false                                  {pd product} {ergonomic}

Logging:
Log output configuration:
 #0: stdout all=warning uptime,level,tags
 #1: stderr all=off uptime,level,tags

Environment Variables:
JAVA_HOME=C:\Java\jdk-17
PATH=C:\Program Files\Microsoft SDKs\Azure\CLI2\wbin;C:\DevSuiteHome_1\jdk\jre\bin\client;C:\DevSuiteHome_1\bin;C:\DevSuiteHome_1\jlib;C:\Oracle\dbhomeXE\bin;C:\Program Files\Common Files\Oracle\Java\javapath;C:\Program Files (x86)\Common Files\Oracle\Java\java8path;C:\Windows\system32;C:\Windows;C:\Windows\System32\Wbem;C:\Windows\System32\WindowsPowerShell\v1.0\;C:\Windows\System32\OpenSSH\;C:\Users\52441\AppData\Local\Android\Sdk\tools;C:\Users\52441\AppData\Local\Android\Sdk\platform-tools;C:\Program Files (x86)\NVIDIA Corporation\PhysX\Common;C:\Program Files\NVIDIA Corporation\NVIDIA NvDLISR;C:\Program Files\Java\jdk-18.0.1.1\bin;C:\Java\jdk-17\bin;C:\Program Files\dotnet\;C:\ProgramData\chocolatey\bin;C:\Oracle\instantclient_21_11\sdk;C:\composer;C:\Program Files\Git\cmd;C:\Program Files\PuTTY\;C:\DevSuiteHome_1\BIN;C:\DevSuiteHome_1;C:\Program Files (x86)\Microsoft SQL Server\160\Tools\Binn\;C:\Program Files\Microsoft SQL Server\160\Tools\Binn\;C:\Program Files\Microsoft SQL Server\Client SDK\ODBC\170\Tools\Binn\;C:\Program Files\Microsoft SQL Server\160\DTS\Binn\;C:\Program Files\Azure Data Studio\bin;C:\Program Files (x86)\Microsoft SQL Server\160\DTS\Binn\;C:\Users\52441\AppData\Roaming\nvm;C:\Program Files\nodejs;C:\Users\52441\AppData\Local\Packages\PythonSoftwareFoundation.Python.3.11_qbz5n2kfra8p0\LocalCache\local-packages\Python311\Scripts;C:\Program Files\Docker\Docker\resources\bin;C:\Program Files\Microsoft SQL Server\150\Tools\Binn\;D:\xampp\php;C:\WINDOWS\system32;C:\WINDOWS;C:\WINDOWS\System32\Wbem;C:\WINDOWS\System32\WindowsPowerShell\v1.0\;C:\WINDOWS\System32\OpenSSH\;C:\CervayaX\php;C:\Users\52441\AppData\Local\Microsoft\WindowsApps;C:\Users\52441\AppData\Local\Programs\Microsoft VS Code\bin;C:\Program Files\JetBrains\IntelliJ IDEA 2023.1.1\bin;;C:\Program Files\JetBrains\IntelliJ IDEA Community Edition 2023.1.1\bin;;C:\Program Files\Java\jdk-18.0.1.1\bin;C:\Java\jdk-17\bin;C:\Program Files\MongoDB\Server\6.0\bin;C:\Oracle\instantclient_21_11;C:\Users\52441\AppData\Roaming\Composer\vendor\bin;C:\DevSuiteHome_1\;C:\Users\52441\.dotnet\tools;C:\Program Files\Azure Data Studio\bin;C:\Program Files\OpenSSL-Win64\bin;C:\Users\52441\AppData\Roaming\nvm;C:\Program Files\nodejs;C:\Users\52441\AppData\Local\Google\Cloud SDK\google-cloud-sdk\bin;C:\Users\52441\scoop\shims;
USERNAME=52441
OS=Windows_NT
PROCESSOR_IDENTIFIER=Intel64 Family 6 Model 154 Stepping 3, GenuineIntel
TMP=C:\Users\52441\AppData\Local\Temp
TEMP=C:\Users\52441\AppData\Local\Temp



Periodic native trim disabled


---------------  S Y S T E M  ---------------

OS:
 Windows 11 , 64 bit Build 26100 (10.0.26100.3323)
OS uptime: 0 days 5:13 hours
Hyper-V role detected

CPU: total 12 (initial active 12) (6 cores per cpu, 2 threads per core) family 6 model 154 stepping 3 microcode 0x419, cx8, cmov, fxsr, ht, mmx, 3dnowpref, sse, sse2, sse3, ssse3, sse4.1, sse4.2, popcnt, lzcnt, tsc, tscinvbit, avx, avx2, aes, erms, clmul, bmi1, bmi2, adx, sha, fma, vzeroupper, clflush, clflushopt, clwb, hv
Processor Information for processor 0
  Max Mhz: 2000, Current Mhz: 2000, Mhz Limit: 2000
Processor Information for processor 1
  Max Mhz: 2000, Current Mhz: 2000, Mhz Limit: 2000
Processor Information for processor 2
  Max Mhz: 2000, Current Mhz: 2000, Mhz Limit: 2000
Processor Information for processor 3
  Max Mhz: 2000, Current Mhz: 1520, Mhz Limit: 2000
Processor Information for processor 4
  Max Mhz: 2000, Current Mhz: 1520, Mhz Limit: 2000
Processor Information for processor 5
  Max Mhz: 2000, Current Mhz: 2000, Mhz Limit: 2000
Processor Information for processor 6
  Max Mhz: 2000, Current Mhz: 1520, Mhz Limit: 2000
Processor Information for processor 7
  Max Mhz: 2000, Current Mhz: 2000, Mhz Limit: 2000
Processor Information for processor 8
  Max Mhz: 2000, Current Mhz: 1500, Mhz Limit: 1500
Processor Information for processor 9
  Max Mhz: 2000, Current Mhz: 1500, Mhz Limit: 1500
Processor Information for processor 10
  Max Mhz: 2000, Current Mhz: 1500, Mhz Limit: 1500
Processor Information for processor 11
  Max Mhz: 2000, Current Mhz: 1500, Mhz Limit: 1500

Memory: 4k page, system-wide physical 7917M (606M free)
TotalPageFile size 23699M (AvailPageFile size 6M)
current process WorkingSet (physical memory assigned to process): 357M, peak: 361M
current process commit charge ("private bytes"): 423M, peak: 425M

vm_info: OpenJDK 64-Bit Server VM (17.0.14+7) for windows-amd64 JRE (17.0.14+7), built on Jan 21 2025 23:40:15 by "admin" with MS VC++ 17.7 (VS2022)

END.
