#
# There is insufficient memory for the Java Runtime Environment to continue.
# Native memory allocation (malloc) failed to allocate 1119024 bytes. Error detail: Chunk::new
# Possible reasons:
#   The system is out of physical RAM or swap space
#   This process is running with CompressedOops enabled, and the Java Heap may be blocking the growth of the native heap
# Possible solutions:
#   Reduce memory load on the system
#   Increase physical memory or swap space
#   Check if swap backing store is full
#   Decrease Java heap size (-Xmx/-Xms)
#   Decrease number of Java threads
#   Decrease Java thread stack sizes (-Xss)
#   Set larger code cache with -XX:ReservedCodeCacheSize=
#   JVM is running with Unscaled Compressed Oops mode in which the Java heap is
#     placed in the first 4GB address space. The Java Heap base address is the
#     maximum limit for the native heap growth. Please use -XX:HeapBaseMinAddress
#     to set the Java Heap base and to place the Java Heap above 4GB virtual address.
# This output file may be truncated or incomplete.
#
#  Out of Memory Error (arena.cpp:191), pid=10340, tid=972
#
# JRE version: OpenJDK Runtime Environment Temurin-17.0.14+7 (17.0.14+7) (build 17.0.14+7)
# Java VM: OpenJDK 64-Bit Server VM Temurin-17.0.14+7 (17.0.14+7, mixed mode, sharing, tiered, compressed oops, compressed class ptrs, g1 gc, windows-amd64)
# No core dump will be written. Minidumps are not enabled by default on client versions of Windows
#

---------------  S U M M A R Y ------------

Command Line: --add-opens=java.base/java.lang=ALL-UNNAMED --add-opens=java.base/java.lang.invoke=ALL-UNNAMED --add-opens=java.base/java.util=ALL-UNNAMED --add-opens=java.prefs/java.util.prefs=ALL-UNNAMED --add-exports=jdk.compiler/com.sun.tools.javac.api=ALL-UNNAMED --add-exports=jdk.compiler/com.sun.tools.javac.util=ALL-UNNAMED --add-opens=java.base/java.util=ALL-UNNAMED --add-opens=java.prefs/java.util.prefs=ALL-UNNAMED --add-opens=java.base/java.nio.charset=ALL-UNNAMED --add-opens=java.base/java.net=ALL-UNNAMED --add-opens=java.base/java.util.concurrent.atomic=ALL-UNNAMED --add-opens=java.xml/javax.xml.namespace=ALL-UNNAMED -Xmx1536m -Dfile.encoding=UTF-8 -Duser.country=MX -Duser.language=es -Duser.variant -javaagent:C:\Users\52441\.gradle\wrapper\dists\gradle-8.11.1-all\2qik7nd48slq1ooc2496ixf4i\gradle-8.11.1\lib\agents\gradle-instrumentation-agent-8.11.1.jar org.gradle.launcher.daemon.bootstrap.GradleDaemon 8.11.1

Host: 12th Gen Intel(R) Core(TM) i5-12450H, 12 cores, 7G,  Windows 11 , 64 bit Build 26100 (10.0.26100.3323)
Time: Tue Mar 11 15:29:18 2025 Hora estándar central (México) elapsed time: 19.070735 seconds (0d 0h 0m 19s)

---------------  T H R E A D  ---------------

Current thread (0x000001a1f50360a0):  JavaThread "C2 CompilerThread0" daemon [_thread_in_native, id=972, stack(0x0000005e79400000,0x0000005e79500000)]


Current CompileTask:
C2:  19071 8246 % !   4       java.util.jar.Attributes::read @ 214 (494 bytes)

Stack: [0x0000005e79400000,0x0000005e79500000]
Native frames: (J=compiled Java code, j=interpreted, Vv=VM code, C=native code)
V  [jvm.dll+0x682eb9]
V  [jvm.dll+0x8399c8]
V  [jvm.dll+0x83b473]
V  [jvm.dll+0x83bae3]
V  [jvm.dll+0x24715f]
V  [jvm.dll+0xace44]
V  [jvm.dll+0xad4dc]
V  [jvm.dll+0x365b5e]
V  [jvm.dll+0x32fd58]
V  [jvm.dll+0x32f1da]
V  [jvm.dll+0x21814f]
V  [jvm.dll+0x21758f]
V  [jvm.dll+0x1a3150]
V  [jvm.dll+0x22799c]
V  [jvm.dll+0x225afb]
V  [jvm.dll+0x7ef128]
V  [jvm.dll+0x7e948c]
V  [jvm.dll+0x681d97]
C  [ucrtbase.dll+0x37b0]
C  [KERNEL32.DLL+0x2e8d7]
C  [ntdll.dll+0xbbf6c]


---------------  P R O C E S S  ---------------

Threads class SMR info:
_java_thread_list=0x000001a1ff275810, length=80, elements={
0x000001a1d7a4e930, 0x000001a1f5013690, 0x000001a1f5017270, 0x000001a1f502f480,
0x000001a1f5030040, 0x000001a1f5032b10, 0x000001a1f50344e0, 0x000001a1f50360a0,
0x000001a1f503f370, 0x000001a1f503fd70, 0x000001a1f4ff6f80, 0x000001a1f5313470,
0x000001a1fb081730, 0x000001a1fb1d00d0, 0x000001a1fb1dcd30, 0x000001a1fb2e55f0,
0x000001a1fb3c0e00, 0x000001a1fb69e3d0, 0x000001a1fb69edf0, 0x000001a1fb69e8e0,
0x000001a1fb69c570, 0x000001a1fb69b640, 0x000001a1fb69c060, 0x000001a1fb69bb50,
0x000001a1fb69d9b0, 0x000001a1fb69ca80, 0x000001a1fb69cf90, 0x000001a1fb69d4a0,
0x000001a1fb69dec0, 0x000001a1fc69c790, 0x000001a1fc69f010, 0x000001a1fc69e0e0,
0x000001a1fc69e5f0, 0x000001a1fc69dbd0, 0x000001a1fc69d6c0, 0x000001a1fc69d1b0,
0x000001a1fc69fa30, 0x000001a1fc69ff40, 0x000001a1fc6a0450, 0x000001a1fc69cca0,
0x000001a1fc6a36f0, 0x000001a1fc6a27c0, 0x000001a1fc6a1890, 0x000001a1fc6a0960,
0x000001a1fc6a0e70, 0x000001a1fc6a2cd0, 0x000001a1fc6a1380, 0x000001a1fc6a31e0,
0x000001a1fc6a1da0, 0x000001a1fc6a22b0, 0x000001a1f5431250, 0x000001a1fb742cb0,
0x000001a1fb741870, 0x000001a1fb741d80, 0x000001a1f5469a30, 0x000001a1f5469520,
0x000001a1f5a7eb20, 0x000001a1f5a7e610, 0x000001a1f5a7f030, 0x000001a1fcd81080,
0x000001a1fcd81590, 0x000001a1fcd7fc40, 0x000001a1fcd80b70, 0x000001a1fcd80660,
0x000001a1fcd80150, 0x000001a1fa4e7f40, 0x000001a1fa4e7010, 0x000001a1fa4e7a30,
0x000001a1fa4e65f0, 0x000001a1fa4e6b00, 0x000001a1fa4e8e70, 0x000001a1fa4e9380,
0x000001a1fa4e7520, 0x000001a1fe097e20, 0x000001a1fb740790, 0x000001a1fb740280,
0x000001a1fb7427a0, 0x000001a1fb7431c0, 0x000001a1fd540050, 0x000001a1fcf96af0
}

Java Threads: ( => current thread )
  0x000001a1d7a4e930 JavaThread "main" [_thread_blocked, id=24436, stack(0x0000005e78700000,0x0000005e78800000)]
  0x000001a1f5013690 JavaThread "Reference Handler" daemon [_thread_blocked, id=5732, stack(0x0000005e78e00000,0x0000005e78f00000)]
  0x000001a1f5017270 JavaThread "Finalizer" daemon [_thread_blocked, id=23892, stack(0x0000005e78f00000,0x0000005e79000000)]
  0x000001a1f502f480 JavaThread "Signal Dispatcher" daemon [_thread_blocked, id=8904, stack(0x0000005e79000000,0x0000005e79100000)]
  0x000001a1f5030040 JavaThread "Attach Listener" daemon [_thread_blocked, id=11876, stack(0x0000005e79100000,0x0000005e79200000)]
  0x000001a1f5032b10 JavaThread "Service Thread" daemon [_thread_blocked, id=25040, stack(0x0000005e79200000,0x0000005e79300000)]
  0x000001a1f50344e0 JavaThread "Monitor Deflation Thread" daemon [_thread_blocked, id=23708, stack(0x0000005e79300000,0x0000005e79400000)]
=>0x000001a1f50360a0 JavaThread "C2 CompilerThread0" daemon [_thread_in_native, id=972, stack(0x0000005e79400000,0x0000005e79500000)]
  0x000001a1f503f370 JavaThread "C1 CompilerThread0" daemon [_thread_blocked, id=17592, stack(0x0000005e79500000,0x0000005e79600000)]
  0x000001a1f503fd70 JavaThread "Sweeper thread" daemon [_thread_blocked, id=6840, stack(0x0000005e79600000,0x0000005e79700000)]
  0x000001a1f4ff6f80 JavaThread "Common-Cleaner" daemon [_thread_blocked, id=19036, stack(0x0000005e79700000,0x0000005e79800000)]
  0x000001a1f5313470 JavaThread "Notification Thread" daemon [_thread_blocked, id=24036, stack(0x0000005e79800000,0x0000005e79900000)]
  0x000001a1fb081730 JavaThread "Daemon health stats" [_thread_blocked, id=23628, stack(0x0000005e79a00000,0x0000005e79b00000)]
  0x000001a1fb1d00d0 JavaThread "Incoming local TCP Connector on port 63844" [_thread_in_native, id=23864, stack(0x0000005e79b00000,0x0000005e79c00000)]
  0x000001a1fb1dcd30 JavaThread "Daemon periodic checks" [_thread_blocked, id=20344, stack(0x0000005e7a100000,0x0000005e7a200000)]
  0x000001a1fb2e55f0 JavaThread "Daemon" [_thread_blocked, id=24624, stack(0x0000005e7a200000,0x0000005e7a300000)]
  0x000001a1fb3c0e00 JavaThread "Handler for socket connection from /127.0.0.1:63844 to /127.0.0.1:63845" [_thread_in_native, id=24144, stack(0x0000005e7a300000,0x0000005e7a400000)]
  0x000001a1fb69e3d0 JavaThread "Cancel handler" [_thread_blocked, id=12472, stack(0x0000005e7a400000,0x0000005e7a500000)]
  0x000001a1fb69edf0 JavaThread "Daemon worker" [_thread_in_Java, id=26212, stack(0x0000005e7a500000,0x0000005e7a600000)]
  0x000001a1fb69e8e0 JavaThread "Asynchronous log dispatcher for DefaultDaemonConnection: socket connection from /127.0.0.1:63844 to /127.0.0.1:63845" [_thread_blocked, id=26364, stack(0x0000005e7a600000,0x0000005e7a700000)]
  0x000001a1fb69c570 JavaThread "Stdin handler" [_thread_blocked, id=20820, stack(0x0000005e7a700000,0x0000005e7a800000)]
  0x000001a1fb69b640 JavaThread "Daemon client event forwarder" [_thread_blocked, id=22852, stack(0x0000005e7a800000,0x0000005e7a900000)]
  0x000001a1fb69c060 JavaThread "Cache worker for journal cache (C:\Users\52441\.gradle\caches\journal-1)" [_thread_blocked, id=25796, stack(0x0000005e7a900000,0x0000005e7aa00000)]
  0x000001a1fb69bb50 JavaThread "File lock request listener" [_thread_in_native, id=25956, stack(0x0000005e7aa00000,0x0000005e7ab00000)]
  0x000001a1fb69d9b0 JavaThread "Cache worker for file hash cache (C:\Users\52441\.gradle\caches\8.11.1\fileHashes)" [_thread_blocked, id=23380, stack(0x0000005e7a000000,0x0000005e7a100000)]
  0x000001a1fb69ca80 JavaThread "Cache worker for file content cache (C:\Users\52441\.gradle\caches\8.11.1\fileContent)" [_thread_blocked, id=16580, stack(0x0000005e7b000000,0x0000005e7b100000)]
  0x000001a1fb69cf90 JavaThread "Cache worker for file hash cache (C:\ProjectJS\Ionic\Integradora\WasheDay\WasheDay\android\.gradle\8.11.1\fileHashes)" [_thread_blocked, id=11616, stack(0x0000005e7b100000,0x0000005e7b200000)]
  0x000001a1fb69d4a0 JavaThread "Cache worker for Build Output Cleanup Cache (C:\ProjectJS\Ionic\Integradora\WasheDay\WasheDay\android\.gradle\buildOutputCleanup)" [_thread_blocked, id=18640, stack(0x0000005e7b200000,0x0000005e7b300000)]
  0x000001a1fb69dec0 JavaThread "File watcher server" daemon [_thread_in_native, id=22700, stack(0x0000005e7b500000,0x0000005e7b600000)]
  0x000001a1fc69c790 JavaThread "File watcher consumer" daemon [_thread_blocked, id=24948, stack(0x0000005e7b600000,0x0000005e7b700000)]
  0x000001a1fc69f010 JavaThread "Cache worker for checksums cache (C:\ProjectJS\Ionic\Integradora\WasheDay\WasheDay\android\.gradle\8.11.1\checksums)" [_thread_blocked, id=17628, stack(0x0000005e7b800000,0x0000005e7b900000)]
  0x000001a1fc69e0e0 JavaThread "Cache worker for cache directory md-rule (C:\Users\52441\.gradle\caches\8.11.1\md-rule)" [_thread_blocked, id=25948, stack(0x0000005e7b900000,0x0000005e7ba00000)]
  0x000001a1fc69e5f0 JavaThread "Cache worker for cache directory md-supplier (C:\Users\52441\.gradle\caches\8.11.1\md-supplier)" [_thread_blocked, id=14624, stack(0x0000005e7ba00000,0x0000005e7bb00000)]
  0x000001a1fc69dbd0 JavaThread "jar transforms" [_thread_blocked, id=2872, stack(0x0000005e7bd00000,0x0000005e7be00000)]
  0x000001a1fc69d6c0 JavaThread "jar transforms Thread 2" [_thread_blocked, id=10544, stack(0x0000005e7be00000,0x0000005e7bf00000)]
  0x000001a1fc69d1b0 JavaThread "jar transforms Thread 3" [_thread_blocked, id=13160, stack(0x0000005e7bf00000,0x0000005e7c000000)]
  0x000001a1fc69fa30 JavaThread "jar transforms Thread 4" [_thread_blocked, id=21940, stack(0x0000005e7c000000,0x0000005e7c100000)]
  0x000001a1fc69ff40 JavaThread "jar transforms Thread 5" [_thread_blocked, id=21676, stack(0x0000005e7c100000,0x0000005e7c200000)]
  0x000001a1fc6a0450 JavaThread "jar transforms Thread 6" [_thread_blocked, id=21040, stack(0x0000005e7c200000,0x0000005e7c300000)]
  0x000001a1fc69cca0 JavaThread "jar transforms Thread 7" [_thread_blocked, id=22472, stack(0x0000005e7c300000,0x0000005e7c400000)]
  0x000001a1fc6a36f0 JavaThread "Unconstrained build operations" [_thread_blocked, id=20844, stack(0x0000005e7c400000,0x0000005e7c500000)]
  0x000001a1fc6a27c0 JavaThread "Unconstrained build operations Thread 2" [_thread_blocked, id=20588, stack(0x0000005e7c500000,0x0000005e7c600000)]
  0x000001a1fc6a1890 JavaThread "Unconstrained build operations Thread 3" [_thread_blocked, id=13700, stack(0x0000005e7c600000,0x0000005e7c700000)]
  0x000001a1fc6a0960 JavaThread "Unconstrained build operations Thread 4" [_thread_blocked, id=22996, stack(0x0000005e7c700000,0x0000005e7c800000)]
  0x000001a1fc6a0e70 JavaThread "Unconstrained build operations Thread 5" [_thread_blocked, id=6704, stack(0x0000005e7c800000,0x0000005e7c900000)]
  0x000001a1fc6a2cd0 JavaThread "Unconstrained build operations Thread 6" [_thread_blocked, id=10084, stack(0x0000005e7c900000,0x0000005e7ca00000)]
  0x000001a1fc6a1380 JavaThread "Unconstrained build operations Thread 7" [_thread_blocked, id=24672, stack(0x0000005e7ca00000,0x0000005e7cb00000)]
  0x000001a1fc6a31e0 JavaThread "Unconstrained build operations Thread 8" [_thread_blocked, id=4004, stack(0x0000005e7cb00000,0x0000005e7cc00000)]
  0x000001a1fc6a1da0 JavaThread "Unconstrained build operations Thread 9" [_thread_blocked, id=19356, stack(0x0000005e7cc00000,0x0000005e7cd00000)]
  0x000001a1fc6a22b0 JavaThread "Unconstrained build operations Thread 10" [_thread_blocked, id=22820, stack(0x0000005e7cd00000,0x0000005e7ce00000)]
  0x000001a1f5431250 JavaThread "Unconstrained build operations Thread 11" [_thread_blocked, id=17164, stack(0x0000005e7ce00000,0x0000005e7cf00000)]
  0x000001a1fb742cb0 JavaThread "Unconstrained build operations Thread 12" [_thread_blocked, id=13728, stack(0x0000005e7cf00000,0x0000005e7d000000)]
  0x000001a1fb741870 JavaThread "Unconstrained build operations Thread 13" [_thread_blocked, id=16268, stack(0x0000005e7d000000,0x0000005e7d100000)]
  0x000001a1fb741d80 JavaThread "Unconstrained build operations Thread 14" [_thread_blocked, id=25828, stack(0x0000005e7d100000,0x0000005e7d200000)]
  0x000001a1f5469a30 JavaThread "Unconstrained build operations Thread 15" [_thread_blocked, id=26228, stack(0x0000005e7d200000,0x0000005e7d300000)]
  0x000001a1f5469520 JavaThread "Unconstrained build operations Thread 16" [_thread_blocked, id=21988, stack(0x0000005e7d300000,0x0000005e7d400000)]
  0x000001a1f5a7eb20 JavaThread "Unconstrained build operations Thread 17" [_thread_blocked, id=9388, stack(0x0000005e7d400000,0x0000005e7d500000)]
  0x000001a1f5a7e610 JavaThread "Unconstrained build operations Thread 18" [_thread_blocked, id=24720, stack(0x0000005e7d500000,0x0000005e7d600000)]
  0x000001a1f5a7f030 JavaThread "Unconstrained build operations Thread 19" [_thread_blocked, id=16816, stack(0x0000005e7d600000,0x0000005e7d700000)]
  0x000001a1fcd81080 JavaThread "Unconstrained build operations Thread 20" [_thread_blocked, id=22128, stack(0x0000005e7d700000,0x0000005e7d800000)]
  0x000001a1fcd81590 JavaThread "Unconstrained build operations Thread 21" [_thread_blocked, id=4264, stack(0x0000005e7d800000,0x0000005e7d900000)]
  0x000001a1fcd7fc40 JavaThread "Unconstrained build operations Thread 22" [_thread_blocked, id=25260, stack(0x0000005e7d900000,0x0000005e7da00000)]
  0x000001a1fcd80b70 JavaThread "Unconstrained build operations Thread 23" [_thread_blocked, id=17584, stack(0x0000005e7da00000,0x0000005e7db00000)]
  0x000001a1fcd80660 JavaThread "Unconstrained build operations Thread 24" [_thread_blocked, id=992, stack(0x0000005e7db00000,0x0000005e7dc00000)]
  0x000001a1fcd80150 JavaThread "Unconstrained build operations Thread 25" [_thread_blocked, id=23044, stack(0x0000005e7dc00000,0x0000005e7dd00000)]
  0x000001a1fa4e7f40 JavaThread "Unconstrained build operations Thread 26" [_thread_blocked, id=21844, stack(0x0000005e7dd00000,0x0000005e7de00000)]
  0x000001a1fa4e7010 JavaThread "Unconstrained build operations Thread 27" [_thread_blocked, id=15756, stack(0x0000005e7de00000,0x0000005e7df00000)]
  0x000001a1fa4e7a30 JavaThread "Unconstrained build operations Thread 28" [_thread_blocked, id=16460, stack(0x0000005e7df00000,0x0000005e7e000000)]
  0x000001a1fa4e65f0 JavaThread "Unconstrained build operations Thread 29" [_thread_blocked, id=14584, stack(0x0000005e7e000000,0x0000005e7e100000)]
  0x000001a1fa4e6b00 JavaThread "Unconstrained build operations Thread 30" [_thread_blocked, id=11512, stack(0x0000005e7e100000,0x0000005e7e200000)]
  0x000001a1fa4e8e70 JavaThread "Unconstrained build operations Thread 31" [_thread_blocked, id=22184, stack(0x0000005e7e200000,0x0000005e7e300000)]
  0x000001a1fa4e9380 JavaThread "Unconstrained build operations Thread 32" [_thread_blocked, id=20652, stack(0x0000005e7e300000,0x0000005e7e400000)]
  0x000001a1fa4e7520 JavaThread "Unconstrained build operations Thread 33" [_thread_blocked, id=26056, stack(0x0000005e7e400000,0x0000005e7e500000)]
  0x000001a1fe097e20 JavaThread "jar transforms Thread 8" [_thread_blocked, id=18192, stack(0x0000005e7e500000,0x0000005e7e600000)]
  0x000001a1fb740790 JavaThread "jar transforms Thread 9" [_thread_blocked, id=16944, stack(0x0000005e7e600000,0x0000005e7e700000)]
  0x000001a1fb740280 JavaThread "jar transforms Thread 10" [_thread_blocked, id=16232, stack(0x0000005e7e700000,0x0000005e7e800000)]
  0x000001a1fb7427a0 JavaThread "jar transforms Thread 11" [_thread_blocked, id=13792, stack(0x0000005e7e800000,0x0000005e7e900000)]
  0x000001a1fb7431c0 JavaThread "jar transforms Thread 12" [_thread_blocked, id=21032, stack(0x0000005e7e900000,0x0000005e7ea00000)]
  0x000001a1fd540050 JavaThread "Memory manager" [_thread_blocked, id=4508, stack(0x0000005e7b700000,0x0000005e7b800000)]
  0x000001a1fcf96af0 JavaThread "C2 CompilerThread1" daemon [_thread_in_native, id=23340, stack(0x0000005e7ea00000,0x0000005e7eb00000)]

Other Threads:
  0x000001a1f5007d20 VMThread "VM Thread" [stack: 0x0000005e78d00000,0x0000005e78e00000] [id=14532]
  0x000001a1d7a4f7b0 WatcherThread [stack: 0x0000005e79900000,0x0000005e79a00000] [id=20864]
  0x000001a1d7a99cd0 GCTaskThread "GC Thread#0" [stack: 0x0000005e78800000,0x0000005e78900000] [id=6804]
  0x000001a1f55829b0 GCTaskThread "GC Thread#1" [stack: 0x0000005e79c00000,0x0000005e79d00000] [id=6488]
  0x000001a1f573bc30 GCTaskThread "GC Thread#2" [stack: 0x0000005e79d00000,0x0000005e79e00000] [id=25080]
  0x000001a1f55aec60 GCTaskThread "GC Thread#3" [stack: 0x0000005e79e00000,0x0000005e79f00000] [id=13168]
  0x000001a1f5cef6f0 GCTaskThread "GC Thread#4" [stack: 0x0000005e79f00000,0x0000005e7a000000] [id=10284]
  0x000001a1fa4ca020 GCTaskThread "GC Thread#5" [stack: 0x0000005e7ab00000,0x0000005e7ac00000] [id=9480]
  0x000001a1fb9b9290 GCTaskThread "GC Thread#6" [stack: 0x0000005e7ac00000,0x0000005e7ad00000] [id=22732]
  0x000001a1fb9b9550 GCTaskThread "GC Thread#7" [stack: 0x0000005e7ad00000,0x0000005e7ae00000] [id=23032]
  0x000001a1fb5f3dd0 GCTaskThread "GC Thread#8" [stack: 0x0000005e7ae00000,0x0000005e7af00000] [id=22908]
  0x000001a1fb81b670 GCTaskThread "GC Thread#9" [stack: 0x0000005e7af00000,0x0000005e7b000000] [id=13716]
  0x000001a1d7aa8900 ConcurrentGCThread "G1 Main Marker" [stack: 0x0000005e78900000,0x0000005e78a00000] [id=3088]
  0x000001a1d7aab1e0 ConcurrentGCThread "G1 Conc#0" [stack: 0x0000005e78a00000,0x0000005e78b00000] [id=23372]
  0x000001a1fb81b0f0 ConcurrentGCThread "G1 Conc#1" [stack: 0x0000005e7b300000,0x0000005e7b400000] [id=14776]
  0x000001a1fb81bbf0 ConcurrentGCThread "G1 Conc#2" [stack: 0x0000005e7b400000,0x0000005e7b500000] [id=25420]
  0x000001a1d7afe9b0 ConcurrentGCThread "G1 Refine#0" [stack: 0x0000005e78b00000,0x0000005e78c00000] [id=21860]
  0x000001a1fc49ec80 ConcurrentGCThread "G1 Refine#1" [stack: 0x0000005e7bb00000,0x0000005e7bc00000] [id=26348]
  0x000001a1fc49ef70 ConcurrentGCThread "G1 Refine#2" [stack: 0x0000005e7bc00000,0x0000005e7bd00000] [id=8952]
  0x000001a1f4eb64d0 ConcurrentGCThread "G1 Service" [stack: 0x0000005e78c00000,0x0000005e78d00000] [id=20892]

Threads with active compile tasks:
C2 CompilerThread0    19132 8246 % !   4       java.util.jar.Attributes::read @ 214 (494 bytes)
C1 CompilerThread0    19132 8289       3       java.math.BigInteger::implMultiplyToLen (216 bytes)
C2 CompilerThread1    19132 8282 %     4       java.math.BigInteger::implMulAdd @ 24 (81 bytes)

VM state: not at safepoint (normal execution)

VM Mutex/Monitor currently owned by a thread: None

Heap address: 0x00000000a0000000, size: 1536 MB, Compressed Oops mode: 32-bit

CDS archive(s) mapped at: [0x000001a180000000-0x000001a180bb0000-0x000001a180bb0000), size 12255232, SharedBaseAddress: 0x000001a180000000, ArchiveRelocationMode: 1.
Compressed class space mapped at: 0x000001a181000000-0x000001a1c1000000, reserved size: 1073741824
Narrow klass base: 0x000001a180000000, Narrow klass shift: 0, Narrow klass range: 0x100000000

GC Precious Log:
 CPUs: 12 total, 12 available
 Memory: 7917M
 Large Page Support: Disabled
 NUMA Support: Disabled
 Compressed Oops: Enabled (32-bit)
 Heap Region Size: 1M
 Heap Min Capacity: 8M
 Heap Initial Capacity: 124M
 Heap Max Capacity: 1536M
 Pre-touch: Disabled
 Parallel Workers: 10
 Concurrent Workers: 3
 Concurrent Refinement Workers: 10
 Periodic GC: Disabled

Heap:
 garbage-first heap   total 107520K, used 73025K [0x00000000a0000000, 0x0000000100000000)
  region size 1024K, 13 young (13312K), 1 survivors (1024K)
 Metaspace       used 58110K, committed 58688K, reserved 1114112K
  class space    used 7906K, committed 8192K, reserved 1048576K

Heap Regions: E=young(eden), S=young(survivor), O=old, HS=humongous(starts), HC=humongous(continues), CS=collection set, F=free, OA=open archive, CA=closed archive, TAMS=top-at-mark-start (previous, next)
|   0|0x00000000a0000000, 0x00000000a0100000, 0x00000000a0100000|100%| O|  |TAMS 0x00000000a0100000, 0x00000000a0000000| Untracked 
|   1|0x00000000a0100000, 0x00000000a0200000, 0x00000000a0200000|100%|HS|  |TAMS 0x00000000a0200000, 0x00000000a0100000| Complete 
|   2|0x00000000a0200000, 0x00000000a0300000, 0x00000000a0300000|100%|HC|  |TAMS 0x00000000a0300000, 0x00000000a0200000| Complete 
|   3|0x00000000a0300000, 0x00000000a0400000, 0x00000000a0400000|100%|HC|  |TAMS 0x00000000a0400000, 0x00000000a0300000| Complete 
|   4|0x00000000a0400000, 0x00000000a0500000, 0x00000000a0500000|100%| O|  |TAMS 0x00000000a0500000, 0x00000000a0400000| Untracked 
|   5|0x00000000a0500000, 0x00000000a0600000, 0x00000000a0600000|100%| O|  |TAMS 0x00000000a0600000, 0x00000000a0500000| Untracked 
|   6|0x00000000a0600000, 0x00000000a0700000, 0x00000000a0700000|100%| O|  |TAMS 0x00000000a0700000, 0x00000000a0600000| Untracked 
|   7|0x00000000a0700000, 0x00000000a0800000, 0x00000000a0800000|100%|HS|  |TAMS 0x00000000a0800000, 0x00000000a0700000| Complete 
|   8|0x00000000a0800000, 0x00000000a0900000, 0x00000000a0900000|100%| O|  |TAMS 0x00000000a0900000, 0x00000000a0800000| Untracked 
|   9|0x00000000a0900000, 0x00000000a0a00000, 0x00000000a0a00000|100%| O|  |TAMS 0x00000000a0a00000, 0x00000000a0900000| Untracked 
|  10|0x00000000a0a00000, 0x00000000a0b00000, 0x00000000a0b00000|100%| O|  |TAMS 0x00000000a0b00000, 0x00000000a0a00000| Untracked 
|  11|0x00000000a0b00000, 0x00000000a0c00000, 0x00000000a0c00000|100%| O|  |TAMS 0x00000000a0c00000, 0x00000000a0b00000| Untracked 
|  12|0x00000000a0c00000, 0x00000000a0d00000, 0x00000000a0d00000|100%| O|  |TAMS 0x00000000a0d00000, 0x00000000a0c00000| Untracked 
|  13|0x00000000a0d00000, 0x00000000a0e00000, 0x00000000a0e00000|100%| O|  |TAMS 0x00000000a0e00000, 0x00000000a0d00000| Untracked 
|  14|0x00000000a0e00000, 0x00000000a0f00000, 0x00000000a0f00000|100%| O|  |TAMS 0x00000000a0f00000, 0x00000000a0e00000| Untracked 
|  15|0x00000000a0f00000, 0x00000000a1000000, 0x00000000a1000000|100%| O|  |TAMS 0x00000000a1000000, 0x00000000a0f00000| Untracked 
|  16|0x00000000a1000000, 0x00000000a1100000, 0x00000000a1100000|100%|HS|  |TAMS 0x00000000a1100000, 0x00000000a1000000| Complete 
|  17|0x00000000a1100000, 0x00000000a1200000, 0x00000000a1200000|100%| O|  |TAMS 0x00000000a1200000, 0x00000000a1100000| Untracked 
|  18|0x00000000a1200000, 0x00000000a1300000, 0x00000000a1300000|100%| O|  |TAMS 0x00000000a1300000, 0x00000000a1200000| Untracked 
|  19|0x00000000a1300000, 0x00000000a1400000, 0x00000000a1400000|100%| O|  |TAMS 0x00000000a1400000, 0x00000000a1300000| Untracked 
|  20|0x00000000a1400000, 0x00000000a1500000, 0x00000000a1500000|100%| O|  |TAMS 0x00000000a1500000, 0x00000000a1400000| Untracked 
|  21|0x00000000a1500000, 0x00000000a1600000, 0x00000000a1600000|100%| O|  |TAMS 0x00000000a1600000, 0x00000000a1500000| Untracked 
|  22|0x00000000a1600000, 0x00000000a1700000, 0x00000000a1700000|100%| O|  |TAMS 0x00000000a1700000, 0x00000000a1600000| Untracked 
|  23|0x00000000a1700000, 0x00000000a1800000, 0x00000000a1800000|100%| O|  |TAMS 0x00000000a1800000, 0x00000000a1700000| Untracked 
|  24|0x00000000a1800000, 0x00000000a1900000, 0x00000000a1900000|100%| O|  |TAMS 0x00000000a1900000, 0x00000000a1800000| Untracked 
|  25|0x00000000a1900000, 0x00000000a1a00000, 0x00000000a1a00000|100%| O|  |TAMS 0x00000000a1a00000, 0x00000000a1900000| Untracked 
|  26|0x00000000a1a00000, 0x00000000a1b00000, 0x00000000a1b00000|100%| O|  |TAMS 0x00000000a1b00000, 0x00000000a1a00000| Untracked 
|  27|0x00000000a1b00000, 0x00000000a1c00000, 0x00000000a1c00000|100%| O|  |TAMS 0x00000000a1c00000, 0x00000000a1b00000| Untracked 
|  28|0x00000000a1c00000, 0x00000000a1d00000, 0x00000000a1d00000|100%| O|  |TAMS 0x00000000a1d00000, 0x00000000a1c00000| Untracked 
|  29|0x00000000a1d00000, 0x00000000a1e00000, 0x00000000a1e00000|100%| O|  |TAMS 0x00000000a1e00000, 0x00000000a1d00000| Untracked 
|  30|0x00000000a1e00000, 0x00000000a1f00000, 0x00000000a1f00000|100%| O|  |TAMS 0x00000000a1f00000, 0x00000000a1e00000| Untracked 
|  31|0x00000000a1f00000, 0x00000000a2000000, 0x00000000a2000000|100%| O|  |TAMS 0x00000000a2000000, 0x00000000a1f00000| Untracked 
|  32|0x00000000a2000000, 0x00000000a2100000, 0x00000000a2100000|100%| O|  |TAMS 0x00000000a2100000, 0x00000000a2000000| Untracked 
|  33|0x00000000a2100000, 0x00000000a2200000, 0x00000000a2200000|100%| O|  |TAMS 0x00000000a2100000, 0x00000000a2100000| Untracked 
|  34|0x00000000a2200000, 0x00000000a2300000, 0x00000000a2300000|100%| O|  |TAMS 0x00000000a2300000, 0x00000000a2200000| Untracked 
|  35|0x00000000a2300000, 0x00000000a2300000, 0x00000000a2400000|  0%| F|  |TAMS 0x00000000a2300000, 0x00000000a2300000| Untracked 
|  36|0x00000000a2400000, 0x00000000a2500000, 0x00000000a2500000|100%| O|  |TAMS 0x00000000a2500000, 0x00000000a2400000| Untracked 
|  37|0x00000000a2500000, 0x00000000a2600000, 0x00000000a2600000|100%| O|  |TAMS 0x00000000a2600000, 0x00000000a2500000| Untracked 
|  38|0x00000000a2600000, 0x00000000a2700000, 0x00000000a2700000|100%| O|  |TAMS 0x00000000a2700000, 0x00000000a2600000| Untracked 
|  39|0x00000000a2700000, 0x00000000a2800000, 0x00000000a2800000|100%| O|  |TAMS 0x00000000a2800000, 0x00000000a2700000| Untracked 
|  40|0x00000000a2800000, 0x00000000a2900000, 0x00000000a2900000|100%| O|  |TAMS 0x00000000a2900000, 0x00000000a2800000| Untracked 
|  41|0x00000000a2900000, 0x00000000a2a00000, 0x00000000a2a00000|100%| O|  |TAMS 0x00000000a2a00000, 0x00000000a2900000| Untracked 
|  42|0x00000000a2a00000, 0x00000000a2b00000, 0x00000000a2b00000|100%| O|  |TAMS 0x00000000a2b00000, 0x00000000a2a00000| Untracked 
|  43|0x00000000a2b00000, 0x00000000a2c00000, 0x00000000a2c00000|100%| O|  |TAMS 0x00000000a2c00000, 0x00000000a2b00000| Untracked 
|  44|0x00000000a2c00000, 0x00000000a2d00000, 0x00000000a2d00000|100%|HS|  |TAMS 0x00000000a2d00000, 0x00000000a2c00000| Complete 
|  45|0x00000000a2d00000, 0x00000000a2e00000, 0x00000000a2e00000|100%|HS|  |TAMS 0x00000000a2e00000, 0x00000000a2d00000| Complete 
|  46|0x00000000a2e00000, 0x00000000a2f00000, 0x00000000a2f00000|100%|HS|  |TAMS 0x00000000a2f00000, 0x00000000a2e00000| Complete 
|  47|0x00000000a2f00000, 0x00000000a3000000, 0x00000000a3000000|100%|HS|  |TAMS 0x00000000a3000000, 0x00000000a2f00000| Complete 
|  48|0x00000000a3000000, 0x00000000a3100000, 0x00000000a3100000|100%| O|  |TAMS 0x00000000a3100000, 0x00000000a3000000| Untracked 
|  49|0x00000000a3100000, 0x00000000a3200000, 0x00000000a3200000|100%|HS|  |TAMS 0x00000000a3200000, 0x00000000a3100000| Complete 
|  50|0x00000000a3200000, 0x00000000a3300000, 0x00000000a3300000|100%| O|  |TAMS 0x00000000a3300000, 0x00000000a3200000| Untracked 
|  51|0x00000000a3300000, 0x00000000a3400000, 0x00000000a3400000|100%| O|  |TAMS 0x00000000a3400000, 0x00000000a3300000| Untracked 
|  52|0x00000000a3400000, 0x00000000a3500000, 0x00000000a3500000|100%| O|  |TAMS 0x00000000a3500000, 0x00000000a3400000| Untracked 
|  53|0x00000000a3500000, 0x00000000a3600000, 0x00000000a3600000|100%| O|  |TAMS 0x00000000a3600000, 0x00000000a3500000| Untracked 
|  54|0x00000000a3600000, 0x00000000a3700000, 0x00000000a3700000|100%| O|  |TAMS 0x00000000a36cf200, 0x00000000a3600000| Untracked 
|  55|0x00000000a3700000, 0x00000000a3800000, 0x00000000a3800000|100%| O|  |TAMS 0x00000000a3700000, 0x00000000a3700000| Untracked 
|  56|0x00000000a3800000, 0x00000000a380d608, 0x00000000a3900000|  5%| O|  |TAMS 0x00000000a3800000, 0x00000000a3800000| Untracked 
|  57|0x00000000a3900000, 0x00000000a3900000, 0x00000000a3a00000|  0%| F|  |TAMS 0x00000000a3900000, 0x00000000a3900000| Untracked 
|  58|0x00000000a3a00000, 0x00000000a3b00000, 0x00000000a3b00000|100%| O|  |TAMS 0x00000000a3b00000, 0x00000000a3a00000| Untracked 
|  59|0x00000000a3b00000, 0x00000000a3c00000, 0x00000000a3c00000|100%| O|  |TAMS 0x00000000a3c00000, 0x00000000a3b00000| Untracked 
|  60|0x00000000a3c00000, 0x00000000a3d00000, 0x00000000a3d00000|100%| O|  |TAMS 0x00000000a3d00000, 0x00000000a3c00000| Untracked 
|  61|0x00000000a3d00000, 0x00000000a3e00000, 0x00000000a3e00000|100%| O|  |TAMS 0x00000000a3e00000, 0x00000000a3d00000| Untracked 
|  62|0x00000000a3e00000, 0x00000000a3e00000, 0x00000000a3f00000|  0%| F|  |TAMS 0x00000000a3e00000, 0x00000000a3e00000| Untracked 
|  63|0x00000000a3f00000, 0x00000000a3f00000, 0x00000000a4000000|  0%| F|  |TAMS 0x00000000a3f00000, 0x00000000a3f00000| Untracked 
|  64|0x00000000a4000000, 0x00000000a4000000, 0x00000000a4100000|  0%| F|  |TAMS 0x00000000a4000000, 0x00000000a4000000| Untracked 
|  65|0x00000000a4100000, 0x00000000a4100000, 0x00000000a4200000|  0%| F|  |TAMS 0x00000000a4100000, 0x00000000a4100000| Untracked 
|  66|0x00000000a4200000, 0x00000000a4200000, 0x00000000a4300000|  0%| F|  |TAMS 0x00000000a4200000, 0x00000000a4200000| Untracked 
|  67|0x00000000a4300000, 0x00000000a4300000, 0x00000000a4400000|  0%| F|  |TAMS 0x00000000a4300000, 0x00000000a4300000| Untracked 
|  68|0x00000000a4400000, 0x00000000a4400000, 0x00000000a4500000|  0%| F|  |TAMS 0x00000000a4400000, 0x00000000a4400000| Untracked 
|  69|0x00000000a4500000, 0x00000000a4500000, 0x00000000a4600000|  0%| F|  |TAMS 0x00000000a4500000, 0x00000000a4500000| Untracked 
|  70|0x00000000a4600000, 0x00000000a4600000, 0x00000000a4700000|  0%| F|  |TAMS 0x00000000a4600000, 0x00000000a4600000| Untracked 
|  71|0x00000000a4700000, 0x00000000a4700000, 0x00000000a4800000|  0%| F|  |TAMS 0x00000000a4700000, 0x00000000a4700000| Untracked 
|  72|0x00000000a4800000, 0x00000000a4800000, 0x00000000a4900000|  0%| F|  |TAMS 0x00000000a4800000, 0x00000000a4800000| Untracked 
|  73|0x00000000a4900000, 0x00000000a4900000, 0x00000000a4a00000|  0%| F|  |TAMS 0x00000000a4900000, 0x00000000a4900000| Untracked 
|  74|0x00000000a4a00000, 0x00000000a4a00000, 0x00000000a4b00000|  0%| F|  |TAMS 0x00000000a4a00000, 0x00000000a4a00000| Untracked 
|  75|0x00000000a4b00000, 0x00000000a4b00000, 0x00000000a4c00000|  0%| F|  |TAMS 0x00000000a4b00000, 0x00000000a4b00000| Untracked 
|  76|0x00000000a4c00000, 0x00000000a4c00000, 0x00000000a4d00000|  0%| F|  |TAMS 0x00000000a4c00000, 0x00000000a4c00000| Untracked 
|  77|0x00000000a4d00000, 0x00000000a4d00000, 0x00000000a4e00000|  0%| F|  |TAMS 0x00000000a4d00000, 0x00000000a4d00000| Untracked 
|  78|0x00000000a4e00000, 0x00000000a4e00000, 0x00000000a4f00000|  0%| F|  |TAMS 0x00000000a4e00000, 0x00000000a4e00000| Untracked 
|  79|0x00000000a4f00000, 0x00000000a4f00000, 0x00000000a5000000|  0%| F|  |TAMS 0x00000000a4f00000, 0x00000000a4f00000| Untracked 
|  80|0x00000000a5000000, 0x00000000a5000000, 0x00000000a5100000|  0%| F|  |TAMS 0x00000000a5000000, 0x00000000a5000000| Untracked 
|  81|0x00000000a5100000, 0x00000000a5100000, 0x00000000a5200000|  0%| F|  |TAMS 0x00000000a5100000, 0x00000000a5100000| Untracked 
|  82|0x00000000a5200000, 0x00000000a5200000, 0x00000000a5300000|  0%| F|  |TAMS 0x00000000a5200000, 0x00000000a5200000| Untracked 
|  83|0x00000000a5300000, 0x00000000a5300000, 0x00000000a5400000|  0%| F|  |TAMS 0x00000000a5300000, 0x00000000a5300000| Untracked 
|  84|0x00000000a5400000, 0x00000000a5400000, 0x00000000a5500000|  0%| F|  |TAMS 0x00000000a5400000, 0x00000000a5400000| Untracked 
|  85|0x00000000a5500000, 0x00000000a5500000, 0x00000000a5600000|  0%| F|  |TAMS 0x00000000a5500000, 0x00000000a5500000| Untracked 
|  86|0x00000000a5600000, 0x00000000a5600000, 0x00000000a5700000|  0%| F|  |TAMS 0x00000000a5600000, 0x00000000a5600000| Untracked 
|  87|0x00000000a5700000, 0x00000000a5700000, 0x00000000a5800000|  0%| F|  |TAMS 0x00000000a5700000, 0x00000000a5700000| Untracked 
|  88|0x00000000a5800000, 0x00000000a5800000, 0x00000000a5900000|  0%| F|  |TAMS 0x00000000a5800000, 0x00000000a5800000| Untracked 
|  89|0x00000000a5900000, 0x00000000a5900000, 0x00000000a5a00000|  0%| F|  |TAMS 0x00000000a5900000, 0x00000000a5900000| Untracked 
|  90|0x00000000a5a00000, 0x00000000a5a00000, 0x00000000a5b00000|  0%| F|  |TAMS 0x00000000a5a00000, 0x00000000a5a00000| Untracked 
|  91|0x00000000a5b00000, 0x00000000a5b7f400, 0x00000000a5c00000| 49%| E|  |TAMS 0x00000000a5b00000, 0x00000000a5b00000| Complete 
|  92|0x00000000a5c00000, 0x00000000a5d00000, 0x00000000a5d00000|100%| E|CS|TAMS 0x00000000a5c00000, 0x00000000a5c00000| Complete 
|  93|0x00000000a5d00000, 0x00000000a5e00000, 0x00000000a5e00000|100%| E|CS|TAMS 0x00000000a5d00000, 0x00000000a5d00000| Complete 
|  94|0x00000000a5e00000, 0x00000000a5f00000, 0x00000000a5f00000|100%| E|CS|TAMS 0x00000000a5e00000, 0x00000000a5e00000| Complete 
|  95|0x00000000a5f00000, 0x00000000a6000000, 0x00000000a6000000|100%| E|CS|TAMS 0x00000000a5f00000, 0x00000000a5f00000| Complete 
|  96|0x00000000a6000000, 0x00000000a6100000, 0x00000000a6100000|100%| E|CS|TAMS 0x00000000a6000000, 0x00000000a6000000| Complete 
|  97|0x00000000a6100000, 0x00000000a6200000, 0x00000000a6200000|100%| E|CS|TAMS 0x00000000a6100000, 0x00000000a6100000| Complete 
|  98|0x00000000a6200000, 0x00000000a6300000, 0x00000000a6300000|100%| E|CS|TAMS 0x00000000a6200000, 0x00000000a6200000| Complete 
|  99|0x00000000a6300000, 0x00000000a6400000, 0x00000000a6400000|100%| E|CS|TAMS 0x00000000a6300000, 0x00000000a6300000| Complete 
| 100|0x00000000a6400000, 0x00000000a6443130, 0x00000000a6500000| 26%| S|CS|TAMS 0x00000000a6400000, 0x00000000a6400000| Complete 
| 101|0x00000000a6500000, 0x00000000a6600000, 0x00000000a6600000|100%| E|CS|TAMS 0x00000000a6500000, 0x00000000a6500000| Complete 
| 102|0x00000000a6600000, 0x00000000a6700000, 0x00000000a6700000|100%| E|CS|TAMS 0x00000000a6600000, 0x00000000a6600000| Complete 
| 123|0x00000000a7b00000, 0x00000000a7c00000, 0x00000000a7c00000|100%| E|CS|TAMS 0x00000000a7b00000, 0x00000000a7b00000| Complete 
|1535|0x00000000fff00000, 0x0000000100000000, 0x0000000100000000|100%| O|  |TAMS 0x0000000100000000, 0x00000000fff00000| Untracked 

Card table byte_map: [0x000001a1eedd0000,0x000001a1ef0d0000] _byte_map_base: 0x000001a1ee8d0000

Marking Bits (Prev, Next): (CMBitMap*) 0x000001a1d7a9a2f0, (CMBitMap*) 0x000001a1d7a9a330
 Prev Bits: [0x000001a1ef3d0000, 0x000001a1f0bd0000)
 Next Bits: [0x000001a1f0bd0000, 0x000001a1f23d0000)

Polling page: 0x000001a1d5980000

Metaspace:

Usage:
  Non-class:     49.03 MB used.
      Class:      7.72 MB used.
       Both:     56.75 MB used.

Virtual space:
  Non-class space:       64.00 MB reserved,      49.31 MB ( 77%) committed,  1 nodes.
      Class space:        1.00 GB reserved,       8.00 MB ( <1%) committed,  1 nodes.
             Both:        1.06 GB reserved,      57.31 MB (  5%) committed. 

Chunk freelists:
   Non-Class:  14.70 MB
       Class:  8.03 MB
        Both:  22.73 MB

MaxMetaspaceSize: unlimited
CompressedClassSpaceSize: 1.00 GB
Initial GC threshold: 21.00 MB
Current GC threshold: 88.06 MB
CDS: on
MetaspaceReclaimPolicy: balanced
 - commit_granule_bytes: 65536.
 - commit_granule_words: 8192.
 - virtual_space_node_default_size: 8388608.
 - enlarge_chunks_in_place: 1.
 - new_chunks_are_fully_committed: 0.
 - uncommit_free_chunks: 1.
 - use_allocation_guard: 0.
 - handle_deallocations: 1.


Internal statistics:

num_allocs_failed_limit: 6.
num_arena_births: 672.
num_arena_deaths: 0.
num_vsnodes_births: 2.
num_vsnodes_deaths: 0.
num_space_committed: 917.
num_space_uncommitted: 0.
num_chunks_returned_to_freelist: 6.
num_chunks_taken_from_freelist: 3017.
num_chunk_merges: 6.
num_chunk_splits: 1984.
num_chunks_enlarged: 1333.
num_inconsistent_stats: 0.

CodeHeap 'non-profiled nmethods': size=120000Kb used=3961Kb max_used=3961Kb free=116038Kb
 bounds [0x000001a1e7050000, 0x000001a1e7430000, 0x000001a1ee580000]
CodeHeap 'profiled nmethods': size=120000Kb used=14229Kb max_used=14229Kb free=105770Kb
 bounds [0x000001a1df580000, 0x000001a1e0370000, 0x000001a1e6ab0000]
CodeHeap 'non-nmethods': size=5760Kb used=2349Kb max_used=2381Kb free=3411Kb
 bounds [0x000001a1e6ab0000, 0x000001a1e6d20000, 0x000001a1e7050000]
 total_blobs=8340 nmethods=7471 adapters=781
 compilation: enabled
              stopped_count=0, restarted_count=0
 full_count=0

Compilation events (20 events):
Event: 18.018 Thread 0x000001a1f503f370 nmethod 8252 0x000001a1e0352990 code [0x000001a1e0352b40, 0x000001a1e0352d28]
Event: 18.018 Thread 0x000001a1f503f370 8253       3       sun.security.util.ManifestDigester::isNameAttr (102 bytes)
Event: 18.018 Thread 0x000001a1f503f370 nmethod 8253 0x000001a1e0352e10 code [0x000001a1e0352fc0, 0x000001a1e03533d8]
Event: 18.018 Thread 0x000001a1f503f370 8251       3       sun.security.util.ManifestDigester$Section::<init> (26 bytes)
Event: 18.018 Thread 0x000001a1f503f370 nmethod 8251 0x000001a1e0353510 code [0x000001a1e03536a0, 0x000001a1e0353878]
Event: 18.018 Thread 0x000001a1f503f370 8254       3       sun.security.util.ManifestDigester$$Lambda$1263/0x000001a1814f9fb0::apply (8 bytes)
Event: 18.018 Thread 0x000001a1f503f370 nmethod 8254 0x000001a1e0353910 code [0x000001a1e0353b00, 0x000001a1e0354138]
Event: 18.018 Thread 0x000001a1f503f370 8255       3       sun.security.util.ManifestDigester::lambda$new$0 (8 bytes)
Event: 18.018 Thread 0x000001a1f503f370 nmethod 8255 0x000001a1e0354310 code [0x000001a1e03544e0, 0x000001a1e0354998]
Event: 18.021 Thread 0x000001a1f503f370 8257       3       sun.security.util.ObjectIdentifier::checkOtherComponent (41 bytes)
Event: 18.021 Thread 0x000001a1f503f370 nmethod 8257 0x000001a1e0354b10 code [0x000001a1e0354d60, 0x000001a1e0355448]
Event: 18.021 Thread 0x000001a1f503f370 8258       3       sun.security.util.ObjectIdentifier::checkOidSize (86 bytes)
Event: 18.021 Thread 0x000001a1f503f370 nmethod 8258 0x000001a1e0355710 code [0x000001a1e0355a20, 0x000001a1e0356768]
Event: 18.023 Thread 0x000001a1f503f370 8261       3       sun.security.util.ObjectIdentifier::pack (220 bytes)
Event: 18.023 Thread 0x000001a1f503f370 nmethod 8261 0x000001a1e0356c90 code [0x000001a1e0356e60, 0x000001a1e03574a8]
Event: 18.023 Thread 0x000001a1f503f370 8260       3       sun.security.util.ObjectIdentifier::pack7Oid (84 bytes)
Event: 18.024 Thread 0x000001a1f503f370 nmethod 8260 0x000001a1e0357710 code [0x000001a1e03578e0, 0x000001a1e0357c18]
Event: 18.024 Thread 0x000001a1f503f370 8259       3       sun.security.util.ObjectIdentifier::pack7Oid (42 bytes)
Event: 18.024 Thread 0x000001a1f503f370 nmethod 8259 0x000001a1e0357d90 code [0x000001a1e0357f40, 0x000001a1e0358148]
Event: 18.532 Thread 0x000001a1f503f370 8263       3       java.util.Collections$EmptyList::spliterator (4 bytes)

GC Heap History (20 events):
Event: 12.055 GC heap before
{Heap before GC invocations=17 (full 0):
 garbage-first heap   total 89088K, used 71898K [0x00000000a0000000, 0x0000000100000000)
  region size 1024K, 29 young (29696K), 2 survivors (2048K)
 Metaspace       used 46967K, committed 47424K, reserved 1114112K
  class space    used 6541K, committed 6720K, reserved 1048576K
}
Event: 12.059 GC heap after
{Heap after GC invocations=18 (full 0):
 garbage-first heap   total 89088K, used 45944K [0x00000000a0000000, 0x0000000100000000)
  region size 1024K, 3 young (3072K), 3 survivors (3072K)
 Metaspace       used 46967K, committed 47424K, reserved 1114112K
  class space    used 6541K, committed 6720K, reserved 1048576K
}
Event: 12.378 GC heap before
{Heap before GC invocations=18 (full 0):
 garbage-first heap   total 89088K, used 61304K [0x00000000a0000000, 0x0000000100000000)
  region size 1024K, 20 young (20480K), 3 survivors (3072K)
 Metaspace       used 47046K, committed 47552K, reserved 1114112K
  class space    used 6556K, committed 6784K, reserved 1048576K
}
Event: 12.381 GC heap after
{Heap after GC invocations=19 (full 0):
 garbage-first heap   total 89088K, used 46752K [0x00000000a0000000, 0x0000000100000000)
  region size 1024K, 3 young (3072K), 3 survivors (3072K)
 Metaspace       used 47046K, committed 47552K, reserved 1114112K
  class space    used 6556K, committed 6784K, reserved 1048576K
}
Event: 13.601 GC heap before
{Heap before GC invocations=20 (full 0):
 garbage-first heap   total 89088K, used 78496K [0x00000000a0000000, 0x0000000100000000)
  region size 1024K, 29 young (29696K), 3 survivors (3072K)
 Metaspace       used 48303K, committed 48832K, reserved 1114112K
  class space    used 6743K, committed 6976K, reserved 1048576K
}
Event: 13.605 GC heap after
{Heap after GC invocations=21 (full 0):
 garbage-first heap   total 90112K, used 58163K [0x00000000a0000000, 0x0000000100000000)
  region size 1024K, 4 young (4096K), 4 survivors (4096K)
 Metaspace       used 48303K, committed 48832K, reserved 1114112K
  class space    used 6743K, committed 6976K, reserved 1048576K
}
Event: 13.633 GC heap before
{Heap before GC invocations=21 (full 0):
 garbage-first heap   total 90112K, used 58163K [0x00000000a0000000, 0x0000000100000000)
  region size 1024K, 5 young (5120K), 4 survivors (4096K)
 Metaspace       used 48409K, committed 48896K, reserved 1114112K
  class space    used 6757K, committed 6976K, reserved 1048576K
}
Event: 13.635 GC heap after
{Heap after GC invocations=22 (full 0):
 garbage-first heap   total 90112K, used 58902K [0x00000000a0000000, 0x0000000100000000)
  region size 1024K, 1 young (1024K), 1 survivors (1024K)
 Metaspace       used 48409K, committed 48896K, reserved 1114112K
  class space    used 6757K, committed 6976K, reserved 1048576K
}
Event: 13.740 GC heap before
{Heap before GC invocations=22 (full 0):
 garbage-first heap   total 90112K, used 62998K [0x00000000a0000000, 0x0000000100000000)
  region size 1024K, 7 young (7168K), 1 survivors (1024K)
 Metaspace       used 48786K, committed 49344K, reserved 1114112K
  class space    used 6790K, committed 7040K, reserved 1048576K
}
Event: 13.741 GC heap after
{Heap after GC invocations=23 (full 0):
 garbage-first heap   total 90112K, used 59178K [0x00000000a0000000, 0x0000000100000000)
  region size 1024K, 1 young (1024K), 1 survivors (1024K)
 Metaspace       used 48786K, committed 49344K, reserved 1114112K
  class space    used 6790K, committed 7040K, reserved 1048576K
}
Event: 14.149 GC heap before
{Heap before GC invocations=24 (full 0):
 garbage-first heap   total 104448K, used 76586K [0x00000000a0000000, 0x0000000100000000)
  region size 1024K, 17 young (17408K), 1 survivors (1024K)
 Metaspace       used 50157K, committed 50752K, reserved 1114112K
  class space    used 6975K, committed 7232K, reserved 1048576K
}
Event: 14.151 GC heap after
{Heap after GC invocations=25 (full 0):
 garbage-first heap   total 104448K, used 60723K [0x00000000a0000000, 0x0000000100000000)
  region size 1024K, 2 young (2048K), 2 survivors (2048K)
 Metaspace       used 50157K, committed 50752K, reserved 1114112K
  class space    used 6975K, committed 7232K, reserved 1048576K
}
Event: 14.262 GC heap before
{Heap before GC invocations=25 (full 0):
 garbage-first heap   total 104448K, used 62771K [0x00000000a0000000, 0x0000000100000000)
  region size 1024K, 5 young (5120K), 2 survivors (2048K)
 Metaspace       used 50480K, committed 51008K, reserved 1114112K
  class space    used 7008K, committed 7232K, reserved 1048576K
}
Event: 14.265 GC heap after
{Heap after GC invocations=26 (full 0):
 garbage-first heap   total 104448K, used 60452K [0x00000000a0000000, 0x0000000100000000)
  region size 1024K, 1 young (1024K), 1 survivors (1024K)
 Metaspace       used 50480K, committed 51008K, reserved 1114112K
  class space    used 7008K, committed 7232K, reserved 1048576K
}
Event: 14.929 GC heap before
{Heap before GC invocations=26 (full 0):
 garbage-first heap   total 104448K, used 84004K [0x00000000a0000000, 0x0000000100000000)
  region size 1024K, 25 young (25600K), 1 survivors (1024K)
 Metaspace       used 53155K, committed 53696K, reserved 1114112K
  class space    used 7287K, committed 7552K, reserved 1048576K
}
Event: 14.931 GC heap after
{Heap after GC invocations=27 (full 0):
 garbage-first heap   total 104448K, used 61083K [0x00000000a0000000, 0x0000000100000000)
  region size 1024K, 1 young (1024K), 1 survivors (1024K)
 Metaspace       used 53155K, committed 53696K, reserved 1114112K
  class space    used 7287K, committed 7552K, reserved 1048576K
}
Event: 15.619 GC heap before
{Heap before GC invocations=28 (full 0):
 garbage-first heap   total 107520K, used 86683K [0x00000000a0000000, 0x0000000100000000)
  region size 1024K, 26 young (26624K), 1 survivors (1024K)
 Metaspace       used 55980K, committed 56512K, reserved 1114112K
  class space    used 7628K, committed 7872K, reserved 1048576K
}
Event: 15.622 GC heap after
{Heap after GC invocations=29 (full 0):
 garbage-first heap   total 107520K, used 61869K [0x00000000a0000000, 0x0000000100000000)
  region size 1024K, 2 young (2048K), 2 survivors (2048K)
 Metaspace       used 55980K, committed 56512K, reserved 1114112K
  class space    used 7628K, committed 7872K, reserved 1048576K
}
Event: 15.720 GC heap before
{Heap before GC invocations=29 (full 0):
 garbage-first heap   total 107520K, used 64941K [0x00000000a0000000, 0x0000000100000000)
  region size 1024K, 5 young (5120K), 2 survivors (2048K)
 Metaspace       used 56278K, committed 56832K, reserved 1114112K
  class space    used 7680K, committed 7936K, reserved 1048576K
}
Event: 15.723 GC heap after
{Heap after GC invocations=30 (full 0):
 garbage-first heap   total 107520K, used 61761K [0x00000000a0000000, 0x0000000100000000)
  region size 1024K, 1 young (1024K), 1 survivors (1024K)
 Metaspace       used 56278K, committed 56832K, reserved 1114112K
  class space    used 7680K, committed 7936K, reserved 1048576K
}

Dll operation events (15 events):
Event: 0.017 Loaded shared library C:\Java\jdk-17\bin\java.dll
Event: 0.040 Loaded shared library C:\Java\jdk-17\bin\jsvml.dll
Event: 0.101 Loaded shared library C:\Java\jdk-17\bin\zip.dll
Event: 0.104 Loaded shared library C:\Java\jdk-17\bin\instrument.dll
Event: 0.109 Loaded shared library C:\Java\jdk-17\bin\net.dll
Event: 0.113 Loaded shared library C:\Java\jdk-17\bin\nio.dll
Event: 0.115 Loaded shared library C:\Java\jdk-17\bin\zip.dll
Event: 0.504 Loaded shared library C:\Java\jdk-17\bin\jimage.dll
Event: 0.694 Loaded shared library C:\Java\jdk-17\bin\verify.dll
Event: 0.862 Loaded shared library C:\Users\52441\.gradle\native\c067742578af261105cb4f569cf0c3c89f3d7b1fecec35dd04571415982c5e48\windows-amd64\native-platform.dll
Event: 0.868 Loaded shared library C:\Users\52441\.gradle\native\100fb08df4bc3b14c8652ba06237920a3bd2aa13389f12d3474272988ae205f9\windows-amd64\native-platform-file-events.dll
Event: 2.460 Loaded shared library C:\Java\jdk-17\bin\management.dll
Event: 2.465 Loaded shared library C:\Java\jdk-17\bin\management_ext.dll
Event: 2.759 Loaded shared library C:\Java\jdk-17\bin\extnet.dll
Event: 3.076 Loaded shared library C:\Java\jdk-17\bin\sunmscapi.dll

Deoptimization events (20 events):
Event: 15.666 Thread 0x000001a1fb69edf0 Uncommon trap: trap_request=0xffffffde fr.pc=0x000001a1e7290b98 relative=0x0000000000000438
Event: 15.666 Thread 0x000001a1fb69edf0 Uncommon trap: reason=class_check action=maybe_recompile pc=0x000001a1e7290b98 method=java.util.regex.Pattern$Start.match(Ljava/util/regex/Matcher;ILjava/lang/CharSequence;)Z @ 44 c2
Event: 15.666 Thread 0x000001a1fb69edf0 DEOPT PACKING pc=0x000001a1e7290b98 sp=0x0000005e7a5f3ff0
Event: 15.666 Thread 0x000001a1fb69edf0 DEOPT UNPACKING pc=0x000001a1e6b069a3 sp=0x0000005e7a5f3f30 mode 2
Event: 15.666 Thread 0x000001a1fb69edf0 Uncommon trap: trap_request=0xffffffde fr.pc=0x000001a1e7290b98 relative=0x0000000000000438
Event: 15.666 Thread 0x000001a1fb69edf0 Uncommon trap: reason=class_check action=maybe_recompile pc=0x000001a1e7290b98 method=java.util.regex.Pattern$Start.match(Ljava/util/regex/Matcher;ILjava/lang/CharSequence;)Z @ 44 c2
Event: 15.666 Thread 0x000001a1fb69edf0 DEOPT PACKING pc=0x000001a1e7290b98 sp=0x0000005e7a5f3ff0
Event: 15.666 Thread 0x000001a1fb69edf0 DEOPT UNPACKING pc=0x000001a1e6b069a3 sp=0x0000005e7a5f3f30 mode 2
Event: 15.666 Thread 0x000001a1fb69edf0 Uncommon trap: trap_request=0xffffffde fr.pc=0x000001a1e7291724 relative=0x00000000000002e4
Event: 15.666 Thread 0x000001a1fb69edf0 Uncommon trap: reason=class_check action=maybe_recompile pc=0x000001a1e7291724 method=java.util.regex.Pattern$Start.match(Ljava/util/regex/Matcher;ILjava/lang/CharSequence;)Z @ 44 c2
Event: 15.666 Thread 0x000001a1fb69edf0 DEOPT PACKING pc=0x000001a1e7291724 sp=0x0000005e7a5f3f70
Event: 15.666 Thread 0x000001a1fb69edf0 DEOPT UNPACKING pc=0x000001a1e6b069a3 sp=0x0000005e7a5f3f30 mode 2
Event: 18.009 Thread 0x000001a1fb69edf0 Uncommon trap: trap_request=0xffffff45 fr.pc=0x000001a1e72a3d58 relative=0x0000000000006ad8
Event: 18.009 Thread 0x000001a1fb69edf0 Uncommon trap: reason=unstable_if action=reinterpret pc=0x000001a1e72a3d58 method=java.util.jar.JarFile.maybeInstantiateVerifier()V @ 27 c2
Event: 18.009 Thread 0x000001a1fb69edf0 DEOPT PACKING pc=0x000001a1e72a3d58 sp=0x0000005e7a5f3300
Event: 18.009 Thread 0x000001a1fb69edf0 DEOPT UNPACKING pc=0x000001a1e6b069a3 sp=0x0000005e7a5f3100 mode 2
Event: 18.012 Thread 0x000001a1fb69edf0 Uncommon trap: trap_request=0xffffff45 fr.pc=0x000001a1e70cf108 relative=0x0000000000000648
Event: 18.012 Thread 0x000001a1fb69edf0 Uncommon trap: reason=unstable_if action=reinterpret pc=0x000001a1e70cf108 method=java.util.jar.Manifest$FastInputStream.readLine([BII)I @ 130 c2
Event: 18.012 Thread 0x000001a1fb69edf0 DEOPT PACKING pc=0x000001a1e70cf108 sp=0x0000005e7a5f2b50
Event: 18.012 Thread 0x000001a1fb69edf0 DEOPT UNPACKING pc=0x000001a1e6b069a3 sp=0x0000005e7a5f2ae0 mode 2

Classes loaded (20 events):
Event: 18.055 Loading class sun/security/util/DisabledAlgorithmConstraints
Event: 18.055 Loading class sun/security/util/AbstractAlgorithmConstraints
Event: 18.056 Loading class java/security/AlgorithmConstraints
Event: 18.056 Loading class java/security/AlgorithmConstraints done
Event: 18.056 Loading class sun/security/util/AbstractAlgorithmConstraints done
Event: 18.056 Loading class sun/security/util/DisabledAlgorithmConstraints done
Event: 18.056 Loading class sun/security/util/DisabledAlgorithmConstraints$JarHolder
Event: 18.056 Loading class sun/security/util/DisabledAlgorithmConstraints$JarHolder done
Event: 18.056 Loading class sun/security/util/AlgorithmDecomposer
Event: 18.057 Loading class sun/security/util/AlgorithmDecomposer done
Event: 18.057 Loading class java/util/regex/Pattern$LookBehindEndNode
Event: 18.057 Loading class java/util/regex/Pattern$LookBehindEndNode done
Event: 18.057 Loading class java/util/regex/Pattern$NotBehind
Event: 18.057 Loading class java/util/regex/Pattern$NotBehind done
Event: 18.057 Loading class sun/security/util/AbstractAlgorithmConstraints$1
Event: 18.057 Loading class sun/security/util/AbstractAlgorithmConstraints$1 done
Event: 18.058 Loading class sun/security/util/DisabledAlgorithmConstraints$Constraints
Event: 18.058 Loading class sun/security/util/DisabledAlgorithmConstraints$Constraints done
Event: 18.058 Loading class sun/security/util/DisabledAlgorithmConstraints$KeySizeConstraint
Event: 19.059 Loading class sun/security/util/DisabledAlgorithmConstraints$Constraint

Classes unloaded (0 events):
No events

Classes redefined (0 events):
No events

Internal exceptions (20 events):
Event: 13.107 Thread 0x000001a1fb69edf0 Exception <a 'java/lang/ClassNotFoundException'{0x00000000a48fe8a0}: org/gradle/api/internal/plugins/DefaultPluginCollectionBeanInfo> (0x00000000a48fe8a0) 
thrown [s\src\hotspot\share\classfile\systemDictionary.cpp, line 256]
Event: 13.108 Thread 0x000001a1fb69edf0 Exception <a 'java/lang/ClassNotFoundException'{0x00000000a470a830}: org/gradle/api/internal/DefaultDomainObjectSetBeanInfo> (0x00000000a470a830) 
thrown [s\src\hotspot\share\classfile\systemDictionary.cpp, line 256]
Event: 13.109 Thread 0x000001a1fb69edf0 Exception <a 'java/lang/ClassNotFoundException'{0x00000000a4716890}: org/gradle/api/internal/DefaultDomainObjectSetCustomizer> (0x00000000a4716890) 
thrown [s\src\hotspot\share\classfile\systemDictionary.cpp, line 256]
Event: 13.110 Thread 0x000001a1fb69edf0 Exception <a 'java/lang/ClassNotFoundException'{0x00000000a473b480}: org/gradle/api/internal/plugins/DefaultPluginCollectionCustomizer> (0x00000000a473b480) 
thrown [s\src\hotspot\share\classfile\systemDictionary.cpp, line 256]
Event: 13.113 Thread 0x000001a1fb69edf0 Exception <a 'java/lang/ClassNotFoundException'{0x00000000a477f028}: org/gradle/api/internal/plugins/DefaultPluginContainerCustomizer> (0x00000000a477f028) 
thrown [s\src\hotspot\share\classfile\systemDictionary.cpp, line 256]
Event: 13.136 Thread 0x000001a1fb69edf0 Exception <a 'java/lang/ClassNotFoundException'{0x00000000a4607948}: GradleAnnotationProcessorPatchPluginBeanInfo> (0x00000000a4607948) 
thrown [s\src\hotspot\share\classfile\systemDictionary.cpp, line 256]
Event: 13.137 Thread 0x000001a1fb69edf0 Exception <a 'java/lang/ClassNotFoundException'{0x00000000a46120a0}: GradleAnnotationProcessorPatchPluginCustomizer> (0x00000000a46120a0) 
thrown [s\src\hotspot\share\classfile\systemDictionary.cpp, line 256]
Event: 13.143 Thread 0x000001a1fb69edf0 Exception <a 'java/lang/ClassNotFoundException'{0x00000000a463fc70}: GradleAnnotationProcessorPatchPlugin$AnnotationProcessorModelBuilderBeanInfo> (0x00000000a463fc70) 
thrown [s\src\hotspot\share\classfile\systemDictionary.cpp, line 256]
Event: 13.144 Thread 0x000001a1fb69edf0 Exception <a 'java/lang/ClassNotFoundException'{0x00000000a464a600}: GradleAnnotationProcessorPatchPlugin$AnnotationProcessorModelBuilderCustomizer> (0x00000000a464a600) 
thrown [s\src\hotspot\share\classfile\systemDictionary.cpp, line 256]
Event: 13.153 Thread 0x000001a1fb69edf0 Exception <a 'java/lang/ClassNotFoundException'{0x00000000a46af378}: org/gradle/tooling/provider/model/internal/DefaultToolingModelBuilderRegistryBeanInfo> (0x00000000a46af378) 
thrown [s\src\hotspot\share\classfile\systemDictionary.cpp, line 256]
Event: 13.154 Thread 0x000001a1fb69edf0 Exception <a 'java/lang/ClassNotFoundException'{0x00000000a46c4a40}: org/gradle/tooling/provider/model/internal/DefaultToolingModelBuilderRegistryCustomizer> (0x00000000a46c4a40) 
thrown [s\src\hotspot\share\classfile\systemDictionary.cpp, line 256]
Event: 13.166 Thread 0x000001a1fb69edf0 Exception <a 'java/lang/NoSuchMethodError'{0x00000000a46ec350}: 'long java.lang.invoke.DirectMethodHandle$Holder.invokeVirtual(java.lang.Object, java.lang.Object)'> (0x00000000a46ec350) 
thrown [s\src\hotspot\share\interpreter\linkResolver.cpp, line 759]
Event: 13.174 Thread 0x000001a1fb69b640 Exception <a 'java/lang/NoSuchMethodError'{0x00000000a422df70}: static Lorg/gradle/internal/build/event/types/DefaultProjectConfigurationSuccessResult;.<clinit>()V> (0x00000000a422df70) 
thrown [s\src\hotspot\share\prims\jni.cpp, line 1112]
Event: 13.175 Thread 0x000001a1fb69b640 Exception <a 'java/lang/NoSuchMethodError'{0x00000000a422f040}: static Lorg/gradle/internal/build/event/types/AbstractProjectConfigurationResult;.<clinit>()V> (0x00000000a422f040) 
thrown [s\src\hotspot\share\prims\jni.cpp, line 1112]
Event: 13.178 Thread 0x000001a1fb69b640 Exception <a 'java/lang/NoSuchMethodError'{0x00000000a4262830}: static Lorg/gradle/internal/build/event/types/DefaultPluginApplicationResult;.<clinit>()V> (0x00000000a4262830) 
thrown [s\src\hotspot\share\prims\jni.cpp, line 1112]
Event: 13.180 Thread 0x000001a1fb69b640 Exception <a 'java/lang/NoSuchMethodError'{0x00000000a426cc68}: static Lorg/gradle/internal/build/event/types/DefaultBinaryPluginIdentifier;.<clinit>()V> (0x00000000a426cc68) 
thrown [s\src\hotspot\share\prims\jni.cpp, line 1112]
Event: 13.188 Thread 0x000001a1fb69b640 Exception <a 'java/lang/NoSuchMethodError'{0x00000000a42a39d0}: static Lorg/gradle/internal/build/event/types/DefaultScriptPluginIdentifier;.<clinit>()V> (0x00000000a42a39d0) 
thrown [s\src\hotspot\share\prims\jni.cpp, line 1112]
Event: 13.252 Thread 0x000001a1fb69edf0 Exception <a 'java/lang/ClassNotFoundException'{0x00000000a418d320}: build_2lcbgnhqcd1rqvgb3cpdi17cnBeanInfo> (0x00000000a418d320) 
thrown [s\src\hotspot\share\classfile\systemDictionary.cpp, line 256]
Event: 13.253 Thread 0x000001a1fb69edf0 Exception <a 'java/lang/ClassNotFoundException'{0x00000000a4194858}: build_2lcbgnhqcd1rqvgb3cpdi17cnCustomizer> (0x00000000a4194858) 
thrown [s\src\hotspot\share\classfile\systemDictionary.cpp, line 256]
Event: 15.763 Thread 0x000001a1fb69edf0 Exception <a 'java/lang/NoSuchMethodError'{0x00000000a6636888}: 'void java.lang.invoke.DirectMethodHandle$Holder.invokeVirtual(java.lang.Object, java.lang.Object)'> (0x00000000a6636888) 
thrown [s\src\hotspot\share\interpreter\linkResolver.cpp, line 759]

VM Operations (20 events):
Event: 14.931 Executing VM operation: G1CollectForAllocation done
Event: 14.968 Executing VM operation: G1PauseRemark
Event: 14.973 Executing VM operation: G1PauseRemark done
Event: 14.990 Executing VM operation: G1PauseCleanup
Event: 14.990 Executing VM operation: G1PauseCleanup done
Event: 15.453 Executing VM operation: HandshakeAllThreads
Event: 15.453 Executing VM operation: HandshakeAllThreads done
Event: 15.611 Executing VM operation: HandshakeAllThreads
Event: 15.611 Executing VM operation: HandshakeAllThreads done
Event: 15.619 Executing VM operation: G1CollectForAllocation
Event: 15.622 Executing VM operation: G1CollectForAllocation done
Event: 15.719 Executing VM operation: G1CollectForAllocation
Event: 15.723 Executing VM operation: G1CollectForAllocation done
Event: 16.731 Executing VM operation: Cleanup
Event: 16.731 Executing VM operation: Cleanup done
Event: 17.743 Executing VM operation: Cleanup
Event: 17.912 Executing VM operation: Cleanup done
Event: 18.028 Executing VM operation: HandshakeAllThreads
Event: 18.028 Executing VM operation: HandshakeAllThreads done
Event: 19.043 Executing VM operation: Cleanup

Memory protections (0 events):
No events

Nmethod flushes (20 events):
Event: 9.752 Thread 0x000001a1f503fd70 flushing  nmethod 0x000001a1dfd1b090
Event: 9.752 Thread 0x000001a1f503fd70 flushing  nmethod 0x000001a1dfd2d390
Event: 9.752 Thread 0x000001a1f503fd70 flushing  nmethod 0x000001a1dfd2f010
Event: 9.752 Thread 0x000001a1f503fd70 flushing  nmethod 0x000001a1dfd30f10
Event: 9.753 Thread 0x000001a1f503fd70 flushing  nmethod 0x000001a1dfd71c10
Event: 9.753 Thread 0x000001a1f503fd70 flushing  nmethod 0x000001a1dfd72090
Event: 9.753 Thread 0x000001a1f503fd70 flushing  nmethod 0x000001a1dfd73910
Event: 9.753 Thread 0x000001a1f503fd70 flushing  nmethod 0x000001a1dfd89e90
Event: 9.753 Thread 0x000001a1f503fd70 flushing  nmethod 0x000001a1dfd8ce90
Event: 9.753 Thread 0x000001a1f503fd70 flushing  nmethod 0x000001a1dfdaf790
Event: 9.753 Thread 0x000001a1f503fd70 flushing  nmethod 0x000001a1dfe09a90
Event: 9.753 Thread 0x000001a1f503fd70 flushing  nmethod 0x000001a1dfe3d190
Event: 9.753 Thread 0x000001a1f503fd70 flushing  nmethod 0x000001a1dfe3d690
Event: 9.753 Thread 0x000001a1f503fd70 flushing  nmethod 0x000001a1dfe3e990
Event: 9.753 Thread 0x000001a1f503fd70 flushing  nmethod 0x000001a1dfe3ef90
Event: 9.753 Thread 0x000001a1f503fd70 flushing  nmethod 0x000001a1dfe46410
Event: 9.753 Thread 0x000001a1f503fd70 flushing  nmethod 0x000001a1dfe97090
Event: 9.753 Thread 0x000001a1f503fd70 flushing  nmethod 0x000001a1dfe9b310
Event: 9.753 Thread 0x000001a1f503fd70 flushing  nmethod 0x000001a1dfec2010
Event: 15.462 Thread 0x000001a1f503fd70 flushing  nmethod 0x000001a1dfaaaa10

Events (20 events):
Event: 11.277 Thread 0x000001a1fb69edf0 Thread added: 0x000001a1fcd80b70
Event: 11.278 Thread 0x000001a1fb69edf0 Thread added: 0x000001a1fcd80660
Event: 11.280 Thread 0x000001a1fb69edf0 Thread added: 0x000001a1fcd80150
Event: 11.281 Thread 0x000001a1fb69edf0 Thread added: 0x000001a1fa4e7f40
Event: 11.283 Thread 0x000001a1fb69edf0 Thread added: 0x000001a1fa4e7010
Event: 11.285 Thread 0x000001a1fb69edf0 Thread added: 0x000001a1fa4e7a30
Event: 11.286 Thread 0x000001a1fb69edf0 Thread added: 0x000001a1fa4e65f0
Event: 11.288 Thread 0x000001a1fb69edf0 Thread added: 0x000001a1fa4e6b00
Event: 11.290 Thread 0x000001a1fb69edf0 Thread added: 0x000001a1fa4e8e70
Event: 11.291 Thread 0x000001a1fb69edf0 Thread added: 0x000001a1fa4e9380
Event: 11.292 Thread 0x000001a1fb69edf0 Thread added: 0x000001a1fa4e7520
Event: 12.293 Thread 0x000001a1fb69edf0 Thread added: 0x000001a1fe097e20
Event: 12.344 Thread 0x000001a1fb69edf0 Thread added: 0x000001a1fb740790
Event: 12.359 Thread 0x000001a1fb69edf0 Thread added: 0x000001a1fb740280
Event: 13.203 Thread 0x000001a1fb69edf0 Thread added: 0x000001a1fb7427a0
Event: 13.224 Thread 0x000001a1fb69edf0 Thread added: 0x000001a1fb7431c0
Event: 13.611 Thread 0x000001a1fbee2eb0 Thread exited: 0x000001a1fbee2eb0
Event: 13.960 Thread 0x000001a1f503f370 Thread added: 0x000001a1ff60f570
Event: 14.438 Thread 0x000001a1ff60f570 Thread exited: 0x000001a1ff60f570
Event: 15.710 Thread 0x000001a1fb69edf0 Thread added: 0x000001a1fd540050


Dynamic libraries:
0x00007ff61bee0000 - 0x00007ff61beee000 	C:\Java\jdk-17\bin\java.exe
0x00007fff5ca20000 - 0x00007fff5cc83000 	C:\WINDOWS\SYSTEM32\ntdll.dll
0x00007fff5b0e0000 - 0x00007fff5b1a7000 	C:\WINDOWS\System32\KERNEL32.DLL
0x00007fff59e20000 - 0x00007fff5a1e9000 	C:\WINDOWS\System32\KERNELBASE.dll
0x00007fff5a1f0000 - 0x00007fff5a33c000 	C:\WINDOWS\System32\ucrtbase.dll
0x00007fff53fb0000 - 0x00007fff53fce000 	C:\Java\jdk-17\bin\VCRUNTIME140.dll
0x00007fff46270000 - 0x00007fff46287000 	C:\Java\jdk-17\bin\jli.dll
0x00007fff5af10000 - 0x00007fff5b0da000 	C:\WINDOWS\System32\USER32.dll
0x00007fff5a520000 - 0x00007fff5a547000 	C:\WINDOWS\System32\win32u.dll
0x00007fff5bd60000 - 0x00007fff5bd8a000 	C:\WINDOWS\System32\GDI32.dll
0x00007fff58d90000 - 0x00007fff59020000 	C:\WINDOWS\WinSxS\amd64_microsoft.windows.common-controls_6595b64144ccf1df_6.0.26100.3323_none_3e088096e3344490\COMCTL32.dll
0x00007fff5a3e0000 - 0x00007fff5a511000 	C:\WINDOWS\System32\gdi32full.dll
0x00007fff5b240000 - 0x00007fff5b2e9000 	C:\WINDOWS\System32\msvcrt.dll
0x00007fff59c20000 - 0x00007fff59cc3000 	C:\WINDOWS\System32\msvcp_win.dll
0x00007fff5a960000 - 0x00007fff5a98f000 	C:\WINDOWS\System32\IMM32.DLL
0x00007fff53f40000 - 0x00007fff53f4c000 	C:\Java\jdk-17\bin\vcruntime140_1.dll
0x00007fff14460000 - 0x00007fff144ed000 	C:\Java\jdk-17\bin\msvcp140.dll
0x00007ffe89c20000 - 0x00007ffe8a88b000 	C:\Java\jdk-17\bin\server\jvm.dll
0x00007fff5c8c0000 - 0x00007fff5c972000 	C:\WINDOWS\System32\ADVAPI32.dll
0x00007fff5a850000 - 0x00007fff5a8f6000 	C:\WINDOWS\System32\sechost.dll
0x00007fff5bc40000 - 0x00007fff5bd56000 	C:\WINDOWS\System32\RPCRT4.dll
0x00007fff5bb70000 - 0x00007fff5bbe4000 	C:\WINDOWS\System32\WS2_32.dll
0x00007fff4c920000 - 0x00007fff4c956000 	C:\WINDOWS\SYSTEM32\WINMM.dll
0x00007fff51530000 - 0x00007fff5153b000 	C:\WINDOWS\SYSTEM32\VERSION.dll
0x00007fff59490000 - 0x00007fff594de000 	C:\WINDOWS\SYSTEM32\POWRPROF.dll
0x00007fff59170000 - 0x00007fff59184000 	C:\WINDOWS\SYSTEM32\UMPDC.dll
0x00007fff58170000 - 0x00007fff5818a000 	C:\WINDOWS\SYSTEM32\kernel.appcore.dll
0x00007fff53240000 - 0x00007fff5324a000 	C:\Java\jdk-17\bin\jimage.dll
0x00007fff594f0000 - 0x00007fff59731000 	C:\WINDOWS\SYSTEM32\DBGHELP.DLL
0x00007fff5c450000 - 0x00007fff5c7d2000 	C:\WINDOWS\System32\combase.dll
0x00007fff5c7e0000 - 0x00007fff5c8b6000 	C:\WINDOWS\System32\OLEAUT32.dll
0x00007fff59350000 - 0x00007fff59389000 	C:\WINDOWS\SYSTEM32\dbgcore.DLL
0x00007fff5a340000 - 0x00007fff5a3d9000 	C:\WINDOWS\System32\bcryptPrimitives.dll
0x00007fff3d4f0000 - 0x00007fff3d4fe000 	C:\Java\jdk-17\bin\instrument.dll
0x00007fff382f0000 - 0x00007fff38315000 	C:\Java\jdk-17\bin\java.dll
0x00007ffeae3d0000 - 0x00007ffeae4a7000 	C:\Java\jdk-17\bin\jsvml.dll
0x00007fff5b450000 - 0x00007fff5bb65000 	C:\WINDOWS\System32\SHELL32.dll
0x00007fff5a550000 - 0x00007fff5a6b8000 	C:\WINDOWS\System32\wintypes.dll
0x00007fff56f80000 - 0x00007fff577c5000 	C:\WINDOWS\SYSTEM32\windows.storage.dll
0x00007fff5ae10000 - 0x00007fff5aefb000 	C:\WINDOWS\System32\SHCORE.dll
0x00007fff5a900000 - 0x00007fff5a95d000 	C:\WINDOWS\System32\shlwapi.dll
0x00007fff59b30000 - 0x00007fff59b5f000 	C:\WINDOWS\SYSTEM32\profapi.dll
0x00007fff39dd0000 - 0x00007fff39de8000 	C:\Java\jdk-17\bin\zip.dll
0x00007fff38180000 - 0x00007fff38199000 	C:\Java\jdk-17\bin\net.dll
0x00007fff52770000 - 0x00007fff5288e000 	C:\WINDOWS\SYSTEM32\WINHTTP.dll
0x00007fff58630000 - 0x00007fff5869a000 	C:\WINDOWS\system32\mswsock.dll
0x00007fff38160000 - 0x00007fff38176000 	C:\Java\jdk-17\bin\nio.dll
0x00007fff3b090000 - 0x00007fff3b0a0000 	C:\Java\jdk-17\bin\verify.dll
0x00007fff39c40000 - 0x00007fff39c67000 	C:\Users\52441\.gradle\native\c067742578af261105cb4f569cf0c3c89f3d7b1fecec35dd04571415982c5e48\windows-amd64\native-platform.dll
0x00007ffea8600000 - 0x00007ffea8744000 	C:\Users\52441\.gradle\native\100fb08df4bc3b14c8652ba06237920a3bd2aa13389f12d3474272988ae205f9\windows-amd64\native-platform-file-events.dll
0x00007fff382e0000 - 0x00007fff382ea000 	C:\Java\jdk-17\bin\management.dll
0x00007fff38150000 - 0x00007fff3815b000 	C:\Java\jdk-17\bin\management_ext.dll
0x00007fff5a840000 - 0x00007fff5a848000 	C:\WINDOWS\System32\PSAPI.DLL
0x00007fff59860000 - 0x00007fff5987c000 	C:\WINDOWS\SYSTEM32\CRYPTSP.dll
0x00007fff58a20000 - 0x00007fff58a5a000 	C:\WINDOWS\system32\rsaenh.dll
0x00007fff586a0000 - 0x00007fff586cb000 	C:\WINDOWS\SYSTEM32\USERENV.dll
0x00007fff59420000 - 0x00007fff59446000 	C:\WINDOWS\SYSTEM32\bcrypt.dll
0x00007fff58a10000 - 0x00007fff58a1c000 	C:\WINDOWS\SYSTEM32\CRYPTBASE.dll
0x00007fff57c70000 - 0x00007fff57ca3000 	C:\WINDOWS\SYSTEM32\IPHLPAPI.DLL
0x00007fff5af00000 - 0x00007fff5af0a000 	C:\WINDOWS\System32\NSI.dll
0x00007fff52e70000 - 0x00007fff52e8f000 	C:\WINDOWS\SYSTEM32\dhcpcsvc6.DLL
0x00007fff52dd0000 - 0x00007fff52df5000 	C:\WINDOWS\SYSTEM32\dhcpcsvc.DLL
0x00007fff57cb0000 - 0x00007fff57dd5000 	C:\WINDOWS\SYSTEM32\DNSAPI.dll
0x00007fff38140000 - 0x00007fff38149000 	C:\Java\jdk-17\bin\extnet.dll
0x00007fff38130000 - 0x00007fff3813e000 	C:\Java\jdk-17\bin\sunmscapi.dll
0x00007fff5a6c0000 - 0x00007fff5a837000 	C:\WINDOWS\System32\CRYPT32.dll
0x00007fff58d50000 - 0x00007fff58d80000 	C:\WINDOWS\SYSTEM32\ncrypt.dll
0x00007fff58d00000 - 0x00007fff58d3f000 	C:\WINDOWS\SYSTEM32\NTASN1.dll
0x00007fff47b80000 - 0x00007fff47b88000 	C:\WINDOWS\system32\wshunix.dll

dbghelp: loaded successfully - version: 4.0.5 - missing functions: none
symbol engine: initialized successfully - sym options: 0x614 - pdb path: .;C:\Java\jdk-17\bin;C:\WINDOWS\SYSTEM32;C:\WINDOWS\WinSxS\amd64_microsoft.windows.common-controls_6595b64144ccf1df_6.0.26100.3323_none_3e088096e3344490;C:\Java\jdk-17\bin\server;C:\Users\52441\.gradle\native\c067742578af261105cb4f569cf0c3c89f3d7b1fecec35dd04571415982c5e48\windows-amd64;C:\Users\52441\.gradle\native\100fb08df4bc3b14c8652ba06237920a3bd2aa13389f12d3474272988ae205f9\windows-amd64

VM Arguments:
jvm_args: --add-opens=java.base/java.lang=ALL-UNNAMED --add-opens=java.base/java.lang.invoke=ALL-UNNAMED --add-opens=java.base/java.util=ALL-UNNAMED --add-opens=java.prefs/java.util.prefs=ALL-UNNAMED --add-exports=jdk.compiler/com.sun.tools.javac.api=ALL-UNNAMED --add-exports=jdk.compiler/com.sun.tools.javac.util=ALL-UNNAMED --add-opens=java.base/java.util=ALL-UNNAMED --add-opens=java.prefs/java.util.prefs=ALL-UNNAMED --add-opens=java.base/java.nio.charset=ALL-UNNAMED --add-opens=java.base/java.net=ALL-UNNAMED --add-opens=java.base/java.util.concurrent.atomic=ALL-UNNAMED --add-opens=java.xml/javax.xml.namespace=ALL-UNNAMED -Xmx1536m -Dfile.encoding=UTF-8 -Duser.country=MX -Duser.language=es -Duser.variant -javaagent:C:\Users\52441\.gradle\wrapper\dists\gradle-8.11.1-all\2qik7nd48slq1ooc2496ixf4i\gradle-8.11.1\lib\agents\gradle-instrumentation-agent-8.11.1.jar 
java_command: org.gradle.launcher.daemon.bootstrap.GradleDaemon 8.11.1
java_class_path (initial): C:\Users\52441\.gradle\wrapper\dists\gradle-8.11.1-all\2qik7nd48slq1ooc2496ixf4i\gradle-8.11.1\lib\gradle-daemon-main-8.11.1.jar
Launcher Type: SUN_STANDARD

[Global flags]
     intx CICompilerCount                          = 4                                         {product} {ergonomic}
     uint ConcGCThreads                            = 3                                         {product} {ergonomic}
     uint G1ConcRefinementThreads                  = 10                                        {product} {ergonomic}
   size_t G1HeapRegionSize                         = 1048576                                   {product} {ergonomic}
    uintx GCDrainStackTargetSize                   = 64                                        {product} {ergonomic}
   size_t InitialHeapSize                          = 130023424                                 {product} {ergonomic}
   size_t MarkStackSize                            = 4194304                                   {product} {ergonomic}
   size_t MaxHeapSize                              = 1610612736                                {product} {command line}
   size_t MaxNewSize                               = 965738496                                 {product} {ergonomic}
   size_t MinHeapDeltaBytes                        = 1048576                                   {product} {ergonomic}
   size_t MinHeapSize                              = 8388608                                   {product} {ergonomic}
    uintx NonNMethodCodeHeapSize                   = 5839372                                {pd product} {ergonomic}
    uintx NonProfiledCodeHeapSize                  = 122909434                              {pd product} {ergonomic}
    uintx ProfiledCodeHeapSize                     = 122909434                              {pd product} {ergonomic}
    uintx ReservedCodeCacheSize                    = 251658240                              {pd product} {ergonomic}
     bool SegmentedCodeCache                       = true                                      {product} {ergonomic}
   size_t SoftMaxHeapSize                          = 1610612736                             {manageable} {ergonomic}
     bool UseCompressedClassPointers               = true                           {product lp64_product} {ergonomic}
     bool UseCompressedOops                        = true                           {product lp64_product} {ergonomic}
     bool UseG1GC                                  = true                                      {product} {ergonomic}
     bool UseLargePagesIndividualAllocation        = false                                  {pd product} {ergonomic}

Logging:
Log output configuration:
 #0: stdout all=warning uptime,level,tags
 #1: stderr all=off uptime,level,tags

Environment Variables:
JAVA_HOME=C:\Java\jdk-17
PATH=C:\Program Files\Microsoft SDKs\Azure\CLI2\wbin;C:\DevSuiteHome_1\jdk\jre\bin\client;C:\DevSuiteHome_1\bin;C:\DevSuiteHome_1\jlib;C:\Oracle\dbhomeXE\bin;C:\Program Files\Common Files\Oracle\Java\javapath;C:\Program Files (x86)\Common Files\Oracle\Java\java8path;C:\Windows\system32;C:\Windows;C:\Windows\System32\Wbem;C:\Windows\System32\WindowsPowerShell\v1.0\;C:\Windows\System32\OpenSSH\;C:\Users\52441\AppData\Local\Android\Sdk\tools;C:\Users\52441\AppData\Local\Android\Sdk\platform-tools;C:\Program Files (x86)\NVIDIA Corporation\PhysX\Common;C:\Program Files\NVIDIA Corporation\NVIDIA NvDLISR;C:\Program Files\Java\jdk-18.0.1.1\bin;C:\Java\jdk-17\bin;C:\Program Files\dotnet\;C:\ProgramData\chocolatey\bin;C:\Oracle\instantclient_21_11\sdk;C:\composer;C:\Program Files\Git\cmd;C:\Program Files\PuTTY\;C:\DevSuiteHome_1\BIN;C:\DevSuiteHome_1;C:\Program Files (x86)\Microsoft SQL Server\160\Tools\Binn\;C:\Program Files\Microsoft SQL Server\160\Tools\Binn\;C:\Program Files\Microsoft SQL Server\Client SDK\ODBC\170\Tools\Binn\;C:\Program Files\Microsoft SQL Server\160\DTS\Binn\;C:\Program Files\Azure Data Studio\bin;C:\Program Files (x86)\Microsoft SQL Server\160\DTS\Binn\;C:\Users\52441\AppData\Roaming\nvm;C:\Program Files\nodejs;C:\Users\52441\AppData\Local\Packages\PythonSoftwareFoundation.Python.3.11_qbz5n2kfra8p0\LocalCache\local-packages\Python311\Scripts;C:\Program Files\Docker\Docker\resources\bin;C:\Program Files\Microsoft SQL Server\150\Tools\Binn\;D:\xampp\php;C:\WINDOWS\system32;C:\WINDOWS;C:\WINDOWS\System32\Wbem;C:\WINDOWS\System32\WindowsPowerShell\v1.0\;C:\WINDOWS\System32\OpenSSH\;C:\CervayaX\php;C:\Users\52441\AppData\Local\Microsoft\WindowsApps;C:\Users\52441\AppData\Local\Programs\Microsoft VS Code\bin;C:\Program Files\JetBrains\IntelliJ IDEA 2023.1.1\bin;;C:\Program Files\JetBrains\IntelliJ IDEA Community Edition 2023.1.1\bin;;C:\Program Files\Java\jdk-18.0.1.1\bin;C:\Java\jdk-17\bin;C:\Program Files\MongoDB\Server\6.0\bin;C:\Oracle\instantclient_21_11;C:\Users\52441\AppData\Roaming\Composer\vendor\bin;C:\DevSuiteHome_1\;C:\Users\52441\.dotnet\tools;C:\Program Files\Azure Data Studio\bin;C:\Program Files\OpenSSL-Win64\bin;C:\Users\52441\AppData\Roaming\nvm;C:\Program Files\nodejs;C:\Users\52441\AppData\Local\Google\Cloud SDK\google-cloud-sdk\bin;C:\Users\52441\scoop\shims;
USERNAME=52441
OS=Windows_NT
PROCESSOR_IDENTIFIER=Intel64 Family 6 Model 154 Stepping 3, GenuineIntel
TMP=C:\Users\52441\AppData\Local\Temp
TEMP=C:\Users\52441\AppData\Local\Temp



Periodic native trim disabled


---------------  S Y S T E M  ---------------

OS:
 Windows 11 , 64 bit Build 26100 (10.0.26100.3323)
OS uptime: 0 days 5:14 hours
Hyper-V role detected

CPU: total 12 (initial active 12) (6 cores per cpu, 2 threads per core) family 6 model 154 stepping 3 microcode 0x419, cx8, cmov, fxsr, ht, mmx, 3dnowpref, sse, sse2, sse3, ssse3, sse4.1, sse4.2, popcnt, lzcnt, tsc, tscinvbit, avx, avx2, aes, erms, clmul, bmi1, bmi2, adx, sha, fma, vzeroupper, clflush, clflushopt, clwb, hv
Processor Information for processor 0
  Max Mhz: 2000, Current Mhz: 2000, Mhz Limit: 2000
Processor Information for processor 1
  Max Mhz: 2000, Current Mhz: 2000, Mhz Limit: 2000
Processor Information for processor 2
  Max Mhz: 2000, Current Mhz: 2000, Mhz Limit: 2000
Processor Information for processor 3
  Max Mhz: 2000, Current Mhz: 2000, Mhz Limit: 2000
Processor Information for processor 4
  Max Mhz: 2000, Current Mhz: 2000, Mhz Limit: 2000
Processor Information for processor 5
  Max Mhz: 2000, Current Mhz: 2000, Mhz Limit: 2000
Processor Information for processor 6
  Max Mhz: 2000, Current Mhz: 2000, Mhz Limit: 2000
Processor Information for processor 7
  Max Mhz: 2000, Current Mhz: 2000, Mhz Limit: 2000
Processor Information for processor 8
  Max Mhz: 2000, Current Mhz: 1500, Mhz Limit: 1500
Processor Information for processor 9
  Max Mhz: 2000, Current Mhz: 1500, Mhz Limit: 1500
Processor Information for processor 10
  Max Mhz: 2000, Current Mhz: 1500, Mhz Limit: 1500
Processor Information for processor 11
  Max Mhz: 2000, Current Mhz: 1500, Mhz Limit: 1500

Memory: 4k page, system-wide physical 7917M (555M free)
TotalPageFile size 23699M (AvailPageFile size 27M)
current process WorkingSet (physical memory assigned to process): 251M, peak: 279M
current process commit charge ("private bytes"): 337M, peak: 357M

vm_info: OpenJDK 64-Bit Server VM (17.0.14+7) for windows-amd64 JRE (17.0.14+7), built on Jan 21 2025 23:40:15 by "admin" with MS VC++ 17.7 (VS2022)

END.
