#
# There is insufficient memory for the Java Runtime Environment to continue.
# Native memory allocation (malloc) failed to allocate 1100336 bytes. Error detail: Chunk::new
# Possible reasons:
#   The system is out of physical RAM or swap space
#   This process is running with CompressedOops enabled, and the Java Heap may be blocking the growth of the native heap
# Possible solutions:
#   Reduce memory load on the system
#   Increase physical memory or swap space
#   Check if swap backing store is full
#   Decrease Java heap size (-Xmx/-Xms)
#   Decrease number of Java threads
#   Decrease Java thread stack sizes (-Xss)
#   Set larger code cache with -XX:ReservedCodeCacheSize=
#   JVM is running with Unscaled Compressed Oops mode in which the Java heap is
#     placed in the first 4GB address space. The Java Heap base address is the
#     maximum limit for the native heap growth. Please use -XX:HeapBaseMinAddress
#     to set the Java Heap base and to place the Java Heap above 4GB virtual address.
# This output file may be truncated or incomplete.
#
#  Out of Memory Error (arena.cpp:191), pid=9528, tid=15812
#
# JRE version: OpenJDK Runtime Environment Temurin-17.0.14+7 (17.0.14+7) (build 17.0.14+7)
# Java VM: OpenJDK 64-Bit Server VM Temurin-17.0.14+7 (17.0.14+7, mixed mode, sharing, tiered, compressed oops, compressed class ptrs, g1 gc, windows-amd64)
# No core dump will be written. Minidumps are not enabled by default on client versions of Windows
#

---------------  S U M M A R Y ------------

Command Line: --add-opens=java.base/java.lang=ALL-UNNAMED --add-opens=java.base/java.lang.invoke=ALL-UNNAMED --add-opens=java.base/java.util=ALL-UNNAMED --add-opens=java.prefs/java.util.prefs=ALL-UNNAMED --add-exports=jdk.compiler/com.sun.tools.javac.api=ALL-UNNAMED --add-exports=jdk.compiler/com.sun.tools.javac.util=ALL-UNNAMED --add-opens=java.base/java.util=ALL-UNNAMED --add-opens=java.prefs/java.util.prefs=ALL-UNNAMED --add-opens=java.base/java.nio.charset=ALL-UNNAMED --add-opens=java.base/java.net=ALL-UNNAMED --add-opens=java.base/java.util.concurrent.atomic=ALL-UNNAMED --add-opens=java.xml/javax.xml.namespace=ALL-UNNAMED -Xmx1536m -Dfile.encoding=UTF-8 -Duser.country=MX -Duser.language=es -Duser.variant -javaagent:C:\Users\52441\.gradle\wrapper\dists\gradle-8.11.1-all\2qik7nd48slq1ooc2496ixf4i\gradle-8.11.1\lib\agents\gradle-instrumentation-agent-8.11.1.jar org.gradle.launcher.daemon.bootstrap.GradleDaemon 8.11.1

Host: 12th Gen Intel(R) Core(TM) i5-12450H, 12 cores, 7G,  Windows 11 , 64 bit Build 26100 (10.0.26100.3323)
Time: Tue Mar 18 11:50:48 2025 Hora estándar central (México) elapsed time: 10.980776 seconds (0d 0h 0m 10s)

---------------  T H R E A D  ---------------

Current thread (0x000002656b949ff0):  JavaThread "C2 CompilerThread1" daemon [_thread_in_native, id=15812, stack(0x0000009cb0c00000,0x0000009cb0d00000)]


Current CompileTask:
C2:  10982 6625   !   4       java.io.ObjectOutputStream::writeObject0 (620 bytes)

Stack: [0x0000009cb0c00000,0x0000009cb0d00000]
Native frames: (J=compiled Java code, j=interpreted, Vv=VM code, C=native code)
V  [jvm.dll+0x682eb9]
V  [jvm.dll+0x8399c8]
V  [jvm.dll+0x83b473]
V  [jvm.dll+0x83bae3]
V  [jvm.dll+0x24715f]
V  [jvm.dll+0xace44]
V  [jvm.dll+0xad4dc]
V  [jvm.dll+0x2ac98f]
V  [jvm.dll+0x588f69]
V  [jvm.dll+0x220fb2]
V  [jvm.dll+0x2213af]
V  [jvm.dll+0x21a3b0]
V  [jvm.dll+0x21748b]
V  [jvm.dll+0x1a3150]
V  [jvm.dll+0x22799c]
V  [jvm.dll+0x225afb]
V  [jvm.dll+0x7ef128]
V  [jvm.dll+0x7e948c]
V  [jvm.dll+0x681d97]
C  [ucrtbase.dll+0x37b0]
C  [KERNEL32.DLL+0x2e8d7]
C  [ntdll.dll+0xbbf6c]


---------------  P R O C E S S  ---------------

Threads class SMR info:
_java_thread_list=0x000002656c14fdb0, length=68, elements={
0x00000265464cec40, 0x000002656421d3b0, 0x000002656421de80, 0x0000026564236530,
0x0000026564238e10, 0x00000265642396e0, 0x0000026564239fb0, 0x000002656423ac60,
0x000002656423d630, 0x0000026564249660, 0x0000026564207280, 0x000002656458ce60,
0x000002656a3b7030, 0x0000026564a40880, 0x00000265645f1390, 0x000002656a5838b0,
0x000002656a42c2c0, 0x00000265690f8340, 0x00000265690f5fd0, 0x00000265690f7410,
0x00000265690f8850, 0x00000265690f9270, 0x00000265690f5ac0, 0x00000265690f69f0,
0x00000265690f6f00, 0x000002656b949ff0, 0x00000265690f8d60, 0x00000265690f7e30,
0x000002656b592720, 0x000002656b592c30, 0x000002656b593140, 0x000002656b594580,
0x000002656b590dd0, 0x000002656b593b60, 0x000002656b5954b0, 0x000002656b594070,
0x000002656b594a90, 0x000002656b594fa0, 0x000002656b5959c0, 0x000002656b598750,
0x000002656b595ed0, 0x000002656b5963e0, 0x000002656b596e00, 0x000002656b5968f0,
0x000002656ce8dda0, 0x000002656ce90620, 0x000002656ce8fc00, 0x000002656ce8d890,
0x000002656ce8e2b0, 0x000002656ce8ecd0, 0x000002656ce8e7c0, 0x000002656ce8f1e0,
0x000002656ce8f6f0, 0x000002656ce90110, 0x000002656ce8ce70, 0x000002656ce8d380,
0x00000265690f64e0, 0x00000265690f7920, 0x000002656b6a10d0, 0x000002656b6a15e0,
0x000002656b6a0bc0, 0x000002656b6a1af0, 0x000002656b6a2a20, 0x000002656b69fc90,
0x000002656b6a2000, 0x000002656b6a2510, 0x000002656b69f270, 0x000002656b6a2f30
}

Java Threads: ( => current thread )
  0x00000265464cec40 JavaThread "main" [_thread_blocked, id=14596, stack(0x0000009cae800000,0x0000009cae900000)]
  0x000002656421d3b0 JavaThread "Reference Handler" daemon [_thread_blocked, id=19888, stack(0x0000009caef00000,0x0000009caf000000)]
  0x000002656421de80 JavaThread "Finalizer" daemon [_thread_blocked, id=22620, stack(0x0000009caf000000,0x0000009caf100000)]
  0x0000026564236530 JavaThread "Signal Dispatcher" daemon [_thread_blocked, id=5776, stack(0x0000009caf100000,0x0000009caf200000)]
  0x0000026564238e10 JavaThread "Attach Listener" daemon [_thread_blocked, id=11188, stack(0x0000009caf200000,0x0000009caf300000)]
  0x00000265642396e0 JavaThread "Service Thread" daemon [_thread_blocked, id=22316, stack(0x0000009caf300000,0x0000009caf400000)]
  0x0000026564239fb0 JavaThread "Monitor Deflation Thread" daemon [_thread_blocked, id=27528, stack(0x0000009caf400000,0x0000009caf500000)]
  0x000002656423ac60 JavaThread "C2 CompilerThread0" daemon [_thread_in_native, id=24372, stack(0x0000009caf500000,0x0000009caf600000)]
  0x000002656423d630 JavaThread "C1 CompilerThread0" daemon [_thread_in_native, id=6720, stack(0x0000009caf600000,0x0000009caf700000)]
  0x0000026564249660 JavaThread "Sweeper thread" daemon [_thread_blocked, id=23380, stack(0x0000009caf700000,0x0000009caf800000)]
  0x0000026564207280 JavaThread "Common-Cleaner" daemon [_thread_blocked, id=4504, stack(0x0000009caf800000,0x0000009caf900000)]
  0x000002656458ce60 JavaThread "Notification Thread" daemon [_thread_blocked, id=18964, stack(0x0000009cafa00000,0x0000009cafb00000)]
  0x000002656a3b7030 JavaThread "Daemon health stats" [_thread_blocked, id=21948, stack(0x0000009caf900000,0x0000009cafa00000)]
  0x0000026564a40880 JavaThread "Incoming local TCP Connector on port 54565" [_thread_in_native, id=32204, stack(0x0000009cb0000000,0x0000009cb0100000)]
  0x00000265645f1390 JavaThread "Daemon periodic checks" [_thread_blocked, id=7192, stack(0x0000009cb0200000,0x0000009cb0300000)]
  0x000002656a5838b0 JavaThread "Daemon" [_thread_blocked, id=6012, stack(0x0000009cb0300000,0x0000009cb0400000)]
  0x000002656a42c2c0 JavaThread "Handler for socket connection from /127.0.0.1:54565 to /127.0.0.1:54566" [_thread_in_native, id=23768, stack(0x0000009cb0400000,0x0000009cb0500000)]
  0x00000265690f8340 JavaThread "Cancel handler" [_thread_blocked, id=25468, stack(0x0000009cb0500000,0x0000009cb0600000)]
  0x00000265690f5fd0 JavaThread "Daemon worker" [_thread_in_Java, id=28172, stack(0x0000009cb0600000,0x0000009cb0700000)]
  0x00000265690f7410 JavaThread "Asynchronous log dispatcher for DefaultDaemonConnection: socket connection from /127.0.0.1:54565 to /127.0.0.1:54566" [_thread_blocked, id=33476, stack(0x0000009cb0700000,0x0000009cb0800000)]
  0x00000265690f8850 JavaThread "Stdin handler" [_thread_blocked, id=18440, stack(0x0000009cb0800000,0x0000009cb0900000)]
  0x00000265690f9270 JavaThread "Daemon client event forwarder" [_thread_blocked, id=12632, stack(0x0000009cb0900000,0x0000009cb0a00000)]
  0x00000265690f5ac0 JavaThread "Cache worker for journal cache (C:\Users\52441\.gradle\caches\journal-1)" [_thread_blocked, id=33288, stack(0x0000009cb0100000,0x0000009cb0200000)]
  0x00000265690f69f0 JavaThread "File lock request listener" [_thread_in_native, id=25728, stack(0x0000009cb0a00000,0x0000009cb0b00000)]
  0x00000265690f6f00 JavaThread "Cache worker for file hash cache (C:\Users\52441\.gradle\caches\8.11.1\fileHashes)" [_thread_blocked, id=32152, stack(0x0000009cb0b00000,0x0000009cb0c00000)]
=>0x000002656b949ff0 JavaThread "C2 CompilerThread1" daemon [_thread_in_native, id=15812, stack(0x0000009cb0c00000,0x0000009cb0d00000)]
  0x00000265690f8d60 JavaThread "Cache worker for file content cache (C:\Users\52441\.gradle\caches\8.11.1\fileContent)" [_thread_blocked, id=1708, stack(0x0000009cb1200000,0x0000009cb1300000)]
  0x00000265690f7e30 JavaThread "Cache worker for file hash cache (C:\ProjectJS\Ionic\Integradora\WasheDay\WasheDay\android\.gradle\8.11.1\fileHashes)" [_thread_blocked, id=22580, stack(0x0000009cb1300000,0x0000009cb1400000)]
  0x000002656b592720 JavaThread "Cache worker for Build Output Cleanup Cache (C:\ProjectJS\Ionic\Integradora\WasheDay\WasheDay\android\.gradle\buildOutputCleanup)" [_thread_blocked, id=26948, stack(0x0000009cb1400000,0x0000009cb1500000)]
  0x000002656b592c30 JavaThread "File watcher server" daemon [_thread_in_native, id=15852, stack(0x0000009cb1700000,0x0000009cb1800000)]
  0x000002656b593140 JavaThread "File watcher consumer" daemon [_thread_blocked, id=14124, stack(0x0000009cb1800000,0x0000009cb1900000)]
  0x000002656b594580 JavaThread "jar transforms" [_thread_blocked, id=12044, stack(0x0000009cb1900000,0x0000009cb1a00000)]
  0x000002656b590dd0 JavaThread "jar transforms Thread 2" [_thread_blocked, id=33780, stack(0x0000009cb1a00000,0x0000009cb1b00000)]
  0x000002656b593b60 JavaThread "jar transforms Thread 3" [_thread_blocked, id=6332, stack(0x0000009cb1b00000,0x0000009cb1c00000)]
  0x000002656b5954b0 JavaThread "Cache worker for checksums cache (C:\ProjectJS\Ionic\Integradora\WasheDay\WasheDay\android\.gradle\8.11.1\checksums)" [_thread_blocked, id=33408, stack(0x0000009cb1c00000,0x0000009cb1d00000)]
  0x000002656b594070 JavaThread "Cache worker for cache directory md-rule (C:\Users\52441\.gradle\caches\8.11.1\md-rule)" [_thread_blocked, id=28112, stack(0x0000009cb1d00000,0x0000009cb1e00000)]
  0x000002656b594a90 JavaThread "Cache worker for cache directory md-supplier (C:\Users\52441\.gradle\caches\8.11.1\md-supplier)" [_thread_blocked, id=33176, stack(0x0000009cb1e00000,0x0000009cb1f00000)]
  0x000002656b594fa0 JavaThread "jar transforms Thread 4" [_thread_blocked, id=31940, stack(0x0000009cb1f00000,0x0000009cb2000000)]
  0x000002656b5959c0 JavaThread "jar transforms Thread 5" [_thread_blocked, id=32776, stack(0x0000009cb2000000,0x0000009cb2100000)]
  0x000002656b598750 JavaThread "jar transforms Thread 6" [_thread_blocked, id=12824, stack(0x0000009cb2100000,0x0000009cb2200000)]
  0x000002656b595ed0 JavaThread "jar transforms Thread 7" [_thread_blocked, id=3004, stack(0x0000009cb2200000,0x0000009cb2300000)]
  0x000002656b5963e0 JavaThread "jar transforms Thread 8" [_thread_blocked, id=26932, stack(0x0000009cb2300000,0x0000009cb2400000)]
  0x000002656b596e00 JavaThread "jar transforms Thread 9" [_thread_blocked, id=28408, stack(0x0000009cb2400000,0x0000009cb2500000)]
  0x000002656b5968f0 JavaThread "jar transforms Thread 10" [_thread_blocked, id=33272, stack(0x0000009cb2500000,0x0000009cb2600000)]
  0x000002656ce8dda0 JavaThread "jar transforms Thread 11" [_thread_blocked, id=22888, stack(0x0000009cb2600000,0x0000009cb2700000)]
  0x000002656ce90620 JavaThread "jar transforms Thread 12" [_thread_blocked, id=16292, stack(0x0000009cb2700000,0x0000009cb2800000)]
  0x000002656ce8fc00 JavaThread "Unconstrained build operations" [_thread_blocked, id=29840, stack(0x0000009cb2800000,0x0000009cb2900000)]
  0x000002656ce8d890 JavaThread "Unconstrained build operations Thread 2" [_thread_blocked, id=18032, stack(0x0000009cb2900000,0x0000009cb2a00000)]
  0x000002656ce8e2b0 JavaThread "Unconstrained build operations Thread 3" [_thread_blocked, id=33020, stack(0x0000009cb2a00000,0x0000009cb2b00000)]
  0x000002656ce8ecd0 JavaThread "Unconstrained build operations Thread 4" [_thread_blocked, id=30960, stack(0x0000009cb2b00000,0x0000009cb2c00000)]
  0x000002656ce8e7c0 JavaThread "Unconstrained build operations Thread 5" [_thread_blocked, id=21896, stack(0x0000009cb2c00000,0x0000009cb2d00000)]
  0x000002656ce8f1e0 JavaThread "Unconstrained build operations Thread 6" [_thread_blocked, id=19400, stack(0x0000009cb2d00000,0x0000009cb2e00000)]
  0x000002656ce8f6f0 JavaThread "Unconstrained build operations Thread 7" [_thread_blocked, id=28036, stack(0x0000009cb2e00000,0x0000009cb2f00000)]
  0x000002656ce90110 JavaThread "Unconstrained build operations Thread 8" [_thread_blocked, id=23540, stack(0x0000009cb2f00000,0x0000009cb3000000)]
  0x000002656ce8ce70 JavaThread "Unconstrained build operations Thread 9" [_thread_blocked, id=9220, stack(0x0000009cb3000000,0x0000009cb3100000)]
  0x000002656ce8d380 JavaThread "Unconstrained build operations Thread 10" [_thread_blocked, id=26956, stack(0x0000009cb3100000,0x0000009cb3200000)]
  0x00000265690f64e0 JavaThread "Unconstrained build operations Thread 11" [_thread_blocked, id=25756, stack(0x0000009cb3200000,0x0000009cb3300000)]
  0x00000265690f7920 JavaThread "Unconstrained build operations Thread 12" [_thread_in_native, id=28532, stack(0x0000009cb3300000,0x0000009cb3400000)]
  0x000002656b6a10d0 JavaThread "Unconstrained build operations Thread 13" [_thread_blocked, id=33080, stack(0x0000009cb3400000,0x0000009cb3500000)]
  0x000002656b6a15e0 JavaThread "Unconstrained build operations Thread 14" [_thread_blocked, id=33696, stack(0x0000009cb3500000,0x0000009cb3600000)]
  0x000002656b6a0bc0 JavaThread "Unconstrained build operations Thread 15" [_thread_in_native, id=8880, stack(0x0000009cb3600000,0x0000009cb3700000)]
  0x000002656b6a1af0 JavaThread "Unconstrained build operations Thread 16" [_thread_blocked, id=7044, stack(0x0000009cb3700000,0x0000009cb3800000)]
  0x000002656b6a2a20 JavaThread "Unconstrained build operations Thread 17" [_thread_blocked, id=17960, stack(0x0000009cb3800000,0x0000009cb3900000)]
  0x000002656b69fc90 JavaThread "Unconstrained build operations Thread 18" [_thread_blocked, id=27700, stack(0x0000009cb3900000,0x0000009cb3a00000)]
  0x000002656b6a2000 JavaThread "Unconstrained build operations Thread 19" [_thread_in_Java, id=26600, stack(0x0000009cb3a00000,0x0000009cb3b00000)]
  0x000002656b6a2510 JavaThread "Unconstrained build operations Thread 20" [_thread_blocked, id=7624, stack(0x0000009cb3b00000,0x0000009cb3c00000)]
  0x000002656b69f270 JavaThread "Unconstrained build operations Thread 21" [_thread_blocked, id=33064, stack(0x0000009cb3c00000,0x0000009cb3d00000)]
  0x000002656b6a2f30 JavaThread "Unconstrained build operations Thread 22" [_thread_blocked, id=16212, stack(0x0000009cb3d00000,0x0000009cb3e00000)]

Other Threads:
  0x00000265642183c0 VMThread "VM Thread" [stack: 0x0000009caee00000,0x0000009caef00000] [id=32916]
  0x00000265464cf9d0 WatcherThread [stack: 0x0000009cafb00000,0x0000009cafc00000] [id=10660]
  0x000002654651a020 GCTaskThread "GC Thread#0" [stack: 0x0000009cae900000,0x0000009caea00000] [id=7444]
  0x0000026564924090 GCTaskThread "GC Thread#1" [stack: 0x0000009cafc00000,0x0000009cafd00000] [id=32248]
  0x0000026564ac0730 GCTaskThread "GC Thread#2" [stack: 0x0000009cafd00000,0x0000009cafe00000] [id=7764]
  0x00000265690b9c30 GCTaskThread "GC Thread#3" [stack: 0x0000009cafe00000,0x0000009caff00000] [id=19116]
  0x00000265649d0f20 GCTaskThread "GC Thread#4" [stack: 0x0000009caff00000,0x0000009cb0000000] [id=15180]
  0x0000026569f498f0 GCTaskThread "GC Thread#5" [stack: 0x0000009cb0d00000,0x0000009cb0e00000] [id=10256]
  0x000002656ade4c80 GCTaskThread "GC Thread#6" [stack: 0x0000009cb0e00000,0x0000009cb0f00000] [id=15560]
  0x000002656ade4f40 GCTaskThread "GC Thread#7" [stack: 0x0000009cb0f00000,0x0000009cb1000000] [id=28320]
  0x000002656bec4270 GCTaskThread "GC Thread#8" [stack: 0x0000009cb1000000,0x0000009cb1100000] [id=7448]
  0x000002656a7c5950 GCTaskThread "GC Thread#9" [stack: 0x0000009cb1100000,0x0000009cb1200000] [id=260]
  0x0000026546527e90 ConcurrentGCThread "G1 Main Marker" [stack: 0x0000009caea00000,0x0000009caeb00000] [id=9776]
  0x000002654652a4a0 ConcurrentGCThread "G1 Conc#0" [stack: 0x0000009caeb00000,0x0000009caec00000] [id=33268]
  0x000002656a907450 ConcurrentGCThread "G1 Conc#1" [stack: 0x0000009cb1500000,0x0000009cb1600000] [id=22940]
  0x000002656c148de0 ConcurrentGCThread "G1 Conc#2" [stack: 0x0000009cb1600000,0x0000009cb1700000] [id=19860]
  0x000002654657df40 ConcurrentGCThread "G1 Refine#0" [stack: 0x0000009caec00000,0x0000009caed00000] [id=22480]
  0x000002654657e720 ConcurrentGCThread "G1 Service" [stack: 0x0000009caed00000,0x0000009caee00000] [id=15580]

Threads with active compile tasks:
C2 CompilerThread0    11092 6670       4       java.io.ObjectOutputStream::writeClassDesc (60 bytes)
C1 CompilerThread0    11092 6801       3       org.gradle.internal.fingerprint.impl.DefaultFileCollectionSnapshotter::snapshot (46 bytes)
C2 CompilerThread1    11092 6625   !   4       java.io.ObjectOutputStream::writeObject0 (620 bytes)

VM state: not at safepoint (normal execution)

VM Mutex/Monitor currently owned by a thread: None

Heap address: 0x00000000a0000000, size: 1536 MB, Compressed Oops mode: 32-bit

CDS archive(s) mapped at: [0x0000026500000000-0x0000026500bb0000-0x0000026500bb0000), size 12255232, SharedBaseAddress: 0x0000026500000000, ArchiveRelocationMode: 1.
Compressed class space mapped at: 0x0000026501000000-0x0000026541000000, reserved size: 1073741824
Narrow klass base: 0x0000026500000000, Narrow klass shift: 0, Narrow klass range: 0x100000000

GC Precious Log:
 CPUs: 12 total, 12 available
 Memory: 7917M
 Large Page Support: Disabled
 NUMA Support: Disabled
 Compressed Oops: Enabled (32-bit)
 Heap Region Size: 1M
 Heap Min Capacity: 8M
 Heap Initial Capacity: 124M
 Heap Max Capacity: 1536M
 Pre-touch: Disabled
 Parallel Workers: 10
 Concurrent Workers: 3
 Concurrent Refinement Workers: 10
 Periodic GC: Disabled

Heap:
 garbage-first heap   total 107520K, used 69573K [0x00000000a0000000, 0x0000000100000000)
  region size 1024K, 32 young (32768K), 5 survivors (5120K)
 Metaspace       used 48877K, committed 49472K, reserved 1114112K
  class space    used 6848K, committed 7104K, reserved 1048576K

Heap Regions: E=young(eden), S=young(survivor), O=old, HS=humongous(starts), HC=humongous(continues), CS=collection set, F=free, OA=open archive, CA=closed archive, TAMS=top-at-mark-start (previous, next)
|   0|0x00000000a0000000, 0x00000000a0100000, 0x00000000a0100000|100%| O|  |TAMS 0x00000000a0100000, 0x00000000a0000000| Untracked 
|   1|0x00000000a0100000, 0x00000000a0200000, 0x00000000a0200000|100%|HS|  |TAMS 0x00000000a0200000, 0x00000000a0100000| Complete 
|   2|0x00000000a0200000, 0x00000000a0300000, 0x00000000a0300000|100%|HC|  |TAMS 0x00000000a0300000, 0x00000000a0200000| Complete 
|   3|0x00000000a0300000, 0x00000000a0400000, 0x00000000a0400000|100%|HC|  |TAMS 0x00000000a0400000, 0x00000000a0300000| Complete 
|   4|0x00000000a0400000, 0x00000000a0500000, 0x00000000a0500000|100%| O|  |TAMS 0x00000000a0500000, 0x00000000a0400000| Untracked 
|   5|0x00000000a0500000, 0x00000000a0600000, 0x00000000a0600000|100%| O|  |TAMS 0x00000000a0600000, 0x00000000a0500000| Untracked 
|   6|0x00000000a0600000, 0x00000000a0700000, 0x00000000a0700000|100%| O|  |TAMS 0x00000000a0700000, 0x00000000a0600000| Untracked 
|   7|0x00000000a0700000, 0x00000000a0800000, 0x00000000a0800000|100%|HS|  |TAMS 0x00000000a0800000, 0x00000000a0700000| Complete 
|   8|0x00000000a0800000, 0x00000000a0900000, 0x00000000a0900000|100%| O|  |TAMS 0x00000000a0900000, 0x00000000a0800000| Untracked 
|   9|0x00000000a0900000, 0x00000000a0a00000, 0x00000000a0a00000|100%| O|  |TAMS 0x00000000a0a00000, 0x00000000a0900000| Untracked 
|  10|0x00000000a0a00000, 0x00000000a0b00000, 0x00000000a0b00000|100%| O|  |TAMS 0x00000000a0b00000, 0x00000000a0a00000| Untracked 
|  11|0x00000000a0b00000, 0x00000000a0c00000, 0x00000000a0c00000|100%| O|  |TAMS 0x00000000a0c00000, 0x00000000a0b00000| Untracked 
|  12|0x00000000a0c00000, 0x00000000a0d00000, 0x00000000a0d00000|100%| O|  |TAMS 0x00000000a0d00000, 0x00000000a0c00000| Untracked 
|  13|0x00000000a0d00000, 0x00000000a0e00000, 0x00000000a0e00000|100%| O|  |TAMS 0x00000000a0e00000, 0x00000000a0d00000| Untracked 
|  14|0x00000000a0e00000, 0x00000000a0f00000, 0x00000000a0f00000|100%| O|  |TAMS 0x00000000a0f00000, 0x00000000a0e00000| Untracked 
|  15|0x00000000a0f00000, 0x00000000a1000000, 0x00000000a1000000|100%| O|  |TAMS 0x00000000a1000000, 0x00000000a0f00000| Untracked 
|  16|0x00000000a1000000, 0x00000000a1100000, 0x00000000a1100000|100%| O|  |TAMS 0x00000000a1100000, 0x00000000a1000000| Untracked 
|  17|0x00000000a1100000, 0x00000000a1200000, 0x00000000a1200000|100%| O|  |TAMS 0x00000000a1200000, 0x00000000a1100000| Untracked 
|  18|0x00000000a1200000, 0x00000000a1300000, 0x00000000a1300000|100%| O|  |TAMS 0x00000000a1300000, 0x00000000a1200000| Untracked 
|  19|0x00000000a1300000, 0x00000000a1400000, 0x00000000a1400000|100%| O|  |TAMS 0x00000000a1400000, 0x00000000a1300000| Untracked 
|  20|0x00000000a1400000, 0x00000000a14ff200, 0x00000000a1500000| 99%| O|  |TAMS 0x00000000a14ff200, 0x00000000a1400000| Untracked 
|  21|0x00000000a1500000, 0x00000000a1600000, 0x00000000a1600000|100%| O|  |TAMS 0x00000000a1600000, 0x00000000a1500000| Untracked 
|  22|0x00000000a1600000, 0x00000000a1700000, 0x00000000a1700000|100%| O|  |TAMS 0x00000000a1700000, 0x00000000a1600000| Untracked 
|  23|0x00000000a1700000, 0x00000000a1800000, 0x00000000a1800000|100%| O|  |TAMS 0x00000000a1800000, 0x00000000a1700000| Untracked 
|  24|0x00000000a1800000, 0x00000000a1900000, 0x00000000a1900000|100%| O|  |TAMS 0x00000000a1900000, 0x00000000a1800000| Untracked 
|  25|0x00000000a1900000, 0x00000000a1a00000, 0x00000000a1a00000|100%| O|  |TAMS 0x00000000a1a00000, 0x00000000a1900000| Untracked 
|  26|0x00000000a1a00000, 0x00000000a1b00000, 0x00000000a1b00000|100%| O|  |TAMS 0x00000000a1ac5800, 0x00000000a1a00000| Untracked 
|  27|0x00000000a1b00000, 0x00000000a1c00000, 0x00000000a1c00000|100%| O|  |TAMS 0x00000000a1b00000, 0x00000000a1b00000| Untracked 
|  28|0x00000000a1c00000, 0x00000000a1d00000, 0x00000000a1d00000|100%| O|  |TAMS 0x00000000a1c00000, 0x00000000a1c00000| Untracked 
|  29|0x00000000a1d00000, 0x00000000a1e00000, 0x00000000a1e00000|100%| O|  |TAMS 0x00000000a1d00000, 0x00000000a1d00000| Untracked 
|  30|0x00000000a1e00000, 0x00000000a1f00000, 0x00000000a1f00000|100%| O|  |TAMS 0x00000000a1e00000, 0x00000000a1e00000| Untracked 
|  31|0x00000000a1f00000, 0x00000000a2000000, 0x00000000a2000000|100%| O|  |TAMS 0x00000000a1f00000, 0x00000000a1f00000| Untracked 
|  32|0x00000000a2000000, 0x00000000a2100000, 0x00000000a2100000|100%| O|  |TAMS 0x00000000a2000000, 0x00000000a2000000| Untracked 
|  33|0x00000000a2100000, 0x00000000a2200000, 0x00000000a2200000|100%| O|  |TAMS 0x00000000a2100000, 0x00000000a2100000| Untracked 
|  34|0x00000000a2200000, 0x00000000a2300000, 0x00000000a2300000|100%| O|  |TAMS 0x00000000a2200000, 0x00000000a2200000| Untracked 
|  35|0x00000000a2300000, 0x00000000a2300000, 0x00000000a2400000|  0%| F|  |TAMS 0x00000000a2300000, 0x00000000a2300000| Untracked 
|  36|0x00000000a2400000, 0x00000000a2400000, 0x00000000a2500000|  0%| F|  |TAMS 0x00000000a2400000, 0x00000000a2400000| Untracked 
|  37|0x00000000a2500000, 0x00000000a2600000, 0x00000000a2600000|100%| O|  |TAMS 0x00000000a2500000, 0x00000000a2500000| Untracked 
|  38|0x00000000a2600000, 0x00000000a2700000, 0x00000000a2700000|100%| O|  |TAMS 0x00000000a2600000, 0x00000000a2600000| Untracked 
|  39|0x00000000a2700000, 0x00000000a2800000, 0x00000000a2800000|100%| O|  |TAMS 0x00000000a2700000, 0x00000000a2700000| Untracked 
|  40|0x00000000a2800000, 0x00000000a2814200, 0x00000000a2900000|  7%| O|  |TAMS 0x00000000a2800000, 0x00000000a2800000| Untracked 
|  41|0x00000000a2900000, 0x00000000a2900000, 0x00000000a2a00000|  0%| F|  |TAMS 0x00000000a2900000, 0x00000000a2900000| Untracked 
|  42|0x00000000a2a00000, 0x00000000a2a00000, 0x00000000a2b00000|  0%| F|  |TAMS 0x00000000a2a00000, 0x00000000a2a00000| Untracked 
|  43|0x00000000a2b00000, 0x00000000a2b00000, 0x00000000a2c00000|  0%| F|  |TAMS 0x00000000a2b00000, 0x00000000a2b00000| Untracked 
|  44|0x00000000a2c00000, 0x00000000a2c00000, 0x00000000a2d00000|  0%| F|  |TAMS 0x00000000a2c00000, 0x00000000a2c00000| Untracked 
|  45|0x00000000a2d00000, 0x00000000a2d00000, 0x00000000a2e00000|  0%| F|  |TAMS 0x00000000a2d00000, 0x00000000a2d00000| Untracked 
|  46|0x00000000a2e00000, 0x00000000a2e00000, 0x00000000a2f00000|  0%| F|  |TAMS 0x00000000a2e00000, 0x00000000a2e00000| Untracked 
|  47|0x00000000a2f00000, 0x00000000a2f00000, 0x00000000a3000000|  0%| F|  |TAMS 0x00000000a2f00000, 0x00000000a2f00000| Untracked 
|  48|0x00000000a3000000, 0x00000000a3000000, 0x00000000a3100000|  0%| F|  |TAMS 0x00000000a3000000, 0x00000000a3000000| Untracked 
|  49|0x00000000a3100000, 0x00000000a3100000, 0x00000000a3200000|  0%| F|  |TAMS 0x00000000a3100000, 0x00000000a3100000| Untracked 
|  50|0x00000000a3200000, 0x00000000a3200000, 0x00000000a3300000|  0%| F|  |TAMS 0x00000000a3200000, 0x00000000a3200000| Untracked 
|  51|0x00000000a3300000, 0x00000000a3300000, 0x00000000a3400000|  0%| F|  |TAMS 0x00000000a3300000, 0x00000000a3300000| Untracked 
|  52|0x00000000a3400000, 0x00000000a3400000, 0x00000000a3500000|  0%| F|  |TAMS 0x00000000a3400000, 0x00000000a3400000| Untracked 
|  53|0x00000000a3500000, 0x00000000a3500000, 0x00000000a3600000|  0%| F|  |TAMS 0x00000000a3500000, 0x00000000a3500000| Untracked 
|  54|0x00000000a3600000, 0x00000000a3600000, 0x00000000a3700000|  0%| F|  |TAMS 0x00000000a3600000, 0x00000000a3600000| Untracked 
|  55|0x00000000a3700000, 0x00000000a3700000, 0x00000000a3800000|  0%| F|  |TAMS 0x00000000a3700000, 0x00000000a3700000| Untracked 
|  56|0x00000000a3800000, 0x00000000a3800000, 0x00000000a3900000|  0%| F|  |TAMS 0x00000000a3800000, 0x00000000a3800000| Untracked 
|  57|0x00000000a3900000, 0x00000000a3900000, 0x00000000a3a00000|  0%| F|  |TAMS 0x00000000a3900000, 0x00000000a3900000| Untracked 
|  58|0x00000000a3a00000, 0x00000000a3ade198, 0x00000000a3b00000| 86%| S|CS|TAMS 0x00000000a3a00000, 0x00000000a3a00000| Complete 
|  59|0x00000000a3b00000, 0x00000000a3c00000, 0x00000000a3c00000|100%| S|CS|TAMS 0x00000000a3b00000, 0x00000000a3b00000| Complete 
|  60|0x00000000a3c00000, 0x00000000a3d00000, 0x00000000a3d00000|100%| S|CS|TAMS 0x00000000a3c00000, 0x00000000a3c00000| Complete 
|  61|0x00000000a3d00000, 0x00000000a3e00000, 0x00000000a3e00000|100%| S|CS|TAMS 0x00000000a3d00000, 0x00000000a3d00000| Complete 
|  62|0x00000000a3e00000, 0x00000000a3e00000, 0x00000000a3f00000|  0%| F|  |TAMS 0x00000000a3e00000, 0x00000000a3e00000| Untracked 
|  63|0x00000000a3f00000, 0x00000000a3f00000, 0x00000000a4000000|  0%| F|  |TAMS 0x00000000a3f00000, 0x00000000a3f00000| Untracked 
|  64|0x00000000a4000000, 0x00000000a4000000, 0x00000000a4100000|  0%| F|  |TAMS 0x00000000a4000000, 0x00000000a4000000| Untracked 
|  65|0x00000000a4100000, 0x00000000a4200000, 0x00000000a4200000|100%| S|CS|TAMS 0x00000000a4100000, 0x00000000a4100000| Complete 
|  66|0x00000000a4200000, 0x00000000a4200000, 0x00000000a4300000|  0%| F|  |TAMS 0x00000000a4200000, 0x00000000a4200000| Untracked 
|  67|0x00000000a4300000, 0x00000000a4300000, 0x00000000a4400000|  0%| F|  |TAMS 0x00000000a4300000, 0x00000000a4300000| Untracked 
|  68|0x00000000a4400000, 0x00000000a4400000, 0x00000000a4500000|  0%| F|  |TAMS 0x00000000a4400000, 0x00000000a4400000| Untracked 
|  69|0x00000000a4500000, 0x00000000a4500000, 0x00000000a4600000|  0%| F|  |TAMS 0x00000000a4500000, 0x00000000a4500000| Untracked 
|  70|0x00000000a4600000, 0x00000000a4600000, 0x00000000a4700000|  0%| F|  |TAMS 0x00000000a4600000, 0x00000000a4600000| Untracked 
|  71|0x00000000a4700000, 0x00000000a4700000, 0x00000000a4800000|  0%| F|  |TAMS 0x00000000a4700000, 0x00000000a4700000| Untracked 
|  72|0x00000000a4800000, 0x00000000a4800000, 0x00000000a4900000|  0%| F|  |TAMS 0x00000000a4800000, 0x00000000a4800000| Untracked 
|  73|0x00000000a4900000, 0x00000000a4900000, 0x00000000a4a00000|  0%| F|  |TAMS 0x00000000a4900000, 0x00000000a4900000| Untracked 
|  74|0x00000000a4a00000, 0x00000000a4a00000, 0x00000000a4b00000|  0%| F|  |TAMS 0x00000000a4a00000, 0x00000000a4a00000| Untracked 
|  75|0x00000000a4b00000, 0x00000000a4b00000, 0x00000000a4c00000|  0%| F|  |TAMS 0x00000000a4b00000, 0x00000000a4b00000| Untracked 
|  76|0x00000000a4c00000, 0x00000000a4c00000, 0x00000000a4d00000|  0%| F|  |TAMS 0x00000000a4c00000, 0x00000000a4c00000| Untracked 
|  77|0x00000000a4d00000, 0x00000000a4d08158, 0x00000000a4e00000|  3%| E|  |TAMS 0x00000000a4d00000, 0x00000000a4d00000| Complete 
|  78|0x00000000a4e00000, 0x00000000a4eff0c0, 0x00000000a4f00000| 99%| E|  |TAMS 0x00000000a4e00000, 0x00000000a4e00000| Complete 
|  79|0x00000000a4f00000, 0x00000000a5000000, 0x00000000a5000000|100%| E|CS|TAMS 0x00000000a4f00000, 0x00000000a4f00000| Complete 
|  80|0x00000000a5000000, 0x00000000a5100000, 0x00000000a5100000|100%| E|CS|TAMS 0x00000000a5000000, 0x00000000a5000000| Complete 
|  81|0x00000000a5100000, 0x00000000a5200000, 0x00000000a5200000|100%| E|CS|TAMS 0x00000000a5100000, 0x00000000a5100000| Complete 
|  82|0x00000000a5200000, 0x00000000a5300000, 0x00000000a5300000|100%| E|CS|TAMS 0x00000000a5200000, 0x00000000a5200000| Complete 
|  83|0x00000000a5300000, 0x00000000a5400000, 0x00000000a5400000|100%| E|CS|TAMS 0x00000000a5300000, 0x00000000a5300000| Complete 
|  84|0x00000000a5400000, 0x00000000a5500000, 0x00000000a5500000|100%| E|CS|TAMS 0x00000000a5400000, 0x00000000a5400000| Complete 
|  85|0x00000000a5500000, 0x00000000a5600000, 0x00000000a5600000|100%| E|CS|TAMS 0x00000000a5500000, 0x00000000a5500000| Complete 
|  86|0x00000000a5600000, 0x00000000a5700000, 0x00000000a5700000|100%| E|CS|TAMS 0x00000000a5600000, 0x00000000a5600000| Complete 
|  87|0x00000000a5700000, 0x00000000a5800000, 0x00000000a5800000|100%| E|CS|TAMS 0x00000000a5700000, 0x00000000a5700000| Complete 
|  88|0x00000000a5800000, 0x00000000a5900000, 0x00000000a5900000|100%| E|CS|TAMS 0x00000000a5800000, 0x00000000a5800000| Complete 
|  89|0x00000000a5900000, 0x00000000a5a00000, 0x00000000a5a00000|100%| E|CS|TAMS 0x00000000a5900000, 0x00000000a5900000| Complete 
|  90|0x00000000a5a00000, 0x00000000a5b00000, 0x00000000a5b00000|100%| E|CS|TAMS 0x00000000a5a00000, 0x00000000a5a00000| Complete 
|  91|0x00000000a5b00000, 0x00000000a5c00000, 0x00000000a5c00000|100%| E|CS|TAMS 0x00000000a5b00000, 0x00000000a5b00000| Complete 
|  92|0x00000000a5c00000, 0x00000000a5d00000, 0x00000000a5d00000|100%| E|CS|TAMS 0x00000000a5c00000, 0x00000000a5c00000| Complete 
|  93|0x00000000a5d00000, 0x00000000a5e00000, 0x00000000a5e00000|100%| E|CS|TAMS 0x00000000a5d00000, 0x00000000a5d00000| Complete 
|  94|0x00000000a5e00000, 0x00000000a5f00000, 0x00000000a5f00000|100%| E|CS|TAMS 0x00000000a5e00000, 0x00000000a5e00000| Complete 
|  95|0x00000000a5f00000, 0x00000000a6000000, 0x00000000a6000000|100%| E|CS|TAMS 0x00000000a5f00000, 0x00000000a5f00000| Complete 
|  96|0x00000000a6000000, 0x00000000a6100000, 0x00000000a6100000|100%| E|CS|TAMS 0x00000000a6000000, 0x00000000a6000000| Complete 
|  97|0x00000000a6100000, 0x00000000a6200000, 0x00000000a6200000|100%| E|CS|TAMS 0x00000000a6100000, 0x00000000a6100000| Complete 
|  98|0x00000000a6200000, 0x00000000a6300000, 0x00000000a6300000|100%| E|CS|TAMS 0x00000000a6200000, 0x00000000a6200000| Complete 
|  99|0x00000000a6300000, 0x00000000a6400000, 0x00000000a6400000|100%| E|CS|TAMS 0x00000000a6300000, 0x00000000a6300000| Complete 
| 100|0x00000000a6400000, 0x00000000a6500000, 0x00000000a6500000|100%| E|CS|TAMS 0x00000000a6400000, 0x00000000a6400000| Complete 
| 101|0x00000000a6500000, 0x00000000a6600000, 0x00000000a6600000|100%| E|CS|TAMS 0x00000000a6500000, 0x00000000a6500000| Complete 
| 102|0x00000000a6600000, 0x00000000a6700000, 0x00000000a6700000|100%| E|CS|TAMS 0x00000000a6600000, 0x00000000a6600000| Complete 
| 103|0x00000000a6700000, 0x00000000a6800000, 0x00000000a6800000|100%| E|CS|TAMS 0x00000000a6700000, 0x00000000a6700000| Complete 
| 123|0x00000000a7b00000, 0x00000000a7c00000, 0x00000000a7c00000|100%| E|CS|TAMS 0x00000000a7b00000, 0x00000000a7b00000| Complete 

Card table byte_map: [0x000002655dfe0000,0x000002655e2e0000] _byte_map_base: 0x000002655dae0000

Marking Bits (Prev, Next): (CMBitMap*) 0x000002654651a550, (CMBitMap*) 0x000002654651a590
 Prev Bits: [0x000002655e5e0000, 0x000002655fde0000)
 Next Bits: [0x000002655fde0000, 0x00000265615e0000)

Polling page: 0x0000026544c00000

Metaspace:

Usage:
  Non-class:     41.06 MB used.
      Class:      6.69 MB used.
       Both:     47.74 MB used.

Virtual space:
  Non-class space:       64.00 MB reserved,      41.38 MB ( 65%) committed,  1 nodes.
      Class space:        1.00 GB reserved,       6.94 MB ( <1%) committed,  1 nodes.
             Both:        1.06 GB reserved,      48.31 MB (  4%) committed. 

Chunk freelists:
   Non-Class:  6.22 MB
       Class:  8.91 MB
        Both:  15.12 MB

MaxMetaspaceSize: unlimited
CompressedClassSpaceSize: 1.00 GB
Initial GC threshold: 21.00 MB
Current GC threshold: 58.75 MB
CDS: on
MetaspaceReclaimPolicy: balanced
 - commit_granule_bytes: 65536.
 - commit_granule_words: 8192.
 - virtual_space_node_default_size: 8388608.
 - enlarge_chunks_in_place: 1.
 - new_chunks_are_fully_committed: 0.
 - uncommit_free_chunks: 1.
 - use_allocation_guard: 0.
 - handle_deallocations: 1.


Internal statistics:

num_allocs_failed_limit: 6.
num_arena_births: 630.
num_arena_deaths: 0.
num_vsnodes_births: 2.
num_vsnodes_deaths: 0.
num_space_committed: 773.
num_space_uncommitted: 0.
num_chunks_returned_to_freelist: 6.
num_chunks_taken_from_freelist: 2600.
num_chunk_merges: 3.
num_chunk_splits: 1675.
num_chunks_enlarged: 1109.
num_inconsistent_stats: 0.

CodeHeap 'non-profiled nmethods': size=120000Kb used=3279Kb max_used=3279Kb free=116720Kb
 bounds [0x0000026555b30000, 0x0000026555e70000, 0x000002655d060000]
CodeHeap 'profiled nmethods': size=120000Kb used=11584Kb max_used=11584Kb free=108416Kb
 bounds [0x000002654e060000, 0x000002654ebb0000, 0x0000026555590000]
CodeHeap 'non-nmethods': size=5760Kb used=2330Kb max_used=2382Kb free=3429Kb
 bounds [0x0000026555590000, 0x0000026555800000, 0x0000026555b30000]
 total_blobs=6897 nmethods=6052 adapters=757
 compilation: enabled
              stopped_count=0, restarted_count=0
 full_count=0

Compilation events (20 events):
Event: 9.894 Thread 0x000002656423d630 6636       1       org.gradle.internal.snapshot.AbstractFileSystemLocationSnapshot::getAbsolutePath (5 bytes)
Event: 9.894 Thread 0x000002656423d630 nmethod 6636 0x0000026555e58d10 code [0x0000026555e58ea0, 0x0000026555e58f78]
Event: 9.894 Thread 0x000002656423d630 6605       1       org.gradle.internal.work.DefaultWorkerLeaseService$ConfiguredRegistries::getProjectLockRegistry (5 bytes)
Event: 9.894 Thread 0x000002656423d630 nmethod 6605 0x0000026555e59010 code [0x0000026555e591a0, 0x0000026555e59278]
Event: 9.895 Thread 0x000002656423d630 6641       1       java.util.Spliterators$EmptySpliterator::estimateSize (2 bytes)
Event: 9.895 Thread 0x000002656423d630 nmethod 6641 0x0000026555e59310 code [0x0000026555e594a0, 0x0000026555e59578]
Event: 9.895 Thread 0x000002656423d630 6642       3       org.gradle.internal.snapshot.AbstractListChildMap$2::<init> (18 bytes)
Event: 9.895 Thread 0x000002656423d630 nmethod 6642 0x000002654eb4bf90 code [0x000002654eb4c140, 0x000002654eb4c418]
Event: 9.895 Thread 0x000002656423d630 6643       3       org.gradle.internal.snapshot.AbstractListChildMap$2::withReplacedChild (14 bytes)
Event: 9.895 Thread 0x000002656423d630 nmethod 6643 0x000002654eb4c510 code [0x000002654eb4c6c0, 0x000002654eb4c8a8]
Event: 9.895 Thread 0x000002656423d630 6644       3       org.gradle.internal.snapshot.AbstractListChildMap::withReplacedChild (78 bytes)
Event: 9.896 Thread 0x000002656423d630 nmethod 6644 0x000002654eb4c990 code [0x000002654eb4cc00, 0x000002654eb4d7d8]
Event: 9.896 Thread 0x000002656423d630 6646       3       java.util.concurrent.FutureTask::awaitDone (214 bytes)
Event: 9.904 Thread 0x000002656423ac60 nmethod 6640 0x0000026555e59610 code [0x0000026555e597c0, 0x0000026555e59f78]
Event: 9.904 Thread 0x000002656423ac60 6650       4       org.gradle.internal.serialize.AbstractEncoder$EncoderStream::write (11 bytes)
Event: 9.906 Thread 0x000002656423ac60 nmethod 6650 0x0000026555e5a510 code [0x0000026555e5a6a0, 0x0000026555e5a898]
Event: 9.906 Thread 0x000002656423ac60 6651       4       org.gradle.internal.serialize.kryo.KryoBackedEncoder::writeBytes (11 bytes)
Event: 9.907 Thread 0x000002656423ac60 nmethod 6651 0x0000026555e5aa90 code [0x0000026555e5ac20, 0x0000026555e5adb8]
Event: 9.907 Thread 0x000002656423ac60 6652       4       com.esotericsoftware.kryo.io.Output::writeBytes (90 bytes)
Event: 9.908 Thread 0x000002656423ac60 nmethod 6652 0x0000026555e5af90 code [0x0000026555e5b100, 0x0000026555e5b278]

GC Heap History (20 events):
Event: 2.165 GC heap before
{Heap before GC invocations=2 (full 0):
 garbage-first heap   total 126976K, used 58275K [0x00000000a0000000, 0x0000000100000000)
  region size 1024K, 49 young (50176K), 5 survivors (5120K)
 Metaspace       used 4582K, committed 4736K, reserved 1114112K
  class space    used 570K, committed 640K, reserved 1048576K
}
Event: 2.172 GC heap after
{Heap after GC invocations=3 (full 0):
 garbage-first heap   total 126976K, used 16290K [0x00000000a0000000, 0x0000000100000000)
  region size 1024K, 5 young (5120K), 5 survivors (5120K)
 Metaspace       used 4582K, committed 4736K, reserved 1114112K
  class space    used 570K, committed 640K, reserved 1048576K
}
Event: 4.552 GC heap before
{Heap before GC invocations=3 (full 0):
 garbage-first heap   total 126976K, used 86946K [0x00000000a0000000, 0x0000000100000000)
  region size 1024K, 74 young (75776K), 5 survivors (5120K)
 Metaspace       used 17038K, committed 17280K, reserved 1114112K
  class space    used 2404K, committed 2496K, reserved 1048576K
}
Event: 4.560 GC heap after
{Heap after GC invocations=4 (full 0):
 garbage-first heap   total 126976K, used 21789K [0x00000000a0000000, 0x0000000100000000)
  region size 1024K, 10 young (10240K), 10 survivors (10240K)
 Metaspace       used 17038K, committed 17280K, reserved 1114112K
  class space    used 2404K, committed 2496K, reserved 1048576K
}
Event: 5.215 GC heap before
{Heap before GC invocations=4 (full 0):
 garbage-first heap   total 126976K, used 58653K [0x00000000a0000000, 0x0000000100000000)
  region size 1024K, 47 young (48128K), 10 survivors (10240K)
 Metaspace       used 21143K, committed 21504K, reserved 1114112K
  class space    used 3085K, committed 3264K, reserved 1048576K
}
Event: 5.222 GC heap after
{Heap after GC invocations=5 (full 0):
 garbage-first heap   total 126976K, used 24694K [0x00000000a0000000, 0x0000000100000000)
  region size 1024K, 4 young (4096K), 4 survivors (4096K)
 Metaspace       used 21143K, committed 21504K, reserved 1114112K
  class space    used 3085K, committed 3264K, reserved 1048576K
}
Event: 5.967 GC heap before
{Heap before GC invocations=6 (full 0):
 garbage-first heap   total 89088K, used 72822K [0x00000000a0000000, 0x0000000100000000)
  region size 1024K, 52 young (53248K), 4 survivors (4096K)
 Metaspace       used 27051K, committed 27456K, reserved 1114112K
  class space    used 3966K, committed 4160K, reserved 1048576K
}
Event: 5.972 GC heap after
{Heap after GC invocations=7 (full 0):
 garbage-first heap   total 89088K, used 27644K [0x00000000a0000000, 0x0000000100000000)
  region size 1024K, 6 young (6144K), 6 survivors (6144K)
 Metaspace       used 27051K, committed 27456K, reserved 1114112K
  class space    used 3966K, committed 4160K, reserved 1048576K
}
Event: 6.681 GC heap before
{Heap before GC invocations=7 (full 0):
 garbage-first heap   total 89088K, used 66556K [0x00000000a0000000, 0x0000000100000000)
  region size 1024K, 45 young (46080K), 6 survivors (6144K)
 Metaspace       used 32227K, committed 32640K, reserved 1114112K
  class space    used 4711K, committed 4928K, reserved 1048576K
}
Event: 6.686 GC heap after
{Heap after GC invocations=8 (full 0):
 garbage-first heap   total 89088K, used 30438K [0x00000000a0000000, 0x0000000100000000)
  region size 1024K, 3 young (3072K), 3 survivors (3072K)
 Metaspace       used 32227K, committed 32640K, reserved 1114112K
  class space    used 4711K, committed 4928K, reserved 1048576K
}
Event: 6.939 GC heap before
{Heap before GC invocations=8 (full 0):
 garbage-first heap   total 89088K, used 42726K [0x00000000a0000000, 0x0000000100000000)
  region size 1024K, 17 young (17408K), 3 survivors (3072K)
 Metaspace       used 35561K, committed 35968K, reserved 1114112K
  class space    used 5069K, committed 5248K, reserved 1048576K
}
Event: 6.942 GC heap after
{Heap after GC invocations=9 (full 0):
 garbage-first heap   total 89088K, used 31506K [0x00000000a0000000, 0x0000000100000000)
  region size 1024K, 4 young (4096K), 4 survivors (4096K)
 Metaspace       used 35561K, committed 35968K, reserved 1114112K
  class space    used 5069K, committed 5248K, reserved 1048576K
}
Event: 7.358 GC heap before
{Heap before GC invocations=10 (full 0):
 garbage-first heap   total 89088K, used 72466K [0x00000000a0000000, 0x0000000100000000)
  region size 1024K, 39 young (39936K), 4 survivors (4096K)
 Metaspace       used 37934K, committed 38400K, reserved 1114112K
  class space    used 5267K, committed 5504K, reserved 1048576K
}
Event: 7.364 GC heap after
{Heap after GC invocations=11 (full 0):
 garbage-first heap   total 89088K, used 35495K [0x00000000a0000000, 0x0000000100000000)
  region size 1024K, 5 young (5120K), 5 survivors (5120K)
 Metaspace       used 37934K, committed 38400K, reserved 1114112K
  class space    used 5267K, committed 5504K, reserved 1048576K
}
Event: 7.982 GC heap before
{Heap before GC invocations=11 (full 0):
 garbage-first heap   total 89088K, used 68263K [0x00000000a0000000, 0x0000000100000000)
  region size 1024K, 37 young (37888K), 5 survivors (5120K)
 Metaspace       used 40487K, committed 41024K, reserved 1114112K
  class space    used 5664K, committed 5888K, reserved 1048576K
}
Event: 7.990 GC heap after
{Heap after GC invocations=12 (full 0):
 garbage-first heap   total 107520K, used 39158K [0x00000000a0000000, 0x0000000100000000)
  region size 1024K, 4 young (4096K), 4 survivors (4096K)
 Metaspace       used 40487K, committed 41024K, reserved 1114112K
  class space    used 5664K, committed 5888K, reserved 1048576K
}
Event: 8.687 GC heap before
{Heap before GC invocations=12 (full 0):
 garbage-first heap   total 107520K, used 81142K [0x00000000a0000000, 0x0000000100000000)
  region size 1024K, 44 young (45056K), 4 survivors (4096K)
 Metaspace       used 44406K, committed 44928K, reserved 1114112K
  class space    used 6181K, committed 6400K, reserved 1048576K
}
Event: 8.690 GC heap after
{Heap after GC invocations=13 (full 0):
 garbage-first heap   total 107520K, used 41107K [0x00000000a0000000, 0x0000000100000000)
  region size 1024K, 3 young (3072K), 3 survivors (3072K)
 Metaspace       used 44406K, committed 44928K, reserved 1114112K
  class space    used 6181K, committed 6400K, reserved 1048576K
}
Event: 9.600 GC heap before
{Heap before GC invocations=13 (full 0):
 garbage-first heap   total 107520K, used 81043K [0x00000000a0000000, 0x0000000100000000)
  region size 1024K, 42 young (43008K), 3 survivors (3072K)
 Metaspace       used 47896K, committed 48448K, reserved 1114112K
  class space    used 6678K, committed 6912K, reserved 1048576K
}
Event: 9.605 GC heap after
{Heap after GC invocations=14 (full 0):
 garbage-first heap   total 107520K, used 43973K [0x00000000a0000000, 0x0000000100000000)
  region size 1024K, 5 young (5120K), 5 survivors (5120K)
 Metaspace       used 47896K, committed 48448K, reserved 1114112K
  class space    used 6678K, committed 6912K, reserved 1048576K
}

Dll operation events (15 events):
Event: 0.035 Loaded shared library C:\Java\jdk-17\bin\java.dll
Event: 0.054 Loaded shared library C:\Java\jdk-17\bin\jsvml.dll
Event: 0.136 Loaded shared library C:\Java\jdk-17\bin\zip.dll
Event: 0.145 Loaded shared library C:\Java\jdk-17\bin\instrument.dll
Event: 0.169 Loaded shared library C:\Java\jdk-17\bin\net.dll
Event: 0.181 Loaded shared library C:\Java\jdk-17\bin\nio.dll
Event: 0.184 Loaded shared library C:\Java\jdk-17\bin\zip.dll
Event: 0.571 Loaded shared library C:\Java\jdk-17\bin\jimage.dll
Event: 0.919 Loaded shared library C:\Java\jdk-17\bin\verify.dll
Event: 1.205 Loaded shared library C:\Users\52441\.gradle\native\c067742578af261105cb4f569cf0c3c89f3d7b1fecec35dd04571415982c5e48\windows-amd64\native-platform.dll
Event: 1.234 Loaded shared library C:\Users\52441\.gradle\native\100fb08df4bc3b14c8652ba06237920a3bd2aa13389f12d3474272988ae205f9\windows-amd64\native-platform-file-events.dll
Event: 2.370 Loaded shared library C:\Java\jdk-17\bin\management.dll
Event: 2.375 Loaded shared library C:\Java\jdk-17\bin\management_ext.dll
Event: 2.600 Loaded shared library C:\Java\jdk-17\bin\extnet.dll
Event: 3.075 Loaded shared library C:\Java\jdk-17\bin\sunmscapi.dll

Deoptimization events (20 events):
Event: 9.838 Thread 0x00000265690f7920 DEOPT UNPACKING pc=0x00000265555e69a3 sp=0x0000009cb33fce60 mode 2
Event: 9.838 Thread 0x000002656b6a10d0 DEOPT PACKING pc=0x0000026555d19f70 sp=0x0000009cb34fd040
Event: 9.838 Thread 0x000002656b6a10d0 DEOPT UNPACKING pc=0x00000265555e69a3 sp=0x0000009cb34fcf60 mode 2
Event: 9.838 Thread 0x000002656b69fc90 Uncommon trap: trap_request=0xffffff45 fr.pc=0x0000026555c86de0 relative=0x0000000000000240
Event: 9.838 Thread 0x00000265690f5fd0 Uncommon trap: trap_request=0xffffff45 fr.pc=0x0000026555c86de0 relative=0x0000000000000240
Event: 9.839 Thread 0x000002656b6a1af0 Uncommon trap: reason=unstable_if action=reinterpret pc=0x0000026555c848e0 method=java.util.concurrent.ConcurrentHashMap.transfer([Ljava/util/concurrent/ConcurrentHashMap$Node;[Ljava/util/concurrent/ConcurrentHashMap$Node;)V @ 273 c2
Event: 9.839 Thread 0x000002656b69fc90 Uncommon trap: reason=unstable_if action=reinterpret pc=0x0000026555c86de0 method=java.util.concurrent.ConcurrentHashMap.get(Ljava/lang/Object;)Ljava/lang/Object; @ 86 c2
Event: 9.839 Thread 0x00000265690f5fd0 Uncommon trap: reason=unstable_if action=reinterpret pc=0x0000026555c86de0 method=java.util.concurrent.ConcurrentHashMap.get(Ljava/lang/Object;)Ljava/lang/Object; @ 86 c2
Event: 9.839 Thread 0x000002656b6a1af0 DEOPT PACKING pc=0x0000026555c848e0 sp=0x0000009cb37fc430
Event: 9.839 Thread 0x000002656b6a1af0 DEOPT UNPACKING pc=0x00000265555e69a3 sp=0x0000009cb37fc3d0 mode 2
Event: 9.839 Thread 0x000002656b69fc90 DEOPT PACKING pc=0x0000026555c86de0 sp=0x0000009cb39fc8d0
Event: 9.839 Thread 0x00000265690f5fd0 DEOPT PACKING pc=0x0000026555c86de0 sp=0x0000009cb06f5860
Event: 9.839 Thread 0x000002656b69fc90 DEOPT UNPACKING pc=0x00000265555e69a3 sp=0x0000009cb39fc848 mode 2
Event: 9.839 Thread 0x00000265690f5fd0 DEOPT UNPACKING pc=0x00000265555e69a3 sp=0x0000009cb06f57d8 mode 2
Event: 9.847 Thread 0x000002656b6a2510 DEOPT PACKING pc=0x000002654e4a2c60 sp=0x0000009cb3bfcdb0
Event: 9.847 Thread 0x000002656b6a2510 DEOPT UNPACKING pc=0x00000265555e7143 sp=0x0000009cb3bfc290 mode 0
Event: 9.857 Thread 0x000002656b69fc90 Uncommon trap: trap_request=0xffffff45 fr.pc=0x0000026555c70894 relative=0x0000000000000454
Event: 9.857 Thread 0x000002656b69fc90 Uncommon trap: reason=unstable_if action=reinterpret pc=0x0000026555c70894 method=java.util.concurrent.ConcurrentHashMap.addCount(JI)V @ 97 c2
Event: 9.857 Thread 0x000002656b69fc90 DEOPT PACKING pc=0x0000026555c70894 sp=0x0000009cb39fd3c0
Event: 9.857 Thread 0x000002656b69fc90 DEOPT UNPACKING pc=0x00000265555e69a3 sp=0x0000009cb39fd298 mode 2

Classes loaded (20 events):
Event: 8.234 Loading class java/lang/StringCustomizer
Event: 8.234 Loading class java/lang/StringCustomizer done
Event: 8.275 Loading class java/util/ArrayList$ListItr
Event: 8.276 Loading class java/util/ArrayList$ListItr done
Event: 8.982 Loading class java/io/DeleteOnExitHook
Event: 8.982 Loading class java/io/DeleteOnExitHook done
Event: 8.983 Loading class java/io/DeleteOnExitHook$1
Event: 8.983 Loading class java/io/DeleteOnExitHook$1 done
Event: 9.502 Loading class java/util/Collections$ReverseComparator
Event: 9.502 Loading class java/util/Collections$ReverseComparator done
Event: 9.502 Loading class java/util/Collections$ReverseComparator2
Event: 9.502 Loading class java/util/Collections$ReverseComparator2 done
Event: 9.769 Loading class sun/reflect/ReflectionFactory
Event: 9.769 Loading class sun/reflect/ReflectionFactory done
Event: 9.769 Loading class sun/reflect/ReflectionFactory$1
Event: 9.769 Loading class sun/reflect/ReflectionFactory$1 done
Event: 9.829 Loading class java/nio/channels/Channels
Event: 9.829 Loading class java/nio/channels/Channels done
Event: 9.829 Loading class sun/nio/ch/ChannelInputStream
Event: 9.830 Loading class sun/nio/ch/ChannelInputStream done

Classes unloaded (0 events):
No events

Classes redefined (0 events):
No events

Internal exceptions (20 events):
Event: 8.527 Thread 0x00000265690f5fd0 Exception <a 'java/lang/ClassNotFoundException'{0x00000000a4c0b638}: org/gradle/api/internal/artifacts/dsl/DefaultRepositoryHandler_DecoratedCustomizer> (0x00000000a4c0b638) 
thrown [s\src\hotspot\share\classfile\systemDictionary.cpp, line 256]
Event: 8.664 Thread 0x00000265690f5fd0 Exception <a 'java/lang/NoSuchMethodError'{0x00000000a42597c8}: 'int java.lang.invoke.DirectMethodHandle$Holder.invokeInterface(java.lang.Object, java.lang.Object, java.lang.Object, java.lang.Object)'> (0x00000000a42597c8) 
thrown [s\src\hotspot\share\interpreter\linkResolver.cpp, line 759]
Event: 8.696 Thread 0x00000265690f5fd0 Exception <a 'java/lang/NoSuchMethodError'{0x00000000a7b66970}: 'java.lang.Object java.lang.invoke.DirectMethodHandle$Holder.invokeStatic(java.lang.Object, long, java.lang.Object)'> (0x00000000a7b66970) 
thrown [s\src\hotspot\share\interpreter\linkResolver.cpp, line 759]
Event: 8.697 Thread 0x00000265690f5fd0 Exception <a 'java/lang/NoSuchMethodError'{0x00000000a7b6ed18}: 'java.lang.Object java.lang.invoke.DirectMethodHandle$Holder.newInvokeSpecial(java.lang.Object, long)'> (0x00000000a7b6ed18) 
thrown [s\src\hotspot\share\interpreter\linkResolver.cpp, line 759]
Event: 8.703 Thread 0x00000265690f5fd0 Exception <a 'java/lang/NoSuchMethodError'{0x00000000a7beae90}: 'java.lang.Object java.lang.invoke.Invokers$Holder.linkToTargetMethod(java.lang.Object, java.lang.Object, java.lang.Object, java.lang.Object, long, java.lang.Object, java.lang.Object)'> (0x00000000a7beae90) 
thrown [s\src\hotspot\share\interpreter\linkResolver.cpp, line 759]
Event: 8.707 Thread 0x00000265690f5fd0 Exception <a 'java/lang/NoSuchMethodError'{0x00000000a6731de0}: 'java.lang.Object java.lang.invoke.DirectMethodHandle$Holder.newInvokeSpecial(java.lang.Object, java.lang.Object, java.lang.Object, long, java.lang.Object)'> (0x00000000a6731de0) 
thrown [s\src\hotspot\share\interpreter\linkResolver.cpp, line 759]
Event: 8.708 Thread 0x00000265690f5fd0 Exception <a 'java/lang/NoSuchMethodError'{0x00000000a6737200}: 'java.lang.Object java.lang.invoke.DirectMethodHandle$Holder.invokeSpecial(java.lang.Object, java.lang.Object, java.lang.Object, java.lang.Object, long, java.lang.Object)'> (0x00000000a6737200) 
thrown [s\src\hotspot\share\interpreter\linkResolver.cpp, line 759]
Event: 8.708 Thread 0x00000265690f5fd0 Exception <a 'java/lang/NoSuchMethodError'{0x00000000a673bcd8}: 'java.lang.Object java.lang.invoke.Invokers$Holder.linkToTargetMethod(java.lang.Object, java.lang.Object, long, java.lang.Object, java.lang.Object)'> (0x00000000a673bcd8) 
thrown [s\src\hotspot\share\interpreter\linkResolver.cpp, line 759]
Event: 8.772 Thread 0x00000265690f5fd0 Exception <a 'java/lang/ClassNotFoundException'{0x00000000a63b0320}: org/gradle/api/internal/artifacts/dsl/dependencies/DefaultDependencyHandler_DecoratedBeanInfo> (0x00000000a63b0320) 
thrown [s\src\hotspot\share\classfile\systemDictionary.cpp, line 256]
Event: 8.772 Thread 0x00000265690f5fd0 Exception <a 'java/lang/ClassNotFoundException'{0x00000000a63c83d0}: org/gradle/api/internal/artifacts/dsl/dependencies/DefaultDependencyHandlerBeanInfo> (0x00000000a63c83d0) 
thrown [s\src\hotspot\share\classfile\systemDictionary.cpp, line 256]
Event: 8.773 Thread 0x00000265690f5fd0 Exception <a 'java/lang/ClassNotFoundException'{0x00000000a63e0440}: org/gradle/api/internal/artifacts/dsl/dependencies/DefaultDependencyHandlerCustomizer> (0x00000000a63e0440) 
thrown [s\src\hotspot\share\classfile\systemDictionary.cpp, line 256]
Event: 8.775 Thread 0x00000265690f5fd0 Exception <a 'java/lang/ClassNotFoundException'{0x00000000a622c290}: org/gradle/api/internal/artifacts/dsl/dependencies/DefaultDependencyHandler_DecoratedCustomizer> (0x00000000a622c290) 
thrown [s\src\hotspot\share\classfile\systemDictionary.cpp, line 256]
Event: 8.823 Thread 0x00000265690f5fd0 Exception <a 'java/lang/NoSuchMethodError'{0x00000000a5f38d88}: 'java.lang.Object java.lang.invoke.DirectMethodHandle$Holder.newInvokeSpecial(java.lang.Object, int, java.lang.Object)'> (0x00000000a5f38d88) 
thrown [s\src\hotspot\share\interpreter\linkResolver.cpp, line 759]
Event: 8.953 Thread 0x00000265690f5fd0 Exception <a 'java/lang/NoSuchMethodError'{0x00000000a58a2c30}: 'java.lang.Object java.lang.invoke.DirectMethodHandle$Holder.invokeSpecial(java.lang.Object, java.lang.Object, long, java.lang.Object, java.lang.Object)'> (0x00000000a58a2c30) 
thrown [s\src\hotspot\share\interpreter\linkResolver.cpp, line 759]
Event: 9.064 Thread 0x00000265690f5fd0 Exception <a 'java/lang/NoSuchMethodError'{0x00000000a510fec8}: 'int java.lang.invoke.DirectMethodHandle$Holder.invokeSpecialIFC(java.lang.Object, java.lang.Object, java.lang.Object)'> (0x00000000a510fec8) 
thrown [s\src\hotspot\share\interpreter\linkResolver.cpp, line 759]
Event: 9.569 Thread 0x00000265690f5fd0 Exception <a 'java/lang/NoSuchMethodError'{0x00000000a44da2b8}: 'java.lang.Object java.lang.invoke.DirectMethodHandle$Holder.invokeSpecial(java.lang.Object, java.lang.Object, java.lang.Object, java.lang.Object, java.lang.Object, long)'> (0x00000000a44da2b8) 
thrown [s\src\hotspot\share\interpreter\linkResolver.cpp, line 759]
Event: 9.570 Thread 0x00000265690f5fd0 Exception <a 'java/lang/NoSuchMethodError'{0x00000000a43065a8}: 'void java.lang.invoke.DirectMethodHandle$Holder.invokeStatic(java.lang.Object, java.lang.Object, java.lang.Object, int, java.lang.Object)'> (0x00000000a43065a8) 
thrown [s\src\hotspot\share\interpreter\linkResolver.cpp, line 759]
Event: 9.590 Thread 0x00000265690f5fd0 Exception <a 'java/lang/NoSuchMethodError'{0x00000000a426de08}: 'int java.lang.invoke.DirectMethodHandle$Holder.invokeInterface(java.lang.Object, java.lang.Object, java.lang.Object, java.lang.Object, java.lang.Object)'> (0x00000000a426de08) 
thrown [s\src\hotspot\share\interpreter\linkResolver.cpp, line 759]
Event: 9.775 Thread 0x00000265690f5fd0 Exception <a 'java/lang/NoSuchMethodError'{0x00000000a60b1250}: 'java.lang.Object java.lang.invoke.DirectMethodHandle$Holder.newInvokeSpecial(java.lang.Object, java.lang.Object, java.lang.Object, java.lang.Object, int, java.lang.Object)'> (0x00000000a60b1250) 
thrown [s\src\hotspot\share\interpreter\linkResolver.cpp, line 759]
Event: 9.775 Thread 0x00000265690f5fd0 Exception <a 'java/lang/NoSuchMethodError'{0x00000000a60ba0e0}: 'java.lang.Object java.lang.invoke.Invokers$Holder.linkToTargetMethod(java.lang.Object, java.lang.Object, java.lang.Object, int, java.lang.Object, java.lang.Object)'> (0x00000000a60ba0e0) 
thrown [s\src\hotspot\share\interpreter\linkResolver.cpp, line 759]

VM Operations (20 events):
Event: 8.678 Executing VM operation: ICBufferFull done
Event: 8.687 Executing VM operation: G1CollectForAllocation
Event: 8.690 Executing VM operation: G1CollectForAllocation done
Event: 9.085 Executing VM operation: HandshakeAllThreads
Event: 9.085 Executing VM operation: HandshakeAllThreads done
Event: 9.324 Executing VM operation: ICBufferFull
Event: 9.324 Executing VM operation: ICBufferFull done
Event: 9.533 Executing VM operation: HandshakeAllThreads
Event: 9.533 Executing VM operation: HandshakeAllThreads done
Event: 9.585 Executing VM operation: HandshakeAllThreads
Event: 9.585 Executing VM operation: HandshakeAllThreads done
Event: 9.599 Executing VM operation: ICBufferFull
Event: 9.599 Executing VM operation: ICBufferFull done
Event: 9.600 Executing VM operation: G1CollectForAllocation
Event: 9.605 Executing VM operation: G1CollectForAllocation done
Event: 9.771 Executing VM operation: HandshakeAllThreads
Event: 9.771 Executing VM operation: HandshakeAllThreads done
Event: 9.810 Executing VM operation: ICBufferFull
Event: 9.810 Executing VM operation: ICBufferFull done
Event: 10.814 Executing VM operation: Cleanup

Memory protections (0 events):
No events

Nmethod flushes (20 events):
Event: 7.724 Thread 0x0000026564249660 flushing  nmethod 0x000002654e834210
Event: 7.724 Thread 0x0000026564249660 flushing  nmethod 0x000002654e834710
Event: 7.724 Thread 0x0000026564249660 flushing  nmethod 0x000002654e834e10
Event: 7.724 Thread 0x0000026564249660 flushing  nmethod 0x000002654e835610
Event: 7.724 Thread 0x0000026564249660 flushing  nmethod 0x000002654e839c90
Event: 7.724 Thread 0x0000026564249660 flushing  nmethod 0x000002654e83a210
Event: 7.724 Thread 0x0000026564249660 flushing  nmethod 0x000002654e83a790
Event: 7.724 Thread 0x0000026564249660 flushing  nmethod 0x000002654e83c610
Event: 7.724 Thread 0x0000026564249660 flushing  nmethod 0x000002654e83cc90
Event: 7.724 Thread 0x0000026564249660 flushing  nmethod 0x000002654e857410
Event: 7.724 Thread 0x0000026564249660 flushing  nmethod 0x000002654e857f90
Event: 7.725 Thread 0x0000026564249660 flushing  nmethod 0x000002654e858390
Event: 7.725 Thread 0x0000026564249660 flushing  nmethod 0x000002654e858b90
Event: 7.725 Thread 0x0000026564249660 flushing  nmethod 0x000002654e859d10
Event: 7.725 Thread 0x0000026564249660 flushing  nmethod 0x000002654e85ab10
Event: 7.725 Thread 0x0000026564249660 flushing  nmethod 0x000002654e869110
Event: 7.725 Thread 0x0000026564249660 flushing  nmethod 0x000002654e869590
Event: 7.725 Thread 0x0000026564249660 flushing  nmethod 0x000002654e87c410
Event: 7.725 Thread 0x0000026564249660 flushing  nmethod 0x000002654e8c1f10
Event: 7.725 Thread 0x0000026564249660 flushing  nmethod 0x000002654e966e90

Events (20 events):
Event: 9.613 Thread 0x00000265690f5fd0 Thread added: 0x000002656ce8e2b0
Event: 9.613 Thread 0x00000265690f5fd0 Thread added: 0x000002656ce8ecd0
Event: 9.613 Thread 0x00000265690f5fd0 Thread added: 0x000002656ce8e7c0
Event: 9.613 Thread 0x00000265690f5fd0 Thread added: 0x000002656ce8f1e0
Event: 9.613 Thread 0x00000265690f5fd0 Thread added: 0x000002656ce8f6f0
Event: 9.613 Thread 0x00000265690f5fd0 Thread added: 0x000002656ce90110
Event: 9.613 Thread 0x00000265690f5fd0 Thread added: 0x000002656ce8ce70
Event: 9.613 Thread 0x00000265690f5fd0 Thread added: 0x000002656ce8d380
Event: 9.614 Thread 0x00000265690f5fd0 Thread added: 0x00000265690f64e0
Event: 9.805 Thread 0x00000265690f5fd0 Thread added: 0x00000265690f7920
Event: 9.808 Thread 0x00000265690f5fd0 Thread added: 0x000002656b6a10d0
Event: 9.811 Thread 0x00000265690f5fd0 Thread added: 0x000002656b6a15e0
Event: 9.813 Thread 0x00000265690f5fd0 Thread added: 0x000002656b6a0bc0
Event: 9.816 Thread 0x00000265690f5fd0 Thread added: 0x000002656b6a1af0
Event: 9.818 Thread 0x00000265690f5fd0 Thread added: 0x000002656b6a2a20
Event: 9.820 Thread 0x00000265690f5fd0 Thread added: 0x000002656b69fc90
Event: 9.823 Thread 0x00000265690f5fd0 Thread added: 0x000002656b6a2000
Event: 9.825 Thread 0x00000265690f5fd0 Thread added: 0x000002656b6a2510
Event: 9.827 Thread 0x00000265690f5fd0 Thread added: 0x000002656b69f270
Event: 9.830 Thread 0x00000265690f5fd0 Thread added: 0x000002656b6a2f30


Dynamic libraries:
0x00007ff796f90000 - 0x00007ff796f9e000 	C:\Java\jdk-17\bin\java.exe
0x00007ff9ee2e0000 - 0x00007ff9ee543000 	C:\WINDOWS\SYSTEM32\ntdll.dll
0x00007ff9ecb90000 - 0x00007ff9ecc57000 	C:\WINDOWS\System32\KERNEL32.DLL
0x00007ff9ebb20000 - 0x00007ff9ebee9000 	C:\WINDOWS\System32\KERNELBASE.dll
0x00007ff9ebef0000 - 0x00007ff9ec03c000 	C:\WINDOWS\System32\ucrtbase.dll
0x00007ff9d6c60000 - 0x00007ff9d6c77000 	C:\Java\jdk-17\bin\jli.dll
0x00007ff9d3810000 - 0x00007ff9d382e000 	C:\Java\jdk-17\bin\VCRUNTIME140.dll
0x00007ff9ecf70000 - 0x00007ff9ed13a000 	C:\WINDOWS\System32\USER32.dll
0x00007ff9eb750000 - 0x00007ff9eb777000 	C:\WINDOWS\System32\win32u.dll
0x00007ff9ecf40000 - 0x00007ff9ecf6a000 	C:\WINDOWS\System32\GDI32.dll
0x00007ff9ea750000 - 0x00007ff9ea9e0000 	C:\WINDOWS\WinSxS\amd64_microsoft.windows.common-controls_6595b64144ccf1df_6.0.26100.3323_none_3e088096e3344490\COMCTL32.dll
0x00007ff9eb610000 - 0x00007ff9eb741000 	C:\WINDOWS\System32\gdi32full.dll
0x00007ff9ed240000 - 0x00007ff9ed2e9000 	C:\WINDOWS\System32\msvcrt.dll
0x00007ff9eba70000 - 0x00007ff9ebb13000 	C:\WINDOWS\System32\msvcp_win.dll
0x00007ff9ec240000 - 0x00007ff9ec26f000 	C:\WINDOWS\System32\IMM32.DLL
0x00007ff9e5700000 - 0x00007ff9e570c000 	C:\Java\jdk-17\bin\vcruntime140_1.dll
0x00007ff980350000 - 0x00007ff9803dd000 	C:\Java\jdk-17\bin\msvcp140.dll
0x00007ff9574d0000 - 0x00007ff95813b000 	C:\Java\jdk-17\bin\server\jvm.dll
0x00007ff9ece80000 - 0x00007ff9ecf32000 	C:\WINDOWS\System32\ADVAPI32.dll
0x00007ff9ed490000 - 0x00007ff9ed536000 	C:\WINDOWS\System32\sechost.dll
0x00007ff9ec530000 - 0x00007ff9ec646000 	C:\WINDOWS\System32\RPCRT4.dll
0x00007ff9ecc60000 - 0x00007ff9eccd4000 	C:\WINDOWS\System32\WS2_32.dll
0x00007ff9ead50000 - 0x00007ff9ead9e000 	C:\WINDOWS\SYSTEM32\POWRPROF.dll
0x00007ff9e36d0000 - 0x00007ff9e36db000 	C:\WINDOWS\SYSTEM32\VERSION.dll
0x00007ff9de170000 - 0x00007ff9de1a6000 	C:\WINDOWS\SYSTEM32\WINMM.dll
0x00007ff9eabf0000 - 0x00007ff9eac04000 	C:\WINDOWS\SYSTEM32\UMPDC.dll
0x00007ff9e9a30000 - 0x00007ff9e9a4a000 	C:\WINDOWS\SYSTEM32\kernel.appcore.dll
0x00007ff9cfa50000 - 0x00007ff9cfa5a000 	C:\Java\jdk-17\bin\jimage.dll
0x00007ff9eadb0000 - 0x00007ff9eaff1000 	C:\WINDOWS\SYSTEM32\DBGHELP.DLL
0x00007ff9ed730000 - 0x00007ff9edab2000 	C:\WINDOWS\System32\combase.dll
0x00007ff9ed3b0000 - 0x00007ff9ed486000 	C:\WINDOWS\System32\OLEAUT32.dll
0x00007ff9eac10000 - 0x00007ff9eac49000 	C:\WINDOWS\SYSTEM32\dbgcore.DLL
0x00007ff9eb570000 - 0x00007ff9eb609000 	C:\WINDOWS\System32\bcryptPrimitives.dll
0x00007ff9cf790000 - 0x00007ff9cf79e000 	C:\Java\jdk-17\bin\instrument.dll
0x00007ff995500000 - 0x00007ff995525000 	C:\Java\jdk-17\bin\java.dll
0x00007ff97f4d0000 - 0x00007ff97f5a7000 	C:\Java\jdk-17\bin\jsvml.dll
0x00007ff9edb70000 - 0x00007ff9ee285000 	C:\WINDOWS\System32\SHELL32.dll
0x00007ff9eb780000 - 0x00007ff9eb8e8000 	C:\WINDOWS\System32\wintypes.dll
0x00007ff9e8750000 - 0x00007ff9e8f95000 	C:\WINDOWS\SYSTEM32\windows.storage.dll
0x00007ff9ec150000 - 0x00007ff9ec23b000 	C:\WINDOWS\System32\SHCORE.dll
0x00007ff9ec300000 - 0x00007ff9ec35d000 	C:\WINDOWS\System32\shlwapi.dll
0x00007ff9eb3f0000 - 0x00007ff9eb41f000 	C:\WINDOWS\SYSTEM32\profapi.dll
0x00007ff9cd250000 - 0x00007ff9cd268000 	C:\Java\jdk-17\bin\zip.dll
0x00007ff99ea60000 - 0x00007ff99ea79000 	C:\Java\jdk-17\bin\net.dll
0x00007ff9e3590000 - 0x00007ff9e36ae000 	C:\WINDOWS\SYSTEM32\WINHTTP.dll
0x00007ff9e9ee0000 - 0x00007ff9e9f4a000 	C:\WINDOWS\system32\mswsock.dll
0x00007ff99e6d0000 - 0x00007ff99e6e6000 	C:\Java\jdk-17\bin\nio.dll
0x00007ff9ceff0000 - 0x00007ff9cf000000 	C:\Java\jdk-17\bin\verify.dll
0x00007ff9a3d30000 - 0x00007ff9a3d57000 	C:\Users\52441\.gradle\native\c067742578af261105cb4f569cf0c3c89f3d7b1fecec35dd04571415982c5e48\windows-amd64\native-platform.dll
0x00007ff97f710000 - 0x00007ff97f854000 	C:\Users\52441\.gradle\native\100fb08df4bc3b14c8652ba06237920a3bd2aa13389f12d3474272988ae205f9\windows-amd64\native-platform-file-events.dll
0x00007ff9ce2b0000 - 0x00007ff9ce2ba000 	C:\Java\jdk-17\bin\management.dll
0x00007ff9cda40000 - 0x00007ff9cda4b000 	C:\Java\jdk-17\bin\management_ext.dll
0x00007ff9edac0000 - 0x00007ff9edac8000 	C:\WINDOWS\System32\PSAPI.DLL
0x00007ff9eb120000 - 0x00007ff9eb13c000 	C:\WINDOWS\SYSTEM32\CRYPTSP.dll
0x00007ff9ea470000 - 0x00007ff9ea4aa000 	C:\WINDOWS\system32\rsaenh.dll
0x00007ff9e9f50000 - 0x00007ff9e9f7b000 	C:\WINDOWS\SYSTEM32\USERENV.dll
0x00007ff9eac50000 - 0x00007ff9eac76000 	C:\WINDOWS\SYSTEM32\bcrypt.dll
0x00007ff9ea500000 - 0x00007ff9ea50c000 	C:\WINDOWS\SYSTEM32\CRYPTBASE.dll
0x00007ff9e94d0000 - 0x00007ff9e9503000 	C:\WINDOWS\SYSTEM32\IPHLPAPI.DLL
0x00007ff9ec360000 - 0x00007ff9ec36a000 	C:\WINDOWS\System32\NSI.dll
0x00007ff9e49c0000 - 0x00007ff9e49df000 	C:\WINDOWS\SYSTEM32\dhcpcsvc6.DLL
0x00007ff9e48b0000 - 0x00007ff9e48d5000 	C:\WINDOWS\SYSTEM32\dhcpcsvc.DLL
0x00007ff9e9570000 - 0x00007ff9e9695000 	C:\WINDOWS\SYSTEM32\DNSAPI.dll
0x00007ff9cd8d0000 - 0x00007ff9cd8d9000 	C:\Java\jdk-17\bin\extnet.dll
0x00007ff9cd5e0000 - 0x00007ff9cd5ee000 	C:\Java\jdk-17\bin\sunmscapi.dll
0x00007ff9eb8f0000 - 0x00007ff9eba67000 	C:\WINDOWS\System32\CRYPT32.dll
0x00007ff9ea610000 - 0x00007ff9ea640000 	C:\WINDOWS\SYSTEM32\ncrypt.dll
0x00007ff9ea5c0000 - 0x00007ff9ea5ff000 	C:\WINDOWS\SYSTEM32\NTASN1.dll
0x00007ff9d35c0000 - 0x00007ff9d35c8000 	C:\WINDOWS\system32\wshunix.dll

dbghelp: loaded successfully - version: 4.0.5 - missing functions: none
symbol engine: initialized successfully - sym options: 0x614 - pdb path: .;C:\Java\jdk-17\bin;C:\WINDOWS\SYSTEM32;C:\WINDOWS\WinSxS\amd64_microsoft.windows.common-controls_6595b64144ccf1df_6.0.26100.3323_none_3e088096e3344490;C:\Java\jdk-17\bin\server;C:\Users\52441\.gradle\native\c067742578af261105cb4f569cf0c3c89f3d7b1fecec35dd04571415982c5e48\windows-amd64;C:\Users\52441\.gradle\native\100fb08df4bc3b14c8652ba06237920a3bd2aa13389f12d3474272988ae205f9\windows-amd64

VM Arguments:
jvm_args: --add-opens=java.base/java.lang=ALL-UNNAMED --add-opens=java.base/java.lang.invoke=ALL-UNNAMED --add-opens=java.base/java.util=ALL-UNNAMED --add-opens=java.prefs/java.util.prefs=ALL-UNNAMED --add-exports=jdk.compiler/com.sun.tools.javac.api=ALL-UNNAMED --add-exports=jdk.compiler/com.sun.tools.javac.util=ALL-UNNAMED --add-opens=java.base/java.util=ALL-UNNAMED --add-opens=java.prefs/java.util.prefs=ALL-UNNAMED --add-opens=java.base/java.nio.charset=ALL-UNNAMED --add-opens=java.base/java.net=ALL-UNNAMED --add-opens=java.base/java.util.concurrent.atomic=ALL-UNNAMED --add-opens=java.xml/javax.xml.namespace=ALL-UNNAMED -Xmx1536m -Dfile.encoding=UTF-8 -Duser.country=MX -Duser.language=es -Duser.variant -javaagent:C:\Users\52441\.gradle\wrapper\dists\gradle-8.11.1-all\2qik7nd48slq1ooc2496ixf4i\gradle-8.11.1\lib\agents\gradle-instrumentation-agent-8.11.1.jar 
java_command: org.gradle.launcher.daemon.bootstrap.GradleDaemon 8.11.1
java_class_path (initial): C:\Users\52441\.gradle\wrapper\dists\gradle-8.11.1-all\2qik7nd48slq1ooc2496ixf4i\gradle-8.11.1\lib\gradle-daemon-main-8.11.1.jar
Launcher Type: SUN_STANDARD

[Global flags]
     intx CICompilerCount                          = 4                                         {product} {ergonomic}
     uint ConcGCThreads                            = 3                                         {product} {ergonomic}
     uint G1ConcRefinementThreads                  = 10                                        {product} {ergonomic}
   size_t G1HeapRegionSize                         = 1048576                                   {product} {ergonomic}
    uintx GCDrainStackTargetSize                   = 64                                        {product} {ergonomic}
   size_t InitialHeapSize                          = 130023424                                 {product} {ergonomic}
   size_t MarkStackSize                            = 4194304                                   {product} {ergonomic}
   size_t MaxHeapSize                              = 1610612736                                {product} {command line}
   size_t MaxNewSize                               = 965738496                                 {product} {ergonomic}
   size_t MinHeapDeltaBytes                        = 1048576                                   {product} {ergonomic}
   size_t MinHeapSize                              = 8388608                                   {product} {ergonomic}
    uintx NonNMethodCodeHeapSize                   = 5839372                                {pd product} {ergonomic}
    uintx NonProfiledCodeHeapSize                  = 122909434                              {pd product} {ergonomic}
    uintx ProfiledCodeHeapSize                     = 122909434                              {pd product} {ergonomic}
    uintx ReservedCodeCacheSize                    = 251658240                              {pd product} {ergonomic}
     bool SegmentedCodeCache                       = true                                      {product} {ergonomic}
   size_t SoftMaxHeapSize                          = 1610612736                             {manageable} {ergonomic}
     bool UseCompressedClassPointers               = true                           {product lp64_product} {ergonomic}
     bool UseCompressedOops                        = true                           {product lp64_product} {ergonomic}
     bool UseG1GC                                  = true                                      {product} {ergonomic}
     bool UseLargePagesIndividualAllocation        = false                                  {pd product} {ergonomic}

Logging:
Log output configuration:
 #0: stdout all=warning uptime,level,tags
 #1: stderr all=off uptime,level,tags

Environment Variables:
JAVA_HOME=C:\Java\jdk-17
PATH=C:\Program Files\Microsoft SDKs\Azure\CLI2\wbin;C:\DevSuiteHome_1\jdk\jre\bin\client;C:\DevSuiteHome_1\bin;C:\DevSuiteHome_1\jlib;C:\Oracle\dbhomeXE\bin;C:\Program Files\Common Files\Oracle\Java\javapath;C:\Program Files (x86)\Common Files\Oracle\Java\java8path;C:\Windows\system32;C:\Windows;C:\Windows\System32\Wbem;C:\Windows\System32\WindowsPowerShell\v1.0\;C:\Windows\System32\OpenSSH\;C:\Users\52441\AppData\Local\Android\Sdk\tools;C:\Users\52441\AppData\Local\Android\Sdk\platform-tools;C:\Program Files (x86)\NVIDIA Corporation\PhysX\Common;C:\Program Files\NVIDIA Corporation\NVIDIA NvDLISR;C:\Program Files\Java\jdk-18.0.1.1\bin;C:\Java\jdk-17\bin;C:\Program Files\dotnet\;C:\ProgramData\chocolatey\bin;C:\Oracle\instantclient_21_11\sdk;C:\composer;C:\Program Files\Git\cmd;C:\Program Files\PuTTY\;C:\DevSuiteHome_1\BIN;C:\DevSuiteHome_1;C:\Program Files (x86)\Microsoft SQL Server\160\Tools\Binn\;C:\Program Files\Microsoft SQL Server\160\Tools\Binn\;C:\Program Files\Microsoft SQL Server\Client SDK\ODBC\170\Tools\Binn\;C:\Program Files\Microsoft SQL Server\160\DTS\Binn\;C:\Program Files\Azure Data Studio\bin;C:\Program Files (x86)\Microsoft SQL Server\160\DTS\Binn\;C:\Users\52441\AppData\Roaming\nvm;C:\Program Files\nodejs;C:\Users\52441\AppData\Local\Packages\PythonSoftwareFoundation.Python.3.11_qbz5n2kfra8p0\LocalCache\local-packages\Python311\Scripts;C:\Program Files\Docker\Docker\resources\bin;C:\Program Files\Microsoft SQL Server\150\Tools\Binn\;D:\xampp\php;C:\WINDOWS\system32;C:\WINDOWS;C:\WINDOWS\System32\Wbem;C:\WINDOWS\System32\WindowsPowerShell\v1.0\;C:\WINDOWS\System32\OpenSSH\;C:\CervayaX\php;C:\Users\52441\AppData\Local\Microsoft\WindowsApps;C:\Users\52441\AppData\Local\Programs\Microsoft VS Code\bin;C:\Program Files\JetBrains\IntelliJ IDEA 2023.1.1\bin;;C:\Program Files\JetBrains\IntelliJ IDEA Community Edition 2023.1.1\bin;;C:\Program Files\Java\jdk-18.0.1.1\bin;C:\Java\jdk-17\bin;C:\Program Files\MongoDB\Server\6.0\bin;C:\Oracle\instantclient_21_11;C:\Users\52441\AppData\Roaming\Composer\vendor\bin;C:\DevSuiteHome_1\;C:\Users\52441\.dotnet\tools;C:\Program Files\Azure Data Studio\bin;C:\Program Files\OpenSSL-Win64\bin;C:\Users\52441\AppData\Roaming\nvm;C:\Program Files\nodejs;C:\Users\52441\AppData\Local\Google\Cloud SDK\google-cloud-sdk\bin;C:\Users\52441\scoop\shims;
USERNAME=52441
OS=Windows_NT
PROCESSOR_IDENTIFIER=Intel64 Family 6 Model 154 Stepping 3, GenuineIntel
TMP=C:\Users\52441\AppData\Local\Temp
TEMP=C:\Users\52441\AppData\Local\Temp



Periodic native trim disabled


---------------  S Y S T E M  ---------------

OS:
 Windows 11 , 64 bit Build 26100 (10.0.26100.3323)
OS uptime: 4 days 22:45 hours
Hyper-V role detected

CPU: total 12 (initial active 12) (6 cores per cpu, 2 threads per core) family 6 model 154 stepping 3 microcode 0x419, cx8, cmov, fxsr, ht, mmx, 3dnowpref, sse, sse2, sse3, ssse3, sse4.1, sse4.2, popcnt, lzcnt, tsc, tscinvbit, avx, avx2, aes, erms, clmul, bmi1, bmi2, adx, sha, fma, vzeroupper, clflush, clflushopt, clwb, hv
Processor Information for processor 0
  Max Mhz: 2000, Current Mhz: 2000, Mhz Limit: 2000
Processor Information for processor 1
  Max Mhz: 2000, Current Mhz: 2000, Mhz Limit: 2000
Processor Information for processor 2
  Max Mhz: 2000, Current Mhz: 2000, Mhz Limit: 2000
Processor Information for processor 3
  Max Mhz: 2000, Current Mhz: 2000, Mhz Limit: 2000
Processor Information for processor 4
  Max Mhz: 2000, Current Mhz: 2000, Mhz Limit: 2000
Processor Information for processor 5
  Max Mhz: 2000, Current Mhz: 2000, Mhz Limit: 2000
Processor Information for processor 6
  Max Mhz: 2000, Current Mhz: 2000, Mhz Limit: 2000
Processor Information for processor 7
  Max Mhz: 2000, Current Mhz: 2000, Mhz Limit: 2000
Processor Information for processor 8
  Max Mhz: 2000, Current Mhz: 1500, Mhz Limit: 1500
Processor Information for processor 9
  Max Mhz: 2000, Current Mhz: 1500, Mhz Limit: 1500
Processor Information for processor 10
  Max Mhz: 2000, Current Mhz: 1500, Mhz Limit: 1500
Processor Information for processor 11
  Max Mhz: 2000, Current Mhz: 1500, Mhz Limit: 1500

Memory: 4k page, system-wide physical 7917M (520M free)
TotalPageFile size 23699M (AvailPageFile size 40M)
current process WorkingSet (physical memory assigned to process): 278M, peak: 306M
current process commit charge ("private bytes"): 324M, peak: 348M

vm_info: OpenJDK 64-Bit Server VM (17.0.14+7) for windows-amd64 JRE (17.0.14+7), built on Jan 21 2025 23:40:15 by "admin" with MS VC++ 17.7 (VS2022)

END.
