#
# There is insufficient memory for the Java Runtime Environment to continue.
# Native memory allocation (malloc) failed to allocate 359856 bytes. Error detail: Chunk::new
# Possible reasons:
#   The system is out of physical RAM or swap space
#   This process is running with CompressedOops enabled, and the Java Heap may be blocking the growth of the native heap
# Possible solutions:
#   Reduce memory load on the system
#   Increase physical memory or swap space
#   Check if swap backing store is full
#   Decrease Java heap size (-Xmx/-Xms)
#   Decrease number of Java threads
#   Decrease Java thread stack sizes (-Xss)
#   Set larger code cache with -XX:ReservedCodeCacheSize=
#   JVM is running with Unscaled Compressed Oops mode in which the Java heap is
#     placed in the first 4GB address space. The Java Heap base address is the
#     maximum limit for the native heap growth. Please use -XX:HeapBaseMinAddress
#     to set the Java Heap base and to place the Java Heap above 4GB virtual address.
# This output file may be truncated or incomplete.
#
#  Out of Memory Error (arena.cpp:168), pid=21936, tid=15128
#
# JRE version: OpenJDK Runtime Environment Temurin-21.0.6+7 (21.0.6+7) (build 21.0.6+7-LTS)
# Java VM: OpenJDK 64-Bit Server VM Temurin-21.0.6+7 (21.0.6+7-LTS, mixed mode, sharing, tiered, compressed oops, compressed class ptrs, parallel gc, windows-amd64)
# No core dump will be written. Minidumps are not enabled by default on client versions of Windows
#

---------------  S U M M A R Y ------------

Command Line: --add-modules=ALL-SYSTEM --add-opens=java.base/java.util=ALL-UNNAMED --add-opens=java.base/java.lang=ALL-UNNAMED --add-opens=java.base/sun.nio.fs=ALL-UNNAMED -Declipse.application=org.eclipse.jdt.ls.core.id1 -Dosgi.bundles.defaultStartLevel=4 -Declipse.product=org.eclipse.jdt.ls.core.product -Djava.import.generatesMetadataFilesAtProjectRoot=false -DDetectVMInstallationsJob.disabled=true -Dfile.encoding=utf8 -XX:+UseParallelGC -XX:GCTimeRatio=4 -XX:AdaptiveSizePolicyWeight=90 -Dsun.zip.disableMemoryMapping=true -Xmx1G -Xms100m -Xlog:disable -javaagent:c:\Users\52441\.vscode\extensions\redhat.java-1.40.0-win32-x64\lombok\lombok-1.18.36.jar -XX:+HeapDumpOnOutOfMemoryError -XX:HeapDumpPath=c:\Users\52441\AppData\Roaming\Code\User\workspaceStorage\739b930a09f60edf05a55a18cf973965\redhat.java -Daether.dependencyCollector.impl=bf c:\Users\52441\.vscode\extensions\redhat.java-1.40.0-win32-x64\server\plugins\org.eclipse.equinox.launcher_1.6.1000.v20250131-0606.jar -configuration c:\Users\52441\AppData\Roaming\Code\User\globalStorage\redhat.java\1.40.0\config_win -data c:\Users\52441\AppData\Roaming\Code\User\workspaceStorage\739b930a09f60edf05a55a18cf973965\redhat.java\jdt_ws --pipe=\\.\pipe\lsp-6bbde54f84c2b9bd05bab2b6715e001a-sock

Host: 12th Gen Intel(R) Core(TM) i5-12450H, 12 cores, 7G,  Windows 11 , 64 bit Build 26100 (10.0.26100.3323)
Time: Tue Mar 18 11:50:01 2025 Hora estándar central (México) elapsed time: 3026.918520 seconds (0d 0h 50m 26s)

---------------  T H R E A D  ---------------

Current thread (0x0000029281546580):  JavaThread "C2 CompilerThread0" daemon [_thread_in_native, id=15128, stack(0x000000fc07200000,0x000000fc07300000) (1024K)]


Current CompileTask:
C2:3026919 10666       4       org.eclipse.core.internal.localstore.FileSystemResourceManager::allResourcesFor (202 bytes)

Stack: [0x000000fc07200000,0x000000fc07300000]
Native frames: (J=compiled Java code, j=interpreted, Vv=VM code, C=native code)
V  [jvm.dll+0x6cdee9]
V  [jvm.dll+0x8a83d1]
V  [jvm.dll+0x8aa8fe]
V  [jvm.dll+0x8aafe3]
V  [jvm.dll+0x27f706]
V  [jvm.dll+0xc500d]
V  [jvm.dll+0xc5543]
V  [jvm.dll+0x2f2acd]
V  [jvm.dll+0x5f6a2a]
V  [jvm.dll+0x250bb2]
V  [jvm.dll+0x24965f]
V  [jvm.dll+0x246ec4]
V  [jvm.dll+0x1c75ee]
V  [jvm.dll+0x25685a]
V  [jvm.dll+0x254dfa]
V  [jvm.dll+0x3f0256]
V  [jvm.dll+0x851f8b]
V  [jvm.dll+0x6cc5ed]
C  [ucrtbase.dll+0x37b0]
C  [KERNEL32.DLL+0x2e8d7]
C  [ntdll.dll+0xbbf6c]


---------------  P R O C E S S  ---------------

Threads class SMR info:
_java_thread_list=0x000002928a273a00, length=51, elements={
0x000002922899e200, 0x00000292801fcd80, 0x000002922ad85280, 0x000002922ad87cd0,
0x000002922ad88920, 0x000002922ad93dd0, 0x000002922ad96c80, 0x0000029281546580,
0x000002928154bbb0, 0x000002922ad97310, 0x000002922ad986c0, 0x000002922ad9a100,
0x000002922ad979a0, 0x000002922ad99a70, 0x000002922ad98d50, 0x000002922ad993e0,
0x00000292827087a0, 0x00000292827094c0, 0x0000029282709b50, 0x000002928270b590,
0x0000029282708110, 0x000002928270cfd0, 0x000002928270ea10, 0x000002928270f0a0,
0x000002928270e380, 0x000002928270d660, 0x000002928270bc20, 0x000002928270c2b0,
0x000002928270f730, 0x000002928270dcf0, 0x000002928a663d10, 0x000002928a6643a0,
0x000002928a664a30, 0x000002928a6650c0, 0x000002928a665750, 0x000002928a665de0,
0x000002928a666470, 0x000002928a668540, 0x000002928a667eb0, 0x000002928a669f80,
0x0000029289fae070, 0x0000029289faed90, 0x0000029289faccc0, 0x0000029289fb07d0,
0x0000029289fb14f0, 0x0000029289fb3c50, 0x000002928270a1e0, 0x0000029289fb1b80,
0x0000029287b9f7e0, 0x0000029287b9c360, 0x0000029287b9eac0
}

Java Threads: ( => current thread )
  0x000002922899e200 JavaThread "main"                              [_thread_blocked, id=4276, stack(0x000000fc06800000,0x000000fc06900000) (1024K)]
  0x00000292801fcd80 JavaThread "Reference Handler"          daemon [_thread_blocked, id=21864, stack(0x000000fc06c00000,0x000000fc06d00000) (1024K)]
  0x000002922ad85280 JavaThread "Finalizer"                  daemon [_thread_blocked, id=26944, stack(0x000000fc06d00000,0x000000fc06e00000) (1024K)]
  0x000002922ad87cd0 JavaThread "Signal Dispatcher"          daemon [_thread_blocked, id=12036, stack(0x000000fc06e00000,0x000000fc06f00000) (1024K)]
  0x000002922ad88920 JavaThread "Attach Listener"            daemon [_thread_blocked, id=29100, stack(0x000000fc06f00000,0x000000fc07000000) (1024K)]
  0x000002922ad93dd0 JavaThread "Service Thread"             daemon [_thread_blocked, id=24568, stack(0x000000fc07000000,0x000000fc07100000) (1024K)]
  0x000002922ad96c80 JavaThread "Monitor Deflation Thread"   daemon [_thread_blocked, id=17540, stack(0x000000fc07100000,0x000000fc07200000) (1024K)]
=>0x0000029281546580 JavaThread "C2 CompilerThread0"         daemon [_thread_in_native, id=15128, stack(0x000000fc07200000,0x000000fc07300000) (1024K)]
  0x000002928154bbb0 JavaThread "C1 CompilerThread0"         daemon [_thread_blocked, id=13860, stack(0x000000fc07300000,0x000000fc07400000) (1024K)]
  0x000002922ad97310 JavaThread "Common-Cleaner"             daemon [_thread_blocked, id=20516, stack(0x000000fc07400000,0x000000fc07500000) (1024K)]
  0x000002922ad986c0 JavaThread "Notification Thread"        daemon [_thread_blocked, id=5496, stack(0x000000fc07600000,0x000000fc07700000) (1024K)]
  0x000002922ad9a100 JavaThread "Active Thread: Equinox Container: 17006c95-402c-42f6-bacd-796bffa854aa"        [_thread_blocked, id=6944, stack(0x000000fc07e00000,0x000000fc07f00000) (1024K)]
  0x000002922ad979a0 JavaThread "Refresh Thread: Equinox Container: 17006c95-402c-42f6-bacd-796bffa854aa" daemon [_thread_blocked, id=3860, stack(0x000000fc07d00000,0x000000fc07e00000) (1024K)]
  0x000002922ad99a70 JavaThread "Framework Event Dispatcher: Equinox Container: 17006c95-402c-42f6-bacd-796bffa854aa" daemon [_thread_blocked, id=29596, stack(0x000000fc08000000,0x000000fc08100000) (1024K)]
  0x000002922ad98d50 JavaThread "Start Level: Equinox Container: 17006c95-402c-42f6-bacd-796bffa854aa" daemon [_thread_blocked, id=12008, stack(0x000000fc08100000,0x000000fc08200000) (1024K)]
  0x000002922ad993e0 JavaThread "Bundle File Closer"         daemon [_thread_blocked, id=26336, stack(0x000000fc07c00000,0x000000fc07d00000) (1024K)]
  0x00000292827087a0 JavaThread "SCR Component Actor"        daemon [_thread_blocked, id=4264, stack(0x000000fc08400000,0x000000fc08500000) (1024K)]
  0x00000292827094c0 JavaThread "Worker-JM"                         [_thread_blocked, id=9712, stack(0x000000fc08700000,0x000000fc08800000) (1024K)]
  0x0000029282709b50 JavaThread "JNA Cleaner"                daemon [_thread_blocked, id=10416, stack(0x000000fc08600000,0x000000fc08700000) (1024K)]
  0x000002928270b590 JavaThread "Worker-1"                          [_thread_blocked, id=25008, stack(0x000000fc08900000,0x000000fc08a00000) (1024K)]
  0x0000029282708110 JavaThread "Java indexing"              daemon [_thread_blocked, id=25408, stack(0x000000fc08c00000,0x000000fc08d00000) (1024K)]
  0x000002928270cfd0 JavaThread "Worker-3"                          [_thread_blocked, id=7192, stack(0x000000fc09000000,0x000000fc09100000) (1024K)]
  0x000002928270ea10 JavaThread "Thread-2"                   daemon [_thread_in_native, id=31520, stack(0x000000fc09100000,0x000000fc09200000) (1024K)]
  0x000002928270f0a0 JavaThread "Thread-3"                   daemon [_thread_in_native, id=23536, stack(0x000000fc09200000,0x000000fc09300000) (1024K)]
  0x000002928270e380 JavaThread "Thread-4"                   daemon [_thread_in_native, id=24112, stack(0x000000fc09300000,0x000000fc09400000) (1024K)]
  0x000002928270d660 JavaThread "Thread-5"                   daemon [_thread_in_native, id=5280, stack(0x000000fc09400000,0x000000fc09500000) (1024K)]
  0x000002928270bc20 JavaThread "Thread-6"                   daemon [_thread_in_native, id=12632, stack(0x000000fc09500000,0x000000fc09600000) (1024K)]
  0x000002928270c2b0 JavaThread "Thread-7"                   daemon [_thread_in_native, id=29460, stack(0x000000fc09600000,0x000000fc09700000) (1024K)]
  0x000002928270f730 JavaThread "Thread-8"                   daemon [_thread_in_native, id=13276, stack(0x000000fc09700000,0x000000fc09800000) (1024K)]
  0x000002928270dcf0 JavaThread "Thread-9"                   daemon [_thread_in_native, id=31016, stack(0x000000fc09800000,0x000000fc09900000) (1024K)]
  0x000002928a663d10 JavaThread "Thread-10"                  daemon [_thread_in_native, id=24400, stack(0x000000fc09900000,0x000000fc09a00000) (1024K)]
  0x000002928a6643a0 JavaThread "Thread-11"                  daemon [_thread_in_native, id=12672, stack(0x000000fc09a00000,0x000000fc09b00000) (1024K)]
  0x000002928a664a30 JavaThread "Thread-12"                  daemon [_thread_in_native, id=6012, stack(0x000000fc09b00000,0x000000fc09c00000) (1024K)]
  0x000002928a6650c0 JavaThread "Thread-13"                  daemon [_thread_in_native, id=26604, stack(0x000000fc09c00000,0x000000fc09d00000) (1024K)]
  0x000002928a665750 JavaThread "Thread-14"                  daemon [_thread_in_native, id=29020, stack(0x000000fc09d00000,0x000000fc09e00000) (1024K)]
  0x000002928a665de0 JavaThread "pool-2-thread-1"                   [_thread_blocked, id=31968, stack(0x000000fc09e00000,0x000000fc09f00000) (1024K)]
  0x000002928a666470 JavaThread "Timer-0"                           [_thread_blocked, id=26716, stack(0x000000fc09f00000,0x000000fc0a000000) (1024K)]
  0x000002928a668540 JavaThread "Timer-1"                           [_thread_blocked, id=25728, stack(0x000000fc0a100000,0x000000fc0a200000) (1024K)]
  0x000002928a667eb0 JavaThread "WorkspaceEventsHandler"            [_thread_in_native, id=27424, stack(0x000000fc0a500000,0x000000fc0a600000) (1024K)]
  0x000002928a669f80 JavaThread "pool-1-thread-1"                   [_thread_blocked, id=16008, stack(0x000000fc0a600000,0x000000fc0a700000) (1024K)]
  0x0000029289fae070 JavaThread "Timer-2"                           [_thread_blocked, id=29956, stack(0x000000fc0a400000,0x000000fc0a500000) (1024K)]
  0x0000029289faed90 JavaThread "Timer-3"                           [_thread_blocked, id=31032, stack(0x000000fc08b00000,0x000000fc08c00000) (1024K)]
  0x0000029289faccc0 JavaThread "Timer-4"                           [_thread_blocked, id=18440, stack(0x000000fc0a900000,0x000000fc0aa00000) (1024K)]
  0x0000029289fb07d0 JavaThread "Timer-5"                           [_thread_blocked, id=7896, stack(0x000000fc0aa00000,0x000000fc0ab00000) (1024K)]
  0x0000029289fb14f0 JavaThread "Timer-6"                           [_thread_blocked, id=18236, stack(0x000000fc0ab00000,0x000000fc0ac00000) (1024K)]
  0x0000029289fb3c50 JavaThread "Timer-7"                           [_thread_blocked, id=3768, stack(0x000000fc0ac00000,0x000000fc0ad00000) (1024K)]
  0x000002928270a1e0 JavaThread "Timer-8"                           [_thread_blocked, id=23784, stack(0x000000fc0ad00000,0x000000fc0ae00000) (1024K)]
  0x0000029289fb1b80 JavaThread "Timer-9"                           [_thread_blocked, id=23768, stack(0x000000fc0ae00000,0x000000fc0af00000) (1024K)]
  0x0000029287b9f7e0 JavaThread "Timer-10"                          [_thread_blocked, id=31796, stack(0x000000fc0b100000,0x000000fc0b200000) (1024K)]
  0x0000029287b9c360 JavaThread "Timer-11"                          [_thread_blocked, id=21608, stack(0x000000fc0b200000,0x000000fc0b300000) (1024K)]
  0x0000029287b9eac0 JavaThread "Worker-7"                          [_thread_blocked, id=30168, stack(0x000000fc06600000,0x000000fc06700000) (1024K)]
Total: 51

Other Threads:
  0x00000292801e3ab0 VMThread "VM Thread"                           [id=7764, stack(0x000000fc06b00000,0x000000fc06c00000) (1024K)]
  0x00000292800dba00 WatcherThread "VM Periodic Task Thread"        [id=19116, stack(0x000000fc06a00000,0x000000fc06b00000) (1024K)]
  0x000002922ad00b80 WorkerThread "GC Thread#0"                     [id=26816, stack(0x000000fc06900000,0x000000fc06a00000) (1024K)]
  0x0000029282b3a3b0 WorkerThread "GC Thread#1"                     [id=21536, stack(0x000000fc07500000,0x000000fc07600000) (1024K)]
  0x0000029282a4ae20 WorkerThread "GC Thread#2"                     [id=7812, stack(0x000000fc07700000,0x000000fc07800000) (1024K)]
  0x0000029282a4b1c0 WorkerThread "GC Thread#3"                     [id=27568, stack(0x000000fc07800000,0x000000fc07900000) (1024K)]
  0x0000029282a4b560 WorkerThread "GC Thread#4"                     [id=9704, stack(0x000000fc07900000,0x000000fc07a00000) (1024K)]
  0x0000029281698d40 WorkerThread "GC Thread#5"                     [id=15440, stack(0x000000fc07a00000,0x000000fc07b00000) (1024K)]
  0x00000292816990e0 WorkerThread "GC Thread#6"                     [id=13556, stack(0x000000fc07b00000,0x000000fc07c00000) (1024K)]
  0x00000292827f3c50 WorkerThread "GC Thread#7"                     [id=1660, stack(0x000000fc07f00000,0x000000fc08000000) (1024K)]
  0x00000292827179c0 WorkerThread "GC Thread#8"                     [id=15264, stack(0x000000fc08200000,0x000000fc08300000) (1024K)]
  0x000002928724e870 WorkerThread "GC Thread#9"                     [id=24024, stack(0x000000fc08300000,0x000000fc08400000) (1024K)]
Total: 12

Threads with active compile tasks:
C2 CompilerThread0  3026980 10666       4       org.eclipse.core.internal.localstore.FileSystemResourceManager::allResourcesFor (202 bytes)
Total: 1

VM state: not at safepoint (normal execution)

VM Mutex/Monitor currently owned by a thread: None

Heap address: 0x00000000c0000000, size: 1024 MB, Compressed Oops mode: 32-bit

CDS archive(s) mapped at: [0x000002923f000000-0x000002923fba0000-0x000002923fba0000), size 12189696, SharedBaseAddress: 0x000002923f000000, ArchiveRelocationMode: 1.
Compressed class space mapped at: 0x0000029240000000-0x0000029280000000, reserved size: 1073741824
Narrow klass base: 0x000002923f000000, Narrow klass shift: 0, Narrow klass range: 0x100000000

GC Precious Log:
 CardTable entry size: 512
 CPUs: 12 total, 12 available
 Memory: 7917M
 Large Page Support: Disabled
 NUMA Support: Disabled
 Compressed Oops: Enabled (32-bit)
 Alignments: Space 512K, Generation 512K, Heap 2M
 Heap Min Capacity: 100M
 Heap Initial Capacity: 100M
 Heap Max Capacity: 1G
 Pre-touch: Disabled
 Parallel Workers: 10

Heap:
 PSYoungGen      total 20992K, used 2553K [0x00000000eab00000, 0x00000000ec080000, 0x0000000100000000)
  eden space 20480K, 10% used [0x00000000eab00000,0x00000000ead06500,0x00000000ebf00000)
  from space 512K, 93% used [0x00000000ec000000,0x00000000ec078000,0x00000000ec080000)
  to   space 512K, 0% used [0x00000000ebf80000,0x00000000ebf80000,0x00000000ec000000)
 ParOldGen       total 68608K, used 67920K [0x00000000c0000000, 0x00000000c4300000, 0x00000000eab00000)
  object space 68608K, 98% used [0x00000000c0000000,0x00000000c4254350,0x00000000c4300000)
 Metaspace       used 70361K, committed 71936K, reserved 1114112K
  class space    used 8560K, committed 9280K, reserved 1048576K

Card table byte_map: [0x000002922a6a0000,0x000002922a8b0000] _byte_map_base: 0x000002922a0a0000

Marking Bits: (ParMarkBitMap*) 0x00007ff943ee3260
 Begin Bits: [0x000002923ced0000, 0x000002923ded0000)
 End Bits:   [0x000002923ded0000, 0x000002923eed0000)

Polling page: 0x0000029228ce0000

Metaspace:

Usage:
  Non-class:     60.35 MB used.
      Class:      8.36 MB used.
       Both:     68.71 MB used.

Virtual space:
  Non-class space:       64.00 MB reserved,      61.19 MB ( 96%) committed,  1 nodes.
      Class space:        1.00 GB reserved,       9.06 MB ( <1%) committed,  1 nodes.
             Both:        1.06 GB reserved,      70.25 MB (  6%) committed. 

Chunk freelists:
   Non-Class:  2.22 MB
       Class:  6.81 MB
        Both:  9.03 MB

MaxMetaspaceSize: unlimited
CompressedClassSpaceSize: 1.00 GB
Initial GC threshold: 21.00 MB
Current GC threshold: 98.12 MB
CDS: on
 - commit_granule_bytes: 65536.
 - commit_granule_words: 8192.
 - virtual_space_node_default_size: 8388608.
 - enlarge_chunks_in_place: 1.
 - use_allocation_guard: 0.


Internal statistics:

num_allocs_failed_limit: 15.
num_arena_births: 1288.
num_arena_deaths: 14.
num_vsnodes_births: 2.
num_vsnodes_deaths: 0.
num_space_committed: 1124.
num_space_uncommitted: 0.
num_chunks_returned_to_freelist: 29.
num_chunks_taken_from_freelist: 4418.
num_chunk_merges: 21.
num_chunk_splits: 2721.
num_chunks_enlarged: 1508.
num_inconsistent_stats: 0.

CodeHeap 'non-profiled nmethods': size=120000Kb used=9063Kb max_used=9063Kb free=110936Kb
 bounds [0x00000292359a0000, 0x0000029236280000, 0x000002923ced0000]
CodeHeap 'profiled nmethods': size=120000Kb used=19686Kb max_used=19686Kb free=100313Kb
 bounds [0x000002922ded0000, 0x000002922f210000, 0x0000029235400000]
CodeHeap 'non-nmethods': size=5760Kb used=1429Kb max_used=1500Kb free=4330Kb
 bounds [0x0000029235400000, 0x0000029235670000, 0x00000292359a0000]
 total_blobs=10606 nmethods=9868 adapters=644
 compilation: enabled
              stopped_count=0, restarted_count=0
 full_count=0

Compilation events (20 events):
Event: 2998.563 Thread 0x000002928154bbb0 10654       3       jdk.internal.math.FormattedFPDecimal::plainCharsPureInteger (47 bytes)
Event: 2998.563 Thread 0x000002928154bbb0 nmethod 10654 0x000002922f209010 code [0x000002922f2091e0, 0x000002922f209520]
Event: 2998.563 Thread 0x000002928154bbb0 10655       3       jdk.internal.math.FormattedFPDecimal::fillWithZeros (20 bytes)
Event: 2998.563 Thread 0x000002928154bbb0 nmethod 10655 0x000002922f209690 code [0x000002922f209840, 0x000002922f209a18]
Event: 2998.594 Thread 0x0000029281546580 nmethod 10658 0x000002923626a810 code [0x000002923626ab40, 0x000002923626be90]
Event: 3002.542 Thread 0x0000029281546580 10659       4       java.nio.charset.CharsetDecoder::onUnmappableCharacter (26 bytes)
Event: 3002.546 Thread 0x0000029281546580 nmethod 10659 0x000002923626ce10 code [0x000002923626cfa0, 0x000002923626d060]
Event: 3006.131 Thread 0x0000029281546580 10660       4       java.util.Arrays$ArrayList::toArray (15 bytes)
Event: 3006.134 Thread 0x0000029281546580 nmethod 10660 0x000002923626d110 code [0x000002923626d2a0, 0x000002923626d428]
Event: 3013.495 Thread 0x0000029281546580 10661   !   4       org.eclipse.core.internal.localstore.FileSystemResourceManager::allPathsForLocationNonCanonical (481 bytes)
Event: 3013.699 Thread 0x0000029281546580 nmethod 10661 0x000002923626d510 code [0x000002923626db20, 0x00000292362717e8]
Event: 3019.916 Thread 0x0000029281546580 10662       4       java.lang.ThreadLocal$ThreadLocalMap::cleanSomeSlots (61 bytes)
Event: 3019.922 Thread 0x0000029281546580 nmethod 10662 0x0000029236274890 code [0x0000029236274a20, 0x0000029236274b88]
Event: 3022.855 Thread 0x0000029281546580 10663   !   4       org.eclipse.jdt.ls.core.internal.JDTUtils::toURI (64 bytes)
Event: 3023.912 Thread 0x0000029281546580 nmethod 10663 0x0000029236274d10 code [0x0000029236275180, 0x0000029236277160]
Event: 3023.913 Thread 0x0000029281546580 10664   !   4       org.eclipse.jdt.ls.core.internal.JDTUtils::findResource (319 bytes)
Event: 3023.918 Thread 0x0000029281546580 nmethod 10664 0x0000029236278910 code [0x0000029236278ac0, 0x0000029236278d98]
Event: 3024.769 Thread 0x0000029281546580 10665       4       org.eclipse.core.internal.localstore.FileSystemResourceManager::resourceFor (83 bytes)
Event: 3024.778 Thread 0x0000029281546580 nmethod 10665 0x0000029236279010 code [0x0000029236279260, 0x00000292362798c8]
Event: 3024.881 Thread 0x0000029281546580 10666       4       org.eclipse.core.internal.localstore.FileSystemResourceManager::allResourcesFor (202 bytes)

GC Heap History (20 events):
Event: 3022.464 GC heap before
{Heap before GC invocations=704 (full 3):
 PSYoungGen      total 21504K, used 20992K [0x00000000eab00000, 0x00000000ec100000, 0x0000000100000000)
  eden space 20480K, 100% used [0x00000000eab00000,0x00000000ebf00000,0x00000000ebf00000)
  from space 1024K, 50% used [0x00000000ec000000,0x00000000ec080000,0x00000000ec100000)
  to   space 1024K, 0% used [0x00000000ebf00000,0x00000000ebf00000,0x00000000ec000000)
 ParOldGen       total 68608K, used 67592K [0x00000000c0000000, 0x00000000c4300000, 0x00000000eab00000)
  object space 68608K, 98% used [0x00000000c0000000,0x00000000c4202350,0x00000000c4300000)
 Metaspace       used 70361K, committed 71936K, reserved 1114112K
  class space    used 8560K, committed 9280K, reserved 1048576K
}
Event: 3022.465 GC heap after
{Heap after GC invocations=704 (full 3):
 PSYoungGen      total 21504K, used 320K [0x00000000eab00000, 0x00000000ec080000, 0x0000000100000000)
  eden space 20480K, 0% used [0x00000000eab00000,0x00000000eab00000,0x00000000ebf00000)
  from space 1024K, 31% used [0x00000000ebf00000,0x00000000ebf50000,0x00000000ec000000)
  to   space 512K, 0% used [0x00000000ec000000,0x00000000ec000000,0x00000000ec080000)
 ParOldGen       total 68608K, used 67640K [0x00000000c0000000, 0x00000000c4300000, 0x00000000eab00000)
  object space 68608K, 98% used [0x00000000c0000000,0x00000000c420e350,0x00000000c4300000)
 Metaspace       used 70361K, committed 71936K, reserved 1114112K
  class space    used 8560K, committed 9280K, reserved 1048576K
}
Event: 3022.952 GC heap before
{Heap before GC invocations=705 (full 3):
 PSYoungGen      total 21504K, used 20800K [0x00000000eab00000, 0x00000000ec080000, 0x0000000100000000)
  eden space 20480K, 100% used [0x00000000eab00000,0x00000000ebf00000,0x00000000ebf00000)
  from space 1024K, 31% used [0x00000000ebf00000,0x00000000ebf50000,0x00000000ec000000)
  to   space 512K, 0% used [0x00000000ec000000,0x00000000ec000000,0x00000000ec080000)
 ParOldGen       total 68608K, used 67640K [0x00000000c0000000, 0x00000000c4300000, 0x00000000eab00000)
  object space 68608K, 98% used [0x00000000c0000000,0x00000000c420e350,0x00000000c4300000)
 Metaspace       used 70361K, committed 71936K, reserved 1114112K
  class space    used 8560K, committed 9280K, reserved 1048576K
}
Event: 3022.953 GC heap after
{Heap after GC invocations=705 (full 3):
 PSYoungGen      total 20992K, used 288K [0x00000000eab00000, 0x00000000ec080000, 0x0000000100000000)
  eden space 20480K, 0% used [0x00000000eab00000,0x00000000eab00000,0x00000000ebf00000)
  from space 512K, 56% used [0x00000000ec000000,0x00000000ec048000,0x00000000ec080000)
  to   space 512K, 0% used [0x00000000ebf80000,0x00000000ebf80000,0x00000000ec000000)
 ParOldGen       total 68608K, used 67664K [0x00000000c0000000, 0x00000000c4300000, 0x00000000eab00000)
  object space 68608K, 98% used [0x00000000c0000000,0x00000000c4214350,0x00000000c4300000)
 Metaspace       used 70361K, committed 71936K, reserved 1114112K
  class space    used 8560K, committed 9280K, reserved 1048576K
}
Event: 3023.400 GC heap before
{Heap before GC invocations=706 (full 3):
 PSYoungGen      total 20992K, used 20768K [0x00000000eab00000, 0x00000000ec080000, 0x0000000100000000)
  eden space 20480K, 100% used [0x00000000eab00000,0x00000000ebf00000,0x00000000ebf00000)
  from space 512K, 56% used [0x00000000ec000000,0x00000000ec048000,0x00000000ec080000)
  to   space 512K, 0% used [0x00000000ebf80000,0x00000000ebf80000,0x00000000ec000000)
 ParOldGen       total 68608K, used 67664K [0x00000000c0000000, 0x00000000c4300000, 0x00000000eab00000)
  object space 68608K, 98% used [0x00000000c0000000,0x00000000c4214350,0x00000000c4300000)
 Metaspace       used 70361K, committed 71936K, reserved 1114112K
  class space    used 8560K, committed 9280K, reserved 1048576K
}
Event: 3023.400 GC heap after
{Heap after GC invocations=706 (full 3):
 PSYoungGen      total 20992K, used 320K [0x00000000eab00000, 0x00000000ec080000, 0x0000000100000000)
  eden space 20480K, 0% used [0x00000000eab00000,0x00000000eab00000,0x00000000ebf00000)
  from space 512K, 62% used [0x00000000ebf80000,0x00000000ebfd0000,0x00000000ec000000)
  to   space 512K, 0% used [0x00000000ec000000,0x00000000ec000000,0x00000000ec080000)
 ParOldGen       total 68608K, used 67712K [0x00000000c0000000, 0x00000000c4300000, 0x00000000eab00000)
  object space 68608K, 98% used [0x00000000c0000000,0x00000000c4220350,0x00000000c4300000)
 Metaspace       used 70361K, committed 71936K, reserved 1114112K
  class space    used 8560K, committed 9280K, reserved 1048576K
}
Event: 3023.856 GC heap before
{Heap before GC invocations=707 (full 3):
 PSYoungGen      total 20992K, used 20800K [0x00000000eab00000, 0x00000000ec080000, 0x0000000100000000)
  eden space 20480K, 100% used [0x00000000eab00000,0x00000000ebf00000,0x00000000ebf00000)
  from space 512K, 62% used [0x00000000ebf80000,0x00000000ebfd0000,0x00000000ec000000)
  to   space 512K, 0% used [0x00000000ec000000,0x00000000ec000000,0x00000000ec080000)
 ParOldGen       total 68608K, used 67712K [0x00000000c0000000, 0x00000000c4300000, 0x00000000eab00000)
  object space 68608K, 98% used [0x00000000c0000000,0x00000000c4220350,0x00000000c4300000)
 Metaspace       used 70361K, committed 71936K, reserved 1114112K
  class space    used 8560K, committed 9280K, reserved 1048576K
}
Event: 3023.857 GC heap after
{Heap after GC invocations=707 (full 3):
 PSYoungGen      total 20992K, used 448K [0x00000000eab00000, 0x00000000ec080000, 0x0000000100000000)
  eden space 20480K, 0% used [0x00000000eab00000,0x00000000eab00000,0x00000000ebf00000)
  from space 512K, 87% used [0x00000000ec000000,0x00000000ec070000,0x00000000ec080000)
  to   space 512K, 0% used [0x00000000ebf80000,0x00000000ebf80000,0x00000000ec000000)
 ParOldGen       total 68608K, used 67736K [0x00000000c0000000, 0x00000000c4300000, 0x00000000eab00000)
  object space 68608K, 98% used [0x00000000c0000000,0x00000000c4226350,0x00000000c4300000)
 Metaspace       used 70361K, committed 71936K, reserved 1114112K
  class space    used 8560K, committed 9280K, reserved 1048576K
}
Event: 3024.343 GC heap before
{Heap before GC invocations=708 (full 3):
 PSYoungGen      total 20992K, used 20928K [0x00000000eab00000, 0x00000000ec080000, 0x0000000100000000)
  eden space 20480K, 100% used [0x00000000eab00000,0x00000000ebf00000,0x00000000ebf00000)
  from space 512K, 87% used [0x00000000ec000000,0x00000000ec070000,0x00000000ec080000)
  to   space 512K, 0% used [0x00000000ebf80000,0x00000000ebf80000,0x00000000ec000000)
 ParOldGen       total 68608K, used 67736K [0x00000000c0000000, 0x00000000c4300000, 0x00000000eab00000)
  object space 68608K, 98% used [0x00000000c0000000,0x00000000c4226350,0x00000000c4300000)
 Metaspace       used 70361K, committed 71936K, reserved 1114112K
  class space    used 8560K, committed 9280K, reserved 1048576K
}
Event: 3024.344 GC heap after
{Heap after GC invocations=708 (full 3):
 PSYoungGen      total 20992K, used 480K [0x00000000eab00000, 0x00000000ec080000, 0x0000000100000000)
  eden space 20480K, 0% used [0x00000000eab00000,0x00000000eab00000,0x00000000ebf00000)
  from space 512K, 93% used [0x00000000ebf80000,0x00000000ebff8000,0x00000000ec000000)
  to   space 512K, 0% used [0x00000000ec000000,0x00000000ec000000,0x00000000ec080000)
 ParOldGen       total 68608K, used 67760K [0x00000000c0000000, 0x00000000c4300000, 0x00000000eab00000)
  object space 68608K, 98% used [0x00000000c0000000,0x00000000c422c350,0x00000000c4300000)
 Metaspace       used 70361K, committed 71936K, reserved 1114112K
  class space    used 8560K, committed 9280K, reserved 1048576K
}
Event: 3024.990 GC heap before
{Heap before GC invocations=709 (full 3):
 PSYoungGen      total 20992K, used 20960K [0x00000000eab00000, 0x00000000ec080000, 0x0000000100000000)
  eden space 20480K, 100% used [0x00000000eab00000,0x00000000ebf00000,0x00000000ebf00000)
  from space 512K, 93% used [0x00000000ebf80000,0x00000000ebff8000,0x00000000ec000000)
  to   space 512K, 0% used [0x00000000ec000000,0x00000000ec000000,0x00000000ec080000)
 ParOldGen       total 68608K, used 67760K [0x00000000c0000000, 0x00000000c4300000, 0x00000000eab00000)
  object space 68608K, 98% used [0x00000000c0000000,0x00000000c422c350,0x00000000c4300000)
 Metaspace       used 70361K, committed 71936K, reserved 1114112K
  class space    used 8560K, committed 9280K, reserved 1048576K
}
Event: 3024.991 GC heap after
{Heap after GC invocations=709 (full 3):
 PSYoungGen      total 20992K, used 512K [0x00000000eab00000, 0x00000000ec100000, 0x0000000100000000)
  eden space 20480K, 0% used [0x00000000eab00000,0x00000000eab00000,0x00000000ebf00000)
  from space 512K, 100% used [0x00000000ec000000,0x00000000ec080000,0x00000000ec080000)
  to   space 1024K, 0% used [0x00000000ebf00000,0x00000000ebf00000,0x00000000ec000000)
 ParOldGen       total 68608K, used 67784K [0x00000000c0000000, 0x00000000c4300000, 0x00000000eab00000)
  object space 68608K, 98% used [0x00000000c0000000,0x00000000c4232350,0x00000000c4300000)
 Metaspace       used 70361K, committed 71936K, reserved 1114112K
  class space    used 8560K, committed 9280K, reserved 1048576K
}
Event: 3025.494 GC heap before
{Heap before GC invocations=710 (full 3):
 PSYoungGen      total 20992K, used 20992K [0x00000000eab00000, 0x00000000ec100000, 0x0000000100000000)
  eden space 20480K, 100% used [0x00000000eab00000,0x00000000ebf00000,0x00000000ebf00000)
  from space 512K, 100% used [0x00000000ec000000,0x00000000ec080000,0x00000000ec080000)
  to   space 1024K, 0% used [0x00000000ebf00000,0x00000000ebf00000,0x00000000ec000000)
 ParOldGen       total 68608K, used 67784K [0x00000000c0000000, 0x00000000c4300000, 0x00000000eab00000)
  object space 68608K, 98% used [0x00000000c0000000,0x00000000c4232350,0x00000000c4300000)
 Metaspace       used 70361K, committed 71936K, reserved 1114112K
  class space    used 8560K, committed 9280K, reserved 1048576K
}
Event: 3025.495 GC heap after
{Heap after GC invocations=710 (full 3):
 PSYoungGen      total 21504K, used 128K [0x00000000eab00000, 0x00000000ec080000, 0x0000000100000000)
  eden space 20480K, 0% used [0x00000000eab00000,0x00000000eab00000,0x00000000ebf00000)
  from space 1024K, 12% used [0x00000000ebf00000,0x00000000ebf20000,0x00000000ec000000)
  to   space 512K, 0% used [0x00000000ec000000,0x00000000ec000000,0x00000000ec080000)
 ParOldGen       total 68608K, used 67824K [0x00000000c0000000, 0x00000000c4300000, 0x00000000eab00000)
  object space 68608K, 98% used [0x00000000c0000000,0x00000000c423c350,0x00000000c4300000)
 Metaspace       used 70361K, committed 71936K, reserved 1114112K
  class space    used 8560K, committed 9280K, reserved 1048576K
}
Event: 3025.988 GC heap before
{Heap before GC invocations=711 (full 3):
 PSYoungGen      total 21504K, used 20608K [0x00000000eab00000, 0x00000000ec080000, 0x0000000100000000)
  eden space 20480K, 100% used [0x00000000eab00000,0x00000000ebf00000,0x00000000ebf00000)
  from space 1024K, 12% used [0x00000000ebf00000,0x00000000ebf20000,0x00000000ec000000)
  to   space 512K, 0% used [0x00000000ec000000,0x00000000ec000000,0x00000000ec080000)
 ParOldGen       total 68608K, used 67824K [0x00000000c0000000, 0x00000000c4300000, 0x00000000eab00000)
  object space 68608K, 98% used [0x00000000c0000000,0x00000000c423c350,0x00000000c4300000)
 Metaspace       used 70361K, committed 71936K, reserved 1114112K
  class space    used 8560K, committed 9280K, reserved 1048576K
}
Event: 3025.989 GC heap after
{Heap after GC invocations=711 (full 3):
 PSYoungGen      total 20992K, used 224K [0x00000000eab00000, 0x00000000ec080000, 0x0000000100000000)
  eden space 20480K, 0% used [0x00000000eab00000,0x00000000eab00000,0x00000000ebf00000)
  from space 512K, 43% used [0x00000000ec000000,0x00000000ec038000,0x00000000ec080000)
  to   space 512K, 0% used [0x00000000ebf80000,0x00000000ebf80000,0x00000000ec000000)
 ParOldGen       total 68608K, used 67848K [0x00000000c0000000, 0x00000000c4300000, 0x00000000eab00000)
  object space 68608K, 98% used [0x00000000c0000000,0x00000000c4242350,0x00000000c4300000)
 Metaspace       used 70361K, committed 71936K, reserved 1114112K
  class space    used 8560K, committed 9280K, reserved 1048576K
}
Event: 3026.433 GC heap before
{Heap before GC invocations=712 (full 3):
 PSYoungGen      total 20992K, used 20704K [0x00000000eab00000, 0x00000000ec080000, 0x0000000100000000)
  eden space 20480K, 100% used [0x00000000eab00000,0x00000000ebf00000,0x00000000ebf00000)
  from space 512K, 43% used [0x00000000ec000000,0x00000000ec038000,0x00000000ec080000)
  to   space 512K, 0% used [0x00000000ebf80000,0x00000000ebf80000,0x00000000ec000000)
 ParOldGen       total 68608K, used 67848K [0x00000000c0000000, 0x00000000c4300000, 0x00000000eab00000)
  object space 68608K, 98% used [0x00000000c0000000,0x00000000c4242350,0x00000000c4300000)
 Metaspace       used 70361K, committed 71936K, reserved 1114112K
  class space    used 8560K, committed 9280K, reserved 1048576K
}
Event: 3026.434 GC heap after
{Heap after GC invocations=712 (full 3):
 PSYoungGen      total 20992K, used 448K [0x00000000eab00000, 0x00000000ec080000, 0x0000000100000000)
  eden space 20480K, 0% used [0x00000000eab00000,0x00000000eab00000,0x00000000ebf00000)
  from space 512K, 87% used [0x00000000ebf80000,0x00000000ebff0000,0x00000000ec000000)
  to   space 512K, 0% used [0x00000000ec000000,0x00000000ec000000,0x00000000ec080000)
 ParOldGen       total 68608K, used 67904K [0x00000000c0000000, 0x00000000c4300000, 0x00000000eab00000)
  object space 68608K, 98% used [0x00000000c0000000,0x00000000c4250350,0x00000000c4300000)
 Metaspace       used 70361K, committed 71936K, reserved 1114112K
  class space    used 8560K, committed 9280K, reserved 1048576K
}
Event: 3026.878 GC heap before
{Heap before GC invocations=713 (full 3):
 PSYoungGen      total 20992K, used 20928K [0x00000000eab00000, 0x00000000ec080000, 0x0000000100000000)
  eden space 20480K, 100% used [0x00000000eab00000,0x00000000ebf00000,0x00000000ebf00000)
  from space 512K, 87% used [0x00000000ebf80000,0x00000000ebff0000,0x00000000ec000000)
  to   space 512K, 0% used [0x00000000ec000000,0x00000000ec000000,0x00000000ec080000)
 ParOldGen       total 68608K, used 67904K [0x00000000c0000000, 0x00000000c4300000, 0x00000000eab00000)
  object space 68608K, 98% used [0x00000000c0000000,0x00000000c4250350,0x00000000c4300000)
 Metaspace       used 70361K, committed 71936K, reserved 1114112K
  class space    used 8560K, committed 9280K, reserved 1048576K
}
Event: 3026.879 GC heap after
{Heap after GC invocations=713 (full 3):
 PSYoungGen      total 20992K, used 480K [0x00000000eab00000, 0x00000000ec080000, 0x0000000100000000)
  eden space 20480K, 0% used [0x00000000eab00000,0x00000000eab00000,0x00000000ebf00000)
  from space 512K, 93% used [0x00000000ec000000,0x00000000ec078000,0x00000000ec080000)
  to   space 512K, 0% used [0x00000000ebf80000,0x00000000ebf80000,0x00000000ec000000)
 ParOldGen       total 68608K, used 67920K [0x00000000c0000000, 0x00000000c4300000, 0x00000000eab00000)
  object space 68608K, 98% used [0x00000000c0000000,0x00000000c4254350,0x00000000c4300000)
 Metaspace       used 70361K, committed 71936K, reserved 1114112K
  class space    used 8560K, committed 9280K, reserved 1048576K
}

Dll operation events (15 events):
Event: 0.042 Loaded shared library c:\Users\52441\.vscode\extensions\redhat.java-1.40.0-win32-x64\jre\21.0.6-win32-x86_64\bin\java.dll
Event: 0.124 Loaded shared library c:\Users\52441\.vscode\extensions\redhat.java-1.40.0-win32-x64\jre\21.0.6-win32-x86_64\bin\zip.dll
Event: 0.153 Loaded shared library C:\Users\52441\.vscode\extensions\redhat.java-1.40.0-win32-x64\jre\21.0.6-win32-x86_64\bin\instrument.dll
Event: 0.160 Loaded shared library C:\Users\52441\.vscode\extensions\redhat.java-1.40.0-win32-x64\jre\21.0.6-win32-x86_64\bin\net.dll
Event: 0.164 Loaded shared library C:\Users\52441\.vscode\extensions\redhat.java-1.40.0-win32-x64\jre\21.0.6-win32-x86_64\bin\nio.dll
Event: 0.168 Loaded shared library C:\Users\52441\.vscode\extensions\redhat.java-1.40.0-win32-x64\jre\21.0.6-win32-x86_64\bin\zip.dll
Event: 0.189 Loaded shared library C:\Users\52441\.vscode\extensions\redhat.java-1.40.0-win32-x64\jre\21.0.6-win32-x86_64\bin\jimage.dll
Event: 0.347 Loaded shared library c:\Users\52441\.vscode\extensions\redhat.java-1.40.0-win32-x64\jre\21.0.6-win32-x86_64\bin\verify.dll
Event: 10.303 Loaded shared library C:\Users\52441\AppData\Roaming\Code\User\globalStorage\redhat.java\1.40.0\config_win\org.eclipse.equinox.launcher\org.eclipse.equinox.launcher.win32.win32.x86_64_1.2.1200.v20250212-0927\eclipse_11909.dll
Event: 26.126 Loaded shared library C:\Users\52441\AppData\Local\Temp\jna-50487796\jna989975748578046166.dll
Event: 27.679 Loaded shared library C:\Users\52441\.vscode\extensions\redhat.java-1.40.0-win32-x64\jre\21.0.6-win32-x86_64\bin\sunmscapi.dll
Event: 27.818 Loaded shared library C:\Users\52441\.vscode\extensions\redhat.java-1.40.0-win32-x64\jre\21.0.6-win32-x86_64\bin\extnet.dll
Event: 28.799 Loaded shared library C:\Users\52441\.gradle\native\c067742578af261105cb4f569cf0c3c89f3d7b1fecec35dd04571415982c5e48\windows-amd64\native-platform.dll
Event: 30.557 Loaded shared library C:\Users\52441\.vscode\extensions\redhat.java-1.40.0-win32-x64\jre\21.0.6-win32-x86_64\bin\management.dll
Event: 30.560 Loaded shared library C:\Users\52441\.vscode\extensions\redhat.java-1.40.0-win32-x64\jre\21.0.6-win32-x86_64\bin\management_ext.dll

Deoptimization events (20 events):
Event: 2830.161 Thread 0x000002928a667eb0 DEOPT PACKING pc=0x00000292361f5bdc sp=0x000000fc0a5fea30
Event: 2830.161 Thread 0x000002928a667eb0 DEOPT UNPACKING pc=0x0000029235453aa2 sp=0x000000fc0a5fe9a0 mode 2
Event: 2892.200 Thread 0x000002928a667eb0 Uncommon trap: trap_request=0xffffffbe fr.pc=0x000002923623d230 relative=0x0000000000000cd0
Event: 2892.200 Thread 0x000002928a667eb0 Uncommon trap: reason=profile_predicate action=maybe_recompile pc=0x000002923623d230 method=org.eclipse.core.internal.jobs.DeadlockDetector.lockReleased(Ljava/lang/Thread;Lorg/eclipse/core/runtime/jobs/ISchedulingRule;)V @ 247 c2
Event: 2892.200 Thread 0x000002928a667eb0 DEOPT PACKING pc=0x000002923623d230 sp=0x000000fc0a5fe8c0
Event: 2892.200 Thread 0x000002928a667eb0 DEOPT UNPACKING pc=0x0000029235453aa2 sp=0x000000fc0a5fe810 mode 2
Event: 2892.256 Thread 0x0000029289faed90 DEOPT PACKING pc=0x000002922ef8ff23 sp=0x000000fc08bff210
Event: 2892.257 Thread 0x0000029289faed90 DEOPT UNPACKING pc=0x0000029235454242 sp=0x000000fc08bfe6f8 mode 0
Event: 2892.520 Thread 0x000002928a667eb0 Uncommon trap: trap_request=0xffffffbe fr.pc=0x000002923623d230 relative=0x0000000000000cd0
Event: 2892.520 Thread 0x000002928a667eb0 Uncommon trap: reason=profile_predicate action=maybe_recompile pc=0x000002923623d230 method=org.eclipse.core.internal.jobs.DeadlockDetector.lockReleased(Ljava/lang/Thread;Lorg/eclipse/core/runtime/jobs/ISchedulingRule;)V @ 247 c2
Event: 2892.520 Thread 0x000002928a667eb0 DEOPT PACKING pc=0x000002923623d230 sp=0x000000fc0a5fe880
Event: 2892.520 Thread 0x000002928a667eb0 DEOPT UNPACKING pc=0x0000029235453aa2 sp=0x000000fc0a5fe7d0 mode 2
Event: 2892.860 Thread 0x000002928a667eb0 Uncommon trap: trap_request=0xffffffbe fr.pc=0x000002923623d230 relative=0x0000000000000cd0
Event: 2892.860 Thread 0x000002928a667eb0 Uncommon trap: reason=profile_predicate action=maybe_recompile pc=0x000002923623d230 method=org.eclipse.core.internal.jobs.DeadlockDetector.lockReleased(Ljava/lang/Thread;Lorg/eclipse/core/runtime/jobs/ISchedulingRule;)V @ 247 c2
Event: 2892.860 Thread 0x000002928a667eb0 DEOPT PACKING pc=0x000002923623d230 sp=0x000000fc0a5fe8c0
Event: 2892.860 Thread 0x000002928a667eb0 DEOPT UNPACKING pc=0x0000029235453aa2 sp=0x000000fc0a5fe810 mode 2
Event: 2893.170 Thread 0x000002928a667eb0 Uncommon trap: trap_request=0xffffffbe fr.pc=0x000002923623d230 relative=0x0000000000000cd0
Event: 2893.170 Thread 0x000002928a667eb0 Uncommon trap: reason=profile_predicate action=maybe_recompile pc=0x000002923623d230 method=org.eclipse.core.internal.jobs.DeadlockDetector.lockReleased(Ljava/lang/Thread;Lorg/eclipse/core/runtime/jobs/ISchedulingRule;)V @ 247 c2
Event: 2893.170 Thread 0x000002928a667eb0 DEOPT PACKING pc=0x000002923623d230 sp=0x000000fc0a5fe880
Event: 2893.170 Thread 0x000002928a667eb0 DEOPT UNPACKING pc=0x0000029235453aa2 sp=0x000000fc0a5fe7d0 mode 2

Classes loaded (20 events):
Event: 99.207 Loading class java/util/stream/DistinctOps
Event: 99.208 Loading class java/util/stream/DistinctOps done
Event: 99.209 Loading class java/util/stream/DistinctOps$1
Event: 99.209 Loading class java/util/stream/DistinctOps$1 done
Event: 99.214 Loading class java/util/stream/DistinctOps$1$2
Event: 99.214 Loading class java/util/stream/DistinctOps$1$2 done
Event: 333.060 Loading class java/util/concurrent/ForkJoinTask$AdaptedCallable
Event: 333.068 Loading class java/util/concurrent/ForkJoinTask$AdaptedCallable done
Event: 333.102 Loading class java/util/stream/Nodes$CollectorTask$OfRef
Event: 333.106 Loading class java/util/stream/Nodes$CollectorTask
Event: 333.117 Loading class java/util/stream/Nodes$CollectorTask done
Event: 333.117 Loading class java/util/stream/Nodes$CollectorTask$OfRef done
Event: 333.121 Loading class java/util/function/LongFunction
Event: 333.126 Loading class java/util/function/LongFunction done
Event: 333.131 Loading class java/util/stream/Nodes$ConcNode
Event: 333.136 Loading class java/util/stream/Nodes$AbstractConcNode
Event: 333.139 Loading class java/util/stream/Nodes$AbstractConcNode done
Event: 333.139 Loading class java/util/stream/Nodes$ConcNode done
Event: 2893.460 Loading class java/nio/channels/CompletionHandler
Event: 2893.495 Loading class java/nio/channels/CompletionHandler done

Classes unloaded (7 events):
Event: 26.725 Thread 0x00000292801e3ab0 Unloading class 0x0000029240199400 'java/lang/invoke/LambdaForm$MH+0x0000029240199400'
Event: 26.725 Thread 0x00000292801e3ab0 Unloading class 0x0000029240199000 'java/lang/invoke/LambdaForm$MH+0x0000029240199000'
Event: 26.725 Thread 0x00000292801e3ab0 Unloading class 0x0000029240198c00 'java/lang/invoke/LambdaForm$MH+0x0000029240198c00'
Event: 26.725 Thread 0x00000292801e3ab0 Unloading class 0x0000029240198800 'java/lang/invoke/LambdaForm$MH+0x0000029240198800'
Event: 26.725 Thread 0x00000292801e3ab0 Unloading class 0x0000029240198400 'java/lang/invoke/LambdaForm$BMH+0x0000029240198400'
Event: 26.725 Thread 0x00000292801e3ab0 Unloading class 0x0000029240198000 'java/lang/invoke/LambdaForm$DMH+0x0000029240198000'
Event: 26.725 Thread 0x00000292801e3ab0 Unloading class 0x0000029240196c00 'java/lang/invoke/LambdaForm$DMH+0x0000029240196c00'

Classes redefined (0 events):
No events

Internal exceptions (20 events):
Event: 60.595 Thread 0x000002928a669f80 Exception <a 'sun/nio/fs/WindowsException'{0x00000000eb88a928}> (0x00000000eb88a928) 
thrown [s\src\hotspot\share\prims\jni.cpp, line 520]
Event: 60.596 Thread 0x000002928a669f80 Exception <a 'sun/nio/fs/WindowsException'{0x00000000eb897710}> (0x00000000eb897710) 
thrown [s\src\hotspot\share\prims\jni.cpp, line 520]
Event: 60.596 Thread 0x000002928a669f80 Exception <a 'sun/nio/fs/WindowsException'{0x00000000eb89fe50}> (0x00000000eb89fe50) 
thrown [s\src\hotspot\share\prims\jni.cpp, line 520]
Event: 60.599 Thread 0x000002928a669f80 Exception <a 'sun/nio/fs/WindowsException'{0x00000000eb8e7f90}> (0x00000000eb8e7f90) 
thrown [s\src\hotspot\share\prims\jni.cpp, line 520]
Event: 60.599 Thread 0x000002928a669f80 Exception <a 'sun/nio/fs/WindowsException'{0x00000000eb8e85e0}> (0x00000000eb8e85e0) 
thrown [s\src\hotspot\share\prims\jni.cpp, line 520]
Event: 60.599 Thread 0x000002928a669f80 Exception <a 'sun/nio/fs/WindowsException'{0x00000000eb8fc140}> (0x00000000eb8fc140) 
thrown [s\src\hotspot\share\prims\jni.cpp, line 520]
Event: 60.599 Thread 0x000002928a669f80 Exception <a 'sun/nio/fs/WindowsException'{0x00000000eb8fc9e0}> (0x00000000eb8fc9e0) 
thrown [s\src\hotspot\share\prims\jni.cpp, line 520]
Event: 60.600 Thread 0x000002928a669f80 Exception <a 'sun/nio/fs/WindowsException'{0x00000000eb8fd878}> (0x00000000eb8fd878) 
thrown [s\src\hotspot\share\prims\jni.cpp, line 520]
Event: 60.600 Thread 0x000002928a669f80 Exception <a 'sun/nio/fs/WindowsException'{0x00000000eb8ffb48}> (0x00000000eb8ffb48) 
thrown [s\src\hotspot\share\prims\jni.cpp, line 520]
Event: 60.600 Thread 0x000002928a669f80 Exception <a 'sun/nio/fs/WindowsException'{0x00000000eb901040}> (0x00000000eb901040) 
thrown [s\src\hotspot\share\prims\jni.cpp, line 520]
Event: 60.600 Thread 0x000002928a669f80 Exception <a 'sun/nio/fs/WindowsException'{0x00000000eb9120d8}> (0x00000000eb9120d8) 
thrown [s\src\hotspot\share\prims\jni.cpp, line 520]
Event: 60.680 Thread 0x000002928a667820 Exception <a 'java/lang/NoSuchMethodError'{0x00000000ebd322d8}: 'java.lang.Object java.lang.invoke.DirectMethodHandle$Holder.invokeStatic(java.lang.Object, java.lang.Object, int, java.lang.Object)'> (0x00000000ebd322d8) 
thrown [s\src\hotspot\share\interpreter\linkResolver.cpp, line 773]
Event: 60.690 Thread 0x000002928a669f80 Exception <a 'java/lang/IncompatibleClassChangeError'{0x00000000ebd75c20}: Found class java.lang.Object, but interface was expected> (0x00000000ebd75c20) 
thrown [s\src\hotspot\share\interpreter\linkResolver.cpp, line 840]
Event: 60.751 Thread 0x000002928a667820 Exception <a 'java/io/FileNotFoundException'{0x00000000eadca850}> (0x00000000eadca850) 
thrown [s\src\hotspot\share\prims\jni.cpp, line 520]
Event: 60.751 Thread 0x000002928a667820 Exception <a 'java/io/FileNotFoundException'{0x00000000eadcb5f0}> (0x00000000eadcb5f0) 
thrown [s\src\hotspot\share\prims\jni.cpp, line 520]
Event: 333.266 Thread 0x000002928270b590 Exception <a 'java/lang/NoSuchMethodError'{0x00000000eb8c81c8}: 'java.lang.Object java.lang.invoke.DirectMethodHandle$Holder.newInvokeSpecial(java.lang.Object, java.lang.Object, java.lang.Object, java.lang.Object, java.lang.Object, java.lang.Object, java.lang.Object, java.lang.Object)'> (0x00000000eb8c81c8) 
thrown [s\src\hotspot\share\interpreter\linkResolver.cpp, line 773]
Event: 1226.485 Thread 0x000002928270b590 Implicit null exception at 0x00000292360d6a4d to 0x00000292360d872c
Event: 2559.953 Thread 0x000002928a667eb0 Implicit null exception at 0x0000029235e6a28d to 0x0000029235e6a5e0
Event: 2572.741 Thread 0x000002928a667eb0 Implicit null exception at 0x000002923613364e to 0x0000029236133f04
Event: 2607.634 Thread 0x000002928a667eb0 Implicit null exception at 0x000002923610e271 to 0x000002923610ea40

ZGC Phase Switch (0 events):
No events

VM Operations (20 events):
Event: 3022.464 Executing VM operation: ParallelGCFailedAllocation (Allocation Failure)
Event: 3022.465 Executing VM operation: ParallelGCFailedAllocation (Allocation Failure) done
Event: 3022.952 Executing VM operation: ParallelGCFailedAllocation (Allocation Failure)
Event: 3022.953 Executing VM operation: ParallelGCFailedAllocation (Allocation Failure) done
Event: 3023.400 Executing VM operation: ParallelGCFailedAllocation (Allocation Failure)
Event: 3023.400 Executing VM operation: ParallelGCFailedAllocation (Allocation Failure) done
Event: 3023.856 Executing VM operation: ParallelGCFailedAllocation (Allocation Failure)
Event: 3023.857 Executing VM operation: ParallelGCFailedAllocation (Allocation Failure) done
Event: 3024.343 Executing VM operation: ParallelGCFailedAllocation (Allocation Failure)
Event: 3024.344 Executing VM operation: ParallelGCFailedAllocation (Allocation Failure) done
Event: 3024.989 Executing VM operation: ParallelGCFailedAllocation (Allocation Failure)
Event: 3024.991 Executing VM operation: ParallelGCFailedAllocation (Allocation Failure) done
Event: 3025.494 Executing VM operation: ParallelGCFailedAllocation (Allocation Failure)
Event: 3025.495 Executing VM operation: ParallelGCFailedAllocation (Allocation Failure) done
Event: 3025.988 Executing VM operation: ParallelGCFailedAllocation (Allocation Failure)
Event: 3025.989 Executing VM operation: ParallelGCFailedAllocation (Allocation Failure) done
Event: 3026.433 Executing VM operation: ParallelGCFailedAllocation (Allocation Failure)
Event: 3026.434 Executing VM operation: ParallelGCFailedAllocation (Allocation Failure) done
Event: 3026.878 Executing VM operation: ParallelGCFailedAllocation (Allocation Failure)
Event: 3026.879 Executing VM operation: ParallelGCFailedAllocation (Allocation Failure) done

Memory protections (0 events):
No events

Nmethod flushes (20 events):
Event: 31.468 Thread 0x00000292801e3ab0 flushing  nmethod 0x000002922e74eb10
Event: 31.468 Thread 0x00000292801e3ab0 flushing  nmethod 0x000002922e74ef90
Event: 31.468 Thread 0x00000292801e3ab0 flushing  nmethod 0x000002922e752510
Event: 31.468 Thread 0x00000292801e3ab0 flushing  nmethod 0x000002922e760990
Event: 31.468 Thread 0x00000292801e3ab0 flushing  nmethod 0x000002922e780490
Event: 31.468 Thread 0x00000292801e3ab0 flushing  nmethod 0x000002922e795090
Event: 31.468 Thread 0x00000292801e3ab0 flushing  nmethod 0x000002922e795510
Event: 31.468 Thread 0x00000292801e3ab0 flushing  nmethod 0x000002922e795990
Event: 31.468 Thread 0x00000292801e3ab0 flushing  nmethod 0x000002922e79e010
Event: 31.468 Thread 0x00000292801e3ab0 flushing  nmethod 0x000002922e7acf10
Event: 31.468 Thread 0x00000292801e3ab0 flushing  nmethod 0x000002922e7ae510
Event: 31.468 Thread 0x00000292801e3ab0 flushing  nmethod 0x000002922e7af690
Event: 31.468 Thread 0x00000292801e3ab0 flushing  nmethod 0x000002922e7b1910
Event: 31.468 Thread 0x00000292801e3ab0 flushing  nmethod 0x000002922e7b2e90
Event: 31.468 Thread 0x00000292801e3ab0 flushing  nmethod 0x000002922e7b3c90
Event: 31.468 Thread 0x00000292801e3ab0 flushing  nmethod 0x000002922e7ee890
Event: 31.468 Thread 0x00000292801e3ab0 flushing  nmethod 0x000002922e7f0710
Event: 31.468 Thread 0x00000292801e3ab0 flushing  nmethod 0x000002922e7f0f10
Event: 31.468 Thread 0x00000292801e3ab0 flushing  nmethod 0x000002922e7f2810
Event: 31.468 Thread 0x00000292801e3ab0 flushing  nmethod 0x000002922e7f2c10

Events (20 events):
Event: 95.109 Thread 0x0000029289fb0e60 Thread exited: 0x0000029289fb0e60
Event: 95.109 Thread 0x0000029289fb28a0 Thread exited: 0x0000029289fb28a0
Event: 95.116 Thread 0x0000029289fb42e0 Thread exited: 0x0000029289fb42e0
Event: 120.717 Thread 0x0000029287b9c9f0 Thread exited: 0x0000029287b9c9f0
Event: 121.384 Thread 0x000002928a668bd0 Thread exited: 0x000002928a668bd0
Event: 122.906 Thread 0x000002928a666b00 Thread exited: 0x000002928a666b00
Event: 122.907 Thread 0x000002928270af00 Thread exited: 0x000002928270af00
Event: 124.657 Thread 0x000002928a667820 Thread exited: 0x000002928a667820
Event: 180.720 Thread 0x0000029287b9eac0 Thread exited: 0x0000029287b9eac0
Event: 183.338 Thread 0x000002928270c940 Thread exited: 0x000002928270c940
Event: 240.734 Thread 0x0000029287b9e430 Thread exited: 0x0000029287b9e430
Event: 333.081 Thread 0x000002928270b590 Thread added: 0x0000029287b9e430
Event: 333.143 Thread 0x0000029287b9e430 Thread exited: 0x0000029287b9e430
Event: 2560.559 Thread 0x000002928154bbb0 Thread added: 0x000002928ba6a400
Event: 2561.045 Thread 0x000002928ba6a400 Thread exited: 0x000002928ba6a400
Event: 2563.027 Thread 0x000002928154bbb0 Thread added: 0x000002928ba6a400
Event: 2563.415 Thread 0x000002928ba6a400 Thread exited: 0x000002928ba6a400
Event: 2801.179 Thread 0x000002928270cfd0 Thread added: 0x0000029287b9eac0
Event: 2801.263 Thread 0x000002928270cfd0 Thread added: 0x0000029287b9c9f0
Event: 2801.271 Thread 0x0000029287b9c9f0 Thread exited: 0x0000029287b9c9f0


Dynamic libraries:
0x00007ff6a4c80000 - 0x00007ff6a4c8e000 	c:\Users\52441\.vscode\extensions\redhat.java-1.40.0-win32-x64\jre\21.0.6-win32-x86_64\bin\java.exe
0x00007ff9ee2e0000 - 0x00007ff9ee543000 	C:\WINDOWS\SYSTEM32\ntdll.dll
0x00007ff9ecb90000 - 0x00007ff9ecc57000 	C:\WINDOWS\System32\KERNEL32.DLL
0x00007ff9ebb20000 - 0x00007ff9ebee9000 	C:\WINDOWS\System32\KERNELBASE.dll
0x00007ff9ebef0000 - 0x00007ff9ec03c000 	C:\WINDOWS\System32\ucrtbase.dll
0x00007ff9acb90000 - 0x00007ff9acba8000 	c:\Users\52441\.vscode\extensions\redhat.java-1.40.0-win32-x64\jre\21.0.6-win32-x86_64\bin\jli.dll
0x00007ff9acb70000 - 0x00007ff9acb8e000 	c:\Users\52441\.vscode\extensions\redhat.java-1.40.0-win32-x64\jre\21.0.6-win32-x86_64\bin\VCRUNTIME140.dll
0x00007ff9ecf70000 - 0x00007ff9ed13a000 	C:\WINDOWS\System32\USER32.dll
0x00007ff9eb750000 - 0x00007ff9eb777000 	C:\WINDOWS\System32\win32u.dll
0x00007ff9ecf40000 - 0x00007ff9ecf6a000 	C:\WINDOWS\System32\GDI32.dll
0x00007ff9eb610000 - 0x00007ff9eb741000 	C:\WINDOWS\System32\gdi32full.dll
0x00007ff9ea750000 - 0x00007ff9ea9e0000 	C:\WINDOWS\WinSxS\amd64_microsoft.windows.common-controls_6595b64144ccf1df_6.0.26100.3323_none_3e088096e3344490\COMCTL32.dll
0x00007ff9eba70000 - 0x00007ff9ebb13000 	C:\WINDOWS\System32\msvcp_win.dll
0x00007ff9ed240000 - 0x00007ff9ed2e9000 	C:\WINDOWS\System32\msvcrt.dll
0x00007ff9ec240000 - 0x00007ff9ec26f000 	C:\WINDOWS\System32\IMM32.DLL
0x00007ff9d9440000 - 0x00007ff9d944c000 	c:\Users\52441\.vscode\extensions\redhat.java-1.40.0-win32-x64\jre\21.0.6-win32-x86_64\bin\vcruntime140_1.dll
0x00007ff985ad0000 - 0x00007ff985b5d000 	c:\Users\52441\.vscode\extensions\redhat.java-1.40.0-win32-x64\jre\21.0.6-win32-x86_64\bin\msvcp140.dll
0x00007ff943230000 - 0x00007ff943fc0000 	c:\Users\52441\.vscode\extensions\redhat.java-1.40.0-win32-x64\jre\21.0.6-win32-x86_64\bin\server\jvm.dll
0x00007ff9ece80000 - 0x00007ff9ecf32000 	C:\WINDOWS\System32\ADVAPI32.dll
0x00007ff9ed490000 - 0x00007ff9ed536000 	C:\WINDOWS\System32\sechost.dll
0x00007ff9ec530000 - 0x00007ff9ec646000 	C:\WINDOWS\System32\RPCRT4.dll
0x00007ff9ecc60000 - 0x00007ff9eccd4000 	C:\WINDOWS\System32\WS2_32.dll
0x00007ff9e36d0000 - 0x00007ff9e36db000 	C:\WINDOWS\SYSTEM32\VERSION.dll
0x00007ff9de170000 - 0x00007ff9de1a6000 	C:\WINDOWS\SYSTEM32\WINMM.dll
0x00007ff9ead50000 - 0x00007ff9ead9e000 	C:\WINDOWS\SYSTEM32\POWRPROF.dll
0x00007ff9eabf0000 - 0x00007ff9eac04000 	C:\WINDOWS\SYSTEM32\UMPDC.dll
0x00007ff9e9a30000 - 0x00007ff9e9a4a000 	C:\WINDOWS\SYSTEM32\kernel.appcore.dll
0x00007ff9d6b30000 - 0x00007ff9d6b3a000 	c:\Users\52441\.vscode\extensions\redhat.java-1.40.0-win32-x64\jre\21.0.6-win32-x86_64\bin\jimage.dll
0x00007ff9eadb0000 - 0x00007ff9eaff1000 	C:\WINDOWS\SYSTEM32\DBGHELP.DLL
0x00007ff9ed730000 - 0x00007ff9edab2000 	C:\WINDOWS\System32\combase.dll
0x00007ff9ed3b0000 - 0x00007ff9ed486000 	C:\WINDOWS\System32\OLEAUT32.dll
0x00007ff9eac10000 - 0x00007ff9eac49000 	C:\WINDOWS\SYSTEM32\dbgcore.DLL
0x00007ff9eb570000 - 0x00007ff9eb609000 	C:\WINDOWS\System32\bcryptPrimitives.dll
0x00007ff9d6960000 - 0x00007ff9d696f000 	c:\Users\52441\.vscode\extensions\redhat.java-1.40.0-win32-x64\jre\21.0.6-win32-x86_64\bin\instrument.dll
0x00007ff9a4b10000 - 0x00007ff9a4b2f000 	c:\Users\52441\.vscode\extensions\redhat.java-1.40.0-win32-x64\jre\21.0.6-win32-x86_64\bin\java.dll
0x00007ff9edb70000 - 0x00007ff9ee285000 	C:\WINDOWS\System32\SHELL32.dll
0x00007ff9eb780000 - 0x00007ff9eb8e8000 	C:\WINDOWS\System32\wintypes.dll
0x00007ff9e8750000 - 0x00007ff9e8f95000 	C:\WINDOWS\SYSTEM32\windows.storage.dll
0x00007ff9ec150000 - 0x00007ff9ec23b000 	C:\WINDOWS\System32\SHCORE.dll
0x00007ff9ec300000 - 0x00007ff9ec35d000 	C:\WINDOWS\System32\shlwapi.dll
0x00007ff9eb3f0000 - 0x00007ff9eb41f000 	C:\WINDOWS\SYSTEM32\profapi.dll
0x00007ff9a4430000 - 0x00007ff9a4448000 	c:\Users\52441\.vscode\extensions\redhat.java-1.40.0-win32-x64\jre\21.0.6-win32-x86_64\bin\zip.dll
0x00007ff9d6a10000 - 0x00007ff9d6a20000 	C:\Users\52441\.vscode\extensions\redhat.java-1.40.0-win32-x64\jre\21.0.6-win32-x86_64\bin\net.dll
0x00007ff9e3590000 - 0x00007ff9e36ae000 	C:\WINDOWS\SYSTEM32\WINHTTP.dll
0x00007ff9e9ee0000 - 0x00007ff9e9f4a000 	C:\WINDOWS\system32\mswsock.dll
0x00007ff9a4410000 - 0x00007ff9a4426000 	C:\Users\52441\.vscode\extensions\redhat.java-1.40.0-win32-x64\jre\21.0.6-win32-x86_64\bin\nio.dll
0x00007ff9d4460000 - 0x00007ff9d4470000 	c:\Users\52441\.vscode\extensions\redhat.java-1.40.0-win32-x64\jre\21.0.6-win32-x86_64\bin\verify.dll
0x00007ff98d780000 - 0x00007ff98d7c5000 	C:\Users\52441\AppData\Roaming\Code\User\globalStorage\redhat.java\1.40.0\config_win\org.eclipse.equinox.launcher\org.eclipse.equinox.launcher.win32.win32.x86_64_1.2.1200.v20250212-0927\eclipse_11909.dll
0x00007ff9ecce0000 - 0x00007ff9ece75000 	C:\WINDOWS\System32\ole32.dll
0x00007ff9eb120000 - 0x00007ff9eb13c000 	C:\WINDOWS\SYSTEM32\CRYPTSP.dll
0x00007ff9ea470000 - 0x00007ff9ea4aa000 	C:\WINDOWS\system32\rsaenh.dll
0x00007ff9e9f50000 - 0x00007ff9e9f7b000 	C:\WINDOWS\SYSTEM32\USERENV.dll
0x00007ff9eac50000 - 0x00007ff9eac76000 	C:\WINDOWS\SYSTEM32\bcrypt.dll
0x00007ff9ea500000 - 0x00007ff9ea50c000 	C:\WINDOWS\SYSTEM32\CRYPTBASE.dll
0x00007ff9e94d0000 - 0x00007ff9e9503000 	C:\WINDOWS\SYSTEM32\IPHLPAPI.DLL
0x00007ff9ec360000 - 0x00007ff9ec36a000 	C:\WINDOWS\System32\NSI.dll
0x00007ff98e6e0000 - 0x00007ff98e729000 	C:\Users\52441\AppData\Local\Temp\jna-50487796\jna989975748578046166.dll
0x00007ff9edac0000 - 0x00007ff9edac8000 	C:\WINDOWS\System32\PSAPI.DLL
0x00007ff9e49c0000 - 0x00007ff9e49df000 	C:\WINDOWS\SYSTEM32\dhcpcsvc6.DLL
0x00007ff9e48b0000 - 0x00007ff9e48d5000 	C:\WINDOWS\SYSTEM32\dhcpcsvc.DLL
0x00007ff9d0c80000 - 0x00007ff9d0c8e000 	C:\Users\52441\.vscode\extensions\redhat.java-1.40.0-win32-x64\jre\21.0.6-win32-x86_64\bin\sunmscapi.dll
0x00007ff9eb8f0000 - 0x00007ff9eba67000 	C:\WINDOWS\System32\CRYPT32.dll
0x00007ff9ea610000 - 0x00007ff9ea640000 	C:\WINDOWS\SYSTEM32\ncrypt.dll
0x00007ff9ea5c0000 - 0x00007ff9ea5ff000 	C:\WINDOWS\SYSTEM32\NTASN1.dll
0x00007ff9e9570000 - 0x00007ff9e9695000 	C:\WINDOWS\SYSTEM32\DNSAPI.dll
0x00007ff9e36e0000 - 0x00007ff9e36eb000 	C:\Windows\System32\rasadhlp.dll
0x00007ff9e4c30000 - 0x00007ff9e4cb5000 	C:\WINDOWS\System32\fwpuclnt.dll
0x00007ff9d0170000 - 0x00007ff9d0179000 	C:\Users\52441\.vscode\extensions\redhat.java-1.40.0-win32-x64\jre\21.0.6-win32-x86_64\bin\extnet.dll
0x00007ff9a3d30000 - 0x00007ff9a3d57000 	C:\Users\52441\.gradle\native\c067742578af261105cb4f569cf0c3c89f3d7b1fecec35dd04571415982c5e48\windows-amd64\native-platform.dll
0x00007ff9d3740000 - 0x00007ff9d374a000 	C:\Users\52441\.vscode\extensions\redhat.java-1.40.0-win32-x64\jre\21.0.6-win32-x86_64\bin\management.dll
0x00007ff9d14d0000 - 0x00007ff9d14db000 	C:\Users\52441\.vscode\extensions\redhat.java-1.40.0-win32-x64\jre\21.0.6-win32-x86_64\bin\management_ext.dll
0x00007ff9d35c0000 - 0x00007ff9d35c8000 	C:\WINDOWS\system32\wshunix.dll

dbghelp: loaded successfully - version: 4.0.5 - missing functions: none
symbol engine: initialized successfully - sym options: 0x614 - pdb path: .;c:\Users\52441\.vscode\extensions\redhat.java-1.40.0-win32-x64\jre\21.0.6-win32-x86_64\bin;C:\WINDOWS\SYSTEM32;C:\WINDOWS\WinSxS\amd64_microsoft.windows.common-controls_6595b64144ccf1df_6.0.26100.3323_none_3e088096e3344490;c:\Users\52441\.vscode\extensions\redhat.java-1.40.0-win32-x64\jre\21.0.6-win32-x86_64\bin\server;C:\Users\52441\AppData\Roaming\Code\User\globalStorage\redhat.java\1.40.0\config_win\org.eclipse.equinox.launcher\org.eclipse.equinox.launcher.win32.win32.x86_64_1.2.1200.v20250212-0927;C:\Users\52441\AppData\Local\Temp\jna-50487796;C:\Users\52441\.gradle\native\c067742578af261105cb4f569cf0c3c89f3d7b1fecec35dd04571415982c5e48\windows-amd64

VM Arguments:
jvm_args: --add-modules=ALL-SYSTEM --add-opens=java.base/java.util=ALL-UNNAMED --add-opens=java.base/java.lang=ALL-UNNAMED --add-opens=java.base/sun.nio.fs=ALL-UNNAMED -Declipse.application=org.eclipse.jdt.ls.core.id1 -Dosgi.bundles.defaultStartLevel=4 -Declipse.product=org.eclipse.jdt.ls.core.product -Djava.import.generatesMetadataFilesAtProjectRoot=false -DDetectVMInstallationsJob.disabled=true -Dfile.encoding=utf8 -XX:+UseParallelGC -XX:GCTimeRatio=4 -XX:AdaptiveSizePolicyWeight=90 -Dsun.zip.disableMemoryMapping=true -Xmx1G -Xms100m -Xlog:disable -javaagent:c:\Users\52441\.vscode\extensions\redhat.java-1.40.0-win32-x64\lombok\lombok-1.18.36.jar -XX:+HeapDumpOnOutOfMemoryError -XX:HeapDumpPath=c:\Users\52441\AppData\Roaming\Code\User\workspaceStorage\739b930a09f60edf05a55a18cf973965\redhat.java -Daether.dependencyCollector.impl=bf 
java_command: c:\Users\52441\.vscode\extensions\redhat.java-1.40.0-win32-x64\server\plugins\org.eclipse.equinox.launcher_1.6.1000.v20250131-0606.jar -configuration c:\Users\52441\AppData\Roaming\Code\User\globalStorage\redhat.java\1.40.0\config_win -data c:\Users\52441\AppData\Roaming\Code\User\workspaceStorage\739b930a09f60edf05a55a18cf973965\redhat.java\jdt_ws --pipe=\\.\pipe\lsp-6bbde54f84c2b9bd05bab2b6715e001a-sock
java_class_path (initial): c:\Users\52441\.vscode\extensions\redhat.java-1.40.0-win32-x64\server\plugins\org.eclipse.equinox.launcher_1.6.1000.v20250131-0606.jar
Launcher Type: SUN_STANDARD

[Global flags]
    uintx AdaptiveSizePolicyWeight                 = 90                                        {product} {command line}
     intx CICompilerCount                          = 4                                         {product} {ergonomic}
    uintx GCTimeRatio                              = 4                                         {product} {command line}
     bool HeapDumpOnOutOfMemoryError               = true                                   {manageable} {command line}
    ccstr HeapDumpPath                             = c:\Users\52441\AppData\Roaming\Code\User\workspaceStorage\739b930a09f60edf05a55a18cf973965\redhat.java         {manageable} {command line}
   size_t InitialHeapSize                          = 104857600                                 {product} {command line}
   size_t MaxHeapSize                              = 1073741824                                {product} {command line}
   size_t MaxNewSize                               = 357564416                                 {product} {ergonomic}
   size_t MinHeapDeltaBytes                        = 524288                                    {product} {ergonomic}
   size_t MinHeapSize                              = 104857600                                 {product} {command line}
   size_t NewSize                                  = 34603008                                  {product} {ergonomic}
    uintx NonNMethodCodeHeapSize                   = 5839372                                {pd product} {ergonomic}
    uintx NonProfiledCodeHeapSize                  = 122909434                              {pd product} {ergonomic}
   size_t OldSize                                  = 70254592                                  {product} {ergonomic}
    uintx ProfiledCodeHeapSize                     = 122909434                              {pd product} {ergonomic}
    uintx ReservedCodeCacheSize                    = 251658240                              {pd product} {ergonomic}
     bool SegmentedCodeCache                       = true                                      {product} {ergonomic}
   size_t SoftMaxHeapSize                          = 1073741824                             {manageable} {ergonomic}
     bool UseCompressedOops                        = true                           {product lp64_product} {ergonomic}
     bool UseLargePagesIndividualAllocation        = false                                  {pd product} {ergonomic}
     bool UseParallelGC                            = true                                      {product} {command line}

Logging:
Log output configuration:
 #0: stdout all=off uptime,level,tags foldmultilines=false
 #1: stderr all=off uptime,level,tags foldmultilines=false

Environment Variables:
JAVA_HOME=C:\Java\jdk-17
PATH=C:\Program Files\Microsoft SDKs\Azure\CLI2\wbin;C:\DevSuiteHome_1\jdk\jre\bin\client;C:\DevSuiteHome_1\bin;C:\DevSuiteHome_1\jlib;C:\Oracle\dbhomeXE\bin;C:\Program Files\Common Files\Oracle\Java\javapath;C:\Program Files (x86)\Common Files\Oracle\Java\java8path;C:\Windows\system32;C:\Windows;C:\Windows\System32\Wbem;C:\Windows\System32\WindowsPowerShell\v1.0\;C:\Windows\System32\OpenSSH\;C:\Users\52441\AppData\Local\Android\Sdk\tools;C:\Users\52441\AppData\Local\Android\Sdk\platform-tools;C:\Program Files (x86)\NVIDIA Corporation\PhysX\Common;C:\Program Files\NVIDIA Corporation\NVIDIA NvDLISR;C:\Program Files\Java\jdk-18.0.1.1\bin;C:\Java\jdk-17\bin;C:\Program Files\dotnet\;C:\ProgramData\chocolatey\bin;C:\Oracle\instantclient_21_11\sdk;C:\composer;C:\Program Files\Git\cmd;C:\Program Files\PuTTY\;C:\DevSuiteHome_1\BIN;C:\DevSuiteHome_1;C:\Program Files (x86)\Microsoft SQL Server\160\Tools\Binn\;C:\Program Files\Microsoft SQL Server\160\Tools\Binn\;C:\Program Files\Microsoft SQL Server\Client SDK\ODBC\170\Tools\Binn\;C:\Program Files\Microsoft SQL Server\160\DTS\Binn\;C:\Program Files\Azure Data Studio\bin;C:\Program Files (x86)\Microsoft SQL Server\160\DTS\Binn\;C:\Users\52441\AppData\Roaming\nvm;C:\Program Files\nodejs;C:\Users\52441\AppData\Local\Packages\PythonSoftwareFoundation.Python.3.11_qbz5n2kfra8p0\LocalCache\local-packages\Python311\Scripts;C:\Program Files\Docker\Docker\resources\bin;C:\Program Files\Microsoft SQL Server\150\Tools\Binn\;D:\xampp\php;C:\WINDOWS\system32;C:\WINDOWS;C:\WINDOWS\System32\Wbem;C:\WINDOWS\System32\WindowsPowerShell\v1.0\;C:\WINDOWS\System32\OpenSSH\;C:\CervayaX\php;C:\Users\52441\AppData\Local\Microsoft\WindowsApps;C:\Users\52441\AppData\Local\Programs\Microsoft VS Code\bin;C:\Program Files\JetBrains\IntelliJ IDEA 2023.1.1\bin;;C:\Program Files\JetBrains\IntelliJ IDEA Community Edition 2023.1.1\bin;;C:\Program Files\Java\jdk-18.0.1.1\bin;C:\Java\jdk-17\bin;C:\Program Files\MongoDB\Server\6.0\bin;C:\Oracle\instantclient_21_11;C:\Users\52441\AppData\Roaming\Composer\vendor\bin;C:\DevSuiteHome_1\;C:\Users\52441\.dotnet\tools;C:\Program Files\Azure Data Studio\bin;C:\Program Files\OpenSSL-Win64\bin;C:\Users\52441\AppData\Roaming\nvm;C:\Program Files\nodejs;C:\Users\52441\AppData\Local\Google\Cloud SDK\google-cloud-sdk\bin;C:\Users\52441\scoop\shims;
USERNAME=52441
OS=Windows_NT
PROCESSOR_IDENTIFIER=Intel64 Family 6 Model 154 Stepping 3, GenuineIntel
TMP=C:\Users\52441\AppData\Local\Temp
TEMP=C:\Users\52441\AppData\Local\Temp




Periodic native trim disabled

---------------  S Y S T E M  ---------------

OS:
 Windows 11 , 64 bit Build 26100 (10.0.26100.3323)
OS uptime: 4 days 22:44 hours
Hyper-V role detected

CPU: total 12 (initial active 12) (6 cores per cpu, 2 threads per core) family 6 model 154 stepping 3 microcode 0x419, cx8, cmov, fxsr, ht, mmx, 3dnowpref, sse, sse2, sse3, ssse3, sse4.1, sse4.2, popcnt, lzcnt, tsc, tscinvbit, avx, avx2, aes, erms, clmul, bmi1, bmi2, adx, sha, fma, vzeroupper, clflush, clflushopt, clwb, hv, serialize, rdtscp, rdpid, fsrm, f16c, cet_ibt, cet_ss
Processor Information for processor 0
  Max Mhz: 2000, Current Mhz: 1520, Mhz Limit: 2000
Processor Information for processor 1
  Max Mhz: 2000, Current Mhz: 2000, Mhz Limit: 2000
Processor Information for processor 2
  Max Mhz: 2000, Current Mhz: 2000, Mhz Limit: 2000
Processor Information for processor 3
  Max Mhz: 2000, Current Mhz: 2000, Mhz Limit: 2000
Processor Information for processor 4
  Max Mhz: 2000, Current Mhz: 2000, Mhz Limit: 2000
Processor Information for processor 5
  Max Mhz: 2000, Current Mhz: 2000, Mhz Limit: 2000
Processor Information for processor 6
  Max Mhz: 2000, Current Mhz: 2000, Mhz Limit: 2000
Processor Information for processor 7
  Max Mhz: 2000, Current Mhz: 2000, Mhz Limit: 2000
Processor Information for processor 8
  Max Mhz: 2000, Current Mhz: 1500, Mhz Limit: 1500
Processor Information for processor 9
  Max Mhz: 2000, Current Mhz: 1500, Mhz Limit: 1500
Processor Information for processor 10
  Max Mhz: 2000, Current Mhz: 1500, Mhz Limit: 1500
Processor Information for processor 11
  Max Mhz: 2000, Current Mhz: 1500, Mhz Limit: 1500

Memory: 4k page, system-wide physical 7917M (472M free)
TotalPageFile size 23699M (AvailPageFile size 3M)
current process WorkingSet (physical memory assigned to process): 69M, peak: 306M
current process commit charge ("private bytes"): 354M, peak: 377M

vm_info: OpenJDK 64-Bit Server VM (21.0.6+7-LTS) for windows-amd64 JRE (21.0.6+7-LTS), built on 2025-01-21T00:00:00Z by "admin" with MS VC++ 17.7 (VS2022)

END.
